<?xml version="1.0" encoding="UTF-8"?>
<testsuite xmlns:xsi="http://www.w3.org/2001/XMLSchema-instance" xsi:noNamespaceSchemaLocation="https://maven.apache.org/surefire/maven-surefire-plugin/xsd/surefire-test-report.xsd" name="com.udacity.course3.reviews.ReviewsApplicationTests" time="9.146" tests="7" errors="7" skipped="0" failures="0">
  <properties>
    <property name="gopherProxySet" value="false"/>
    <property name="awt.toolkit" value="sun.lwawt.macosx.LWCToolkit"/>
    <property name="file.encoding.pkg" value="sun.io"/>
    <property name="java.specification.version" value="1.8"/>
    <property name="sun.cpu.isalist" value=""/>
    <property name="sun.jnu.encoding" value="UTF-8"/>
    <property name="java.class.path" value="/Users/apoorvalonkar/Desktop/Java_course_Udacity/FINAL SUBMITTED PROJECT/ReviewsApiFinal/target/test-classes:/Users/apoorvalonkar/Desktop/Java_course_Udacity/FINAL SUBMITTED PROJECT/ReviewsApiFinal/target/classes:/Users/apoorvalonkar/.m2/repository/org/springframework/boot/spring-boot-starter-data-jpa/2.1.5.RELEASE/spring-boot-starter-data-jpa-2.1.5.RELEASE.jar:/Users/apoorvalonkar/.m2/repository/org/springframework/boot/spring-boot-starter-aop/2.1.5.RELEASE/spring-boot-starter-aop-2.1.5.RELEASE.jar:/Users/apoorvalonkar/.m2/repository/org/springframework/spring-aop/5.1.7.RELEASE/spring-aop-5.1.7.RELEASE.jar:/Users/apoorvalonkar/.m2/repository/org/aspectj/aspectjweaver/1.9.4/aspectjweaver-1.9.4.jar:/Users/apoorvalonkar/.m2/repository/org/springframework/boot/spring-boot-starter-jdbc/2.1.5.RELEASE/spring-boot-starter-jdbc-2.1.5.RELEASE.jar:/Users/apoorvalonkar/.m2/repository/com/zaxxer/HikariCP/3.2.0/HikariCP-3.2.0.jar:/Users/apoorvalonkar/.m2/repository/org/springframework/spring-jdbc/5.1.7.RELEASE/spring-jdbc-5.1.7.RELEASE.jar:/Users/apoorvalonkar/.m2/repository/javax/transaction/javax.transaction-api/1.3/javax.transaction-api-1.3.jar:/Users/apoorvalonkar/.m2/repository/javax/xml/bind/jaxb-api/2.3.1/jaxb-api-2.3.1.jar:/Users/apoorvalonkar/.m2/repository/javax/activation/javax.activation-api/1.2.0/javax.activation-api-1.2.0.jar:/Users/apoorvalonkar/.m2/repository/org/hibernate/hibernate-core/5.3.10.Final/hibernate-core-5.3.10.Final.jar:/Users/apoorvalonkar/.m2/repository/org/jboss/logging/jboss-logging/3.3.2.Final/jboss-logging-3.3.2.Final.jar:/Users/apoorvalonkar/.m2/repository/javax/persistence/javax.persistence-api/2.2/javax.persistence-api-2.2.jar:/Users/apoorvalonkar/.m2/repository/org/javassist/javassist/3.23.2-GA/javassist-3.23.2-GA.jar:/Users/apoorvalonkar/.m2/repository/net/bytebuddy/byte-buddy/1.9.12/byte-buddy-1.9.12.jar:/Users/apoorvalonkar/.m2/repository/antlr/antlr/2.7.7/antlr-2.7.7.jar:/Users/apoorvalonkar/.m2/repository/org/jboss/jandex/2.0.5.Final/jandex-2.0.5.Final.jar:/Users/apoorvalonkar/.m2/repository/com/fasterxml/classmate/1.4.0/classmate-1.4.0.jar:/Users/apoorvalonkar/.m2/repository/org/dom4j/dom4j/2.1.1/dom4j-2.1.1.jar:/Users/apoorvalonkar/.m2/repository/org/hibernate/common/hibernate-commons-annotations/5.0.4.Final/hibernate-commons-annotations-5.0.4.Final.jar:/Users/apoorvalonkar/.m2/repository/org/springframework/data/spring-data-jpa/2.1.8.RELEASE/spring-data-jpa-2.1.8.RELEASE.jar:/Users/apoorvalonkar/.m2/repository/org/springframework/spring-orm/5.1.7.RELEASE/spring-orm-5.1.7.RELEASE.jar:/Users/apoorvalonkar/.m2/repository/org/springframework/spring-aspects/5.1.7.RELEASE/spring-aspects-5.1.7.RELEASE.jar:/Users/apoorvalonkar/.m2/repository/org/springframework/boot/spring-boot-starter-web/2.1.5.RELEASE/spring-boot-starter-web-2.1.5.RELEASE.jar:/Users/apoorvalonkar/.m2/repository/org/springframework/boot/spring-boot-starter/2.1.5.RELEASE/spring-boot-starter-2.1.5.RELEASE.jar:/Users/apoorvalonkar/.m2/repository/org/springframework/boot/spring-boot/2.1.5.RELEASE/spring-boot-2.1.5.RELEASE.jar:/Users/apoorvalonkar/.m2/repository/org/springframework/boot/spring-boot-autoconfigure/2.1.5.RELEASE/spring-boot-autoconfigure-2.1.5.RELEASE.jar:/Users/apoorvalonkar/.m2/repository/org/springframework/boot/spring-boot-starter-logging/2.1.5.RELEASE/spring-boot-starter-logging-2.1.5.RELEASE.jar:/Users/apoorvalonkar/.m2/repository/ch/qos/logback/logback-classic/1.2.3/logback-classic-1.2.3.jar:/Users/apoorvalonkar/.m2/repository/ch/qos/logback/logback-core/1.2.3/logback-core-1.2.3.jar:/Users/apoorvalonkar/.m2/repository/org/apache/logging/log4j/log4j-to-slf4j/2.11.2/log4j-to-slf4j-2.11.2.jar:/Users/apoorvalonkar/.m2/repository/org/apache/logging/log4j/log4j-api/2.11.2/log4j-api-2.11.2.jar:/Users/apoorvalonkar/.m2/repository/org/slf4j/jul-to-slf4j/1.7.26/jul-to-slf4j-1.7.26.jar:/Users/apoorvalonkar/.m2/repository/javax/annotation/javax.annotation-api/1.3.2/javax.annotation-api-1.3.2.jar:/Users/apoorvalonkar/.m2/repository/org/yaml/snakeyaml/1.23/snakeyaml-1.23.jar:/Users/apoorvalonkar/.m2/repository/org/springframework/boot/spring-boot-starter-json/2.1.5.RELEASE/spring-boot-starter-json-2.1.5.RELEASE.jar:/Users/apoorvalonkar/.m2/repository/com/fasterxml/jackson/core/jackson-databind/2.9.8/jackson-databind-2.9.8.jar:/Users/apoorvalonkar/.m2/repository/com/fasterxml/jackson/core/jackson-annotations/2.9.0/jackson-annotations-2.9.0.jar:/Users/apoorvalonkar/.m2/repository/com/fasterxml/jackson/core/jackson-core/2.9.8/jackson-core-2.9.8.jar:/Users/apoorvalonkar/.m2/repository/com/fasterxml/jackson/datatype/jackson-datatype-jdk8/2.9.8/jackson-datatype-jdk8-2.9.8.jar:/Users/apoorvalonkar/.m2/repository/com/fasterxml/jackson/datatype/jackson-datatype-jsr310/2.9.8/jackson-datatype-jsr310-2.9.8.jar:/Users/apoorvalonkar/.m2/repository/com/fasterxml/jackson/module/jackson-module-parameter-names/2.9.8/jackson-module-parameter-names-2.9.8.jar:/Users/apoorvalonkar/.m2/repository/org/springframework/boot/spring-boot-starter-tomcat/2.1.5.RELEASE/spring-boot-starter-tomcat-2.1.5.RELEASE.jar:/Users/apoorvalonkar/.m2/repository/org/apache/tomcat/embed/tomcat-embed-core/9.0.19/tomcat-embed-core-9.0.19.jar:/Users/apoorvalonkar/.m2/repository/org/apache/tomcat/embed/tomcat-embed-el/9.0.19/tomcat-embed-el-9.0.19.jar:/Users/apoorvalonkar/.m2/repository/org/apache/tomcat/embed/tomcat-embed-websocket/9.0.19/tomcat-embed-websocket-9.0.19.jar:/Users/apoorvalonkar/.m2/repository/org/hibernate/validator/hibernate-validator/6.0.16.Final/hibernate-validator-6.0.16.Final.jar:/Users/apoorvalonkar/.m2/repository/javax/validation/validation-api/2.0.1.Final/validation-api-2.0.1.Final.jar:/Users/apoorvalonkar/.m2/repository/org/springframework/spring-web/5.1.7.RELEASE/spring-web-5.1.7.RELEASE.jar:/Users/apoorvalonkar/.m2/repository/org/springframework/spring-webmvc/5.1.7.RELEASE/spring-webmvc-5.1.7.RELEASE.jar:/Users/apoorvalonkar/.m2/repository/org/flywaydb/flyway-core/5.2.4/flyway-core-5.2.4.jar:/Users/apoorvalonkar/.m2/repository/org/springframework/data/spring-data-mongodb/2.1.9.RELEASE/spring-data-mongodb-2.1.9.RELEASE.jar:/Users/apoorvalonkar/.m2/repository/org/springframework/spring-tx/5.1.7.RELEASE/spring-tx-5.1.7.RELEASE.jar:/Users/apoorvalonkar/.m2/repository/org/springframework/spring-context/5.1.7.RELEASE/spring-context-5.1.7.RELEASE.jar:/Users/apoorvalonkar/.m2/repository/org/springframework/spring-beans/5.1.7.RELEASE/spring-beans-5.1.7.RELEASE.jar:/Users/apoorvalonkar/.m2/repository/org/springframework/spring-core/5.1.7.RELEASE/spring-core-5.1.7.RELEASE.jar:/Users/apoorvalonkar/.m2/repository/org/springframework/spring-jcl/5.1.7.RELEASE/spring-jcl-5.1.7.RELEASE.jar:/Users/apoorvalonkar/.m2/repository/org/springframework/spring-expression/5.1.7.RELEASE/spring-expression-5.1.7.RELEASE.jar:/Users/apoorvalonkar/.m2/repository/org/springframework/data/spring-data-commons/2.1.8.RELEASE/spring-data-commons-2.1.8.RELEASE.jar:/Users/apoorvalonkar/.m2/repository/org/mongodb/mongo-java-driver/3.8.2/mongo-java-driver-3.8.2.jar:/Users/apoorvalonkar/.m2/repository/org/slf4j/slf4j-api/1.7.26/slf4j-api-1.7.26.jar:/Users/apoorvalonkar/.m2/repository/org/junit/jupiter/junit-jupiter-api/5.3.2/junit-jupiter-api-5.3.2.jar:/Users/apoorvalonkar/.m2/repository/org/apiguardian/apiguardian-api/1.0.0/apiguardian-api-1.0.0.jar:/Users/apoorvalonkar/.m2/repository/org/opentest4j/opentest4j/1.1.1/opentest4j-1.1.1.jar:/Users/apoorvalonkar/.m2/repository/org/junit/platform/junit-platform-commons/1.3.2/junit-platform-commons-1.3.2.jar:/Users/apoorvalonkar/.m2/repository/mysql/mysql-connector-java/8.0.16/mysql-connector-java-8.0.16.jar:/Users/apoorvalonkar/.m2/repository/com/h2database/h2/1.4.199/h2-1.4.199.jar:/Users/apoorvalonkar/.m2/repository/org/springframework/boot/spring-boot-starter-test/2.1.5.RELEASE/spring-boot-starter-test-2.1.5.RELEASE.jar:/Users/apoorvalonkar/.m2/repository/org/springframework/boot/spring-boot-test/2.1.5.RELEASE/spring-boot-test-2.1.5.RELEASE.jar:/Users/apoorvalonkar/.m2/repository/org/springframework/boot/spring-boot-test-autoconfigure/2.1.5.RELEASE/spring-boot-test-autoconfigure-2.1.5.RELEASE.jar:/Users/apoorvalonkar/.m2/repository/com/jayway/jsonpath/json-path/2.4.0/json-path-2.4.0.jar:/Users/apoorvalonkar/.m2/repository/net/minidev/json-smart/2.3/json-smart-2.3.jar:/Users/apoorvalonkar/.m2/repository/net/minidev/accessors-smart/1.2/accessors-smart-1.2.jar:/Users/apoorvalonkar/.m2/repository/org/ow2/asm/asm/5.0.4/asm-5.0.4.jar:/Users/apoorvalonkar/.m2/repository/junit/junit/4.12/junit-4.12.jar:/Users/apoorvalonkar/.m2/repository/org/assertj/assertj-core/3.11.1/assertj-core-3.11.1.jar:/Users/apoorvalonkar/.m2/repository/org/mockito/mockito-core/2.23.4/mockito-core-2.23.4.jar:/Users/apoorvalonkar/.m2/repository/net/bytebuddy/byte-buddy-agent/1.9.12/byte-buddy-agent-1.9.12.jar:/Users/apoorvalonkar/.m2/repository/org/objenesis/objenesis/2.6/objenesis-2.6.jar:/Users/apoorvalonkar/.m2/repository/org/hamcrest/hamcrest-core/1.3/hamcrest-core-1.3.jar:/Users/apoorvalonkar/.m2/repository/org/hamcrest/hamcrest-library/1.3/hamcrest-library-1.3.jar:/Users/apoorvalonkar/.m2/repository/org/skyscreamer/jsonassert/1.5.0/jsonassert-1.5.0.jar:/Users/apoorvalonkar/.m2/repository/com/vaadin/external/google/android-json/0.0.20131108.vaadin1/android-json-0.0.20131108.vaadin1.jar:/Users/apoorvalonkar/.m2/repository/org/springframework/spring-test/5.1.7.RELEASE/spring-test-5.1.7.RELEASE.jar:/Users/apoorvalonkar/.m2/repository/org/xmlunit/xmlunit-core/2.6.2/xmlunit-core-2.6.2.jar:/Users/apoorvalonkar/.m2/repository/de/flapdoodle/embed/de.flapdoodle.embed.mongo/2.1.2/de.flapdoodle.embed.mongo-2.1.2.jar:/Users/apoorvalonkar/.m2/repository/de/flapdoodle/embed/de.flapdoodle.embed.process/2.1.2/de.flapdoodle.embed.process-2.1.2.jar:/Users/apoorvalonkar/.m2/repository/org/apache/commons/commons-lang3/3.8.1/commons-lang3-3.8.1.jar:/Users/apoorvalonkar/.m2/repository/net/java/dev/jna/jna/4.5.2/jna-4.5.2.jar:/Users/apoorvalonkar/.m2/repository/net/java/dev/jna/jna-platform/4.5.2/jna-platform-4.5.2.jar:/Users/apoorvalonkar/.m2/repository/org/apache/commons/commons-compress/1.18/commons-compress-1.18.jar:"/>
    <property name="java.vm.vendor" value="Oracle Corporation"/>
    <property name="sun.arch.data.model" value="64"/>
    <property name="java.vendor.url" value="http://java.oracle.com/"/>
    <property name="user.timezone" value=""/>
    <property name="java.vm.specification.version" value="1.8"/>
    <property name="os.name" value="Mac OS X"/>
    <property name="user.country" value="IN"/>
    <property name="sun.java.launcher" value="SUN_STANDARD"/>
    <property name="sun.boot.library.path" value="/Library/Java/JavaVirtualMachines/jdk1.8.0_162.jdk/Contents/Home/jre/lib"/>
    <property name="sun.java.command" value="/Users/apoorvalonkar/Desktop/Java_course_Udacity/FINAL SUBMITTED PROJECT/ReviewsApiFinal/target/surefire/surefirebooter810317777688473149.jar /Users/apoorvalonkar/Desktop/Java_course_Udacity/FINAL SUBMITTED PROJECT/ReviewsApiFinal/target/surefire 2019-12-09T16-28-15_477-jvmRun1 surefire8231207040608659962tmp surefire_04513639248177033453tmp"/>
    <property name="http.nonProxyHosts" value="local|*.local|169.254/16|*.169.254/16"/>
    <property name="surefire.test.class.path" value="/Users/apoorvalonkar/Desktop/Java_course_Udacity/FINAL SUBMITTED PROJECT/ReviewsApiFinal/target/test-classes:/Users/apoorvalonkar/Desktop/Java_course_Udacity/FINAL SUBMITTED PROJECT/ReviewsApiFinal/target/classes:/Users/apoorvalonkar/.m2/repository/org/springframework/boot/spring-boot-starter-data-jpa/2.1.5.RELEASE/spring-boot-starter-data-jpa-2.1.5.RELEASE.jar:/Users/apoorvalonkar/.m2/repository/org/springframework/boot/spring-boot-starter-aop/2.1.5.RELEASE/spring-boot-starter-aop-2.1.5.RELEASE.jar:/Users/apoorvalonkar/.m2/repository/org/springframework/spring-aop/5.1.7.RELEASE/spring-aop-5.1.7.RELEASE.jar:/Users/apoorvalonkar/.m2/repository/org/aspectj/aspectjweaver/1.9.4/aspectjweaver-1.9.4.jar:/Users/apoorvalonkar/.m2/repository/org/springframework/boot/spring-boot-starter-jdbc/2.1.5.RELEASE/spring-boot-starter-jdbc-2.1.5.RELEASE.jar:/Users/apoorvalonkar/.m2/repository/com/zaxxer/HikariCP/3.2.0/HikariCP-3.2.0.jar:/Users/apoorvalonkar/.m2/repository/org/springframework/spring-jdbc/5.1.7.RELEASE/spring-jdbc-5.1.7.RELEASE.jar:/Users/apoorvalonkar/.m2/repository/javax/transaction/javax.transaction-api/1.3/javax.transaction-api-1.3.jar:/Users/apoorvalonkar/.m2/repository/javax/xml/bind/jaxb-api/2.3.1/jaxb-api-2.3.1.jar:/Users/apoorvalonkar/.m2/repository/javax/activation/javax.activation-api/1.2.0/javax.activation-api-1.2.0.jar:/Users/apoorvalonkar/.m2/repository/org/hibernate/hibernate-core/5.3.10.Final/hibernate-core-5.3.10.Final.jar:/Users/apoorvalonkar/.m2/repository/org/jboss/logging/jboss-logging/3.3.2.Final/jboss-logging-3.3.2.Final.jar:/Users/apoorvalonkar/.m2/repository/javax/persistence/javax.persistence-api/2.2/javax.persistence-api-2.2.jar:/Users/apoorvalonkar/.m2/repository/org/javassist/javassist/3.23.2-GA/javassist-3.23.2-GA.jar:/Users/apoorvalonkar/.m2/repository/net/bytebuddy/byte-buddy/1.9.12/byte-buddy-1.9.12.jar:/Users/apoorvalonkar/.m2/repository/antlr/antlr/2.7.7/antlr-2.7.7.jar:/Users/apoorvalonkar/.m2/repository/org/jboss/jandex/2.0.5.Final/jandex-2.0.5.Final.jar:/Users/apoorvalonkar/.m2/repository/com/fasterxml/classmate/1.4.0/classmate-1.4.0.jar:/Users/apoorvalonkar/.m2/repository/org/dom4j/dom4j/2.1.1/dom4j-2.1.1.jar:/Users/apoorvalonkar/.m2/repository/org/hibernate/common/hibernate-commons-annotations/5.0.4.Final/hibernate-commons-annotations-5.0.4.Final.jar:/Users/apoorvalonkar/.m2/repository/org/springframework/data/spring-data-jpa/2.1.8.RELEASE/spring-data-jpa-2.1.8.RELEASE.jar:/Users/apoorvalonkar/.m2/repository/org/springframework/spring-orm/5.1.7.RELEASE/spring-orm-5.1.7.RELEASE.jar:/Users/apoorvalonkar/.m2/repository/org/springframework/spring-aspects/5.1.7.RELEASE/spring-aspects-5.1.7.RELEASE.jar:/Users/apoorvalonkar/.m2/repository/org/springframework/boot/spring-boot-starter-web/2.1.5.RELEASE/spring-boot-starter-web-2.1.5.RELEASE.jar:/Users/apoorvalonkar/.m2/repository/org/springframework/boot/spring-boot-starter/2.1.5.RELEASE/spring-boot-starter-2.1.5.RELEASE.jar:/Users/apoorvalonkar/.m2/repository/org/springframework/boot/spring-boot/2.1.5.RELEASE/spring-boot-2.1.5.RELEASE.jar:/Users/apoorvalonkar/.m2/repository/org/springframework/boot/spring-boot-autoconfigure/2.1.5.RELEASE/spring-boot-autoconfigure-2.1.5.RELEASE.jar:/Users/apoorvalonkar/.m2/repository/org/springframework/boot/spring-boot-starter-logging/2.1.5.RELEASE/spring-boot-starter-logging-2.1.5.RELEASE.jar:/Users/apoorvalonkar/.m2/repository/ch/qos/logback/logback-classic/1.2.3/logback-classic-1.2.3.jar:/Users/apoorvalonkar/.m2/repository/ch/qos/logback/logback-core/1.2.3/logback-core-1.2.3.jar:/Users/apoorvalonkar/.m2/repository/org/apache/logging/log4j/log4j-to-slf4j/2.11.2/log4j-to-slf4j-2.11.2.jar:/Users/apoorvalonkar/.m2/repository/org/apache/logging/log4j/log4j-api/2.11.2/log4j-api-2.11.2.jar:/Users/apoorvalonkar/.m2/repository/org/slf4j/jul-to-slf4j/1.7.26/jul-to-slf4j-1.7.26.jar:/Users/apoorvalonkar/.m2/repository/javax/annotation/javax.annotation-api/1.3.2/javax.annotation-api-1.3.2.jar:/Users/apoorvalonkar/.m2/repository/org/yaml/snakeyaml/1.23/snakeyaml-1.23.jar:/Users/apoorvalonkar/.m2/repository/org/springframework/boot/spring-boot-starter-json/2.1.5.RELEASE/spring-boot-starter-json-2.1.5.RELEASE.jar:/Users/apoorvalonkar/.m2/repository/com/fasterxml/jackson/core/jackson-databind/2.9.8/jackson-databind-2.9.8.jar:/Users/apoorvalonkar/.m2/repository/com/fasterxml/jackson/core/jackson-annotations/2.9.0/jackson-annotations-2.9.0.jar:/Users/apoorvalonkar/.m2/repository/com/fasterxml/jackson/core/jackson-core/2.9.8/jackson-core-2.9.8.jar:/Users/apoorvalonkar/.m2/repository/com/fasterxml/jackson/datatype/jackson-datatype-jdk8/2.9.8/jackson-datatype-jdk8-2.9.8.jar:/Users/apoorvalonkar/.m2/repository/com/fasterxml/jackson/datatype/jackson-datatype-jsr310/2.9.8/jackson-datatype-jsr310-2.9.8.jar:/Users/apoorvalonkar/.m2/repository/com/fasterxml/jackson/module/jackson-module-parameter-names/2.9.8/jackson-module-parameter-names-2.9.8.jar:/Users/apoorvalonkar/.m2/repository/org/springframework/boot/spring-boot-starter-tomcat/2.1.5.RELEASE/spring-boot-starter-tomcat-2.1.5.RELEASE.jar:/Users/apoorvalonkar/.m2/repository/org/apache/tomcat/embed/tomcat-embed-core/9.0.19/tomcat-embed-core-9.0.19.jar:/Users/apoorvalonkar/.m2/repository/org/apache/tomcat/embed/tomcat-embed-el/9.0.19/tomcat-embed-el-9.0.19.jar:/Users/apoorvalonkar/.m2/repository/org/apache/tomcat/embed/tomcat-embed-websocket/9.0.19/tomcat-embed-websocket-9.0.19.jar:/Users/apoorvalonkar/.m2/repository/org/hibernate/validator/hibernate-validator/6.0.16.Final/hibernate-validator-6.0.16.Final.jar:/Users/apoorvalonkar/.m2/repository/javax/validation/validation-api/2.0.1.Final/validation-api-2.0.1.Final.jar:/Users/apoorvalonkar/.m2/repository/org/springframework/spring-web/5.1.7.RELEASE/spring-web-5.1.7.RELEASE.jar:/Users/apoorvalonkar/.m2/repository/org/springframework/spring-webmvc/5.1.7.RELEASE/spring-webmvc-5.1.7.RELEASE.jar:/Users/apoorvalonkar/.m2/repository/org/flywaydb/flyway-core/5.2.4/flyway-core-5.2.4.jar:/Users/apoorvalonkar/.m2/repository/org/springframework/data/spring-data-mongodb/2.1.9.RELEASE/spring-data-mongodb-2.1.9.RELEASE.jar:/Users/apoorvalonkar/.m2/repository/org/springframework/spring-tx/5.1.7.RELEASE/spring-tx-5.1.7.RELEASE.jar:/Users/apoorvalonkar/.m2/repository/org/springframework/spring-context/5.1.7.RELEASE/spring-context-5.1.7.RELEASE.jar:/Users/apoorvalonkar/.m2/repository/org/springframework/spring-beans/5.1.7.RELEASE/spring-beans-5.1.7.RELEASE.jar:/Users/apoorvalonkar/.m2/repository/org/springframework/spring-core/5.1.7.RELEASE/spring-core-5.1.7.RELEASE.jar:/Users/apoorvalonkar/.m2/repository/org/springframework/spring-jcl/5.1.7.RELEASE/spring-jcl-5.1.7.RELEASE.jar:/Users/apoorvalonkar/.m2/repository/org/springframework/spring-expression/5.1.7.RELEASE/spring-expression-5.1.7.RELEASE.jar:/Users/apoorvalonkar/.m2/repository/org/springframework/data/spring-data-commons/2.1.8.RELEASE/spring-data-commons-2.1.8.RELEASE.jar:/Users/apoorvalonkar/.m2/repository/org/mongodb/mongo-java-driver/3.8.2/mongo-java-driver-3.8.2.jar:/Users/apoorvalonkar/.m2/repository/org/slf4j/slf4j-api/1.7.26/slf4j-api-1.7.26.jar:/Users/apoorvalonkar/.m2/repository/org/junit/jupiter/junit-jupiter-api/5.3.2/junit-jupiter-api-5.3.2.jar:/Users/apoorvalonkar/.m2/repository/org/apiguardian/apiguardian-api/1.0.0/apiguardian-api-1.0.0.jar:/Users/apoorvalonkar/.m2/repository/org/opentest4j/opentest4j/1.1.1/opentest4j-1.1.1.jar:/Users/apoorvalonkar/.m2/repository/org/junit/platform/junit-platform-commons/1.3.2/junit-platform-commons-1.3.2.jar:/Users/apoorvalonkar/.m2/repository/mysql/mysql-connector-java/8.0.16/mysql-connector-java-8.0.16.jar:/Users/apoorvalonkar/.m2/repository/com/h2database/h2/1.4.199/h2-1.4.199.jar:/Users/apoorvalonkar/.m2/repository/org/springframework/boot/spring-boot-starter-test/2.1.5.RELEASE/spring-boot-starter-test-2.1.5.RELEASE.jar:/Users/apoorvalonkar/.m2/repository/org/springframework/boot/spring-boot-test/2.1.5.RELEASE/spring-boot-test-2.1.5.RELEASE.jar:/Users/apoorvalonkar/.m2/repository/org/springframework/boot/spring-boot-test-autoconfigure/2.1.5.RELEASE/spring-boot-test-autoconfigure-2.1.5.RELEASE.jar:/Users/apoorvalonkar/.m2/repository/com/jayway/jsonpath/json-path/2.4.0/json-path-2.4.0.jar:/Users/apoorvalonkar/.m2/repository/net/minidev/json-smart/2.3/json-smart-2.3.jar:/Users/apoorvalonkar/.m2/repository/net/minidev/accessors-smart/1.2/accessors-smart-1.2.jar:/Users/apoorvalonkar/.m2/repository/org/ow2/asm/asm/5.0.4/asm-5.0.4.jar:/Users/apoorvalonkar/.m2/repository/junit/junit/4.12/junit-4.12.jar:/Users/apoorvalonkar/.m2/repository/org/assertj/assertj-core/3.11.1/assertj-core-3.11.1.jar:/Users/apoorvalonkar/.m2/repository/org/mockito/mockito-core/2.23.4/mockito-core-2.23.4.jar:/Users/apoorvalonkar/.m2/repository/net/bytebuddy/byte-buddy-agent/1.9.12/byte-buddy-agent-1.9.12.jar:/Users/apoorvalonkar/.m2/repository/org/objenesis/objenesis/2.6/objenesis-2.6.jar:/Users/apoorvalonkar/.m2/repository/org/hamcrest/hamcrest-core/1.3/hamcrest-core-1.3.jar:/Users/apoorvalonkar/.m2/repository/org/hamcrest/hamcrest-library/1.3/hamcrest-library-1.3.jar:/Users/apoorvalonkar/.m2/repository/org/skyscreamer/jsonassert/1.5.0/jsonassert-1.5.0.jar:/Users/apoorvalonkar/.m2/repository/com/vaadin/external/google/android-json/0.0.20131108.vaadin1/android-json-0.0.20131108.vaadin1.jar:/Users/apoorvalonkar/.m2/repository/org/springframework/spring-test/5.1.7.RELEASE/spring-test-5.1.7.RELEASE.jar:/Users/apoorvalonkar/.m2/repository/org/xmlunit/xmlunit-core/2.6.2/xmlunit-core-2.6.2.jar:/Users/apoorvalonkar/.m2/repository/de/flapdoodle/embed/de.flapdoodle.embed.mongo/2.1.2/de.flapdoodle.embed.mongo-2.1.2.jar:/Users/apoorvalonkar/.m2/repository/de/flapdoodle/embed/de.flapdoodle.embed.process/2.1.2/de.flapdoodle.embed.process-2.1.2.jar:/Users/apoorvalonkar/.m2/repository/org/apache/commons/commons-lang3/3.8.1/commons-lang3-3.8.1.jar:/Users/apoorvalonkar/.m2/repository/net/java/dev/jna/jna/4.5.2/jna-4.5.2.jar:/Users/apoorvalonkar/.m2/repository/net/java/dev/jna/jna-platform/4.5.2/jna-platform-4.5.2.jar:/Users/apoorvalonkar/.m2/repository/org/apache/commons/commons-compress/1.18/commons-compress-1.18.jar:"/>
    <property name="sun.cpu.endian" value="little"/>
    <property name="user.home" value="/Users/apoorvalonkar"/>
    <property name="user.language" value="en"/>
    <property name="java.specification.vendor" value="Oracle Corporation"/>
    <property name="java.home" value="/Library/Java/JavaVirtualMachines/jdk1.8.0_162.jdk/Contents/Home/jre"/>
    <property name="basedir" value="/Users/apoorvalonkar/Desktop/Java_course_Udacity/FINAL SUBMITTED PROJECT/ReviewsApiFinal"/>
    <property name="file.separator" value="/"/>
    <property name="line.separator" value="&#10;"/>
    <property name="idea.version2019.2.4" value="true"/>
    <property name="java.vm.specification.vendor" value="Oracle Corporation"/>
    <property name="java.specification.name" value="Java Platform API Specification"/>
    <property name="java.awt.graphicsenv" value="sun.awt.CGraphicsEnvironment"/>
    <property name="surefire.real.class.path" value="/Users/apoorvalonkar/Desktop/Java_course_Udacity/FINAL SUBMITTED PROJECT/ReviewsApiFinal/target/surefire/surefirebooter810317777688473149.jar"/>
    <property name="sun.boot.class.path" value="/Library/Java/JavaVirtualMachines/jdk1.8.0_162.jdk/Contents/Home/jre/lib/resources.jar:/Library/Java/JavaVirtualMachines/jdk1.8.0_162.jdk/Contents/Home/jre/lib/rt.jar:/Library/Java/JavaVirtualMachines/jdk1.8.0_162.jdk/Contents/Home/jre/lib/sunrsasign.jar:/Library/Java/JavaVirtualMachines/jdk1.8.0_162.jdk/Contents/Home/jre/lib/jsse.jar:/Library/Java/JavaVirtualMachines/jdk1.8.0_162.jdk/Contents/Home/jre/lib/jce.jar:/Library/Java/JavaVirtualMachines/jdk1.8.0_162.jdk/Contents/Home/jre/lib/charsets.jar:/Library/Java/JavaVirtualMachines/jdk1.8.0_162.jdk/Contents/Home/jre/lib/jfr.jar:/Library/Java/JavaVirtualMachines/jdk1.8.0_162.jdk/Contents/Home/jre/classes"/>
    <property name="sun.management.compiler" value="HotSpot 64-Bit Tiered Compilers"/>
    <property name="ftp.nonProxyHosts" value="local|*.local|169.254/16|*.169.254/16"/>
    <property name="java.runtime.version" value="1.8.0_162-b12"/>
    <property name="user.name" value="apoorvalonkar"/>
    <property name="path.separator" value=":"/>
    <property name="os.version" value="10.15.1"/>
    <property name="java.endorsed.dirs" value="/Library/Java/JavaVirtualMachines/jdk1.8.0_162.jdk/Contents/Home/jre/lib/endorsed"/>
    <property name="java.runtime.name" value="Java(TM) SE Runtime Environment"/>
    <property name="file.encoding" value="US-ASCII"/>
    <property name="java.vm.name" value="Java HotSpot(TM) 64-Bit Server VM"/>
    <property name="localRepository" value="/Users/apoorvalonkar/.m2/repository"/>
    <property name="java.vendor.url.bug" value="http://bugreport.sun.com/bugreport/"/>
    <property name="java.io.tmpdir" value="/var/folders/vl/2zm91srj4d3cntpw0vvtpdbh0000gn/T/"/>
    <property name="java.version" value="1.8.0_162"/>
    <property name="user.dir" value="/Users/apoorvalonkar/Desktop/Java_course_Udacity/FINAL SUBMITTED PROJECT/ReviewsApiFinal"/>
    <property name="os.arch" value="x86_64"/>
    <property name="java.vm.specification.name" value="Java Virtual Machine Specification"/>
    <property name="java.awt.printerjob" value="sun.lwawt.macosx.CPrinterJob"/>
    <property name="sun.os.patch.level" value="unknown"/>
    <property name="java.library.path" value="/Users/apoorvalonkar/Library/Java/Extensions:/Library/Java/Extensions:/Network/Library/Java/Extensions:/System/Library/Java/Extensions:/usr/lib/java:."/>
    <property name="java.vm.info" value="mixed mode"/>
    <property name="java.vendor" value="Oracle Corporation"/>
    <property name="java.vm.version" value="25.162-b12"/>
    <property name="java.ext.dirs" value="/Users/apoorvalonkar/Library/Java/Extensions:/Library/Java/JavaVirtualMachines/jdk1.8.0_162.jdk/Contents/Home/jre/lib/ext:/Library/Java/Extensions:/Network/Library/Java/Extensions:/System/Library/Java/Extensions:/usr/lib/java"/>
    <property name="sun.io.unicode.encoding" value="UnicodeBig"/>
    <property name="java.class.version" value="52.0"/>
    <property name="socksNonProxyHosts" value="local|*.local|169.254/16|*.169.254/16"/>
  </properties>
  <testcase name="testProductEntity" classname="com.udacity.course3.reviews.ReviewsApplicationTests" time="0.001">
    <error message="Failed to load ApplicationContext" type="java.lang.IllegalStateException">java.lang.IllegalStateException: Failed to load ApplicationContext
Caused by: org.springframework.beans.factory.BeanCreationException: 
Error creating bean with name 'flywayInitializer' defined in class path resource [org/springframework/boot/autoconfigure/flyway/FlywayAutoConfiguration$FlywayConfiguration.class]: Invocation of init method failed; nested exception is org.flywaydb.core.internal.command.DbMigrate$FlywayMigrateException: 
Migration V01__initialise.sql failed
------------------------------------
SQL State  : 42001
Error Code : 42001
Message    : Syntax error in SQL statement "CREATE TABLE REVIEWS(
    REVIEW_ID INT NOT NULL AUTO_INCREMENT,
    PRODUCT_ID INT NOT NULL,
    REVIEW_TITLE VARCHAR(1000) NOT NULL,
    CONSTRAINT REVIEW_PK PRIMARY KEY (REVIEW_ID),
    CONSTRAINT PRODUCT_REVIEW_FK FOREIGN KEY (PRODUCT_ID) REFERENCES PRODUCTS (PRODUCT_ID) [*]"; expected "INDEX, ON, NOT, DEFERRABLE, NOCHECK, CHECK, ,, )"; SQL statement:
create table reviews(
    review_id int not null auto_increment,
    product_id int not null,
    review_title varchar(1000) not null,
    constraint review_pk primary key (review_id),
    constraint product_review_fk foreign key (product_id) references products (product_id) [42001-199]
Location   : db/migration/V01__initialise.sql (/Users/apoorvalonkar/Desktop/Java_course_Udacity/FINAL SUBMITTED PROJECT/ReviewsApiFinal/target/classes/db/migration/V01__initialise.sql)
Line       : 7
Statement  : create table reviews(
    review_id int not null auto_increment,
    product_id int not null,
    review_title varchar(1000) not null,
    constraint review_pk primary key (review_id),
    constraint product_review_fk foreign key (product_id) references products (product_id)

Caused by: org.flywaydb.core.internal.command.DbMigrate$FlywayMigrateException: 

Migration V01__initialise.sql failed
------------------------------------
SQL State  : 42001
Error Code : 42001
Message    : Syntax error in SQL statement "CREATE TABLE REVIEWS(
    REVIEW_ID INT NOT NULL AUTO_INCREMENT,
    PRODUCT_ID INT NOT NULL,
    REVIEW_TITLE VARCHAR(1000) NOT NULL,
    CONSTRAINT REVIEW_PK PRIMARY KEY (REVIEW_ID),
    CONSTRAINT PRODUCT_REVIEW_FK FOREIGN KEY (PRODUCT_ID) REFERENCES PRODUCTS (PRODUCT_ID) [*]"; expected "INDEX, ON, NOT, DEFERRABLE, NOCHECK, CHECK, ,, )"; SQL statement:
create table reviews(
    review_id int not null auto_increment,
    product_id int not null,
    review_title varchar(1000) not null,
    constraint review_pk primary key (review_id),
    constraint product_review_fk foreign key (product_id) references products (product_id) [42001-199]
Location   : db/migration/V01__initialise.sql (/Users/apoorvalonkar/Desktop/Java_course_Udacity/FINAL SUBMITTED PROJECT/ReviewsApiFinal/target/classes/db/migration/V01__initialise.sql)
Line       : 7
Statement  : create table reviews(
    review_id int not null auto_increment,
    product_id int not null,
    review_title varchar(1000) not null,
    constraint review_pk primary key (review_id),
    constraint product_review_fk foreign key (product_id) references products (product_id)

Caused by: org.flywaydb.core.internal.sqlscript.FlywaySqlScriptException: 

Migration V01__initialise.sql failed
------------------------------------
SQL State  : 42001
Error Code : 42001
Message    : Syntax error in SQL statement "CREATE TABLE REVIEWS(
    REVIEW_ID INT NOT NULL AUTO_INCREMENT,
    PRODUCT_ID INT NOT NULL,
    REVIEW_TITLE VARCHAR(1000) NOT NULL,
    CONSTRAINT REVIEW_PK PRIMARY KEY (REVIEW_ID),
    CONSTRAINT PRODUCT_REVIEW_FK FOREIGN KEY (PRODUCT_ID) REFERENCES PRODUCTS (PRODUCT_ID) [*]"; expected "INDEX, ON, NOT, DEFERRABLE, NOCHECK, CHECK, ,, )"; SQL statement:
create table reviews(
    review_id int not null auto_increment,
    product_id int not null,
    review_title varchar(1000) not null,
    constraint review_pk primary key (review_id),
    constraint product_review_fk foreign key (product_id) references products (product_id) [42001-199]
Location   : db/migration/V01__initialise.sql (/Users/apoorvalonkar/Desktop/Java_course_Udacity/FINAL SUBMITTED PROJECT/ReviewsApiFinal/target/classes/db/migration/V01__initialise.sql)
Line       : 7
Statement  : create table reviews(
    review_id int not null auto_increment,
    product_id int not null,
    review_title varchar(1000) not null,
    constraint review_pk primary key (review_id),
    constraint product_review_fk foreign key (product_id) references products (product_id)

Caused by: org.h2.jdbc.JdbcSQLSyntaxErrorException: 
Syntax error in SQL statement "CREATE TABLE REVIEWS(
    REVIEW_ID INT NOT NULL AUTO_INCREMENT,
    PRODUCT_ID INT NOT NULL,
    REVIEW_TITLE VARCHAR(1000) NOT NULL,
    CONSTRAINT REVIEW_PK PRIMARY KEY (REVIEW_ID),
    CONSTRAINT PRODUCT_REVIEW_FK FOREIGN KEY (PRODUCT_ID) REFERENCES PRODUCTS (PRODUCT_ID) [*]"; expected "INDEX, ON, NOT, DEFERRABLE, NOCHECK, CHECK, ,, )"; SQL statement:
create table reviews(
    review_id int not null auto_increment,
    product_id int not null,
    review_title varchar(1000) not null,
    constraint review_pk primary key (review_id),
    constraint product_review_fk foreign key (product_id) references products (product_id) [42001-199]
</error>
    <system-out><![CDATA[16:28:16.368 [main] DEBUG org.springframework.test.context.junit4.SpringJUnit4ClassRunner - SpringJUnit4ClassRunner constructor called with [class com.udacity.course3.reviews.ReviewsApplicationTests]
16:28:16.375 [main] DEBUG org.springframework.test.context.BootstrapUtils - Instantiating CacheAwareContextLoaderDelegate from class [org.springframework.test.context.cache.DefaultCacheAwareContextLoaderDelegate]
16:28:16.385 [main] DEBUG org.springframework.test.context.BootstrapUtils - Instantiating BootstrapContext using constructor [public org.springframework.test.context.support.DefaultBootstrapContext(java.lang.Class,org.springframework.test.context.CacheAwareContextLoaderDelegate)]
16:28:16.420 [main] DEBUG org.springframework.test.context.BootstrapUtils - Instantiating TestContextBootstrapper for test class [com.udacity.course3.reviews.ReviewsApplicationTests] from class [org.springframework.boot.test.autoconfigure.orm.jpa.DataJpaTestContextBootstrapper]
16:28:16.464 [main] INFO org.springframework.boot.test.autoconfigure.orm.jpa.DataJpaTestContextBootstrapper - Neither @ContextConfiguration nor @ContextHierarchy found for test class [com.udacity.course3.reviews.ReviewsApplicationTests], using SpringBootContextLoader
16:28:16.470 [main] DEBUG org.springframework.test.context.support.AbstractContextLoader - Did not detect default resource location for test class [com.udacity.course3.reviews.ReviewsApplicationTests]: class path resource [com/udacity/course3/reviews/ReviewsApplicationTests-context.xml] does not exist
16:28:16.471 [main] DEBUG org.springframework.test.context.support.AbstractContextLoader - Did not detect default resource location for test class [com.udacity.course3.reviews.ReviewsApplicationTests]: class path resource [com/udacity/course3/reviews/ReviewsApplicationTestsContext.groovy] does not exist
16:28:16.471 [main] INFO org.springframework.test.context.support.AbstractContextLoader - Could not detect default resource locations for test class [com.udacity.course3.reviews.ReviewsApplicationTests]: no resource found for suffixes {-context.xml, Context.groovy}.
16:28:16.473 [main] INFO org.springframework.test.context.support.AnnotationConfigContextLoaderUtils - Could not detect default configuration classes for test class [com.udacity.course3.reviews.ReviewsApplicationTests]: ReviewsApplicationTests does not declare any static, non-private, non-final, nested classes annotated with @Configuration.
16:28:16.574 [main] DEBUG org.springframework.test.context.support.ActiveProfilesUtils - Could not find an 'annotation declaring class' for annotation type [org.springframework.test.context.ActiveProfiles] and class [com.udacity.course3.reviews.ReviewsApplicationTests]
16:28:16.732 [main] DEBUG org.springframework.context.annotation.ClassPathScanningCandidateComponentProvider - Identified candidate component class: file [/Users/apoorvalonkar/Desktop/Java_course_Udacity/FINAL SUBMITTED PROJECT/ReviewsApiFinal/target/classes/com/udacity/course3/reviews/ReviewsApplication.class]
16:28:16.734 [main] INFO org.springframework.boot.test.context.SpringBootTestContextBootstrapper - Found @SpringBootConfiguration com.udacity.course3.reviews.ReviewsApplication for test class com.udacity.course3.reviews.ReviewsApplicationTests
16:28:16.737 [main] DEBUG org.springframework.boot.test.autoconfigure.orm.jpa.DataJpaTestContextBootstrapper - @TestExecutionListeners is not present for class [com.udacity.course3.reviews.ReviewsApplicationTests]: using defaults.
16:28:16.739 [main] INFO org.springframework.boot.test.autoconfigure.orm.jpa.DataJpaTestContextBootstrapper - Loaded default TestExecutionListener class names from location [META-INF/spring.factories]: [org.springframework.boot.test.mock.mockito.MockitoTestExecutionListener, org.springframework.boot.test.mock.mockito.ResetMocksTestExecutionListener, org.springframework.boot.test.autoconfigure.restdocs.RestDocsTestExecutionListener, org.springframework.boot.test.autoconfigure.web.client.MockRestServiceServerResetTestExecutionListener, org.springframework.boot.test.autoconfigure.web.servlet.MockMvcPrintOnlyOnFailureTestExecutionListener, org.springframework.boot.test.autoconfigure.web.servlet.WebDriverTestExecutionListener, org.springframework.test.context.web.ServletTestExecutionListener, org.springframework.test.context.support.DirtiesContextBeforeModesTestExecutionListener, org.springframework.test.context.support.DependencyInjectionTestExecutionListener, org.springframework.test.context.support.DirtiesContextTestExecutionListener, org.springframework.test.context.transaction.TransactionalTestExecutionListener, org.springframework.test.context.jdbc.SqlScriptsTestExecutionListener]
16:28:16.773 [main] INFO org.springframework.boot.test.autoconfigure.orm.jpa.DataJpaTestContextBootstrapper - Using TestExecutionListeners: [org.springframework.test.context.web.ServletTestExecutionListener@60d8c9b7, org.springframework.test.context.support.DirtiesContextBeforeModesTestExecutionListener@48aaecc3, org.springframework.boot.test.mock.mockito.MockitoTestExecutionListener@7c0c77c7, org.springframework.boot.test.autoconfigure.SpringBootDependencyInjectionTestExecutionListener@7adda9cc, org.springframework.test.context.support.DirtiesContextTestExecutionListener@5cee5251, org.springframework.test.context.transaction.TransactionalTestExecutionListener@433d61fb, org.springframework.test.context.jdbc.SqlScriptsTestExecutionListener@5c909414, org.springframework.boot.test.mock.mockito.ResetMocksTestExecutionListener@4b14c583, org.springframework.boot.test.autoconfigure.restdocs.RestDocsTestExecutionListener@65466a6a, org.springframework.boot.test.autoconfigure.web.client.MockRestServiceServerResetTestExecutionListener@4ddced80, org.springframework.boot.test.autoconfigure.web.servlet.MockMvcPrintOnlyOnFailureTestExecutionListener@1534f01b, org.springframework.boot.test.autoconfigure.web.servlet.WebDriverTestExecutionListener@78e117e3]
16:28:16.777 [main] DEBUG org.springframework.test.annotation.ProfileValueUtils - Retrieved @ProfileValueSourceConfiguration [null] for test class [com.udacity.course3.reviews.ReviewsApplicationTests]
16:28:16.777 [main] DEBUG org.springframework.test.annotation.ProfileValueUtils - Retrieved ProfileValueSource type [class org.springframework.test.annotation.SystemProfileValueSource] for class [com.udacity.course3.reviews.ReviewsApplicationTests]
16:28:16.780 [main] DEBUG org.springframework.test.annotation.ProfileValueUtils - Retrieved @ProfileValueSourceConfiguration [null] for test class [com.udacity.course3.reviews.ReviewsApplicationTests]
16:28:16.780 [main] DEBUG org.springframework.test.annotation.ProfileValueUtils - Retrieved ProfileValueSource type [class org.springframework.test.annotation.SystemProfileValueSource] for class [com.udacity.course3.reviews.ReviewsApplicationTests]
16:28:16.782 [main] DEBUG org.springframework.test.annotation.ProfileValueUtils - Retrieved @ProfileValueSourceConfiguration [null] for test class [com.udacity.course3.reviews.ReviewsApplicationTests]
16:28:16.782 [main] DEBUG org.springframework.test.annotation.ProfileValueUtils - Retrieved ProfileValueSource type [class org.springframework.test.annotation.SystemProfileValueSource] for class [com.udacity.course3.reviews.ReviewsApplicationTests]
16:28:16.790 [main] DEBUG org.springframework.test.context.support.AbstractDirtiesContextTestExecutionListener - Before test class: context [DefaultTestContext@4c9f8c13 testClass = ReviewsApplicationTests, testInstance = [null], testMethod = [null], testException = [null], mergedContextConfiguration = [MergedContextConfiguration@5ae50ce6 testClass = ReviewsApplicationTests, locations = '{}', classes = '{class com.udacity.course3.reviews.ReviewsApplication}', contextInitializerClasses = '[]', activeProfiles = '{}', propertySourceLocations = '{}', propertySourceProperties = '{org.springframework.boot.test.autoconfigure.orm.jpa.DataJpaTestContextBootstrapper=true}', contextCustomizers = set[[ImportsContextCustomizer@6f96c77 key = [org.springframework.boot.autoconfigure.cache.CacheAutoConfiguration, org.springframework.boot.autoconfigure.data.jpa.JpaRepositoriesAutoConfiguration, org.springframework.boot.autoconfigure.flyway.FlywayAutoConfiguration, org.springframework.boot.autoconfigure.jdbc.DataSourceAutoConfiguration, org.springframework.boot.autoconfigure.jdbc.DataSourceTransactionManagerAutoConfiguration, org.springframework.boot.autoconfigure.jdbc.JdbcTemplateAutoConfiguration, org.springframework.boot.autoconfigure.liquibase.LiquibaseAutoConfiguration, org.springframework.boot.autoconfigure.orm.jpa.HibernateJpaAutoConfiguration, org.springframework.boot.autoconfigure.transaction.TransactionAutoConfiguration, org.springframework.boot.test.autoconfigure.jdbc.TestDatabaseAutoConfiguration, org.springframework.boot.test.autoconfigure.orm.jpa.TestEntityManagerAutoConfiguration]], org.springframework.boot.test.context.filter.ExcludeFilterContextCustomizer@2bea5ab4, org.springframework.boot.test.json.DuplicateJsonObjectContextCustomizerFactory$DuplicateJsonObjectContextCustomizer@530612ba, org.springframework.boot.test.mock.mockito.MockitoContextCustomizer@0, org.springframework.boot.test.autoconfigure.OverrideAutoConfigurationContextCustomizerFactory$DisableAutoConfigurationContextCustomizer@679b62af, org.springframework.boot.test.autoconfigure.filter.TypeExcludeFiltersContextCustomizer@351584c0, org.springframework.boot.test.autoconfigure.properties.PropertyMappingContextCustomizer@1cee153, org.springframework.boot.test.autoconfigure.web.servlet.WebDriverContextCustomizerFactory$Customizer@1372ed45], contextLoader = 'org.springframework.boot.test.context.SpringBootContextLoader', parent = [null]], attributes = map[[empty]]], class annotated with @DirtiesContext [false] with mode [null].
16:28:16.791 [main] DEBUG org.springframework.test.annotation.ProfileValueUtils - Retrieved @ProfileValueSourceConfiguration [null] for test class [com.udacity.course3.reviews.ReviewsApplicationTests]
16:28:16.791 [main] DEBUG org.springframework.test.annotation.ProfileValueUtils - Retrieved ProfileValueSource type [class org.springframework.test.annotation.SystemProfileValueSource] for class [com.udacity.course3.reviews.ReviewsApplicationTests]
16:28:16.801 [main] DEBUG org.springframework.test.context.support.DependencyInjectionTestExecutionListener - Performing dependency injection for test context [[DefaultTestContext@4c9f8c13 testClass = ReviewsApplicationTests, testInstance = com.udacity.course3.reviews.ReviewsApplicationTests@4b0b0854, testMethod = [null], testException = [null], mergedContextConfiguration = [MergedContextConfiguration@5ae50ce6 testClass = ReviewsApplicationTests, locations = '{}', classes = '{class com.udacity.course3.reviews.ReviewsApplication}', contextInitializerClasses = '[]', activeProfiles = '{}', propertySourceLocations = '{}', propertySourceProperties = '{org.springframework.boot.test.autoconfigure.orm.jpa.DataJpaTestContextBootstrapper=true}', contextCustomizers = set[[ImportsContextCustomizer@6f96c77 key = [org.springframework.boot.autoconfigure.cache.CacheAutoConfiguration, org.springframework.boot.autoconfigure.data.jpa.JpaRepositoriesAutoConfiguration, org.springframework.boot.autoconfigure.flyway.FlywayAutoConfiguration, org.springframework.boot.autoconfigure.jdbc.DataSourceAutoConfiguration, org.springframework.boot.autoconfigure.jdbc.DataSourceTransactionManagerAutoConfiguration, org.springframework.boot.autoconfigure.jdbc.JdbcTemplateAutoConfiguration, org.springframework.boot.autoconfigure.liquibase.LiquibaseAutoConfiguration, org.springframework.boot.autoconfigure.orm.jpa.HibernateJpaAutoConfiguration, org.springframework.boot.autoconfigure.transaction.TransactionAutoConfiguration, org.springframework.boot.test.autoconfigure.jdbc.TestDatabaseAutoConfiguration, org.springframework.boot.test.autoconfigure.orm.jpa.TestEntityManagerAutoConfiguration]], org.springframework.boot.test.context.filter.ExcludeFilterContextCustomizer@2bea5ab4, org.springframework.boot.test.json.DuplicateJsonObjectContextCustomizerFactory$DuplicateJsonObjectContextCustomizer@530612ba, org.springframework.boot.test.mock.mockito.MockitoContextCustomizer@0, org.springframework.boot.test.autoconfigure.OverrideAutoConfigurationContextCustomizerFactory$DisableAutoConfigurationContextCustomizer@679b62af, org.springframework.boot.test.autoconfigure.filter.TypeExcludeFiltersContextCustomizer@351584c0, org.springframework.boot.test.autoconfigure.properties.PropertyMappingContextCustomizer@1cee153, org.springframework.boot.test.autoconfigure.web.servlet.WebDriverContextCustomizerFactory$Customizer@1372ed45], contextLoader = 'org.springframework.boot.test.context.SpringBootContextLoader', parent = [null]], attributes = map[[empty]]]].
16:28:17.042 [main] DEBUG org.springframework.test.context.support.TestPropertySourceUtils - Adding inlined properties to environment: {spring.jmx.enabled=false, org.springframework.boot.test.autoconfigure.orm.jpa.DataJpaTestContextBootstrapper=true, server.port=-1}

  .   ____          _            __ _ _
 /\\ / ___'_ __ _ _(_)_ __  __ _ \ \ \ \
( ( )\___ | '_ | '_| | '_ \/ _` | \ \ \ \
 \\/  ___)| |_)| | | | | || (_| |  ) ) ) )
  '  |____| .__|_| |_|_| |_\__, | / / / /
 =========|_|==============|___/=/_/_/_/
 :: Spring Boot ::        (v2.1.5.RELEASE)

2019-12-09 16:28:17.425  INFO 17053 --- [           main] c.u.c.reviews.ReviewsApplicationTests    : Starting ReviewsApplicationTests on Apoorvas-MBP.fios-router.home with PID 17053 (started by apoorvalonkar in /Users/apoorvalonkar/Desktop/Java_course_Udacity/FINAL SUBMITTED PROJECT/ReviewsApiFinal)
2019-12-09 16:28:17.429  INFO 17053 --- [           main] c.u.c.reviews.ReviewsApplicationTests    : No active profile set, falling back to default profiles: default
2019-12-09 16:28:17.958  INFO 17053 --- [           main] .s.d.r.c.RepositoryConfigurationDelegate : Multiple Spring Data modules found, entering strict repository configuration mode!
2019-12-09 16:28:17.958  INFO 17053 --- [           main] .s.d.r.c.RepositoryConfigurationDelegate : Bootstrapping Spring Data repositories in DEFAULT mode.
2019-12-09 16:28:18.024  INFO 17053 --- [           main] .RepositoryConfigurationExtensionSupport : Spring Data MongoDB - Could not safely identify store assignment for repository candidate interface com.udacity.course3.reviews.repository.MySQL.CommentRepository.
2019-12-09 16:28:18.025  INFO 17053 --- [           main] .RepositoryConfigurationExtensionSupport : Spring Data MongoDB - Could not safely identify store assignment for repository candidate interface com.udacity.course3.reviews.repository.MySQL.ProductRepository.
2019-12-09 16:28:18.026  INFO 17053 --- [           main] .RepositoryConfigurationExtensionSupport : Spring Data MongoDB - Could not safely identify store assignment for repository candidate interface com.udacity.course3.reviews.repository.MySQL.ReviewRepository.
2019-12-09 16:28:18.050  INFO 17053 --- [           main] .s.d.r.c.RepositoryConfigurationDelegate : Finished Spring Data repository scanning in 82ms. Found 1 repository interfaces.
2019-12-09 16:28:18.104  INFO 17053 --- [           main] .s.d.r.c.RepositoryConfigurationDelegate : Multiple Spring Data modules found, entering strict repository configuration mode!
2019-12-09 16:28:18.106  INFO 17053 --- [           main] .s.d.r.c.RepositoryConfigurationDelegate : Bootstrapping Spring Data repositories in DEFAULT mode.
2019-12-09 16:28:18.134  INFO 17053 --- [           main] .RepositoryConfigurationExtensionSupport : Spring Data JPA - Could not safely identify store assignment for repository candidate interface com.udacity.course3.reviews.repository.Mongo.MongoReviewRepository.
2019-12-09 16:28:18.153  INFO 17053 --- [           main] .s.d.r.c.RepositoryConfigurationDelegate : Finished Spring Data repository scanning in 41ms. Found 3 repository interfaces.
2019-12-09 16:28:18.305  INFO 17053 --- [           main] beddedDataSourceBeanFactoryPostProcessor : Replacing 'dataSource' DataSource bean with embedded version
2019-12-09 16:28:18.734  INFO 17053 --- [           main] o.s.j.d.e.EmbeddedDatabaseFactory        : Starting embedded database: url='jdbc:h2:mem:c0c595c7-df59-47cd-bc8b-bc15f090625a;DB_CLOSE_DELAY=-1;DB_CLOSE_ON_EXIT=false', username='sa'
2019-12-09 16:28:19.185  INFO 17053 --- [           main] o.f.c.internal.license.VersionPrinter    : Flyway Community Edition 5.2.4 by Boxfuse
2019-12-09 16:28:19.201  INFO 17053 --- [           main] o.f.c.internal.database.DatabaseFactory  : Database: jdbc:h2:mem:c0c595c7-df59-47cd-bc8b-bc15f090625a (H2 1.4)
2019-12-09 16:28:19.246  WARN 17053 --- [           main] o.f.c.internal.database.base.Database    : Flyway upgrade recommended: H2 1.4.199 is newer than this version of Flyway and support has not been tested.
2019-12-09 16:28:19.334  INFO 17053 --- [           main] o.f.core.internal.command.DbValidate     : Successfully validated 1 migration (execution time 00:00.026s)
2019-12-09 16:28:19.351  INFO 17053 --- [           main] o.f.c.i.s.JdbcTableSchemaHistory         : Creating Schema History table: "PUBLIC"."flyway_schema_history"
2019-12-09 16:28:19.394  INFO 17053 --- [           main] o.f.core.internal.command.DbMigrate      : Current version of schema "PUBLIC": << Empty Schema >>
2019-12-09 16:28:19.397  INFO 17053 --- [           main] o.f.core.internal.command.DbMigrate      : Migrating schema "PUBLIC" to version 01 - initialise
2019-12-09 16:28:19.410 ERROR 17053 --- [           main] o.f.core.internal.command.DbMigrate      : Migration of schema "PUBLIC" to version 01 - initialise failed! Please restore backups and roll back database and code!
2019-12-09 16:28:19.430  WARN 17053 --- [           main] s.c.a.AnnotationConfigApplicationContext : Exception encountered during context initialization - cancelling refresh attempt: org.springframework.beans.factory.BeanCreationException: Error creating bean with name 'flywayInitializer' defined in class path resource [org/springframework/boot/autoconfigure/flyway/FlywayAutoConfiguration$FlywayConfiguration.class]: Invocation of init method failed; nested exception is org.flywaydb.core.internal.command.DbMigrate$FlywayMigrateException: 
Migration V01__initialise.sql failed
------------------------------------
SQL State  : 42001
Error Code : 42001
Message    : Syntax error in SQL statement "CREATE TABLE REVIEWS(
    REVIEW_ID INT NOT NULL AUTO_INCREMENT,
    PRODUCT_ID INT NOT NULL,
    REVIEW_TITLE VARCHAR(1000) NOT NULL,
    CONSTRAINT REVIEW_PK PRIMARY KEY (REVIEW_ID),
    CONSTRAINT PRODUCT_REVIEW_FK FOREIGN KEY (PRODUCT_ID) REFERENCES PRODUCTS (PRODUCT_ID) [*]"; expected "INDEX, ON, NOT, DEFERRABLE, NOCHECK, CHECK, ,, )"; SQL statement:
create table reviews(
    review_id int not null auto_increment,
    product_id int not null,
    review_title varchar(1000) not null,
    constraint review_pk primary key (review_id),
    constraint product_review_fk foreign key (product_id) references products (product_id) [42001-199]
Location   : db/migration/V01__initialise.sql (/Users/apoorvalonkar/Desktop/Java_course_Udacity/FINAL SUBMITTED PROJECT/ReviewsApiFinal/target/classes/db/migration/V01__initialise.sql)
Line       : 7
Statement  : create table reviews(
    review_id int not null auto_increment,
    product_id int not null,
    review_title varchar(1000) not null,
    constraint review_pk primary key (review_id),
    constraint product_review_fk foreign key (product_id) references products (product_id)

2019-12-09 16:28:19.518  INFO 17053 --- [           main] ConditionEvaluationReportLoggingListener : 

Error starting ApplicationContext. To display the conditions report re-run your application with 'debug' enabled.
2019-12-09 16:28:19.534 ERROR 17053 --- [           main] o.s.boot.SpringApplication               : Application run failed

org.springframework.beans.factory.BeanCreationException: Error creating bean with name 'flywayInitializer' defined in class path resource [org/springframework/boot/autoconfigure/flyway/FlywayAutoConfiguration$FlywayConfiguration.class]: Invocation of init method failed; nested exception is org.flywaydb.core.internal.command.DbMigrate$FlywayMigrateException: 
Migration V01__initialise.sql failed
------------------------------------
SQL State  : 42001
Error Code : 42001
Message    : Syntax error in SQL statement "CREATE TABLE REVIEWS(
    REVIEW_ID INT NOT NULL AUTO_INCREMENT,
    PRODUCT_ID INT NOT NULL,
    REVIEW_TITLE VARCHAR(1000) NOT NULL,
    CONSTRAINT REVIEW_PK PRIMARY KEY (REVIEW_ID),
    CONSTRAINT PRODUCT_REVIEW_FK FOREIGN KEY (PRODUCT_ID) REFERENCES PRODUCTS (PRODUCT_ID) [*]"; expected "INDEX, ON, NOT, DEFERRABLE, NOCHECK, CHECK, ,, )"; SQL statement:
create table reviews(
    review_id int not null auto_increment,
    product_id int not null,
    review_title varchar(1000) not null,
    constraint review_pk primary key (review_id),
    constraint product_review_fk foreign key (product_id) references products (product_id) [42001-199]
Location   : db/migration/V01__initialise.sql (/Users/apoorvalonkar/Desktop/Java_course_Udacity/FINAL SUBMITTED PROJECT/ReviewsApiFinal/target/classes/db/migration/V01__initialise.sql)
Line       : 7
Statement  : create table reviews(
    review_id int not null auto_increment,
    product_id int not null,
    review_title varchar(1000) not null,
    constraint review_pk primary key (review_id),
    constraint product_review_fk foreign key (product_id) references products (product_id)

	at org.springframework.beans.factory.support.AbstractAutowireCapableBeanFactory.initializeBean(AbstractAutowireCapableBeanFactory.java:1778) ~[spring-beans-5.1.7.RELEASE.jar:5.1.7.RELEASE]
	at org.springframework.beans.factory.support.AbstractAutowireCapableBeanFactory.doCreateBean(AbstractAutowireCapableBeanFactory.java:593) ~[spring-beans-5.1.7.RELEASE.jar:5.1.7.RELEASE]
	at org.springframework.beans.factory.support.AbstractAutowireCapableBeanFactory.createBean(AbstractAutowireCapableBeanFactory.java:515) ~[spring-beans-5.1.7.RELEASE.jar:5.1.7.RELEASE]
	at org.springframework.beans.factory.support.AbstractBeanFactory.lambda$doGetBean$0(AbstractBeanFactory.java:320) ~[spring-beans-5.1.7.RELEASE.jar:5.1.7.RELEASE]
	at org.springframework.beans.factory.support.DefaultSingletonBeanRegistry.getSingleton(DefaultSingletonBeanRegistry.java:222) ~[spring-beans-5.1.7.RELEASE.jar:5.1.7.RELEASE]
	at org.springframework.beans.factory.support.AbstractBeanFactory.doGetBean(AbstractBeanFactory.java:318) ~[spring-beans-5.1.7.RELEASE.jar:5.1.7.RELEASE]
	at org.springframework.beans.factory.support.AbstractBeanFactory.getBean(AbstractBeanFactory.java:199) ~[spring-beans-5.1.7.RELEASE.jar:5.1.7.RELEASE]
	at org.springframework.beans.factory.support.AbstractBeanFactory.doGetBean(AbstractBeanFactory.java:307) ~[spring-beans-5.1.7.RELEASE.jar:5.1.7.RELEASE]
	at org.springframework.beans.factory.support.AbstractBeanFactory.getBean(AbstractBeanFactory.java:199) ~[spring-beans-5.1.7.RELEASE.jar:5.1.7.RELEASE]
	at org.springframework.context.support.AbstractApplicationContext.getBean(AbstractApplicationContext.java:1105) ~[spring-context-5.1.7.RELEASE.jar:5.1.7.RELEASE]
	at org.springframework.context.support.AbstractApplicationContext.finishBeanFactoryInitialization(AbstractApplicationContext.java:867) ~[spring-context-5.1.7.RELEASE.jar:5.1.7.RELEASE]
	at org.springframework.context.support.AbstractApplicationContext.refresh(AbstractApplicationContext.java:549) ~[spring-context-5.1.7.RELEASE.jar:5.1.7.RELEASE]
	at org.springframework.boot.SpringApplication.refresh(SpringApplication.java:775) ~[spring-boot-2.1.5.RELEASE.jar:2.1.5.RELEASE]
	at org.springframework.boot.SpringApplication.refreshContext(SpringApplication.java:397) ~[spring-boot-2.1.5.RELEASE.jar:2.1.5.RELEASE]
	at org.springframework.boot.SpringApplication.run(SpringApplication.java:316) ~[spring-boot-2.1.5.RELEASE.jar:2.1.5.RELEASE]
	at org.springframework.boot.test.context.SpringBootContextLoader.loadContext(SpringBootContextLoader.java:127) [spring-boot-test-2.1.5.RELEASE.jar:2.1.5.RELEASE]
	at org.springframework.test.context.cache.DefaultCacheAwareContextLoaderDelegate.loadContextInternal(DefaultCacheAwareContextLoaderDelegate.java:99) [spring-test-5.1.7.RELEASE.jar:5.1.7.RELEASE]
	at org.springframework.test.context.cache.DefaultCacheAwareContextLoaderDelegate.loadContext(DefaultCacheAwareContextLoaderDelegate.java:117) [spring-test-5.1.7.RELEASE.jar:5.1.7.RELEASE]
	at org.springframework.test.context.support.DefaultTestContext.getApplicationContext(DefaultTestContext.java:108) [spring-test-5.1.7.RELEASE.jar:5.1.7.RELEASE]
	at org.springframework.test.context.support.DependencyInjectionTestExecutionListener.injectDependencies(DependencyInjectionTestExecutionListener.java:118) [spring-test-5.1.7.RELEASE.jar:5.1.7.RELEASE]
	at org.springframework.test.context.support.DependencyInjectionTestExecutionListener.prepareTestInstance(DependencyInjectionTestExecutionListener.java:83) [spring-test-5.1.7.RELEASE.jar:5.1.7.RELEASE]
	at org.springframework.boot.test.autoconfigure.SpringBootDependencyInjectionTestExecutionListener.prepareTestInstance(SpringBootDependencyInjectionTestExecutionListener.java:44) [spring-boot-test-autoconfigure-2.1.5.RELEASE.jar:2.1.5.RELEASE]
	at org.springframework.test.context.TestContextManager.prepareTestInstance(TestContextManager.java:246) [spring-test-5.1.7.RELEASE.jar:5.1.7.RELEASE]
	at org.springframework.test.context.junit4.SpringJUnit4ClassRunner.createTest(SpringJUnit4ClassRunner.java:227) [spring-test-5.1.7.RELEASE.jar:5.1.7.RELEASE]
	at org.springframework.test.context.junit4.SpringJUnit4ClassRunner$1.runReflectiveCall(SpringJUnit4ClassRunner.java:289) [spring-test-5.1.7.RELEASE.jar:5.1.7.RELEASE]
	at org.junit.internal.runners.model.ReflectiveCallable.run(ReflectiveCallable.java:12) [junit-4.12.jar:4.12]
	at org.springframework.test.context.junit4.SpringJUnit4ClassRunner.methodBlock(SpringJUnit4ClassRunner.java:291) [spring-test-5.1.7.RELEASE.jar:5.1.7.RELEASE]
	at org.springframework.test.context.junit4.SpringJUnit4ClassRunner.runChild(SpringJUnit4ClassRunner.java:246) [spring-test-5.1.7.RELEASE.jar:5.1.7.RELEASE]
	at org.springframework.test.context.junit4.SpringJUnit4ClassRunner.runChild(SpringJUnit4ClassRunner.java:97) [spring-test-5.1.7.RELEASE.jar:5.1.7.RELEASE]
	at org.junit.runners.ParentRunner$3.run(ParentRunner.java:290) [junit-4.12.jar:4.12]
	at org.junit.runners.ParentRunner$1.schedule(ParentRunner.java:71) [junit-4.12.jar:4.12]
	at org.junit.runners.ParentRunner.runChildren(ParentRunner.java:288) [junit-4.12.jar:4.12]
	at org.junit.runners.ParentRunner.access$000(ParentRunner.java:58) [junit-4.12.jar:4.12]
	at org.junit.runners.ParentRunner$2.evaluate(ParentRunner.java:268) [junit-4.12.jar:4.12]
	at org.springframework.test.context.junit4.statements.RunBeforeTestClassCallbacks.evaluate(RunBeforeTestClassCallbacks.java:61) [spring-test-5.1.7.RELEASE.jar:5.1.7.RELEASE]
	at org.springframework.test.context.junit4.statements.RunAfterTestClassCallbacks.evaluate(RunAfterTestClassCallbacks.java:70) [spring-test-5.1.7.RELEASE.jar:5.1.7.RELEASE]
	at org.junit.runners.ParentRunner.run(ParentRunner.java:363) [junit-4.12.jar:4.12]
	at org.springframework.test.context.junit4.SpringJUnit4ClassRunner.run(SpringJUnit4ClassRunner.java:190) [spring-test-5.1.7.RELEASE.jar:5.1.7.RELEASE]
	at org.apache.maven.surefire.junit4.JUnit4Provider.execute(JUnit4Provider.java:365) [surefire-junit4-2.22.2.jar:2.22.2]
	at org.apache.maven.surefire.junit4.JUnit4Provider.executeWithRerun(JUnit4Provider.java:273) [surefire-junit4-2.22.2.jar:2.22.2]
	at org.apache.maven.surefire.junit4.JUnit4Provider.executeTestSet(JUnit4Provider.java:238) [surefire-junit4-2.22.2.jar:2.22.2]
	at org.apache.maven.surefire.junit4.JUnit4Provider.invoke(JUnit4Provider.java:159) [surefire-junit4-2.22.2.jar:2.22.2]
	at org.apache.maven.surefire.booter.ForkedBooter.invokeProviderInSameClassLoader(ForkedBooter.java:384) [surefire-booter-2.22.2.jar:2.22.2]
	at org.apache.maven.surefire.booter.ForkedBooter.runSuitesInProcess(ForkedBooter.java:345) [surefire-booter-2.22.2.jar:2.22.2]
	at org.apache.maven.surefire.booter.ForkedBooter.execute(ForkedBooter.java:126) [surefire-booter-2.22.2.jar:2.22.2]
	at org.apache.maven.surefire.booter.ForkedBooter.main(ForkedBooter.java:418) [surefire-booter-2.22.2.jar:2.22.2]
Caused by: org.flywaydb.core.internal.command.DbMigrate$FlywayMigrateException: 
Migration V01__initialise.sql failed
------------------------------------
SQL State  : 42001
Error Code : 42001
Message    : Syntax error in SQL statement "CREATE TABLE REVIEWS(
    REVIEW_ID INT NOT NULL AUTO_INCREMENT,
    PRODUCT_ID INT NOT NULL,
    REVIEW_TITLE VARCHAR(1000) NOT NULL,
    CONSTRAINT REVIEW_PK PRIMARY KEY (REVIEW_ID),
    CONSTRAINT PRODUCT_REVIEW_FK FOREIGN KEY (PRODUCT_ID) REFERENCES PRODUCTS (PRODUCT_ID) [*]"; expected "INDEX, ON, NOT, DEFERRABLE, NOCHECK, CHECK, ,, )"; SQL statement:
create table reviews(
    review_id int not null auto_increment,
    product_id int not null,
    review_title varchar(1000) not null,
    constraint review_pk primary key (review_id),
    constraint product_review_fk foreign key (product_id) references products (product_id) [42001-199]
Location   : db/migration/V01__initialise.sql (/Users/apoorvalonkar/Desktop/Java_course_Udacity/FINAL SUBMITTED PROJECT/ReviewsApiFinal/target/classes/db/migration/V01__initialise.sql)
Line       : 7
Statement  : create table reviews(
    review_id int not null auto_increment,
    product_id int not null,
    review_title varchar(1000) not null,
    constraint review_pk primary key (review_id),
    constraint product_review_fk foreign key (product_id) references products (product_id)

	at org.flywaydb.core.internal.command.DbMigrate.doMigrateGroup(DbMigrate.java:370) ~[flyway-core-5.2.4.jar:na]
	at org.flywaydb.core.internal.command.DbMigrate.access$200(DbMigrate.java:54) ~[flyway-core-5.2.4.jar:na]
	at org.flywaydb.core.internal.command.DbMigrate$3.call(DbMigrate.java:284) ~[flyway-core-5.2.4.jar:na]
	at org.flywaydb.core.internal.jdbc.TransactionTemplate.execute(TransactionTemplate.java:74) ~[flyway-core-5.2.4.jar:na]
	at org.flywaydb.core.internal.command.DbMigrate.applyMigrations(DbMigrate.java:281) ~[flyway-core-5.2.4.jar:na]
	at org.flywaydb.core.internal.command.DbMigrate.migrateGroup(DbMigrate.java:246) ~[flyway-core-5.2.4.jar:na]
	at org.flywaydb.core.internal.command.DbMigrate.access$100(DbMigrate.java:54) ~[flyway-core-5.2.4.jar:na]
	at org.flywaydb.core.internal.command.DbMigrate$2.call(DbMigrate.java:164) ~[flyway-core-5.2.4.jar:na]
	at org.flywaydb.core.internal.command.DbMigrate$2.call(DbMigrate.java:161) ~[flyway-core-5.2.4.jar:na]
	at org.flywaydb.core.internal.database.base.Connection$1.call(Connection.java:147) ~[flyway-core-5.2.4.jar:na]
	at org.flywaydb.core.internal.jdbc.TransactionTemplate.execute(TransactionTemplate.java:74) ~[flyway-core-5.2.4.jar:na]
	at org.flywaydb.core.internal.database.base.Connection.lock(Connection.java:143) ~[flyway-core-5.2.4.jar:na]
	at org.flywaydb.core.internal.schemahistory.JdbcTableSchemaHistory.lock(JdbcTableSchemaHistory.java:155) ~[flyway-core-5.2.4.jar:na]
	at org.flywaydb.core.internal.command.DbMigrate.migrateAll(DbMigrate.java:161) ~[flyway-core-5.2.4.jar:na]
	at org.flywaydb.core.internal.command.DbMigrate.migrate(DbMigrate.java:139) ~[flyway-core-5.2.4.jar:na]
	at org.flywaydb.core.Flyway$1.execute(Flyway.java:1395) ~[flyway-core-5.2.4.jar:na]
	at org.flywaydb.core.Flyway$1.execute(Flyway.java:1356) ~[flyway-core-5.2.4.jar:na]
	at org.flywaydb.core.Flyway.execute(Flyway.java:1711) ~[flyway-core-5.2.4.jar:na]
	at org.flywaydb.core.Flyway.migrate(Flyway.java:1356) ~[flyway-core-5.2.4.jar:na]
	at org.springframework.boot.autoconfigure.flyway.FlywayMigrationInitializer.afterPropertiesSet(FlywayMigrationInitializer.java:66) ~[spring-boot-autoconfigure-2.1.5.RELEASE.jar:2.1.5.RELEASE]
	at org.springframework.beans.factory.support.AbstractAutowireCapableBeanFactory.invokeInitMethods(AbstractAutowireCapableBeanFactory.java:1837) ~[spring-beans-5.1.7.RELEASE.jar:5.1.7.RELEASE]
	at org.springframework.beans.factory.support.AbstractAutowireCapableBeanFactory.initializeBean(AbstractAutowireCapableBeanFactory.java:1774) ~[spring-beans-5.1.7.RELEASE.jar:5.1.7.RELEASE]
	... 45 common frames omitted
Caused by: org.flywaydb.core.internal.sqlscript.FlywaySqlScriptException: 
Migration V01__initialise.sql failed
------------------------------------
SQL State  : 42001
Error Code : 42001
Message    : Syntax error in SQL statement "CREATE TABLE REVIEWS(
    REVIEW_ID INT NOT NULL AUTO_INCREMENT,
    PRODUCT_ID INT NOT NULL,
    REVIEW_TITLE VARCHAR(1000) NOT NULL,
    CONSTRAINT REVIEW_PK PRIMARY KEY (REVIEW_ID),
    CONSTRAINT PRODUCT_REVIEW_FK FOREIGN KEY (PRODUCT_ID) REFERENCES PRODUCTS (PRODUCT_ID) [*]"; expected "INDEX, ON, NOT, DEFERRABLE, NOCHECK, CHECK, ,, )"; SQL statement:
create table reviews(
    review_id int not null auto_increment,
    product_id int not null,
    review_title varchar(1000) not null,
    constraint review_pk primary key (review_id),
    constraint product_review_fk foreign key (product_id) references products (product_id) [42001-199]
Location   : db/migration/V01__initialise.sql (/Users/apoorvalonkar/Desktop/Java_course_Udacity/FINAL SUBMITTED PROJECT/ReviewsApiFinal/target/classes/db/migration/V01__initialise.sql)
Line       : 7
Statement  : create table reviews(
    review_id int not null auto_increment,
    product_id int not null,
    review_title varchar(1000) not null,
    constraint review_pk primary key (review_id),
    constraint product_review_fk foreign key (product_id) references products (product_id)

	at org.flywaydb.core.internal.sqlscript.DefaultSqlScriptExecutor.handleException(DefaultSqlScriptExecutor.java:253) ~[flyway-core-5.2.4.jar:na]
	at org.flywaydb.core.internal.sqlscript.DefaultSqlScriptExecutor.executeStatement(DefaultSqlScriptExecutor.java:202) ~[flyway-core-5.2.4.jar:na]
	at org.flywaydb.core.internal.sqlscript.DefaultSqlScriptExecutor.execute(DefaultSqlScriptExecutor.java:125) ~[flyway-core-5.2.4.jar:na]
	at org.flywaydb.core.internal.resolver.sql.SqlMigrationExecutor.execute(SqlMigrationExecutor.java:77) ~[flyway-core-5.2.4.jar:na]
	at org.flywaydb.core.internal.command.DbMigrate.doMigrateGroup(DbMigrate.java:367) ~[flyway-core-5.2.4.jar:na]
	... 66 common frames omitted
Caused by: org.h2.jdbc.JdbcSQLSyntaxErrorException: Syntax error in SQL statement "CREATE TABLE REVIEWS(
    REVIEW_ID INT NOT NULL AUTO_INCREMENT,
    PRODUCT_ID INT NOT NULL,
    REVIEW_TITLE VARCHAR(1000) NOT NULL,
    CONSTRAINT REVIEW_PK PRIMARY KEY (REVIEW_ID),
    CONSTRAINT PRODUCT_REVIEW_FK FOREIGN KEY (PRODUCT_ID) REFERENCES PRODUCTS (PRODUCT_ID) [*]"; expected "INDEX, ON, NOT, DEFERRABLE, NOCHECK, CHECK, ,, )"; SQL statement:
create table reviews(
    review_id int not null auto_increment,
    product_id int not null,
    review_title varchar(1000) not null,
    constraint review_pk primary key (review_id),
    constraint product_review_fk foreign key (product_id) references products (product_id) [42001-199]
	at org.h2.message.DbException.getJdbcSQLException(DbException.java:451) ~[h2-1.4.199.jar:1.4.199]
	at org.h2.message.DbException.getJdbcSQLException(DbException.java:427) ~[h2-1.4.199.jar:1.4.199]
	at org.h2.message.DbException.getSyntaxError(DbException.java:243) ~[h2-1.4.199.jar:1.4.199]
	at org.h2.command.Parser.getSyntaxError(Parser.java:991) ~[h2-1.4.199.jar:1.4.199]
	at org.h2.command.Parser.read(Parser.java:4549) ~[h2-1.4.199.jar:1.4.199]
	at org.h2.command.Parser.readIfMore(Parser.java:1391) ~[h2-1.4.199.jar:1.4.199]
	at org.h2.command.Parser.parseCreateTable(Parser.java:7833) ~[h2-1.4.199.jar:1.4.199]
	at org.h2.command.Parser.parseCreate(Parser.java:5818) ~[h2-1.4.199.jar:1.4.199]
	at org.h2.command.Parser.parsePrepared(Parser.java:846) ~[h2-1.4.199.jar:1.4.199]
	at org.h2.command.Parser.parse(Parser.java:788) ~[h2-1.4.199.jar:1.4.199]
	at org.h2.command.Parser.parse(Parser.java:764) ~[h2-1.4.199.jar:1.4.199]
	at org.h2.command.Parser.prepareCommand(Parser.java:683) ~[h2-1.4.199.jar:1.4.199]
	at org.h2.engine.Session.prepareLocal(Session.java:627) ~[h2-1.4.199.jar:1.4.199]
	at org.h2.engine.Session.prepareCommand(Session.java:565) ~[h2-1.4.199.jar:1.4.199]
	at org.h2.jdbc.JdbcConnection.prepareCommand(JdbcConnection.java:1292) ~[h2-1.4.199.jar:1.4.199]
	at org.h2.jdbc.JdbcStatement.executeInternal(JdbcStatement.java:217) ~[h2-1.4.199.jar:1.4.199]
	at org.h2.jdbc.JdbcStatement.execute(JdbcStatement.java:205) ~[h2-1.4.199.jar:1.4.199]
	at org.flywaydb.core.internal.jdbc.JdbcTemplate.executeStatement(JdbcTemplate.java:235) ~[flyway-core-5.2.4.jar:na]
	at org.flywaydb.core.internal.sqlscript.StandardSqlStatement.execute(StandardSqlStatement.java:42) ~[flyway-core-5.2.4.jar:na]
	at org.flywaydb.core.internal.sqlscript.DefaultSqlScriptExecutor.executeStatement(DefaultSqlScriptExecutor.java:189) ~[flyway-core-5.2.4.jar:na]
	... 69 common frames omitted


  .   ____          _            __ _ _
 /\\ / ___'_ __ _ _(_)_ __  __ _ \ \ \ \
( ( )\___ | '_ | '_| | '_ \/ _` | \ \ \ \
 \\/  ___)| |_)| | | | | || (_| |  ) ) ) )
  '  |____| .__|_| |_|_| |_\__, | / / / /
 =========|_|==============|___/=/_/_/_/
 :: Spring Boot ::        (v2.1.5.RELEASE)

2019-12-09 16:28:19.584  INFO 17053 --- [           main] c.u.c.reviews.ReviewsApplicationTests    : Starting ReviewsApplicationTests on Apoorvas-MBP.fios-router.home with PID 17053 (started by apoorvalonkar in /Users/apoorvalonkar/Desktop/Java_course_Udacity/FINAL SUBMITTED PROJECT/ReviewsApiFinal)
2019-12-09 16:28:19.586  INFO 17053 --- [           main] c.u.c.reviews.ReviewsApplicationTests    : No active profile set, falling back to default profiles: default
2019-12-09 16:28:19.859  INFO 17053 --- [           main] .s.d.r.c.RepositoryConfigurationDelegate : Multiple Spring Data modules found, entering strict repository configuration mode!
2019-12-09 16:28:19.860  INFO 17053 --- [           main] .s.d.r.c.RepositoryConfigurationDelegate : Bootstrapping Spring Data repositories in DEFAULT mode.
2019-12-09 16:28:19.871  INFO 17053 --- [           main] .RepositoryConfigurationExtensionSupport : Spring Data MongoDB - Could not safely identify store assignment for repository candidate interface com.udacity.course3.reviews.repository.MySQL.CommentRepository.
2019-12-09 16:28:19.872  INFO 17053 --- [           main] .RepositoryConfigurationExtensionSupport : Spring Data MongoDB - Could not safely identify store assignment for repository candidate interface com.udacity.course3.reviews.repository.MySQL.ProductRepository.
2019-12-09 16:28:19.877  INFO 17053 --- [           main] .RepositoryConfigurationExtensionSupport : Spring Data MongoDB - Could not safely identify store assignment for repository candidate interface com.udacity.course3.reviews.repository.MySQL.ReviewRepository.
2019-12-09 16:28:19.885  INFO 17053 --- [           main] .s.d.r.c.RepositoryConfigurationDelegate : Finished Spring Data repository scanning in 25ms. Found 1 repository interfaces.
2019-12-09 16:28:19.905  INFO 17053 --- [           main] .s.d.r.c.RepositoryConfigurationDelegate : Multiple Spring Data modules found, entering strict repository configuration mode!
2019-12-09 16:28:19.905  INFO 17053 --- [           main] .s.d.r.c.RepositoryConfigurationDelegate : Bootstrapping Spring Data repositories in DEFAULT mode.
2019-12-09 16:28:19.912  INFO 17053 --- [           main] .RepositoryConfigurationExtensionSupport : Spring Data JPA - Could not safely identify store assignment for repository candidate interface com.udacity.course3.reviews.repository.Mongo.MongoReviewRepository.
2019-12-09 16:28:19.927  INFO 17053 --- [           main] .s.d.r.c.RepositoryConfigurationDelegate : Finished Spring Data repository scanning in 22ms. Found 3 repository interfaces.
2019-12-09 16:28:19.961  INFO 17053 --- [           main] beddedDataSourceBeanFactoryPostProcessor : Replacing 'dataSource' DataSource bean with embedded version
2019-12-09 16:28:20.039  INFO 17053 --- [           main] o.s.j.d.e.EmbeddedDatabaseFactory        : Starting embedded database: url='jdbc:h2:mem:437e0e5c-ba35-485d-98ce-07ab913dced1;DB_CLOSE_DELAY=-1;DB_CLOSE_ON_EXIT=false', username='sa'
2019-12-09 16:28:20.068  INFO 17053 --- [           main] o.f.c.internal.database.DatabaseFactory  : Database: jdbc:h2:mem:437e0e5c-ba35-485d-98ce-07ab913dced1 (H2 1.4)
2019-12-09 16:28:20.072  WARN 17053 --- [           main] o.f.c.internal.database.base.Database    : Flyway upgrade recommended: H2 1.4.199 is newer than this version of Flyway and support has not been tested.
2019-12-09 16:28:20.090  INFO 17053 --- [           main] o.f.core.internal.command.DbValidate     : Successfully validated 1 migration (execution time 00:00.005s)
2019-12-09 16:28:20.104  INFO 17053 --- [           main] o.f.c.i.s.JdbcTableSchemaHistory         : Creating Schema History table: "PUBLIC"."flyway_schema_history"
2019-12-09 16:28:20.130  INFO 17053 --- [           main] o.f.core.internal.command.DbMigrate      : Current version of schema "PUBLIC": << Empty Schema >>
2019-12-09 16:28:20.131  INFO 17053 --- [           main] o.f.core.internal.command.DbMigrate      : Migrating schema "PUBLIC" to version 01 - initialise
2019-12-09 16:28:20.136 ERROR 17053 --- [           main] o.f.core.internal.command.DbMigrate      : Migration of schema "PUBLIC" to version 01 - initialise failed! Please restore backups and roll back database and code!
2019-12-09 16:28:20.155  WARN 17053 --- [           main] s.c.a.AnnotationConfigApplicationContext : Exception encountered during context initialization - cancelling refresh attempt: org.springframework.beans.factory.BeanCreationException: Error creating bean with name 'flywayInitializer' defined in class path resource [org/springframework/boot/autoconfigure/flyway/FlywayAutoConfiguration$FlywayConfiguration.class]: Invocation of init method failed; nested exception is org.flywaydb.core.internal.command.DbMigrate$FlywayMigrateException: 
Migration V01__initialise.sql failed
------------------------------------
SQL State  : 42001
Error Code : 42001
Message    : Syntax error in SQL statement "CREATE TABLE REVIEWS(
    REVIEW_ID INT NOT NULL AUTO_INCREMENT,
    PRODUCT_ID INT NOT NULL,
    REVIEW_TITLE VARCHAR(1000) NOT NULL,
    CONSTRAINT REVIEW_PK PRIMARY KEY (REVIEW_ID),
    CONSTRAINT PRODUCT_REVIEW_FK FOREIGN KEY (PRODUCT_ID) REFERENCES PRODUCTS (PRODUCT_ID) [*]"; expected "INDEX, ON, NOT, DEFERRABLE, NOCHECK, CHECK, ,, )"; SQL statement:
create table reviews(
    review_id int not null auto_increment,
    product_id int not null,
    review_title varchar(1000) not null,
    constraint review_pk primary key (review_id),
    constraint product_review_fk foreign key (product_id) references products (product_id) [42001-199]
Location   : db/migration/V01__initialise.sql (/Users/apoorvalonkar/Desktop/Java_course_Udacity/FINAL SUBMITTED PROJECT/ReviewsApiFinal/target/classes/db/migration/V01__initialise.sql)
Line       : 7
Statement  : create table reviews(
    review_id int not null auto_increment,
    product_id int not null,
    review_title varchar(1000) not null,
    constraint review_pk primary key (review_id),
    constraint product_review_fk foreign key (product_id) references products (product_id)

2019-12-09 16:28:20.157  INFO 17053 --- [           main] ConditionEvaluationReportLoggingListener : 

Error starting ApplicationContext. To display the conditions report re-run your application with 'debug' enabled.
2019-12-09 16:28:20.161 ERROR 17053 --- [           main] o.s.boot.SpringApplication               : Application run failed

org.springframework.beans.factory.BeanCreationException: Error creating bean with name 'flywayInitializer' defined in class path resource [org/springframework/boot/autoconfigure/flyway/FlywayAutoConfiguration$FlywayConfiguration.class]: Invocation of init method failed; nested exception is org.flywaydb.core.internal.command.DbMigrate$FlywayMigrateException: 
Migration V01__initialise.sql failed
------------------------------------
SQL State  : 42001
Error Code : 42001
Message    : Syntax error in SQL statement "CREATE TABLE REVIEWS(
    REVIEW_ID INT NOT NULL AUTO_INCREMENT,
    PRODUCT_ID INT NOT NULL,
    REVIEW_TITLE VARCHAR(1000) NOT NULL,
    CONSTRAINT REVIEW_PK PRIMARY KEY (REVIEW_ID),
    CONSTRAINT PRODUCT_REVIEW_FK FOREIGN KEY (PRODUCT_ID) REFERENCES PRODUCTS (PRODUCT_ID) [*]"; expected "INDEX, ON, NOT, DEFERRABLE, NOCHECK, CHECK, ,, )"; SQL statement:
create table reviews(
    review_id int not null auto_increment,
    product_id int not null,
    review_title varchar(1000) not null,
    constraint review_pk primary key (review_id),
    constraint product_review_fk foreign key (product_id) references products (product_id) [42001-199]
Location   : db/migration/V01__initialise.sql (/Users/apoorvalonkar/Desktop/Java_course_Udacity/FINAL SUBMITTED PROJECT/ReviewsApiFinal/target/classes/db/migration/V01__initialise.sql)
Line       : 7
Statement  : create table reviews(
    review_id int not null auto_increment,
    product_id int not null,
    review_title varchar(1000) not null,
    constraint review_pk primary key (review_id),
    constraint product_review_fk foreign key (product_id) references products (product_id)

	at org.springframework.beans.factory.support.AbstractAutowireCapableBeanFactory.initializeBean(AbstractAutowireCapableBeanFactory.java:1778) ~[spring-beans-5.1.7.RELEASE.jar:5.1.7.RELEASE]
	at org.springframework.beans.factory.support.AbstractAutowireCapableBeanFactory.doCreateBean(AbstractAutowireCapableBeanFactory.java:593) ~[spring-beans-5.1.7.RELEASE.jar:5.1.7.RELEASE]
	at org.springframework.beans.factory.support.AbstractAutowireCapableBeanFactory.createBean(AbstractAutowireCapableBeanFactory.java:515) ~[spring-beans-5.1.7.RELEASE.jar:5.1.7.RELEASE]
	at org.springframework.beans.factory.support.AbstractBeanFactory.lambda$doGetBean$0(AbstractBeanFactory.java:320) ~[spring-beans-5.1.7.RELEASE.jar:5.1.7.RELEASE]
	at org.springframework.beans.factory.support.DefaultSingletonBeanRegistry.getSingleton(DefaultSingletonBeanRegistry.java:222) ~[spring-beans-5.1.7.RELEASE.jar:5.1.7.RELEASE]
	at org.springframework.beans.factory.support.AbstractBeanFactory.doGetBean(AbstractBeanFactory.java:318) ~[spring-beans-5.1.7.RELEASE.jar:5.1.7.RELEASE]
	at org.springframework.beans.factory.support.AbstractBeanFactory.getBean(AbstractBeanFactory.java:199) ~[spring-beans-5.1.7.RELEASE.jar:5.1.7.RELEASE]
	at org.springframework.beans.factory.support.AbstractBeanFactory.doGetBean(AbstractBeanFactory.java:307) ~[spring-beans-5.1.7.RELEASE.jar:5.1.7.RELEASE]
	at org.springframework.beans.factory.support.AbstractBeanFactory.getBean(AbstractBeanFactory.java:199) ~[spring-beans-5.1.7.RELEASE.jar:5.1.7.RELEASE]
	at org.springframework.context.support.AbstractApplicationContext.getBean(AbstractApplicationContext.java:1105) ~[spring-context-5.1.7.RELEASE.jar:5.1.7.RELEASE]
	at org.springframework.context.support.AbstractApplicationContext.finishBeanFactoryInitialization(AbstractApplicationContext.java:867) ~[spring-context-5.1.7.RELEASE.jar:5.1.7.RELEASE]
	at org.springframework.context.support.AbstractApplicationContext.refresh(AbstractApplicationContext.java:549) ~[spring-context-5.1.7.RELEASE.jar:5.1.7.RELEASE]
	at org.springframework.boot.SpringApplication.refresh(SpringApplication.java:775) ~[spring-boot-2.1.5.RELEASE.jar:2.1.5.RELEASE]
	at org.springframework.boot.SpringApplication.refreshContext(SpringApplication.java:397) ~[spring-boot-2.1.5.RELEASE.jar:2.1.5.RELEASE]
	at org.springframework.boot.SpringApplication.run(SpringApplication.java:316) ~[spring-boot-2.1.5.RELEASE.jar:2.1.5.RELEASE]
	at org.springframework.boot.test.context.SpringBootContextLoader.loadContext(SpringBootContextLoader.java:127) [spring-boot-test-2.1.5.RELEASE.jar:2.1.5.RELEASE]
	at org.springframework.test.context.cache.DefaultCacheAwareContextLoaderDelegate.loadContextInternal(DefaultCacheAwareContextLoaderDelegate.java:99) [spring-test-5.1.7.RELEASE.jar:5.1.7.RELEASE]
	at org.springframework.test.context.cache.DefaultCacheAwareContextLoaderDelegate.loadContext(DefaultCacheAwareContextLoaderDelegate.java:117) [spring-test-5.1.7.RELEASE.jar:5.1.7.RELEASE]
	at org.springframework.test.context.support.DefaultTestContext.getApplicationContext(DefaultTestContext.java:108) [spring-test-5.1.7.RELEASE.jar:5.1.7.RELEASE]
	at org.springframework.boot.test.autoconfigure.SpringBootDependencyInjectionTestExecutionListener.outputConditionEvaluationReport(SpringBootDependencyInjectionTestExecutionListener.java:54) [spring-boot-test-autoconfigure-2.1.5.RELEASE.jar:2.1.5.RELEASE]
	at org.springframework.boot.test.autoconfigure.SpringBootDependencyInjectionTestExecutionListener.prepareTestInstance(SpringBootDependencyInjectionTestExecutionListener.java:47) [spring-boot-test-autoconfigure-2.1.5.RELEASE.jar:2.1.5.RELEASE]
	at org.springframework.test.context.TestContextManager.prepareTestInstance(TestContextManager.java:246) [spring-test-5.1.7.RELEASE.jar:5.1.7.RELEASE]
	at org.springframework.test.context.junit4.SpringJUnit4ClassRunner.createTest(SpringJUnit4ClassRunner.java:227) [spring-test-5.1.7.RELEASE.jar:5.1.7.RELEASE]
	at org.springframework.test.context.junit4.SpringJUnit4ClassRunner$1.runReflectiveCall(SpringJUnit4ClassRunner.java:289) [spring-test-5.1.7.RELEASE.jar:5.1.7.RELEASE]
	at org.junit.internal.runners.model.ReflectiveCallable.run(ReflectiveCallable.java:12) [junit-4.12.jar:4.12]
	at org.springframework.test.context.junit4.SpringJUnit4ClassRunner.methodBlock(SpringJUnit4ClassRunner.java:291) [spring-test-5.1.7.RELEASE.jar:5.1.7.RELEASE]
	at org.springframework.test.context.junit4.SpringJUnit4ClassRunner.runChild(SpringJUnit4ClassRunner.java:246) [spring-test-5.1.7.RELEASE.jar:5.1.7.RELEASE]
	at org.springframework.test.context.junit4.SpringJUnit4ClassRunner.runChild(SpringJUnit4ClassRunner.java:97) [spring-test-5.1.7.RELEASE.jar:5.1.7.RELEASE]
	at org.junit.runners.ParentRunner$3.run(ParentRunner.java:290) [junit-4.12.jar:4.12]
	at org.junit.runners.ParentRunner$1.schedule(ParentRunner.java:71) [junit-4.12.jar:4.12]
	at org.junit.runners.ParentRunner.runChildren(ParentRunner.java:288) [junit-4.12.jar:4.12]
	at org.junit.runners.ParentRunner.access$000(ParentRunner.java:58) [junit-4.12.jar:4.12]
	at org.junit.runners.ParentRunner$2.evaluate(ParentRunner.java:268) [junit-4.12.jar:4.12]
	at org.springframework.test.context.junit4.statements.RunBeforeTestClassCallbacks.evaluate(RunBeforeTestClassCallbacks.java:61) [spring-test-5.1.7.RELEASE.jar:5.1.7.RELEASE]
	at org.springframework.test.context.junit4.statements.RunAfterTestClassCallbacks.evaluate(RunAfterTestClassCallbacks.java:70) [spring-test-5.1.7.RELEASE.jar:5.1.7.RELEASE]
	at org.junit.runners.ParentRunner.run(ParentRunner.java:363) [junit-4.12.jar:4.12]
	at org.springframework.test.context.junit4.SpringJUnit4ClassRunner.run(SpringJUnit4ClassRunner.java:190) [spring-test-5.1.7.RELEASE.jar:5.1.7.RELEASE]
	at org.apache.maven.surefire.junit4.JUnit4Provider.execute(JUnit4Provider.java:365) [surefire-junit4-2.22.2.jar:2.22.2]
	at org.apache.maven.surefire.junit4.JUnit4Provider.executeWithRerun(JUnit4Provider.java:273) [surefire-junit4-2.22.2.jar:2.22.2]
	at org.apache.maven.surefire.junit4.JUnit4Provider.executeTestSet(JUnit4Provider.java:238) [surefire-junit4-2.22.2.jar:2.22.2]
	at org.apache.maven.surefire.junit4.JUnit4Provider.invoke(JUnit4Provider.java:159) [surefire-junit4-2.22.2.jar:2.22.2]
	at org.apache.maven.surefire.booter.ForkedBooter.invokeProviderInSameClassLoader(ForkedBooter.java:384) [surefire-booter-2.22.2.jar:2.22.2]
	at org.apache.maven.surefire.booter.ForkedBooter.runSuitesInProcess(ForkedBooter.java:345) [surefire-booter-2.22.2.jar:2.22.2]
	at org.apache.maven.surefire.booter.ForkedBooter.execute(ForkedBooter.java:126) [surefire-booter-2.22.2.jar:2.22.2]
	at org.apache.maven.surefire.booter.ForkedBooter.main(ForkedBooter.java:418) [surefire-booter-2.22.2.jar:2.22.2]
Caused by: org.flywaydb.core.internal.command.DbMigrate$FlywayMigrateException: 
Migration V01__initialise.sql failed
------------------------------------
SQL State  : 42001
Error Code : 42001
Message    : Syntax error in SQL statement "CREATE TABLE REVIEWS(
    REVIEW_ID INT NOT NULL AUTO_INCREMENT,
    PRODUCT_ID INT NOT NULL,
    REVIEW_TITLE VARCHAR(1000) NOT NULL,
    CONSTRAINT REVIEW_PK PRIMARY KEY (REVIEW_ID),
    CONSTRAINT PRODUCT_REVIEW_FK FOREIGN KEY (PRODUCT_ID) REFERENCES PRODUCTS (PRODUCT_ID) [*]"; expected "INDEX, ON, NOT, DEFERRABLE, NOCHECK, CHECK, ,, )"; SQL statement:
create table reviews(
    review_id int not null auto_increment,
    product_id int not null,
    review_title varchar(1000) not null,
    constraint review_pk primary key (review_id),
    constraint product_review_fk foreign key (product_id) references products (product_id) [42001-199]
Location   : db/migration/V01__initialise.sql (/Users/apoorvalonkar/Desktop/Java_course_Udacity/FINAL SUBMITTED PROJECT/ReviewsApiFinal/target/classes/db/migration/V01__initialise.sql)
Line       : 7
Statement  : create table reviews(
    review_id int not null auto_increment,
    product_id int not null,
    review_title varchar(1000) not null,
    constraint review_pk primary key (review_id),
    constraint product_review_fk foreign key (product_id) references products (product_id)

	at org.flywaydb.core.internal.command.DbMigrate.doMigrateGroup(DbMigrate.java:370) ~[flyway-core-5.2.4.jar:na]
	at org.flywaydb.core.internal.command.DbMigrate.access$200(DbMigrate.java:54) ~[flyway-core-5.2.4.jar:na]
	at org.flywaydb.core.internal.command.DbMigrate$3.call(DbMigrate.java:284) ~[flyway-core-5.2.4.jar:na]
	at org.flywaydb.core.internal.jdbc.TransactionTemplate.execute(TransactionTemplate.java:74) ~[flyway-core-5.2.4.jar:na]
	at org.flywaydb.core.internal.command.DbMigrate.applyMigrations(DbMigrate.java:281) ~[flyway-core-5.2.4.jar:na]
	at org.flywaydb.core.internal.command.DbMigrate.migrateGroup(DbMigrate.java:246) ~[flyway-core-5.2.4.jar:na]
	at org.flywaydb.core.internal.command.DbMigrate.access$100(DbMigrate.java:54) ~[flyway-core-5.2.4.jar:na]
	at org.flywaydb.core.internal.command.DbMigrate$2.call(DbMigrate.java:164) ~[flyway-core-5.2.4.jar:na]
	at org.flywaydb.core.internal.command.DbMigrate$2.call(DbMigrate.java:161) ~[flyway-core-5.2.4.jar:na]
	at org.flywaydb.core.internal.database.base.Connection$1.call(Connection.java:147) ~[flyway-core-5.2.4.jar:na]
	at org.flywaydb.core.internal.jdbc.TransactionTemplate.execute(TransactionTemplate.java:74) ~[flyway-core-5.2.4.jar:na]
	at org.flywaydb.core.internal.database.base.Connection.lock(Connection.java:143) ~[flyway-core-5.2.4.jar:na]
	at org.flywaydb.core.internal.schemahistory.JdbcTableSchemaHistory.lock(JdbcTableSchemaHistory.java:155) ~[flyway-core-5.2.4.jar:na]
	at org.flywaydb.core.internal.command.DbMigrate.migrateAll(DbMigrate.java:161) ~[flyway-core-5.2.4.jar:na]
	at org.flywaydb.core.internal.command.DbMigrate.migrate(DbMigrate.java:139) ~[flyway-core-5.2.4.jar:na]
	at org.flywaydb.core.Flyway$1.execute(Flyway.java:1395) ~[flyway-core-5.2.4.jar:na]
	at org.flywaydb.core.Flyway$1.execute(Flyway.java:1356) ~[flyway-core-5.2.4.jar:na]
	at org.flywaydb.core.Flyway.execute(Flyway.java:1711) ~[flyway-core-5.2.4.jar:na]
	at org.flywaydb.core.Flyway.migrate(Flyway.java:1356) ~[flyway-core-5.2.4.jar:na]
	at org.springframework.boot.autoconfigure.flyway.FlywayMigrationInitializer.afterPropertiesSet(FlywayMigrationInitializer.java:66) ~[spring-boot-autoconfigure-2.1.5.RELEASE.jar:2.1.5.RELEASE]
	at org.springframework.beans.factory.support.AbstractAutowireCapableBeanFactory.invokeInitMethods(AbstractAutowireCapableBeanFactory.java:1837) ~[spring-beans-5.1.7.RELEASE.jar:5.1.7.RELEASE]
	at org.springframework.beans.factory.support.AbstractAutowireCapableBeanFactory.initializeBean(AbstractAutowireCapableBeanFactory.java:1774) ~[spring-beans-5.1.7.RELEASE.jar:5.1.7.RELEASE]
	... 44 common frames omitted
Caused by: org.flywaydb.core.internal.sqlscript.FlywaySqlScriptException: 
Migration V01__initialise.sql failed
------------------------------------
SQL State  : 42001
Error Code : 42001
Message    : Syntax error in SQL statement "CREATE TABLE REVIEWS(
    REVIEW_ID INT NOT NULL AUTO_INCREMENT,
    PRODUCT_ID INT NOT NULL,
    REVIEW_TITLE VARCHAR(1000) NOT NULL,
    CONSTRAINT REVIEW_PK PRIMARY KEY (REVIEW_ID),
    CONSTRAINT PRODUCT_REVIEW_FK FOREIGN KEY (PRODUCT_ID) REFERENCES PRODUCTS (PRODUCT_ID) [*]"; expected "INDEX, ON, NOT, DEFERRABLE, NOCHECK, CHECK, ,, )"; SQL statement:
create table reviews(
    review_id int not null auto_increment,
    product_id int not null,
    review_title varchar(1000) not null,
    constraint review_pk primary key (review_id),
    constraint product_review_fk foreign key (product_id) references products (product_id) [42001-199]
Location   : db/migration/V01__initialise.sql (/Users/apoorvalonkar/Desktop/Java_course_Udacity/FINAL SUBMITTED PROJECT/ReviewsApiFinal/target/classes/db/migration/V01__initialise.sql)
Line       : 7
Statement  : create table reviews(
    review_id int not null auto_increment,
    product_id int not null,
    review_title varchar(1000) not null,
    constraint review_pk primary key (review_id),
    constraint product_review_fk foreign key (product_id) references products (product_id)

	at org.flywaydb.core.internal.sqlscript.DefaultSqlScriptExecutor.handleException(DefaultSqlScriptExecutor.java:253) ~[flyway-core-5.2.4.jar:na]
	at org.flywaydb.core.internal.sqlscript.DefaultSqlScriptExecutor.executeStatement(DefaultSqlScriptExecutor.java:202) ~[flyway-core-5.2.4.jar:na]
	at org.flywaydb.core.internal.sqlscript.DefaultSqlScriptExecutor.execute(DefaultSqlScriptExecutor.java:125) ~[flyway-core-5.2.4.jar:na]
	at org.flywaydb.core.internal.resolver.sql.SqlMigrationExecutor.execute(SqlMigrationExecutor.java:77) ~[flyway-core-5.2.4.jar:na]
	at org.flywaydb.core.internal.command.DbMigrate.doMigrateGroup(DbMigrate.java:367) ~[flyway-core-5.2.4.jar:na]
	... 65 common frames omitted
Caused by: org.h2.jdbc.JdbcSQLSyntaxErrorException: Syntax error in SQL statement "CREATE TABLE REVIEWS(
    REVIEW_ID INT NOT NULL AUTO_INCREMENT,
    PRODUCT_ID INT NOT NULL,
    REVIEW_TITLE VARCHAR(1000) NOT NULL,
    CONSTRAINT REVIEW_PK PRIMARY KEY (REVIEW_ID),
    CONSTRAINT PRODUCT_REVIEW_FK FOREIGN KEY (PRODUCT_ID) REFERENCES PRODUCTS (PRODUCT_ID) [*]"; expected "INDEX, ON, NOT, DEFERRABLE, NOCHECK, CHECK, ,, )"; SQL statement:
create table reviews(
    review_id int not null auto_increment,
    product_id int not null,
    review_title varchar(1000) not null,
    constraint review_pk primary key (review_id),
    constraint product_review_fk foreign key (product_id) references products (product_id) [42001-199]
	at org.h2.message.DbException.getJdbcSQLException(DbException.java:451) ~[h2-1.4.199.jar:1.4.199]
	at org.h2.message.DbException.getJdbcSQLException(DbException.java:427) ~[h2-1.4.199.jar:1.4.199]
	at org.h2.message.DbException.getSyntaxError(DbException.java:243) ~[h2-1.4.199.jar:1.4.199]
	at org.h2.command.Parser.getSyntaxError(Parser.java:991) ~[h2-1.4.199.jar:1.4.199]
	at org.h2.command.Parser.read(Parser.java:4549) ~[h2-1.4.199.jar:1.4.199]
	at org.h2.command.Parser.readIfMore(Parser.java:1391) ~[h2-1.4.199.jar:1.4.199]
	at org.h2.command.Parser.parseCreateTable(Parser.java:7833) ~[h2-1.4.199.jar:1.4.199]
	at org.h2.command.Parser.parseCreate(Parser.java:5818) ~[h2-1.4.199.jar:1.4.199]
	at org.h2.command.Parser.parsePrepared(Parser.java:846) ~[h2-1.4.199.jar:1.4.199]
	at org.h2.command.Parser.parse(Parser.java:788) ~[h2-1.4.199.jar:1.4.199]
	at org.h2.command.Parser.parse(Parser.java:764) ~[h2-1.4.199.jar:1.4.199]
	at org.h2.command.Parser.prepareCommand(Parser.java:683) ~[h2-1.4.199.jar:1.4.199]
	at org.h2.engine.Session.prepareLocal(Session.java:627) ~[h2-1.4.199.jar:1.4.199]
	at org.h2.engine.Session.prepareCommand(Session.java:565) ~[h2-1.4.199.jar:1.4.199]
	at org.h2.jdbc.JdbcConnection.prepareCommand(JdbcConnection.java:1292) ~[h2-1.4.199.jar:1.4.199]
	at org.h2.jdbc.JdbcStatement.executeInternal(JdbcStatement.java:217) ~[h2-1.4.199.jar:1.4.199]
	at org.h2.jdbc.JdbcStatement.execute(JdbcStatement.java:205) ~[h2-1.4.199.jar:1.4.199]
	at org.flywaydb.core.internal.jdbc.JdbcTemplate.executeStatement(JdbcTemplate.java:235) ~[flyway-core-5.2.4.jar:na]
	at org.flywaydb.core.internal.sqlscript.StandardSqlStatement.execute(StandardSqlStatement.java:42) ~[flyway-core-5.2.4.jar:na]
	at org.flywaydb.core.internal.sqlscript.DefaultSqlScriptExecutor.executeStatement(DefaultSqlScriptExecutor.java:189) ~[flyway-core-5.2.4.jar:na]
	... 68 common frames omitted

2019-12-09 16:28:20.174 ERROR 17053 --- [           main] o.s.test.context.TestContextManager      : Caught exception while allowing TestExecutionListener [org.springframework.boot.test.autoconfigure.SpringBootDependencyInjectionTestExecutionListener@7adda9cc] to prepare test instance [com.udacity.course3.reviews.ReviewsApplicationTests@4b0b0854]

java.lang.IllegalStateException: Failed to load ApplicationContext
	at org.springframework.test.context.cache.DefaultCacheAwareContextLoaderDelegate.loadContext(DefaultCacheAwareContextLoaderDelegate.java:125) ~[spring-test-5.1.7.RELEASE.jar:5.1.7.RELEASE]
	at org.springframework.test.context.support.DefaultTestContext.getApplicationContext(DefaultTestContext.java:108) ~[spring-test-5.1.7.RELEASE.jar:5.1.7.RELEASE]
	at org.springframework.test.context.support.DependencyInjectionTestExecutionListener.injectDependencies(DependencyInjectionTestExecutionListener.java:118) ~[spring-test-5.1.7.RELEASE.jar:5.1.7.RELEASE]
	at org.springframework.test.context.support.DependencyInjectionTestExecutionListener.prepareTestInstance(DependencyInjectionTestExecutionListener.java:83) ~[spring-test-5.1.7.RELEASE.jar:5.1.7.RELEASE]
	at org.springframework.boot.test.autoconfigure.SpringBootDependencyInjectionTestExecutionListener.prepareTestInstance(SpringBootDependencyInjectionTestExecutionListener.java:44) ~[spring-boot-test-autoconfigure-2.1.5.RELEASE.jar:2.1.5.RELEASE]
	at org.springframework.test.context.TestContextManager.prepareTestInstance(TestContextManager.java:246) ~[spring-test-5.1.7.RELEASE.jar:5.1.7.RELEASE]
	at org.springframework.test.context.junit4.SpringJUnit4ClassRunner.createTest(SpringJUnit4ClassRunner.java:227) [spring-test-5.1.7.RELEASE.jar:5.1.7.RELEASE]
	at org.springframework.test.context.junit4.SpringJUnit4ClassRunner$1.runReflectiveCall(SpringJUnit4ClassRunner.java:289) [spring-test-5.1.7.RELEASE.jar:5.1.7.RELEASE]
	at org.junit.internal.runners.model.ReflectiveCallable.run(ReflectiveCallable.java:12) [junit-4.12.jar:4.12]
	at org.springframework.test.context.junit4.SpringJUnit4ClassRunner.methodBlock(SpringJUnit4ClassRunner.java:291) [spring-test-5.1.7.RELEASE.jar:5.1.7.RELEASE]
	at org.springframework.test.context.junit4.SpringJUnit4ClassRunner.runChild(SpringJUnit4ClassRunner.java:246) [spring-test-5.1.7.RELEASE.jar:5.1.7.RELEASE]
	at org.springframework.test.context.junit4.SpringJUnit4ClassRunner.runChild(SpringJUnit4ClassRunner.java:97) [spring-test-5.1.7.RELEASE.jar:5.1.7.RELEASE]
	at org.junit.runners.ParentRunner$3.run(ParentRunner.java:290) [junit-4.12.jar:4.12]
	at org.junit.runners.ParentRunner$1.schedule(ParentRunner.java:71) [junit-4.12.jar:4.12]
	at org.junit.runners.ParentRunner.runChildren(ParentRunner.java:288) [junit-4.12.jar:4.12]
	at org.junit.runners.ParentRunner.access$000(ParentRunner.java:58) [junit-4.12.jar:4.12]
	at org.junit.runners.ParentRunner$2.evaluate(ParentRunner.java:268) [junit-4.12.jar:4.12]
	at org.springframework.test.context.junit4.statements.RunBeforeTestClassCallbacks.evaluate(RunBeforeTestClassCallbacks.java:61) [spring-test-5.1.7.RELEASE.jar:5.1.7.RELEASE]
	at org.springframework.test.context.junit4.statements.RunAfterTestClassCallbacks.evaluate(RunAfterTestClassCallbacks.java:70) [spring-test-5.1.7.RELEASE.jar:5.1.7.RELEASE]
	at org.junit.runners.ParentRunner.run(ParentRunner.java:363) [junit-4.12.jar:4.12]
	at org.springframework.test.context.junit4.SpringJUnit4ClassRunner.run(SpringJUnit4ClassRunner.java:190) [spring-test-5.1.7.RELEASE.jar:5.1.7.RELEASE]
	at org.apache.maven.surefire.junit4.JUnit4Provider.execute(JUnit4Provider.java:365) [surefire-junit4-2.22.2.jar:2.22.2]
	at org.apache.maven.surefire.junit4.JUnit4Provider.executeWithRerun(JUnit4Provider.java:273) [surefire-junit4-2.22.2.jar:2.22.2]
	at org.apache.maven.surefire.junit4.JUnit4Provider.executeTestSet(JUnit4Provider.java:238) [surefire-junit4-2.22.2.jar:2.22.2]
	at org.apache.maven.surefire.junit4.JUnit4Provider.invoke(JUnit4Provider.java:159) [surefire-junit4-2.22.2.jar:2.22.2]
	at org.apache.maven.surefire.booter.ForkedBooter.invokeProviderInSameClassLoader(ForkedBooter.java:384) [surefire-booter-2.22.2.jar:2.22.2]
	at org.apache.maven.surefire.booter.ForkedBooter.runSuitesInProcess(ForkedBooter.java:345) [surefire-booter-2.22.2.jar:2.22.2]
	at org.apache.maven.surefire.booter.ForkedBooter.execute(ForkedBooter.java:126) [surefire-booter-2.22.2.jar:2.22.2]
	at org.apache.maven.surefire.booter.ForkedBooter.main(ForkedBooter.java:418) [surefire-booter-2.22.2.jar:2.22.2]
Caused by: org.springframework.beans.factory.BeanCreationException: Error creating bean with name 'flywayInitializer' defined in class path resource [org/springframework/boot/autoconfigure/flyway/FlywayAutoConfiguration$FlywayConfiguration.class]: Invocation of init method failed; nested exception is org.flywaydb.core.internal.command.DbMigrate$FlywayMigrateException: 
Migration V01__initialise.sql failed
------------------------------------
SQL State  : 42001
Error Code : 42001
Message    : Syntax error in SQL statement "CREATE TABLE REVIEWS(
    REVIEW_ID INT NOT NULL AUTO_INCREMENT,
    PRODUCT_ID INT NOT NULL,
    REVIEW_TITLE VARCHAR(1000) NOT NULL,
    CONSTRAINT REVIEW_PK PRIMARY KEY (REVIEW_ID),
    CONSTRAINT PRODUCT_REVIEW_FK FOREIGN KEY (PRODUCT_ID) REFERENCES PRODUCTS (PRODUCT_ID) [*]"; expected "INDEX, ON, NOT, DEFERRABLE, NOCHECK, CHECK, ,, )"; SQL statement:
create table reviews(
    review_id int not null auto_increment,
    product_id int not null,
    review_title varchar(1000) not null,
    constraint review_pk primary key (review_id),
    constraint product_review_fk foreign key (product_id) references products (product_id) [42001-199]
Location   : db/migration/V01__initialise.sql (/Users/apoorvalonkar/Desktop/Java_course_Udacity/FINAL SUBMITTED PROJECT/ReviewsApiFinal/target/classes/db/migration/V01__initialise.sql)
Line       : 7
Statement  : create table reviews(
    review_id int not null auto_increment,
    product_id int not null,
    review_title varchar(1000) not null,
    constraint review_pk primary key (review_id),
    constraint product_review_fk foreign key (product_id) references products (product_id)

	at org.springframework.beans.factory.support.AbstractAutowireCapableBeanFactory.initializeBean(AbstractAutowireCapableBeanFactory.java:1778) ~[spring-beans-5.1.7.RELEASE.jar:5.1.7.RELEASE]
	at org.springframework.beans.factory.support.AbstractAutowireCapableBeanFactory.doCreateBean(AbstractAutowireCapableBeanFactory.java:593) ~[spring-beans-5.1.7.RELEASE.jar:5.1.7.RELEASE]
	at org.springframework.beans.factory.support.AbstractAutowireCapableBeanFactory.createBean(AbstractAutowireCapableBeanFactory.java:515) ~[spring-beans-5.1.7.RELEASE.jar:5.1.7.RELEASE]
	at org.springframework.beans.factory.support.AbstractBeanFactory.lambda$doGetBean$0(AbstractBeanFactory.java:320) ~[spring-beans-5.1.7.RELEASE.jar:5.1.7.RELEASE]
	at org.springframework.beans.factory.support.DefaultSingletonBeanRegistry.getSingleton(DefaultSingletonBeanRegistry.java:222) ~[spring-beans-5.1.7.RELEASE.jar:5.1.7.RELEASE]
	at org.springframework.beans.factory.support.AbstractBeanFactory.doGetBean(AbstractBeanFactory.java:318) ~[spring-beans-5.1.7.RELEASE.jar:5.1.7.RELEASE]
	at org.springframework.beans.factory.support.AbstractBeanFactory.getBean(AbstractBeanFactory.java:199) ~[spring-beans-5.1.7.RELEASE.jar:5.1.7.RELEASE]
	at org.springframework.beans.factory.support.AbstractBeanFactory.doGetBean(AbstractBeanFactory.java:307) ~[spring-beans-5.1.7.RELEASE.jar:5.1.7.RELEASE]
	at org.springframework.beans.factory.support.AbstractBeanFactory.getBean(AbstractBeanFactory.java:199) ~[spring-beans-5.1.7.RELEASE.jar:5.1.7.RELEASE]
	at org.springframework.context.support.AbstractApplicationContext.getBean(AbstractApplicationContext.java:1105) ~[spring-context-5.1.7.RELEASE.jar:5.1.7.RELEASE]
	at org.springframework.context.support.AbstractApplicationContext.finishBeanFactoryInitialization(AbstractApplicationContext.java:867) ~[spring-context-5.1.7.RELEASE.jar:5.1.7.RELEASE]
	at org.springframework.context.support.AbstractApplicationContext.refresh(AbstractApplicationContext.java:549) ~[spring-context-5.1.7.RELEASE.jar:5.1.7.RELEASE]
	at org.springframework.boot.SpringApplication.refresh(SpringApplication.java:775) ~[spring-boot-2.1.5.RELEASE.jar:2.1.5.RELEASE]
	at org.springframework.boot.SpringApplication.refreshContext(SpringApplication.java:397) ~[spring-boot-2.1.5.RELEASE.jar:2.1.5.RELEASE]
	at org.springframework.boot.SpringApplication.run(SpringApplication.java:316) ~[spring-boot-2.1.5.RELEASE.jar:2.1.5.RELEASE]
	at org.springframework.boot.test.context.SpringBootContextLoader.loadContext(SpringBootContextLoader.java:127) ~[spring-boot-test-2.1.5.RELEASE.jar:2.1.5.RELEASE]
	at org.springframework.test.context.cache.DefaultCacheAwareContextLoaderDelegate.loadContextInternal(DefaultCacheAwareContextLoaderDelegate.java:99) ~[spring-test-5.1.7.RELEASE.jar:5.1.7.RELEASE]
	at org.springframework.test.context.cache.DefaultCacheAwareContextLoaderDelegate.loadContext(DefaultCacheAwareContextLoaderDelegate.java:117) ~[spring-test-5.1.7.RELEASE.jar:5.1.7.RELEASE]
	... 28 common frames omitted
Caused by: org.flywaydb.core.internal.command.DbMigrate$FlywayMigrateException: 
Migration V01__initialise.sql failed
------------------------------------
SQL State  : 42001
Error Code : 42001
Message    : Syntax error in SQL statement "CREATE TABLE REVIEWS(
    REVIEW_ID INT NOT NULL AUTO_INCREMENT,
    PRODUCT_ID INT NOT NULL,
    REVIEW_TITLE VARCHAR(1000) NOT NULL,
    CONSTRAINT REVIEW_PK PRIMARY KEY (REVIEW_ID),
    CONSTRAINT PRODUCT_REVIEW_FK FOREIGN KEY (PRODUCT_ID) REFERENCES PRODUCTS (PRODUCT_ID) [*]"; expected "INDEX, ON, NOT, DEFERRABLE, NOCHECK, CHECK, ,, )"; SQL statement:
create table reviews(
    review_id int not null auto_increment,
    product_id int not null,
    review_title varchar(1000) not null,
    constraint review_pk primary key (review_id),
    constraint product_review_fk foreign key (product_id) references products (product_id) [42001-199]
Location   : db/migration/V01__initialise.sql (/Users/apoorvalonkar/Desktop/Java_course_Udacity/FINAL SUBMITTED PROJECT/ReviewsApiFinal/target/classes/db/migration/V01__initialise.sql)
Line       : 7
Statement  : create table reviews(
    review_id int not null auto_increment,
    product_id int not null,
    review_title varchar(1000) not null,
    constraint review_pk primary key (review_id),
    constraint product_review_fk foreign key (product_id) references products (product_id)

	at org.flywaydb.core.internal.command.DbMigrate.doMigrateGroup(DbMigrate.java:370) ~[flyway-core-5.2.4.jar:na]
	at org.flywaydb.core.internal.command.DbMigrate.access$200(DbMigrate.java:54) ~[flyway-core-5.2.4.jar:na]
	at org.flywaydb.core.internal.command.DbMigrate$3.call(DbMigrate.java:284) ~[flyway-core-5.2.4.jar:na]
	at org.flywaydb.core.internal.jdbc.TransactionTemplate.execute(TransactionTemplate.java:74) ~[flyway-core-5.2.4.jar:na]
	at org.flywaydb.core.internal.command.DbMigrate.applyMigrations(DbMigrate.java:281) ~[flyway-core-5.2.4.jar:na]
	at org.flywaydb.core.internal.command.DbMigrate.migrateGroup(DbMigrate.java:246) ~[flyway-core-5.2.4.jar:na]
	at org.flywaydb.core.internal.command.DbMigrate.access$100(DbMigrate.java:54) ~[flyway-core-5.2.4.jar:na]
	at org.flywaydb.core.internal.command.DbMigrate$2.call(DbMigrate.java:164) ~[flyway-core-5.2.4.jar:na]
	at org.flywaydb.core.internal.command.DbMigrate$2.call(DbMigrate.java:161) ~[flyway-core-5.2.4.jar:na]
	at org.flywaydb.core.internal.database.base.Connection$1.call(Connection.java:147) ~[flyway-core-5.2.4.jar:na]
	at org.flywaydb.core.internal.jdbc.TransactionTemplate.execute(TransactionTemplate.java:74) ~[flyway-core-5.2.4.jar:na]
	at org.flywaydb.core.internal.database.base.Connection.lock(Connection.java:143) ~[flyway-core-5.2.4.jar:na]
	at org.flywaydb.core.internal.schemahistory.JdbcTableSchemaHistory.lock(JdbcTableSchemaHistory.java:155) ~[flyway-core-5.2.4.jar:na]
	at org.flywaydb.core.internal.command.DbMigrate.migrateAll(DbMigrate.java:161) ~[flyway-core-5.2.4.jar:na]
	at org.flywaydb.core.internal.command.DbMigrate.migrate(DbMigrate.java:139) ~[flyway-core-5.2.4.jar:na]
	at org.flywaydb.core.Flyway$1.execute(Flyway.java:1395) ~[flyway-core-5.2.4.jar:na]
	at org.flywaydb.core.Flyway$1.execute(Flyway.java:1356) ~[flyway-core-5.2.4.jar:na]
	at org.flywaydb.core.Flyway.execute(Flyway.java:1711) ~[flyway-core-5.2.4.jar:na]
	at org.flywaydb.core.Flyway.migrate(Flyway.java:1356) ~[flyway-core-5.2.4.jar:na]
	at org.springframework.boot.autoconfigure.flyway.FlywayMigrationInitializer.afterPropertiesSet(FlywayMigrationInitializer.java:66) ~[spring-boot-autoconfigure-2.1.5.RELEASE.jar:2.1.5.RELEASE]
	at org.springframework.beans.factory.support.AbstractAutowireCapableBeanFactory.invokeInitMethods(AbstractAutowireCapableBeanFactory.java:1837) ~[spring-beans-5.1.7.RELEASE.jar:5.1.7.RELEASE]
	at org.springframework.beans.factory.support.AbstractAutowireCapableBeanFactory.initializeBean(AbstractAutowireCapableBeanFactory.java:1774) ~[spring-beans-5.1.7.RELEASE.jar:5.1.7.RELEASE]
	... 45 common frames omitted
Caused by: org.flywaydb.core.internal.sqlscript.FlywaySqlScriptException: 
Migration V01__initialise.sql failed
------------------------------------
SQL State  : 42001
Error Code : 42001
Message    : Syntax error in SQL statement "CREATE TABLE REVIEWS(
    REVIEW_ID INT NOT NULL AUTO_INCREMENT,
    PRODUCT_ID INT NOT NULL,
    REVIEW_TITLE VARCHAR(1000) NOT NULL,
    CONSTRAINT REVIEW_PK PRIMARY KEY (REVIEW_ID),
    CONSTRAINT PRODUCT_REVIEW_FK FOREIGN KEY (PRODUCT_ID) REFERENCES PRODUCTS (PRODUCT_ID) [*]"; expected "INDEX, ON, NOT, DEFERRABLE, NOCHECK, CHECK, ,, )"; SQL statement:
create table reviews(
    review_id int not null auto_increment,
    product_id int not null,
    review_title varchar(1000) not null,
    constraint review_pk primary key (review_id),
    constraint product_review_fk foreign key (product_id) references products (product_id) [42001-199]
Location   : db/migration/V01__initialise.sql (/Users/apoorvalonkar/Desktop/Java_course_Udacity/FINAL SUBMITTED PROJECT/ReviewsApiFinal/target/classes/db/migration/V01__initialise.sql)
Line       : 7
Statement  : create table reviews(
    review_id int not null auto_increment,
    product_id int not null,
    review_title varchar(1000) not null,
    constraint review_pk primary key (review_id),
    constraint product_review_fk foreign key (product_id) references products (product_id)

	at org.flywaydb.core.internal.sqlscript.DefaultSqlScriptExecutor.handleException(DefaultSqlScriptExecutor.java:253) ~[flyway-core-5.2.4.jar:na]
	at org.flywaydb.core.internal.sqlscript.DefaultSqlScriptExecutor.executeStatement(DefaultSqlScriptExecutor.java:202) ~[flyway-core-5.2.4.jar:na]
	at org.flywaydb.core.internal.sqlscript.DefaultSqlScriptExecutor.execute(DefaultSqlScriptExecutor.java:125) ~[flyway-core-5.2.4.jar:na]
	at org.flywaydb.core.internal.resolver.sql.SqlMigrationExecutor.execute(SqlMigrationExecutor.java:77) ~[flyway-core-5.2.4.jar:na]
	at org.flywaydb.core.internal.command.DbMigrate.doMigrateGroup(DbMigrate.java:367) ~[flyway-core-5.2.4.jar:na]
	... 66 common frames omitted
Caused by: org.h2.jdbc.JdbcSQLSyntaxErrorException: Syntax error in SQL statement "CREATE TABLE REVIEWS(
    REVIEW_ID INT NOT NULL AUTO_INCREMENT,
    PRODUCT_ID INT NOT NULL,
    REVIEW_TITLE VARCHAR(1000) NOT NULL,
    CONSTRAINT REVIEW_PK PRIMARY KEY (REVIEW_ID),
    CONSTRAINT PRODUCT_REVIEW_FK FOREIGN KEY (PRODUCT_ID) REFERENCES PRODUCTS (PRODUCT_ID) [*]"; expected "INDEX, ON, NOT, DEFERRABLE, NOCHECK, CHECK, ,, )"; SQL statement:
create table reviews(
    review_id int not null auto_increment,
    product_id int not null,
    review_title varchar(1000) not null,
    constraint review_pk primary key (review_id),
    constraint product_review_fk foreign key (product_id) references products (product_id) [42001-199]
	at org.h2.message.DbException.getJdbcSQLException(DbException.java:451) ~[h2-1.4.199.jar:1.4.199]
	at org.h2.message.DbException.getJdbcSQLException(DbException.java:427) ~[h2-1.4.199.jar:1.4.199]
	at org.h2.message.DbException.getSyntaxError(DbException.java:243) ~[h2-1.4.199.jar:1.4.199]
	at org.h2.command.Parser.getSyntaxError(Parser.java:991) ~[h2-1.4.199.jar:1.4.199]
	at org.h2.command.Parser.read(Parser.java:4549) ~[h2-1.4.199.jar:1.4.199]
	at org.h2.command.Parser.readIfMore(Parser.java:1391) ~[h2-1.4.199.jar:1.4.199]
	at org.h2.command.Parser.parseCreateTable(Parser.java:7833) ~[h2-1.4.199.jar:1.4.199]
	at org.h2.command.Parser.parseCreate(Parser.java:5818) ~[h2-1.4.199.jar:1.4.199]
	at org.h2.command.Parser.parsePrepared(Parser.java:846) ~[h2-1.4.199.jar:1.4.199]
	at org.h2.command.Parser.parse(Parser.java:788) ~[h2-1.4.199.jar:1.4.199]
	at org.h2.command.Parser.parse(Parser.java:764) ~[h2-1.4.199.jar:1.4.199]
	at org.h2.command.Parser.prepareCommand(Parser.java:683) ~[h2-1.4.199.jar:1.4.199]
	at org.h2.engine.Session.prepareLocal(Session.java:627) ~[h2-1.4.199.jar:1.4.199]
	at org.h2.engine.Session.prepareCommand(Session.java:565) ~[h2-1.4.199.jar:1.4.199]
	at org.h2.jdbc.JdbcConnection.prepareCommand(JdbcConnection.java:1292) ~[h2-1.4.199.jar:1.4.199]
	at org.h2.jdbc.JdbcStatement.executeInternal(JdbcStatement.java:217) ~[h2-1.4.199.jar:1.4.199]
	at org.h2.jdbc.JdbcStatement.execute(JdbcStatement.java:205) ~[h2-1.4.199.jar:1.4.199]
	at org.flywaydb.core.internal.jdbc.JdbcTemplate.executeStatement(JdbcTemplate.java:235) ~[flyway-core-5.2.4.jar:na]
	at org.flywaydb.core.internal.sqlscript.StandardSqlStatement.execute(StandardSqlStatement.java:42) ~[flyway-core-5.2.4.jar:na]
	at org.flywaydb.core.internal.sqlscript.DefaultSqlScriptExecutor.executeStatement(DefaultSqlScriptExecutor.java:189) ~[flyway-core-5.2.4.jar:na]
	... 69 common frames omitted

]]></system-out>
  </testcase>
  <testcase name="testCommentRepository" classname="com.udacity.course3.reviews.ReviewsApplicationTests" time="0">
    <error message="Failed to load ApplicationContext" type="java.lang.IllegalStateException">java.lang.IllegalStateException: Failed to load ApplicationContext
Caused by: org.springframework.beans.factory.BeanCreationException: 
Error creating bean with name 'flywayInitializer' defined in class path resource [org/springframework/boot/autoconfigure/flyway/FlywayAutoConfiguration$FlywayConfiguration.class]: Invocation of init method failed; nested exception is org.flywaydb.core.internal.command.DbMigrate$FlywayMigrateException: 
Migration V01__initialise.sql failed
------------------------------------
SQL State  : 42001
Error Code : 42001
Message    : Syntax error in SQL statement "CREATE TABLE REVIEWS(
    REVIEW_ID INT NOT NULL AUTO_INCREMENT,
    PRODUCT_ID INT NOT NULL,
    REVIEW_TITLE VARCHAR(1000) NOT NULL,
    CONSTRAINT REVIEW_PK PRIMARY KEY (REVIEW_ID),
    CONSTRAINT PRODUCT_REVIEW_FK FOREIGN KEY (PRODUCT_ID) REFERENCES PRODUCTS (PRODUCT_ID) [*]"; expected "INDEX, ON, NOT, DEFERRABLE, NOCHECK, CHECK, ,, )"; SQL statement:
create table reviews(
    review_id int not null auto_increment,
    product_id int not null,
    review_title varchar(1000) not null,
    constraint review_pk primary key (review_id),
    constraint product_review_fk foreign key (product_id) references products (product_id) [42001-199]
Location   : db/migration/V01__initialise.sql (/Users/apoorvalonkar/Desktop/Java_course_Udacity/FINAL SUBMITTED PROJECT/ReviewsApiFinal/target/classes/db/migration/V01__initialise.sql)
Line       : 7
Statement  : create table reviews(
    review_id int not null auto_increment,
    product_id int not null,
    review_title varchar(1000) not null,
    constraint review_pk primary key (review_id),
    constraint product_review_fk foreign key (product_id) references products (product_id)

Caused by: org.flywaydb.core.internal.command.DbMigrate$FlywayMigrateException: 

Migration V01__initialise.sql failed
------------------------------------
SQL State  : 42001
Error Code : 42001
Message    : Syntax error in SQL statement "CREATE TABLE REVIEWS(
    REVIEW_ID INT NOT NULL AUTO_INCREMENT,
    PRODUCT_ID INT NOT NULL,
    REVIEW_TITLE VARCHAR(1000) NOT NULL,
    CONSTRAINT REVIEW_PK PRIMARY KEY (REVIEW_ID),
    CONSTRAINT PRODUCT_REVIEW_FK FOREIGN KEY (PRODUCT_ID) REFERENCES PRODUCTS (PRODUCT_ID) [*]"; expected "INDEX, ON, NOT, DEFERRABLE, NOCHECK, CHECK, ,, )"; SQL statement:
create table reviews(
    review_id int not null auto_increment,
    product_id int not null,
    review_title varchar(1000) not null,
    constraint review_pk primary key (review_id),
    constraint product_review_fk foreign key (product_id) references products (product_id) [42001-199]
Location   : db/migration/V01__initialise.sql (/Users/apoorvalonkar/Desktop/Java_course_Udacity/FINAL SUBMITTED PROJECT/ReviewsApiFinal/target/classes/db/migration/V01__initialise.sql)
Line       : 7
Statement  : create table reviews(
    review_id int not null auto_increment,
    product_id int not null,
    review_title varchar(1000) not null,
    constraint review_pk primary key (review_id),
    constraint product_review_fk foreign key (product_id) references products (product_id)

Caused by: org.flywaydb.core.internal.sqlscript.FlywaySqlScriptException: 

Migration V01__initialise.sql failed
------------------------------------
SQL State  : 42001
Error Code : 42001
Message    : Syntax error in SQL statement "CREATE TABLE REVIEWS(
    REVIEW_ID INT NOT NULL AUTO_INCREMENT,
    PRODUCT_ID INT NOT NULL,
    REVIEW_TITLE VARCHAR(1000) NOT NULL,
    CONSTRAINT REVIEW_PK PRIMARY KEY (REVIEW_ID),
    CONSTRAINT PRODUCT_REVIEW_FK FOREIGN KEY (PRODUCT_ID) REFERENCES PRODUCTS (PRODUCT_ID) [*]"; expected "INDEX, ON, NOT, DEFERRABLE, NOCHECK, CHECK, ,, )"; SQL statement:
create table reviews(
    review_id int not null auto_increment,
    product_id int not null,
    review_title varchar(1000) not null,
    constraint review_pk primary key (review_id),
    constraint product_review_fk foreign key (product_id) references products (product_id) [42001-199]
Location   : db/migration/V01__initialise.sql (/Users/apoorvalonkar/Desktop/Java_course_Udacity/FINAL SUBMITTED PROJECT/ReviewsApiFinal/target/classes/db/migration/V01__initialise.sql)
Line       : 7
Statement  : create table reviews(
    review_id int not null auto_increment,
    product_id int not null,
    review_title varchar(1000) not null,
    constraint review_pk primary key (review_id),
    constraint product_review_fk foreign key (product_id) references products (product_id)

Caused by: org.h2.jdbc.JdbcSQLSyntaxErrorException: 
Syntax error in SQL statement "CREATE TABLE REVIEWS(
    REVIEW_ID INT NOT NULL AUTO_INCREMENT,
    PRODUCT_ID INT NOT NULL,
    REVIEW_TITLE VARCHAR(1000) NOT NULL,
    CONSTRAINT REVIEW_PK PRIMARY KEY (REVIEW_ID),
    CONSTRAINT PRODUCT_REVIEW_FK FOREIGN KEY (PRODUCT_ID) REFERENCES PRODUCTS (PRODUCT_ID) [*]"; expected "INDEX, ON, NOT, DEFERRABLE, NOCHECK, CHECK, ,, )"; SQL statement:
create table reviews(
    review_id int not null auto_increment,
    product_id int not null,
    review_title varchar(1000) not null,
    constraint review_pk primary key (review_id),
    constraint product_review_fk foreign key (product_id) references products (product_id) [42001-199]
</error>
    <system-out><![CDATA[
  .   ____          _            __ _ _
 /\\ / ___'_ __ _ _(_)_ __  __ _ \ \ \ \
( ( )\___ | '_ | '_| | '_ \/ _` | \ \ \ \
 \\/  ___)| |_)| | | | | || (_| |  ) ) ) )
  '  |____| .__|_| |_|_| |_\__, | / / / /
 =========|_|==============|___/=/_/_/_/
 :: Spring Boot ::        (v2.1.5.RELEASE)

2019-12-09 16:28:20.232  INFO 17053 --- [           main] c.u.c.reviews.ReviewsApplicationTests    : Starting ReviewsApplicationTests on Apoorvas-MBP.fios-router.home with PID 17053 (started by apoorvalonkar in /Users/apoorvalonkar/Desktop/Java_course_Udacity/FINAL SUBMITTED PROJECT/ReviewsApiFinal)
2019-12-09 16:28:20.233  INFO 17053 --- [           main] c.u.c.reviews.ReviewsApplicationTests    : No active profile set, falling back to default profiles: default
2019-12-09 16:28:20.360  INFO 17053 --- [           main] .s.d.r.c.RepositoryConfigurationDelegate : Multiple Spring Data modules found, entering strict repository configuration mode!
2019-12-09 16:28:20.361  INFO 17053 --- [           main] .s.d.r.c.RepositoryConfigurationDelegate : Bootstrapping Spring Data repositories in DEFAULT mode.
2019-12-09 16:28:20.371  INFO 17053 --- [           main] .RepositoryConfigurationExtensionSupport : Spring Data MongoDB - Could not safely identify store assignment for repository candidate interface com.udacity.course3.reviews.repository.MySQL.CommentRepository.
2019-12-09 16:28:20.377  INFO 17053 --- [           main] .RepositoryConfigurationExtensionSupport : Spring Data MongoDB - Could not safely identify store assignment for repository candidate interface com.udacity.course3.reviews.repository.MySQL.ProductRepository.
2019-12-09 16:28:20.380  INFO 17053 --- [           main] .RepositoryConfigurationExtensionSupport : Spring Data MongoDB - Could not safely identify store assignment for repository candidate interface com.udacity.course3.reviews.repository.MySQL.ReviewRepository.
2019-12-09 16:28:20.390  INFO 17053 --- [           main] .s.d.r.c.RepositoryConfigurationDelegate : Finished Spring Data repository scanning in 27ms. Found 1 repository interfaces.
2019-12-09 16:28:20.423  INFO 17053 --- [           main] .s.d.r.c.RepositoryConfigurationDelegate : Multiple Spring Data modules found, entering strict repository configuration mode!
2019-12-09 16:28:20.424  INFO 17053 --- [           main] .s.d.r.c.RepositoryConfigurationDelegate : Bootstrapping Spring Data repositories in DEFAULT mode.
2019-12-09 16:28:20.439  INFO 17053 --- [           main] .RepositoryConfigurationExtensionSupport : Spring Data JPA - Could not safely identify store assignment for repository candidate interface com.udacity.course3.reviews.repository.Mongo.MongoReviewRepository.
2019-12-09 16:28:20.455  INFO 17053 --- [           main] .s.d.r.c.RepositoryConfigurationDelegate : Finished Spring Data repository scanning in 30ms. Found 3 repository interfaces.
2019-12-09 16:28:20.474  INFO 17053 --- [           main] beddedDataSourceBeanFactoryPostProcessor : Replacing 'dataSource' DataSource bean with embedded version
2019-12-09 16:28:20.559  INFO 17053 --- [           main] o.s.j.d.e.EmbeddedDatabaseFactory        : Starting embedded database: url='jdbc:h2:mem:7a60d2eb-0a3c-4470-9ea1-5fef7e3f9643;DB_CLOSE_DELAY=-1;DB_CLOSE_ON_EXIT=false', username='sa'
2019-12-09 16:28:20.588  INFO 17053 --- [           main] o.f.c.internal.database.DatabaseFactory  : Database: jdbc:h2:mem:7a60d2eb-0a3c-4470-9ea1-5fef7e3f9643 (H2 1.4)
2019-12-09 16:28:20.600  WARN 17053 --- [           main] o.f.c.internal.database.base.Database    : Flyway upgrade recommended: H2 1.4.199 is newer than this version of Flyway and support has not been tested.
2019-12-09 16:28:20.629  INFO 17053 --- [           main] o.f.core.internal.command.DbValidate     : Successfully validated 1 migration (execution time 00:00.008s)
2019-12-09 16:28:20.640  INFO 17053 --- [           main] o.f.c.i.s.JdbcTableSchemaHistory         : Creating Schema History table: "PUBLIC"."flyway_schema_history"
2019-12-09 16:28:20.672  INFO 17053 --- [           main] o.f.core.internal.command.DbMigrate      : Current version of schema "PUBLIC": << Empty Schema >>
2019-12-09 16:28:20.672  INFO 17053 --- [           main] o.f.core.internal.command.DbMigrate      : Migrating schema "PUBLIC" to version 01 - initialise
2019-12-09 16:28:20.677 ERROR 17053 --- [           main] o.f.core.internal.command.DbMigrate      : Migration of schema "PUBLIC" to version 01 - initialise failed! Please restore backups and roll back database and code!
2019-12-09 16:28:20.686  WARN 17053 --- [           main] s.c.a.AnnotationConfigApplicationContext : Exception encountered during context initialization - cancelling refresh attempt: org.springframework.beans.factory.BeanCreationException: Error creating bean with name 'flywayInitializer' defined in class path resource [org/springframework/boot/autoconfigure/flyway/FlywayAutoConfiguration$FlywayConfiguration.class]: Invocation of init method failed; nested exception is org.flywaydb.core.internal.command.DbMigrate$FlywayMigrateException: 
Migration V01__initialise.sql failed
------------------------------------
SQL State  : 42001
Error Code : 42001
Message    : Syntax error in SQL statement "CREATE TABLE REVIEWS(
    REVIEW_ID INT NOT NULL AUTO_INCREMENT,
    PRODUCT_ID INT NOT NULL,
    REVIEW_TITLE VARCHAR(1000) NOT NULL,
    CONSTRAINT REVIEW_PK PRIMARY KEY (REVIEW_ID),
    CONSTRAINT PRODUCT_REVIEW_FK FOREIGN KEY (PRODUCT_ID) REFERENCES PRODUCTS (PRODUCT_ID) [*]"; expected "INDEX, ON, NOT, DEFERRABLE, NOCHECK, CHECK, ,, )"; SQL statement:
create table reviews(
    review_id int not null auto_increment,
    product_id int not null,
    review_title varchar(1000) not null,
    constraint review_pk primary key (review_id),
    constraint product_review_fk foreign key (product_id) references products (product_id) [42001-199]
Location   : db/migration/V01__initialise.sql (/Users/apoorvalonkar/Desktop/Java_course_Udacity/FINAL SUBMITTED PROJECT/ReviewsApiFinal/target/classes/db/migration/V01__initialise.sql)
Line       : 7
Statement  : create table reviews(
    review_id int not null auto_increment,
    product_id int not null,
    review_title varchar(1000) not null,
    constraint review_pk primary key (review_id),
    constraint product_review_fk foreign key (product_id) references products (product_id)

2019-12-09 16:28:20.689  INFO 17053 --- [           main] ConditionEvaluationReportLoggingListener : 

Error starting ApplicationContext. To display the conditions report re-run your application with 'debug' enabled.
2019-12-09 16:28:20.693 ERROR 17053 --- [           main] o.s.boot.SpringApplication               : Application run failed

org.springframework.beans.factory.BeanCreationException: Error creating bean with name 'flywayInitializer' defined in class path resource [org/springframework/boot/autoconfigure/flyway/FlywayAutoConfiguration$FlywayConfiguration.class]: Invocation of init method failed; nested exception is org.flywaydb.core.internal.command.DbMigrate$FlywayMigrateException: 
Migration V01__initialise.sql failed
------------------------------------
SQL State  : 42001
Error Code : 42001
Message    : Syntax error in SQL statement "CREATE TABLE REVIEWS(
    REVIEW_ID INT NOT NULL AUTO_INCREMENT,
    PRODUCT_ID INT NOT NULL,
    REVIEW_TITLE VARCHAR(1000) NOT NULL,
    CONSTRAINT REVIEW_PK PRIMARY KEY (REVIEW_ID),
    CONSTRAINT PRODUCT_REVIEW_FK FOREIGN KEY (PRODUCT_ID) REFERENCES PRODUCTS (PRODUCT_ID) [*]"; expected "INDEX, ON, NOT, DEFERRABLE, NOCHECK, CHECK, ,, )"; SQL statement:
create table reviews(
    review_id int not null auto_increment,
    product_id int not null,
    review_title varchar(1000) not null,
    constraint review_pk primary key (review_id),
    constraint product_review_fk foreign key (product_id) references products (product_id) [42001-199]
Location   : db/migration/V01__initialise.sql (/Users/apoorvalonkar/Desktop/Java_course_Udacity/FINAL SUBMITTED PROJECT/ReviewsApiFinal/target/classes/db/migration/V01__initialise.sql)
Line       : 7
Statement  : create table reviews(
    review_id int not null auto_increment,
    product_id int not null,
    review_title varchar(1000) not null,
    constraint review_pk primary key (review_id),
    constraint product_review_fk foreign key (product_id) references products (product_id)

	at org.springframework.beans.factory.support.AbstractAutowireCapableBeanFactory.initializeBean(AbstractAutowireCapableBeanFactory.java:1778) ~[spring-beans-5.1.7.RELEASE.jar:5.1.7.RELEASE]
	at org.springframework.beans.factory.support.AbstractAutowireCapableBeanFactory.doCreateBean(AbstractAutowireCapableBeanFactory.java:593) ~[spring-beans-5.1.7.RELEASE.jar:5.1.7.RELEASE]
	at org.springframework.beans.factory.support.AbstractAutowireCapableBeanFactory.createBean(AbstractAutowireCapableBeanFactory.java:515) ~[spring-beans-5.1.7.RELEASE.jar:5.1.7.RELEASE]
	at org.springframework.beans.factory.support.AbstractBeanFactory.lambda$doGetBean$0(AbstractBeanFactory.java:320) ~[spring-beans-5.1.7.RELEASE.jar:5.1.7.RELEASE]
	at org.springframework.beans.factory.support.DefaultSingletonBeanRegistry.getSingleton(DefaultSingletonBeanRegistry.java:222) ~[spring-beans-5.1.7.RELEASE.jar:5.1.7.RELEASE]
	at org.springframework.beans.factory.support.AbstractBeanFactory.doGetBean(AbstractBeanFactory.java:318) ~[spring-beans-5.1.7.RELEASE.jar:5.1.7.RELEASE]
	at org.springframework.beans.factory.support.AbstractBeanFactory.getBean(AbstractBeanFactory.java:199) ~[spring-beans-5.1.7.RELEASE.jar:5.1.7.RELEASE]
	at org.springframework.beans.factory.support.AbstractBeanFactory.doGetBean(AbstractBeanFactory.java:307) ~[spring-beans-5.1.7.RELEASE.jar:5.1.7.RELEASE]
	at org.springframework.beans.factory.support.AbstractBeanFactory.getBean(AbstractBeanFactory.java:199) ~[spring-beans-5.1.7.RELEASE.jar:5.1.7.RELEASE]
	at org.springframework.context.support.AbstractApplicationContext.getBean(AbstractApplicationContext.java:1105) ~[spring-context-5.1.7.RELEASE.jar:5.1.7.RELEASE]
	at org.springframework.context.support.AbstractApplicationContext.finishBeanFactoryInitialization(AbstractApplicationContext.java:867) ~[spring-context-5.1.7.RELEASE.jar:5.1.7.RELEASE]
	at org.springframework.context.support.AbstractApplicationContext.refresh(AbstractApplicationContext.java:549) ~[spring-context-5.1.7.RELEASE.jar:5.1.7.RELEASE]
	at org.springframework.boot.SpringApplication.refresh(SpringApplication.java:775) ~[spring-boot-2.1.5.RELEASE.jar:2.1.5.RELEASE]
	at org.springframework.boot.SpringApplication.refreshContext(SpringApplication.java:397) ~[spring-boot-2.1.5.RELEASE.jar:2.1.5.RELEASE]
	at org.springframework.boot.SpringApplication.run(SpringApplication.java:316) ~[spring-boot-2.1.5.RELEASE.jar:2.1.5.RELEASE]
	at org.springframework.boot.test.context.SpringBootContextLoader.loadContext(SpringBootContextLoader.java:127) [spring-boot-test-2.1.5.RELEASE.jar:2.1.5.RELEASE]
	at org.springframework.test.context.cache.DefaultCacheAwareContextLoaderDelegate.loadContextInternal(DefaultCacheAwareContextLoaderDelegate.java:99) [spring-test-5.1.7.RELEASE.jar:5.1.7.RELEASE]
	at org.springframework.test.context.cache.DefaultCacheAwareContextLoaderDelegate.loadContext(DefaultCacheAwareContextLoaderDelegate.java:117) [spring-test-5.1.7.RELEASE.jar:5.1.7.RELEASE]
	at org.springframework.test.context.support.DefaultTestContext.getApplicationContext(DefaultTestContext.java:108) [spring-test-5.1.7.RELEASE.jar:5.1.7.RELEASE]
	at org.springframework.test.context.support.DependencyInjectionTestExecutionListener.injectDependencies(DependencyInjectionTestExecutionListener.java:118) [spring-test-5.1.7.RELEASE.jar:5.1.7.RELEASE]
	at org.springframework.test.context.support.DependencyInjectionTestExecutionListener.prepareTestInstance(DependencyInjectionTestExecutionListener.java:83) [spring-test-5.1.7.RELEASE.jar:5.1.7.RELEASE]
	at org.springframework.boot.test.autoconfigure.SpringBootDependencyInjectionTestExecutionListener.prepareTestInstance(SpringBootDependencyInjectionTestExecutionListener.java:44) [spring-boot-test-autoconfigure-2.1.5.RELEASE.jar:2.1.5.RELEASE]
	at org.springframework.test.context.TestContextManager.prepareTestInstance(TestContextManager.java:246) [spring-test-5.1.7.RELEASE.jar:5.1.7.RELEASE]
	at org.springframework.test.context.junit4.SpringJUnit4ClassRunner.createTest(SpringJUnit4ClassRunner.java:227) [spring-test-5.1.7.RELEASE.jar:5.1.7.RELEASE]
	at org.springframework.test.context.junit4.SpringJUnit4ClassRunner$1.runReflectiveCall(SpringJUnit4ClassRunner.java:289) [spring-test-5.1.7.RELEASE.jar:5.1.7.RELEASE]
	at org.junit.internal.runners.model.ReflectiveCallable.run(ReflectiveCallable.java:12) [junit-4.12.jar:4.12]
	at org.springframework.test.context.junit4.SpringJUnit4ClassRunner.methodBlock(SpringJUnit4ClassRunner.java:291) [spring-test-5.1.7.RELEASE.jar:5.1.7.RELEASE]
	at org.springframework.test.context.junit4.SpringJUnit4ClassRunner.runChild(SpringJUnit4ClassRunner.java:246) [spring-test-5.1.7.RELEASE.jar:5.1.7.RELEASE]
	at org.springframework.test.context.junit4.SpringJUnit4ClassRunner.runChild(SpringJUnit4ClassRunner.java:97) [spring-test-5.1.7.RELEASE.jar:5.1.7.RELEASE]
	at org.junit.runners.ParentRunner$3.run(ParentRunner.java:290) [junit-4.12.jar:4.12]
	at org.junit.runners.ParentRunner$1.schedule(ParentRunner.java:71) [junit-4.12.jar:4.12]
	at org.junit.runners.ParentRunner.runChildren(ParentRunner.java:288) [junit-4.12.jar:4.12]
	at org.junit.runners.ParentRunner.access$000(ParentRunner.java:58) [junit-4.12.jar:4.12]
	at org.junit.runners.ParentRunner$2.evaluate(ParentRunner.java:268) [junit-4.12.jar:4.12]
	at org.springframework.test.context.junit4.statements.RunBeforeTestClassCallbacks.evaluate(RunBeforeTestClassCallbacks.java:61) [spring-test-5.1.7.RELEASE.jar:5.1.7.RELEASE]
	at org.springframework.test.context.junit4.statements.RunAfterTestClassCallbacks.evaluate(RunAfterTestClassCallbacks.java:70) [spring-test-5.1.7.RELEASE.jar:5.1.7.RELEASE]
	at org.junit.runners.ParentRunner.run(ParentRunner.java:363) [junit-4.12.jar:4.12]
	at org.springframework.test.context.junit4.SpringJUnit4ClassRunner.run(SpringJUnit4ClassRunner.java:190) [spring-test-5.1.7.RELEASE.jar:5.1.7.RELEASE]
	at org.apache.maven.surefire.junit4.JUnit4Provider.execute(JUnit4Provider.java:365) [surefire-junit4-2.22.2.jar:2.22.2]
	at org.apache.maven.surefire.junit4.JUnit4Provider.executeWithRerun(JUnit4Provider.java:273) [surefire-junit4-2.22.2.jar:2.22.2]
	at org.apache.maven.surefire.junit4.JUnit4Provider.executeTestSet(JUnit4Provider.java:238) [surefire-junit4-2.22.2.jar:2.22.2]
	at org.apache.maven.surefire.junit4.JUnit4Provider.invoke(JUnit4Provider.java:159) [surefire-junit4-2.22.2.jar:2.22.2]
	at org.apache.maven.surefire.booter.ForkedBooter.invokeProviderInSameClassLoader(ForkedBooter.java:384) [surefire-booter-2.22.2.jar:2.22.2]
	at org.apache.maven.surefire.booter.ForkedBooter.runSuitesInProcess(ForkedBooter.java:345) [surefire-booter-2.22.2.jar:2.22.2]
	at org.apache.maven.surefire.booter.ForkedBooter.execute(ForkedBooter.java:126) [surefire-booter-2.22.2.jar:2.22.2]
	at org.apache.maven.surefire.booter.ForkedBooter.main(ForkedBooter.java:418) [surefire-booter-2.22.2.jar:2.22.2]
Caused by: org.flywaydb.core.internal.command.DbMigrate$FlywayMigrateException: 
Migration V01__initialise.sql failed
------------------------------------
SQL State  : 42001
Error Code : 42001
Message    : Syntax error in SQL statement "CREATE TABLE REVIEWS(
    REVIEW_ID INT NOT NULL AUTO_INCREMENT,
    PRODUCT_ID INT NOT NULL,
    REVIEW_TITLE VARCHAR(1000) NOT NULL,
    CONSTRAINT REVIEW_PK PRIMARY KEY (REVIEW_ID),
    CONSTRAINT PRODUCT_REVIEW_FK FOREIGN KEY (PRODUCT_ID) REFERENCES PRODUCTS (PRODUCT_ID) [*]"; expected "INDEX, ON, NOT, DEFERRABLE, NOCHECK, CHECK, ,, )"; SQL statement:
create table reviews(
    review_id int not null auto_increment,
    product_id int not null,
    review_title varchar(1000) not null,
    constraint review_pk primary key (review_id),
    constraint product_review_fk foreign key (product_id) references products (product_id) [42001-199]
Location   : db/migration/V01__initialise.sql (/Users/apoorvalonkar/Desktop/Java_course_Udacity/FINAL SUBMITTED PROJECT/ReviewsApiFinal/target/classes/db/migration/V01__initialise.sql)
Line       : 7
Statement  : create table reviews(
    review_id int not null auto_increment,
    product_id int not null,
    review_title varchar(1000) not null,
    constraint review_pk primary key (review_id),
    constraint product_review_fk foreign key (product_id) references products (product_id)

	at org.flywaydb.core.internal.command.DbMigrate.doMigrateGroup(DbMigrate.java:370) ~[flyway-core-5.2.4.jar:na]
	at org.flywaydb.core.internal.command.DbMigrate.access$200(DbMigrate.java:54) ~[flyway-core-5.2.4.jar:na]
	at org.flywaydb.core.internal.command.DbMigrate$3.call(DbMigrate.java:284) ~[flyway-core-5.2.4.jar:na]
	at org.flywaydb.core.internal.jdbc.TransactionTemplate.execute(TransactionTemplate.java:74) ~[flyway-core-5.2.4.jar:na]
	at org.flywaydb.core.internal.command.DbMigrate.applyMigrations(DbMigrate.java:281) ~[flyway-core-5.2.4.jar:na]
	at org.flywaydb.core.internal.command.DbMigrate.migrateGroup(DbMigrate.java:246) ~[flyway-core-5.2.4.jar:na]
	at org.flywaydb.core.internal.command.DbMigrate.access$100(DbMigrate.java:54) ~[flyway-core-5.2.4.jar:na]
	at org.flywaydb.core.internal.command.DbMigrate$2.call(DbMigrate.java:164) ~[flyway-core-5.2.4.jar:na]
	at org.flywaydb.core.internal.command.DbMigrate$2.call(DbMigrate.java:161) ~[flyway-core-5.2.4.jar:na]
	at org.flywaydb.core.internal.database.base.Connection$1.call(Connection.java:147) ~[flyway-core-5.2.4.jar:na]
	at org.flywaydb.core.internal.jdbc.TransactionTemplate.execute(TransactionTemplate.java:74) ~[flyway-core-5.2.4.jar:na]
	at org.flywaydb.core.internal.database.base.Connection.lock(Connection.java:143) ~[flyway-core-5.2.4.jar:na]
	at org.flywaydb.core.internal.schemahistory.JdbcTableSchemaHistory.lock(JdbcTableSchemaHistory.java:155) ~[flyway-core-5.2.4.jar:na]
	at org.flywaydb.core.internal.command.DbMigrate.migrateAll(DbMigrate.java:161) ~[flyway-core-5.2.4.jar:na]
	at org.flywaydb.core.internal.command.DbMigrate.migrate(DbMigrate.java:139) ~[flyway-core-5.2.4.jar:na]
	at org.flywaydb.core.Flyway$1.execute(Flyway.java:1395) ~[flyway-core-5.2.4.jar:na]
	at org.flywaydb.core.Flyway$1.execute(Flyway.java:1356) ~[flyway-core-5.2.4.jar:na]
	at org.flywaydb.core.Flyway.execute(Flyway.java:1711) ~[flyway-core-5.2.4.jar:na]
	at org.flywaydb.core.Flyway.migrate(Flyway.java:1356) ~[flyway-core-5.2.4.jar:na]
	at org.springframework.boot.autoconfigure.flyway.FlywayMigrationInitializer.afterPropertiesSet(FlywayMigrationInitializer.java:66) ~[spring-boot-autoconfigure-2.1.5.RELEASE.jar:2.1.5.RELEASE]
	at org.springframework.beans.factory.support.AbstractAutowireCapableBeanFactory.invokeInitMethods(AbstractAutowireCapableBeanFactory.java:1837) ~[spring-beans-5.1.7.RELEASE.jar:5.1.7.RELEASE]
	at org.springframework.beans.factory.support.AbstractAutowireCapableBeanFactory.initializeBean(AbstractAutowireCapableBeanFactory.java:1774) ~[spring-beans-5.1.7.RELEASE.jar:5.1.7.RELEASE]
	... 45 common frames omitted
Caused by: org.flywaydb.core.internal.sqlscript.FlywaySqlScriptException: 
Migration V01__initialise.sql failed
------------------------------------
SQL State  : 42001
Error Code : 42001
Message    : Syntax error in SQL statement "CREATE TABLE REVIEWS(
    REVIEW_ID INT NOT NULL AUTO_INCREMENT,
    PRODUCT_ID INT NOT NULL,
    REVIEW_TITLE VARCHAR(1000) NOT NULL,
    CONSTRAINT REVIEW_PK PRIMARY KEY (REVIEW_ID),
    CONSTRAINT PRODUCT_REVIEW_FK FOREIGN KEY (PRODUCT_ID) REFERENCES PRODUCTS (PRODUCT_ID) [*]"; expected "INDEX, ON, NOT, DEFERRABLE, NOCHECK, CHECK, ,, )"; SQL statement:
create table reviews(
    review_id int not null auto_increment,
    product_id int not null,
    review_title varchar(1000) not null,
    constraint review_pk primary key (review_id),
    constraint product_review_fk foreign key (product_id) references products (product_id) [42001-199]
Location   : db/migration/V01__initialise.sql (/Users/apoorvalonkar/Desktop/Java_course_Udacity/FINAL SUBMITTED PROJECT/ReviewsApiFinal/target/classes/db/migration/V01__initialise.sql)
Line       : 7
Statement  : create table reviews(
    review_id int not null auto_increment,
    product_id int not null,
    review_title varchar(1000) not null,
    constraint review_pk primary key (review_id),
    constraint product_review_fk foreign key (product_id) references products (product_id)

	at org.flywaydb.core.internal.sqlscript.DefaultSqlScriptExecutor.handleException(DefaultSqlScriptExecutor.java:253) ~[flyway-core-5.2.4.jar:na]
	at org.flywaydb.core.internal.sqlscript.DefaultSqlScriptExecutor.executeStatement(DefaultSqlScriptExecutor.java:202) ~[flyway-core-5.2.4.jar:na]
	at org.flywaydb.core.internal.sqlscript.DefaultSqlScriptExecutor.execute(DefaultSqlScriptExecutor.java:125) ~[flyway-core-5.2.4.jar:na]
	at org.flywaydb.core.internal.resolver.sql.SqlMigrationExecutor.execute(SqlMigrationExecutor.java:77) ~[flyway-core-5.2.4.jar:na]
	at org.flywaydb.core.internal.command.DbMigrate.doMigrateGroup(DbMigrate.java:367) ~[flyway-core-5.2.4.jar:na]
	... 66 common frames omitted
Caused by: org.h2.jdbc.JdbcSQLSyntaxErrorException: Syntax error in SQL statement "CREATE TABLE REVIEWS(
    REVIEW_ID INT NOT NULL AUTO_INCREMENT,
    PRODUCT_ID INT NOT NULL,
    REVIEW_TITLE VARCHAR(1000) NOT NULL,
    CONSTRAINT REVIEW_PK PRIMARY KEY (REVIEW_ID),
    CONSTRAINT PRODUCT_REVIEW_FK FOREIGN KEY (PRODUCT_ID) REFERENCES PRODUCTS (PRODUCT_ID) [*]"; expected "INDEX, ON, NOT, DEFERRABLE, NOCHECK, CHECK, ,, )"; SQL statement:
create table reviews(
    review_id int not null auto_increment,
    product_id int not null,
    review_title varchar(1000) not null,
    constraint review_pk primary key (review_id),
    constraint product_review_fk foreign key (product_id) references products (product_id) [42001-199]
	at org.h2.message.DbException.getJdbcSQLException(DbException.java:451) ~[h2-1.4.199.jar:1.4.199]
	at org.h2.message.DbException.getJdbcSQLException(DbException.java:427) ~[h2-1.4.199.jar:1.4.199]
	at org.h2.message.DbException.getSyntaxError(DbException.java:243) ~[h2-1.4.199.jar:1.4.199]
	at org.h2.command.Parser.getSyntaxError(Parser.java:991) ~[h2-1.4.199.jar:1.4.199]
	at org.h2.command.Parser.read(Parser.java:4549) ~[h2-1.4.199.jar:1.4.199]
	at org.h2.command.Parser.readIfMore(Parser.java:1391) ~[h2-1.4.199.jar:1.4.199]
	at org.h2.command.Parser.parseCreateTable(Parser.java:7833) ~[h2-1.4.199.jar:1.4.199]
	at org.h2.command.Parser.parseCreate(Parser.java:5818) ~[h2-1.4.199.jar:1.4.199]
	at org.h2.command.Parser.parsePrepared(Parser.java:846) ~[h2-1.4.199.jar:1.4.199]
	at org.h2.command.Parser.parse(Parser.java:788) ~[h2-1.4.199.jar:1.4.199]
	at org.h2.command.Parser.parse(Parser.java:764) ~[h2-1.4.199.jar:1.4.199]
	at org.h2.command.Parser.prepareCommand(Parser.java:683) ~[h2-1.4.199.jar:1.4.199]
	at org.h2.engine.Session.prepareLocal(Session.java:627) ~[h2-1.4.199.jar:1.4.199]
	at org.h2.engine.Session.prepareCommand(Session.java:565) ~[h2-1.4.199.jar:1.4.199]
	at org.h2.jdbc.JdbcConnection.prepareCommand(JdbcConnection.java:1292) ~[h2-1.4.199.jar:1.4.199]
	at org.h2.jdbc.JdbcStatement.executeInternal(JdbcStatement.java:217) ~[h2-1.4.199.jar:1.4.199]
	at org.h2.jdbc.JdbcStatement.execute(JdbcStatement.java:205) ~[h2-1.4.199.jar:1.4.199]
	at org.flywaydb.core.internal.jdbc.JdbcTemplate.executeStatement(JdbcTemplate.java:235) ~[flyway-core-5.2.4.jar:na]
	at org.flywaydb.core.internal.sqlscript.StandardSqlStatement.execute(StandardSqlStatement.java:42) ~[flyway-core-5.2.4.jar:na]
	at org.flywaydb.core.internal.sqlscript.DefaultSqlScriptExecutor.executeStatement(DefaultSqlScriptExecutor.java:189) ~[flyway-core-5.2.4.jar:na]
	... 69 common frames omitted


  .   ____          _            __ _ _
 /\\ / ___'_ __ _ _(_)_ __  __ _ \ \ \ \
( ( )\___ | '_ | '_| | '_ \/ _` | \ \ \ \
 \\/  ___)| |_)| | | | | || (_| |  ) ) ) )
  '  |____| .__|_| |_|_| |_\__, | / / / /
 =========|_|==============|___/=/_/_/_/
 :: Spring Boot ::        (v2.1.5.RELEASE)

2019-12-09 16:28:20.731  INFO 17053 --- [           main] c.u.c.reviews.ReviewsApplicationTests    : Starting ReviewsApplicationTests on Apoorvas-MBP.fios-router.home with PID 17053 (started by apoorvalonkar in /Users/apoorvalonkar/Desktop/Java_course_Udacity/FINAL SUBMITTED PROJECT/ReviewsApiFinal)
2019-12-09 16:28:20.732  INFO 17053 --- [           main] c.u.c.reviews.ReviewsApplicationTests    : No active profile set, falling back to default profiles: default
2019-12-09 16:28:20.864  INFO 17053 --- [           main] .s.d.r.c.RepositoryConfigurationDelegate : Multiple Spring Data modules found, entering strict repository configuration mode!
2019-12-09 16:28:20.865  INFO 17053 --- [           main] .s.d.r.c.RepositoryConfigurationDelegate : Bootstrapping Spring Data repositories in DEFAULT mode.
2019-12-09 16:28:20.872  INFO 17053 --- [           main] .RepositoryConfigurationExtensionSupport : Spring Data MongoDB - Could not safely identify store assignment for repository candidate interface com.udacity.course3.reviews.repository.MySQL.CommentRepository.
2019-12-09 16:28:20.874  INFO 17053 --- [           main] .RepositoryConfigurationExtensionSupport : Spring Data MongoDB - Could not safely identify store assignment for repository candidate interface com.udacity.course3.reviews.repository.MySQL.ProductRepository.
2019-12-09 16:28:20.874  INFO 17053 --- [           main] .RepositoryConfigurationExtensionSupport : Spring Data MongoDB - Could not safely identify store assignment for repository candidate interface com.udacity.course3.reviews.repository.MySQL.ReviewRepository.
2019-12-09 16:28:20.882  INFO 17053 --- [           main] .s.d.r.c.RepositoryConfigurationDelegate : Finished Spring Data repository scanning in 16ms. Found 1 repository interfaces.
2019-12-09 16:28:20.899  INFO 17053 --- [           main] .s.d.r.c.RepositoryConfigurationDelegate : Multiple Spring Data modules found, entering strict repository configuration mode!
2019-12-09 16:28:20.900  INFO 17053 --- [           main] .s.d.r.c.RepositoryConfigurationDelegate : Bootstrapping Spring Data repositories in DEFAULT mode.
2019-12-09 16:28:20.912  INFO 17053 --- [           main] .RepositoryConfigurationExtensionSupport : Spring Data JPA - Could not safely identify store assignment for repository candidate interface com.udacity.course3.reviews.repository.Mongo.MongoReviewRepository.
2019-12-09 16:28:20.930  INFO 17053 --- [           main] .s.d.r.c.RepositoryConfigurationDelegate : Finished Spring Data repository scanning in 30ms. Found 3 repository interfaces.
2019-12-09 16:28:20.951  INFO 17053 --- [           main] beddedDataSourceBeanFactoryPostProcessor : Replacing 'dataSource' DataSource bean with embedded version
2019-12-09 16:28:21.031  INFO 17053 --- [           main] o.s.j.d.e.EmbeddedDatabaseFactory        : Starting embedded database: url='jdbc:h2:mem:4649e1dc-7114-46aa-b097-3986d7f050ff;DB_CLOSE_DELAY=-1;DB_CLOSE_ON_EXIT=false', username='sa'
2019-12-09 16:28:21.058  INFO 17053 --- [           main] o.f.c.internal.database.DatabaseFactory  : Database: jdbc:h2:mem:4649e1dc-7114-46aa-b097-3986d7f050ff (H2 1.4)
2019-12-09 16:28:21.060  WARN 17053 --- [           main] o.f.c.internal.database.base.Database    : Flyway upgrade recommended: H2 1.4.199 is newer than this version of Flyway and support has not been tested.
2019-12-09 16:28:21.072  INFO 17053 --- [           main] o.f.core.internal.command.DbValidate     : Successfully validated 1 migration (execution time 00:00.004s)
2019-12-09 16:28:21.082  INFO 17053 --- [           main] o.f.c.i.s.JdbcTableSchemaHistory         : Creating Schema History table: "PUBLIC"."flyway_schema_history"
2019-12-09 16:28:21.095  INFO 17053 --- [           main] o.f.core.internal.command.DbMigrate      : Current version of schema "PUBLIC": << Empty Schema >>
2019-12-09 16:28:21.095  INFO 17053 --- [           main] o.f.core.internal.command.DbMigrate      : Migrating schema "PUBLIC" to version 01 - initialise
2019-12-09 16:28:21.101 ERROR 17053 --- [           main] o.f.core.internal.command.DbMigrate      : Migration of schema "PUBLIC" to version 01 - initialise failed! Please restore backups and roll back database and code!
2019-12-09 16:28:21.112  WARN 17053 --- [           main] s.c.a.AnnotationConfigApplicationContext : Exception encountered during context initialization - cancelling refresh attempt: org.springframework.beans.factory.BeanCreationException: Error creating bean with name 'flywayInitializer' defined in class path resource [org/springframework/boot/autoconfigure/flyway/FlywayAutoConfiguration$FlywayConfiguration.class]: Invocation of init method failed; nested exception is org.flywaydb.core.internal.command.DbMigrate$FlywayMigrateException: 
Migration V01__initialise.sql failed
------------------------------------
SQL State  : 42001
Error Code : 42001
Message    : Syntax error in SQL statement "CREATE TABLE REVIEWS(
    REVIEW_ID INT NOT NULL AUTO_INCREMENT,
    PRODUCT_ID INT NOT NULL,
    REVIEW_TITLE VARCHAR(1000) NOT NULL,
    CONSTRAINT REVIEW_PK PRIMARY KEY (REVIEW_ID),
    CONSTRAINT PRODUCT_REVIEW_FK FOREIGN KEY (PRODUCT_ID) REFERENCES PRODUCTS (PRODUCT_ID) [*]"; expected "INDEX, ON, NOT, DEFERRABLE, NOCHECK, CHECK, ,, )"; SQL statement:
create table reviews(
    review_id int not null auto_increment,
    product_id int not null,
    review_title varchar(1000) not null,
    constraint review_pk primary key (review_id),
    constraint product_review_fk foreign key (product_id) references products (product_id) [42001-199]
Location   : db/migration/V01__initialise.sql (/Users/apoorvalonkar/Desktop/Java_course_Udacity/FINAL SUBMITTED PROJECT/ReviewsApiFinal/target/classes/db/migration/V01__initialise.sql)
Line       : 7
Statement  : create table reviews(
    review_id int not null auto_increment,
    product_id int not null,
    review_title varchar(1000) not null,
    constraint review_pk primary key (review_id),
    constraint product_review_fk foreign key (product_id) references products (product_id)

2019-12-09 16:28:21.113  INFO 17053 --- [           main] ConditionEvaluationReportLoggingListener : 

Error starting ApplicationContext. To display the conditions report re-run your application with 'debug' enabled.
2019-12-09 16:28:21.116 ERROR 17053 --- [           main] o.s.boot.SpringApplication               : Application run failed

org.springframework.beans.factory.BeanCreationException: Error creating bean with name 'flywayInitializer' defined in class path resource [org/springframework/boot/autoconfigure/flyway/FlywayAutoConfiguration$FlywayConfiguration.class]: Invocation of init method failed; nested exception is org.flywaydb.core.internal.command.DbMigrate$FlywayMigrateException: 
Migration V01__initialise.sql failed
------------------------------------
SQL State  : 42001
Error Code : 42001
Message    : Syntax error in SQL statement "CREATE TABLE REVIEWS(
    REVIEW_ID INT NOT NULL AUTO_INCREMENT,
    PRODUCT_ID INT NOT NULL,
    REVIEW_TITLE VARCHAR(1000) NOT NULL,
    CONSTRAINT REVIEW_PK PRIMARY KEY (REVIEW_ID),
    CONSTRAINT PRODUCT_REVIEW_FK FOREIGN KEY (PRODUCT_ID) REFERENCES PRODUCTS (PRODUCT_ID) [*]"; expected "INDEX, ON, NOT, DEFERRABLE, NOCHECK, CHECK, ,, )"; SQL statement:
create table reviews(
    review_id int not null auto_increment,
    product_id int not null,
    review_title varchar(1000) not null,
    constraint review_pk primary key (review_id),
    constraint product_review_fk foreign key (product_id) references products (product_id) [42001-199]
Location   : db/migration/V01__initialise.sql (/Users/apoorvalonkar/Desktop/Java_course_Udacity/FINAL SUBMITTED PROJECT/ReviewsApiFinal/target/classes/db/migration/V01__initialise.sql)
Line       : 7
Statement  : create table reviews(
    review_id int not null auto_increment,
    product_id int not null,
    review_title varchar(1000) not null,
    constraint review_pk primary key (review_id),
    constraint product_review_fk foreign key (product_id) references products (product_id)

	at org.springframework.beans.factory.support.AbstractAutowireCapableBeanFactory.initializeBean(AbstractAutowireCapableBeanFactory.java:1778) ~[spring-beans-5.1.7.RELEASE.jar:5.1.7.RELEASE]
	at org.springframework.beans.factory.support.AbstractAutowireCapableBeanFactory.doCreateBean(AbstractAutowireCapableBeanFactory.java:593) ~[spring-beans-5.1.7.RELEASE.jar:5.1.7.RELEASE]
	at org.springframework.beans.factory.support.AbstractAutowireCapableBeanFactory.createBean(AbstractAutowireCapableBeanFactory.java:515) ~[spring-beans-5.1.7.RELEASE.jar:5.1.7.RELEASE]
	at org.springframework.beans.factory.support.AbstractBeanFactory.lambda$doGetBean$0(AbstractBeanFactory.java:320) ~[spring-beans-5.1.7.RELEASE.jar:5.1.7.RELEASE]
	at org.springframework.beans.factory.support.DefaultSingletonBeanRegistry.getSingleton(DefaultSingletonBeanRegistry.java:222) ~[spring-beans-5.1.7.RELEASE.jar:5.1.7.RELEASE]
	at org.springframework.beans.factory.support.AbstractBeanFactory.doGetBean(AbstractBeanFactory.java:318) ~[spring-beans-5.1.7.RELEASE.jar:5.1.7.RELEASE]
	at org.springframework.beans.factory.support.AbstractBeanFactory.getBean(AbstractBeanFactory.java:199) ~[spring-beans-5.1.7.RELEASE.jar:5.1.7.RELEASE]
	at org.springframework.beans.factory.support.AbstractBeanFactory.doGetBean(AbstractBeanFactory.java:307) ~[spring-beans-5.1.7.RELEASE.jar:5.1.7.RELEASE]
	at org.springframework.beans.factory.support.AbstractBeanFactory.getBean(AbstractBeanFactory.java:199) ~[spring-beans-5.1.7.RELEASE.jar:5.1.7.RELEASE]
	at org.springframework.context.support.AbstractApplicationContext.getBean(AbstractApplicationContext.java:1105) ~[spring-context-5.1.7.RELEASE.jar:5.1.7.RELEASE]
	at org.springframework.context.support.AbstractApplicationContext.finishBeanFactoryInitialization(AbstractApplicationContext.java:867) ~[spring-context-5.1.7.RELEASE.jar:5.1.7.RELEASE]
	at org.springframework.context.support.AbstractApplicationContext.refresh(AbstractApplicationContext.java:549) ~[spring-context-5.1.7.RELEASE.jar:5.1.7.RELEASE]
	at org.springframework.boot.SpringApplication.refresh(SpringApplication.java:775) ~[spring-boot-2.1.5.RELEASE.jar:2.1.5.RELEASE]
	at org.springframework.boot.SpringApplication.refreshContext(SpringApplication.java:397) ~[spring-boot-2.1.5.RELEASE.jar:2.1.5.RELEASE]
	at org.springframework.boot.SpringApplication.run(SpringApplication.java:316) ~[spring-boot-2.1.5.RELEASE.jar:2.1.5.RELEASE]
	at org.springframework.boot.test.context.SpringBootContextLoader.loadContext(SpringBootContextLoader.java:127) [spring-boot-test-2.1.5.RELEASE.jar:2.1.5.RELEASE]
	at org.springframework.test.context.cache.DefaultCacheAwareContextLoaderDelegate.loadContextInternal(DefaultCacheAwareContextLoaderDelegate.java:99) [spring-test-5.1.7.RELEASE.jar:5.1.7.RELEASE]
	at org.springframework.test.context.cache.DefaultCacheAwareContextLoaderDelegate.loadContext(DefaultCacheAwareContextLoaderDelegate.java:117) [spring-test-5.1.7.RELEASE.jar:5.1.7.RELEASE]
	at org.springframework.test.context.support.DefaultTestContext.getApplicationContext(DefaultTestContext.java:108) [spring-test-5.1.7.RELEASE.jar:5.1.7.RELEASE]
	at org.springframework.boot.test.autoconfigure.SpringBootDependencyInjectionTestExecutionListener.outputConditionEvaluationReport(SpringBootDependencyInjectionTestExecutionListener.java:54) [spring-boot-test-autoconfigure-2.1.5.RELEASE.jar:2.1.5.RELEASE]
	at org.springframework.boot.test.autoconfigure.SpringBootDependencyInjectionTestExecutionListener.prepareTestInstance(SpringBootDependencyInjectionTestExecutionListener.java:47) [spring-boot-test-autoconfigure-2.1.5.RELEASE.jar:2.1.5.RELEASE]
	at org.springframework.test.context.TestContextManager.prepareTestInstance(TestContextManager.java:246) [spring-test-5.1.7.RELEASE.jar:5.1.7.RELEASE]
	at org.springframework.test.context.junit4.SpringJUnit4ClassRunner.createTest(SpringJUnit4ClassRunner.java:227) [spring-test-5.1.7.RELEASE.jar:5.1.7.RELEASE]
	at org.springframework.test.context.junit4.SpringJUnit4ClassRunner$1.runReflectiveCall(SpringJUnit4ClassRunner.java:289) [spring-test-5.1.7.RELEASE.jar:5.1.7.RELEASE]
	at org.junit.internal.runners.model.ReflectiveCallable.run(ReflectiveCallable.java:12) [junit-4.12.jar:4.12]
	at org.springframework.test.context.junit4.SpringJUnit4ClassRunner.methodBlock(SpringJUnit4ClassRunner.java:291) [spring-test-5.1.7.RELEASE.jar:5.1.7.RELEASE]
	at org.springframework.test.context.junit4.SpringJUnit4ClassRunner.runChild(SpringJUnit4ClassRunner.java:246) [spring-test-5.1.7.RELEASE.jar:5.1.7.RELEASE]
	at org.springframework.test.context.junit4.SpringJUnit4ClassRunner.runChild(SpringJUnit4ClassRunner.java:97) [spring-test-5.1.7.RELEASE.jar:5.1.7.RELEASE]
	at org.junit.runners.ParentRunner$3.run(ParentRunner.java:290) [junit-4.12.jar:4.12]
	at org.junit.runners.ParentRunner$1.schedule(ParentRunner.java:71) [junit-4.12.jar:4.12]
	at org.junit.runners.ParentRunner.runChildren(ParentRunner.java:288) [junit-4.12.jar:4.12]
	at org.junit.runners.ParentRunner.access$000(ParentRunner.java:58) [junit-4.12.jar:4.12]
	at org.junit.runners.ParentRunner$2.evaluate(ParentRunner.java:268) [junit-4.12.jar:4.12]
	at org.springframework.test.context.junit4.statements.RunBeforeTestClassCallbacks.evaluate(RunBeforeTestClassCallbacks.java:61) [spring-test-5.1.7.RELEASE.jar:5.1.7.RELEASE]
	at org.springframework.test.context.junit4.statements.RunAfterTestClassCallbacks.evaluate(RunAfterTestClassCallbacks.java:70) [spring-test-5.1.7.RELEASE.jar:5.1.7.RELEASE]
	at org.junit.runners.ParentRunner.run(ParentRunner.java:363) [junit-4.12.jar:4.12]
	at org.springframework.test.context.junit4.SpringJUnit4ClassRunner.run(SpringJUnit4ClassRunner.java:190) [spring-test-5.1.7.RELEASE.jar:5.1.7.RELEASE]
	at org.apache.maven.surefire.junit4.JUnit4Provider.execute(JUnit4Provider.java:365) [surefire-junit4-2.22.2.jar:2.22.2]
	at org.apache.maven.surefire.junit4.JUnit4Provider.executeWithRerun(JUnit4Provider.java:273) [surefire-junit4-2.22.2.jar:2.22.2]
	at org.apache.maven.surefire.junit4.JUnit4Provider.executeTestSet(JUnit4Provider.java:238) [surefire-junit4-2.22.2.jar:2.22.2]
	at org.apache.maven.surefire.junit4.JUnit4Provider.invoke(JUnit4Provider.java:159) [surefire-junit4-2.22.2.jar:2.22.2]
	at org.apache.maven.surefire.booter.ForkedBooter.invokeProviderInSameClassLoader(ForkedBooter.java:384) [surefire-booter-2.22.2.jar:2.22.2]
	at org.apache.maven.surefire.booter.ForkedBooter.runSuitesInProcess(ForkedBooter.java:345) [surefire-booter-2.22.2.jar:2.22.2]
	at org.apache.maven.surefire.booter.ForkedBooter.execute(ForkedBooter.java:126) [surefire-booter-2.22.2.jar:2.22.2]
	at org.apache.maven.surefire.booter.ForkedBooter.main(ForkedBooter.java:418) [surefire-booter-2.22.2.jar:2.22.2]
Caused by: org.flywaydb.core.internal.command.DbMigrate$FlywayMigrateException: 
Migration V01__initialise.sql failed
------------------------------------
SQL State  : 42001
Error Code : 42001
Message    : Syntax error in SQL statement "CREATE TABLE REVIEWS(
    REVIEW_ID INT NOT NULL AUTO_INCREMENT,
    PRODUCT_ID INT NOT NULL,
    REVIEW_TITLE VARCHAR(1000) NOT NULL,
    CONSTRAINT REVIEW_PK PRIMARY KEY (REVIEW_ID),
    CONSTRAINT PRODUCT_REVIEW_FK FOREIGN KEY (PRODUCT_ID) REFERENCES PRODUCTS (PRODUCT_ID) [*]"; expected "INDEX, ON, NOT, DEFERRABLE, NOCHECK, CHECK, ,, )"; SQL statement:
create table reviews(
    review_id int not null auto_increment,
    product_id int not null,
    review_title varchar(1000) not null,
    constraint review_pk primary key (review_id),
    constraint product_review_fk foreign key (product_id) references products (product_id) [42001-199]
Location   : db/migration/V01__initialise.sql (/Users/apoorvalonkar/Desktop/Java_course_Udacity/FINAL SUBMITTED PROJECT/ReviewsApiFinal/target/classes/db/migration/V01__initialise.sql)
Line       : 7
Statement  : create table reviews(
    review_id int not null auto_increment,
    product_id int not null,
    review_title varchar(1000) not null,
    constraint review_pk primary key (review_id),
    constraint product_review_fk foreign key (product_id) references products (product_id)

	at org.flywaydb.core.internal.command.DbMigrate.doMigrateGroup(DbMigrate.java:370) ~[flyway-core-5.2.4.jar:na]
	at org.flywaydb.core.internal.command.DbMigrate.access$200(DbMigrate.java:54) ~[flyway-core-5.2.4.jar:na]
	at org.flywaydb.core.internal.command.DbMigrate$3.call(DbMigrate.java:284) ~[flyway-core-5.2.4.jar:na]
	at org.flywaydb.core.internal.jdbc.TransactionTemplate.execute(TransactionTemplate.java:74) ~[flyway-core-5.2.4.jar:na]
	at org.flywaydb.core.internal.command.DbMigrate.applyMigrations(DbMigrate.java:281) ~[flyway-core-5.2.4.jar:na]
	at org.flywaydb.core.internal.command.DbMigrate.migrateGroup(DbMigrate.java:246) ~[flyway-core-5.2.4.jar:na]
	at org.flywaydb.core.internal.command.DbMigrate.access$100(DbMigrate.java:54) ~[flyway-core-5.2.4.jar:na]
	at org.flywaydb.core.internal.command.DbMigrate$2.call(DbMigrate.java:164) ~[flyway-core-5.2.4.jar:na]
	at org.flywaydb.core.internal.command.DbMigrate$2.call(DbMigrate.java:161) ~[flyway-core-5.2.4.jar:na]
	at org.flywaydb.core.internal.database.base.Connection$1.call(Connection.java:147) ~[flyway-core-5.2.4.jar:na]
	at org.flywaydb.core.internal.jdbc.TransactionTemplate.execute(TransactionTemplate.java:74) ~[flyway-core-5.2.4.jar:na]
	at org.flywaydb.core.internal.database.base.Connection.lock(Connection.java:143) ~[flyway-core-5.2.4.jar:na]
	at org.flywaydb.core.internal.schemahistory.JdbcTableSchemaHistory.lock(JdbcTableSchemaHistory.java:155) ~[flyway-core-5.2.4.jar:na]
	at org.flywaydb.core.internal.command.DbMigrate.migrateAll(DbMigrate.java:161) ~[flyway-core-5.2.4.jar:na]
	at org.flywaydb.core.internal.command.DbMigrate.migrate(DbMigrate.java:139) ~[flyway-core-5.2.4.jar:na]
	at org.flywaydb.core.Flyway$1.execute(Flyway.java:1395) ~[flyway-core-5.2.4.jar:na]
	at org.flywaydb.core.Flyway$1.execute(Flyway.java:1356) ~[flyway-core-5.2.4.jar:na]
	at org.flywaydb.core.Flyway.execute(Flyway.java:1711) ~[flyway-core-5.2.4.jar:na]
	at org.flywaydb.core.Flyway.migrate(Flyway.java:1356) ~[flyway-core-5.2.4.jar:na]
	at org.springframework.boot.autoconfigure.flyway.FlywayMigrationInitializer.afterPropertiesSet(FlywayMigrationInitializer.java:66) ~[spring-boot-autoconfigure-2.1.5.RELEASE.jar:2.1.5.RELEASE]
	at org.springframework.beans.factory.support.AbstractAutowireCapableBeanFactory.invokeInitMethods(AbstractAutowireCapableBeanFactory.java:1837) ~[spring-beans-5.1.7.RELEASE.jar:5.1.7.RELEASE]
	at org.springframework.beans.factory.support.AbstractAutowireCapableBeanFactory.initializeBean(AbstractAutowireCapableBeanFactory.java:1774) ~[spring-beans-5.1.7.RELEASE.jar:5.1.7.RELEASE]
	... 44 common frames omitted
Caused by: org.flywaydb.core.internal.sqlscript.FlywaySqlScriptException: 
Migration V01__initialise.sql failed
------------------------------------
SQL State  : 42001
Error Code : 42001
Message    : Syntax error in SQL statement "CREATE TABLE REVIEWS(
    REVIEW_ID INT NOT NULL AUTO_INCREMENT,
    PRODUCT_ID INT NOT NULL,
    REVIEW_TITLE VARCHAR(1000) NOT NULL,
    CONSTRAINT REVIEW_PK PRIMARY KEY (REVIEW_ID),
    CONSTRAINT PRODUCT_REVIEW_FK FOREIGN KEY (PRODUCT_ID) REFERENCES PRODUCTS (PRODUCT_ID) [*]"; expected "INDEX, ON, NOT, DEFERRABLE, NOCHECK, CHECK, ,, )"; SQL statement:
create table reviews(
    review_id int not null auto_increment,
    product_id int not null,
    review_title varchar(1000) not null,
    constraint review_pk primary key (review_id),
    constraint product_review_fk foreign key (product_id) references products (product_id) [42001-199]
Location   : db/migration/V01__initialise.sql (/Users/apoorvalonkar/Desktop/Java_course_Udacity/FINAL SUBMITTED PROJECT/ReviewsApiFinal/target/classes/db/migration/V01__initialise.sql)
Line       : 7
Statement  : create table reviews(
    review_id int not null auto_increment,
    product_id int not null,
    review_title varchar(1000) not null,
    constraint review_pk primary key (review_id),
    constraint product_review_fk foreign key (product_id) references products (product_id)

	at org.flywaydb.core.internal.sqlscript.DefaultSqlScriptExecutor.handleException(DefaultSqlScriptExecutor.java:253) ~[flyway-core-5.2.4.jar:na]
	at org.flywaydb.core.internal.sqlscript.DefaultSqlScriptExecutor.executeStatement(DefaultSqlScriptExecutor.java:202) ~[flyway-core-5.2.4.jar:na]
	at org.flywaydb.core.internal.sqlscript.DefaultSqlScriptExecutor.execute(DefaultSqlScriptExecutor.java:125) ~[flyway-core-5.2.4.jar:na]
	at org.flywaydb.core.internal.resolver.sql.SqlMigrationExecutor.execute(SqlMigrationExecutor.java:77) ~[flyway-core-5.2.4.jar:na]
	at org.flywaydb.core.internal.command.DbMigrate.doMigrateGroup(DbMigrate.java:367) ~[flyway-core-5.2.4.jar:na]
	... 65 common frames omitted
Caused by: org.h2.jdbc.JdbcSQLSyntaxErrorException: Syntax error in SQL statement "CREATE TABLE REVIEWS(
    REVIEW_ID INT NOT NULL AUTO_INCREMENT,
    PRODUCT_ID INT NOT NULL,
    REVIEW_TITLE VARCHAR(1000) NOT NULL,
    CONSTRAINT REVIEW_PK PRIMARY KEY (REVIEW_ID),
    CONSTRAINT PRODUCT_REVIEW_FK FOREIGN KEY (PRODUCT_ID) REFERENCES PRODUCTS (PRODUCT_ID) [*]"; expected "INDEX, ON, NOT, DEFERRABLE, NOCHECK, CHECK, ,, )"; SQL statement:
create table reviews(
    review_id int not null auto_increment,
    product_id int not null,
    review_title varchar(1000) not null,
    constraint review_pk primary key (review_id),
    constraint product_review_fk foreign key (product_id) references products (product_id) [42001-199]
	at org.h2.message.DbException.getJdbcSQLException(DbException.java:451) ~[h2-1.4.199.jar:1.4.199]
	at org.h2.message.DbException.getJdbcSQLException(DbException.java:427) ~[h2-1.4.199.jar:1.4.199]
	at org.h2.message.DbException.getSyntaxError(DbException.java:243) ~[h2-1.4.199.jar:1.4.199]
	at org.h2.command.Parser.getSyntaxError(Parser.java:991) ~[h2-1.4.199.jar:1.4.199]
	at org.h2.command.Parser.read(Parser.java:4549) ~[h2-1.4.199.jar:1.4.199]
	at org.h2.command.Parser.readIfMore(Parser.java:1391) ~[h2-1.4.199.jar:1.4.199]
	at org.h2.command.Parser.parseCreateTable(Parser.java:7833) ~[h2-1.4.199.jar:1.4.199]
	at org.h2.command.Parser.parseCreate(Parser.java:5818) ~[h2-1.4.199.jar:1.4.199]
	at org.h2.command.Parser.parsePrepared(Parser.java:846) ~[h2-1.4.199.jar:1.4.199]
	at org.h2.command.Parser.parse(Parser.java:788) ~[h2-1.4.199.jar:1.4.199]
	at org.h2.command.Parser.parse(Parser.java:764) ~[h2-1.4.199.jar:1.4.199]
	at org.h2.command.Parser.prepareCommand(Parser.java:683) ~[h2-1.4.199.jar:1.4.199]
	at org.h2.engine.Session.prepareLocal(Session.java:627) ~[h2-1.4.199.jar:1.4.199]
	at org.h2.engine.Session.prepareCommand(Session.java:565) ~[h2-1.4.199.jar:1.4.199]
	at org.h2.jdbc.JdbcConnection.prepareCommand(JdbcConnection.java:1292) ~[h2-1.4.199.jar:1.4.199]
	at org.h2.jdbc.JdbcStatement.executeInternal(JdbcStatement.java:217) ~[h2-1.4.199.jar:1.4.199]
	at org.h2.jdbc.JdbcStatement.execute(JdbcStatement.java:205) ~[h2-1.4.199.jar:1.4.199]
	at org.flywaydb.core.internal.jdbc.JdbcTemplate.executeStatement(JdbcTemplate.java:235) ~[flyway-core-5.2.4.jar:na]
	at org.flywaydb.core.internal.sqlscript.StandardSqlStatement.execute(StandardSqlStatement.java:42) ~[flyway-core-5.2.4.jar:na]
	at org.flywaydb.core.internal.sqlscript.DefaultSqlScriptExecutor.executeStatement(DefaultSqlScriptExecutor.java:189) ~[flyway-core-5.2.4.jar:na]
	... 68 common frames omitted

2019-12-09 16:28:21.126 ERROR 17053 --- [           main] o.s.test.context.TestContextManager      : Caught exception while allowing TestExecutionListener [org.springframework.boot.test.autoconfigure.SpringBootDependencyInjectionTestExecutionListener@7adda9cc] to prepare test instance [com.udacity.course3.reviews.ReviewsApplicationTests@680a66dd]

java.lang.IllegalStateException: Failed to load ApplicationContext
	at org.springframework.test.context.cache.DefaultCacheAwareContextLoaderDelegate.loadContext(DefaultCacheAwareContextLoaderDelegate.java:125) ~[spring-test-5.1.7.RELEASE.jar:5.1.7.RELEASE]
	at org.springframework.test.context.support.DefaultTestContext.getApplicationContext(DefaultTestContext.java:108) ~[spring-test-5.1.7.RELEASE.jar:5.1.7.RELEASE]
	at org.springframework.test.context.support.DependencyInjectionTestExecutionListener.injectDependencies(DependencyInjectionTestExecutionListener.java:118) ~[spring-test-5.1.7.RELEASE.jar:5.1.7.RELEASE]
	at org.springframework.test.context.support.DependencyInjectionTestExecutionListener.prepareTestInstance(DependencyInjectionTestExecutionListener.java:83) ~[spring-test-5.1.7.RELEASE.jar:5.1.7.RELEASE]
	at org.springframework.boot.test.autoconfigure.SpringBootDependencyInjectionTestExecutionListener.prepareTestInstance(SpringBootDependencyInjectionTestExecutionListener.java:44) ~[spring-boot-test-autoconfigure-2.1.5.RELEASE.jar:2.1.5.RELEASE]
	at org.springframework.test.context.TestContextManager.prepareTestInstance(TestContextManager.java:246) ~[spring-test-5.1.7.RELEASE.jar:5.1.7.RELEASE]
	at org.springframework.test.context.junit4.SpringJUnit4ClassRunner.createTest(SpringJUnit4ClassRunner.java:227) [spring-test-5.1.7.RELEASE.jar:5.1.7.RELEASE]
	at org.springframework.test.context.junit4.SpringJUnit4ClassRunner$1.runReflectiveCall(SpringJUnit4ClassRunner.java:289) [spring-test-5.1.7.RELEASE.jar:5.1.7.RELEASE]
	at org.junit.internal.runners.model.ReflectiveCallable.run(ReflectiveCallable.java:12) [junit-4.12.jar:4.12]
	at org.springframework.test.context.junit4.SpringJUnit4ClassRunner.methodBlock(SpringJUnit4ClassRunner.java:291) [spring-test-5.1.7.RELEASE.jar:5.1.7.RELEASE]
	at org.springframework.test.context.junit4.SpringJUnit4ClassRunner.runChild(SpringJUnit4ClassRunner.java:246) [spring-test-5.1.7.RELEASE.jar:5.1.7.RELEASE]
	at org.springframework.test.context.junit4.SpringJUnit4ClassRunner.runChild(SpringJUnit4ClassRunner.java:97) [spring-test-5.1.7.RELEASE.jar:5.1.7.RELEASE]
	at org.junit.runners.ParentRunner$3.run(ParentRunner.java:290) [junit-4.12.jar:4.12]
	at org.junit.runners.ParentRunner$1.schedule(ParentRunner.java:71) [junit-4.12.jar:4.12]
	at org.junit.runners.ParentRunner.runChildren(ParentRunner.java:288) [junit-4.12.jar:4.12]
	at org.junit.runners.ParentRunner.access$000(ParentRunner.java:58) [junit-4.12.jar:4.12]
	at org.junit.runners.ParentRunner$2.evaluate(ParentRunner.java:268) [junit-4.12.jar:4.12]
	at org.springframework.test.context.junit4.statements.RunBeforeTestClassCallbacks.evaluate(RunBeforeTestClassCallbacks.java:61) [spring-test-5.1.7.RELEASE.jar:5.1.7.RELEASE]
	at org.springframework.test.context.junit4.statements.RunAfterTestClassCallbacks.evaluate(RunAfterTestClassCallbacks.java:70) [spring-test-5.1.7.RELEASE.jar:5.1.7.RELEASE]
	at org.junit.runners.ParentRunner.run(ParentRunner.java:363) [junit-4.12.jar:4.12]
	at org.springframework.test.context.junit4.SpringJUnit4ClassRunner.run(SpringJUnit4ClassRunner.java:190) [spring-test-5.1.7.RELEASE.jar:5.1.7.RELEASE]
	at org.apache.maven.surefire.junit4.JUnit4Provider.execute(JUnit4Provider.java:365) [surefire-junit4-2.22.2.jar:2.22.2]
	at org.apache.maven.surefire.junit4.JUnit4Provider.executeWithRerun(JUnit4Provider.java:273) [surefire-junit4-2.22.2.jar:2.22.2]
	at org.apache.maven.surefire.junit4.JUnit4Provider.executeTestSet(JUnit4Provider.java:238) [surefire-junit4-2.22.2.jar:2.22.2]
	at org.apache.maven.surefire.junit4.JUnit4Provider.invoke(JUnit4Provider.java:159) [surefire-junit4-2.22.2.jar:2.22.2]
	at org.apache.maven.surefire.booter.ForkedBooter.invokeProviderInSameClassLoader(ForkedBooter.java:384) [surefire-booter-2.22.2.jar:2.22.2]
	at org.apache.maven.surefire.booter.ForkedBooter.runSuitesInProcess(ForkedBooter.java:345) [surefire-booter-2.22.2.jar:2.22.2]
	at org.apache.maven.surefire.booter.ForkedBooter.execute(ForkedBooter.java:126) [surefire-booter-2.22.2.jar:2.22.2]
	at org.apache.maven.surefire.booter.ForkedBooter.main(ForkedBooter.java:418) [surefire-booter-2.22.2.jar:2.22.2]
Caused by: org.springframework.beans.factory.BeanCreationException: Error creating bean with name 'flywayInitializer' defined in class path resource [org/springframework/boot/autoconfigure/flyway/FlywayAutoConfiguration$FlywayConfiguration.class]: Invocation of init method failed; nested exception is org.flywaydb.core.internal.command.DbMigrate$FlywayMigrateException: 
Migration V01__initialise.sql failed
------------------------------------
SQL State  : 42001
Error Code : 42001
Message    : Syntax error in SQL statement "CREATE TABLE REVIEWS(
    REVIEW_ID INT NOT NULL AUTO_INCREMENT,
    PRODUCT_ID INT NOT NULL,
    REVIEW_TITLE VARCHAR(1000) NOT NULL,
    CONSTRAINT REVIEW_PK PRIMARY KEY (REVIEW_ID),
    CONSTRAINT PRODUCT_REVIEW_FK FOREIGN KEY (PRODUCT_ID) REFERENCES PRODUCTS (PRODUCT_ID) [*]"; expected "INDEX, ON, NOT, DEFERRABLE, NOCHECK, CHECK, ,, )"; SQL statement:
create table reviews(
    review_id int not null auto_increment,
    product_id int not null,
    review_title varchar(1000) not null,
    constraint review_pk primary key (review_id),
    constraint product_review_fk foreign key (product_id) references products (product_id) [42001-199]
Location   : db/migration/V01__initialise.sql (/Users/apoorvalonkar/Desktop/Java_course_Udacity/FINAL SUBMITTED PROJECT/ReviewsApiFinal/target/classes/db/migration/V01__initialise.sql)
Line       : 7
Statement  : create table reviews(
    review_id int not null auto_increment,
    product_id int not null,
    review_title varchar(1000) not null,
    constraint review_pk primary key (review_id),
    constraint product_review_fk foreign key (product_id) references products (product_id)

	at org.springframework.beans.factory.support.AbstractAutowireCapableBeanFactory.initializeBean(AbstractAutowireCapableBeanFactory.java:1778) ~[spring-beans-5.1.7.RELEASE.jar:5.1.7.RELEASE]
	at org.springframework.beans.factory.support.AbstractAutowireCapableBeanFactory.doCreateBean(AbstractAutowireCapableBeanFactory.java:593) ~[spring-beans-5.1.7.RELEASE.jar:5.1.7.RELEASE]
	at org.springframework.beans.factory.support.AbstractAutowireCapableBeanFactory.createBean(AbstractAutowireCapableBeanFactory.java:515) ~[spring-beans-5.1.7.RELEASE.jar:5.1.7.RELEASE]
	at org.springframework.beans.factory.support.AbstractBeanFactory.lambda$doGetBean$0(AbstractBeanFactory.java:320) ~[spring-beans-5.1.7.RELEASE.jar:5.1.7.RELEASE]
	at org.springframework.beans.factory.support.DefaultSingletonBeanRegistry.getSingleton(DefaultSingletonBeanRegistry.java:222) ~[spring-beans-5.1.7.RELEASE.jar:5.1.7.RELEASE]
	at org.springframework.beans.factory.support.AbstractBeanFactory.doGetBean(AbstractBeanFactory.java:318) ~[spring-beans-5.1.7.RELEASE.jar:5.1.7.RELEASE]
	at org.springframework.beans.factory.support.AbstractBeanFactory.getBean(AbstractBeanFactory.java:199) ~[spring-beans-5.1.7.RELEASE.jar:5.1.7.RELEASE]
	at org.springframework.beans.factory.support.AbstractBeanFactory.doGetBean(AbstractBeanFactory.java:307) ~[spring-beans-5.1.7.RELEASE.jar:5.1.7.RELEASE]
	at org.springframework.beans.factory.support.AbstractBeanFactory.getBean(AbstractBeanFactory.java:199) ~[spring-beans-5.1.7.RELEASE.jar:5.1.7.RELEASE]
	at org.springframework.context.support.AbstractApplicationContext.getBean(AbstractApplicationContext.java:1105) ~[spring-context-5.1.7.RELEASE.jar:5.1.7.RELEASE]
	at org.springframework.context.support.AbstractApplicationContext.finishBeanFactoryInitialization(AbstractApplicationContext.java:867) ~[spring-context-5.1.7.RELEASE.jar:5.1.7.RELEASE]
	at org.springframework.context.support.AbstractApplicationContext.refresh(AbstractApplicationContext.java:549) ~[spring-context-5.1.7.RELEASE.jar:5.1.7.RELEASE]
	at org.springframework.boot.SpringApplication.refresh(SpringApplication.java:775) ~[spring-boot-2.1.5.RELEASE.jar:2.1.5.RELEASE]
	at org.springframework.boot.SpringApplication.refreshContext(SpringApplication.java:397) ~[spring-boot-2.1.5.RELEASE.jar:2.1.5.RELEASE]
	at org.springframework.boot.SpringApplication.run(SpringApplication.java:316) ~[spring-boot-2.1.5.RELEASE.jar:2.1.5.RELEASE]
	at org.springframework.boot.test.context.SpringBootContextLoader.loadContext(SpringBootContextLoader.java:127) ~[spring-boot-test-2.1.5.RELEASE.jar:2.1.5.RELEASE]
	at org.springframework.test.context.cache.DefaultCacheAwareContextLoaderDelegate.loadContextInternal(DefaultCacheAwareContextLoaderDelegate.java:99) ~[spring-test-5.1.7.RELEASE.jar:5.1.7.RELEASE]
	at org.springframework.test.context.cache.DefaultCacheAwareContextLoaderDelegate.loadContext(DefaultCacheAwareContextLoaderDelegate.java:117) ~[spring-test-5.1.7.RELEASE.jar:5.1.7.RELEASE]
	... 28 common frames omitted
Caused by: org.flywaydb.core.internal.command.DbMigrate$FlywayMigrateException: 
Migration V01__initialise.sql failed
------------------------------------
SQL State  : 42001
Error Code : 42001
Message    : Syntax error in SQL statement "CREATE TABLE REVIEWS(
    REVIEW_ID INT NOT NULL AUTO_INCREMENT,
    PRODUCT_ID INT NOT NULL,
    REVIEW_TITLE VARCHAR(1000) NOT NULL,
    CONSTRAINT REVIEW_PK PRIMARY KEY (REVIEW_ID),
    CONSTRAINT PRODUCT_REVIEW_FK FOREIGN KEY (PRODUCT_ID) REFERENCES PRODUCTS (PRODUCT_ID) [*]"; expected "INDEX, ON, NOT, DEFERRABLE, NOCHECK, CHECK, ,, )"; SQL statement:
create table reviews(
    review_id int not null auto_increment,
    product_id int not null,
    review_title varchar(1000) not null,
    constraint review_pk primary key (review_id),
    constraint product_review_fk foreign key (product_id) references products (product_id) [42001-199]
Location   : db/migration/V01__initialise.sql (/Users/apoorvalonkar/Desktop/Java_course_Udacity/FINAL SUBMITTED PROJECT/ReviewsApiFinal/target/classes/db/migration/V01__initialise.sql)
Line       : 7
Statement  : create table reviews(
    review_id int not null auto_increment,
    product_id int not null,
    review_title varchar(1000) not null,
    constraint review_pk primary key (review_id),
    constraint product_review_fk foreign key (product_id) references products (product_id)

	at org.flywaydb.core.internal.command.DbMigrate.doMigrateGroup(DbMigrate.java:370) ~[flyway-core-5.2.4.jar:na]
	at org.flywaydb.core.internal.command.DbMigrate.access$200(DbMigrate.java:54) ~[flyway-core-5.2.4.jar:na]
	at org.flywaydb.core.internal.command.DbMigrate$3.call(DbMigrate.java:284) ~[flyway-core-5.2.4.jar:na]
	at org.flywaydb.core.internal.jdbc.TransactionTemplate.execute(TransactionTemplate.java:74) ~[flyway-core-5.2.4.jar:na]
	at org.flywaydb.core.internal.command.DbMigrate.applyMigrations(DbMigrate.java:281) ~[flyway-core-5.2.4.jar:na]
	at org.flywaydb.core.internal.command.DbMigrate.migrateGroup(DbMigrate.java:246) ~[flyway-core-5.2.4.jar:na]
	at org.flywaydb.core.internal.command.DbMigrate.access$100(DbMigrate.java:54) ~[flyway-core-5.2.4.jar:na]
	at org.flywaydb.core.internal.command.DbMigrate$2.call(DbMigrate.java:164) ~[flyway-core-5.2.4.jar:na]
	at org.flywaydb.core.internal.command.DbMigrate$2.call(DbMigrate.java:161) ~[flyway-core-5.2.4.jar:na]
	at org.flywaydb.core.internal.database.base.Connection$1.call(Connection.java:147) ~[flyway-core-5.2.4.jar:na]
	at org.flywaydb.core.internal.jdbc.TransactionTemplate.execute(TransactionTemplate.java:74) ~[flyway-core-5.2.4.jar:na]
	at org.flywaydb.core.internal.database.base.Connection.lock(Connection.java:143) ~[flyway-core-5.2.4.jar:na]
	at org.flywaydb.core.internal.schemahistory.JdbcTableSchemaHistory.lock(JdbcTableSchemaHistory.java:155) ~[flyway-core-5.2.4.jar:na]
	at org.flywaydb.core.internal.command.DbMigrate.migrateAll(DbMigrate.java:161) ~[flyway-core-5.2.4.jar:na]
	at org.flywaydb.core.internal.command.DbMigrate.migrate(DbMigrate.java:139) ~[flyway-core-5.2.4.jar:na]
	at org.flywaydb.core.Flyway$1.execute(Flyway.java:1395) ~[flyway-core-5.2.4.jar:na]
	at org.flywaydb.core.Flyway$1.execute(Flyway.java:1356) ~[flyway-core-5.2.4.jar:na]
	at org.flywaydb.core.Flyway.execute(Flyway.java:1711) ~[flyway-core-5.2.4.jar:na]
	at org.flywaydb.core.Flyway.migrate(Flyway.java:1356) ~[flyway-core-5.2.4.jar:na]
	at org.springframework.boot.autoconfigure.flyway.FlywayMigrationInitializer.afterPropertiesSet(FlywayMigrationInitializer.java:66) ~[spring-boot-autoconfigure-2.1.5.RELEASE.jar:2.1.5.RELEASE]
	at org.springframework.beans.factory.support.AbstractAutowireCapableBeanFactory.invokeInitMethods(AbstractAutowireCapableBeanFactory.java:1837) ~[spring-beans-5.1.7.RELEASE.jar:5.1.7.RELEASE]
	at org.springframework.beans.factory.support.AbstractAutowireCapableBeanFactory.initializeBean(AbstractAutowireCapableBeanFactory.java:1774) ~[spring-beans-5.1.7.RELEASE.jar:5.1.7.RELEASE]
	... 45 common frames omitted
Caused by: org.flywaydb.core.internal.sqlscript.FlywaySqlScriptException: 
Migration V01__initialise.sql failed
------------------------------------
SQL State  : 42001
Error Code : 42001
Message    : Syntax error in SQL statement "CREATE TABLE REVIEWS(
    REVIEW_ID INT NOT NULL AUTO_INCREMENT,
    PRODUCT_ID INT NOT NULL,
    REVIEW_TITLE VARCHAR(1000) NOT NULL,
    CONSTRAINT REVIEW_PK PRIMARY KEY (REVIEW_ID),
    CONSTRAINT PRODUCT_REVIEW_FK FOREIGN KEY (PRODUCT_ID) REFERENCES PRODUCTS (PRODUCT_ID) [*]"; expected "INDEX, ON, NOT, DEFERRABLE, NOCHECK, CHECK, ,, )"; SQL statement:
create table reviews(
    review_id int not null auto_increment,
    product_id int not null,
    review_title varchar(1000) not null,
    constraint review_pk primary key (review_id),
    constraint product_review_fk foreign key (product_id) references products (product_id) [42001-199]
Location   : db/migration/V01__initialise.sql (/Users/apoorvalonkar/Desktop/Java_course_Udacity/FINAL SUBMITTED PROJECT/ReviewsApiFinal/target/classes/db/migration/V01__initialise.sql)
Line       : 7
Statement  : create table reviews(
    review_id int not null auto_increment,
    product_id int not null,
    review_title varchar(1000) not null,
    constraint review_pk primary key (review_id),
    constraint product_review_fk foreign key (product_id) references products (product_id)

	at org.flywaydb.core.internal.sqlscript.DefaultSqlScriptExecutor.handleException(DefaultSqlScriptExecutor.java:253) ~[flyway-core-5.2.4.jar:na]
	at org.flywaydb.core.internal.sqlscript.DefaultSqlScriptExecutor.executeStatement(DefaultSqlScriptExecutor.java:202) ~[flyway-core-5.2.4.jar:na]
	at org.flywaydb.core.internal.sqlscript.DefaultSqlScriptExecutor.execute(DefaultSqlScriptExecutor.java:125) ~[flyway-core-5.2.4.jar:na]
	at org.flywaydb.core.internal.resolver.sql.SqlMigrationExecutor.execute(SqlMigrationExecutor.java:77) ~[flyway-core-5.2.4.jar:na]
	at org.flywaydb.core.internal.command.DbMigrate.doMigrateGroup(DbMigrate.java:367) ~[flyway-core-5.2.4.jar:na]
	... 66 common frames omitted
Caused by: org.h2.jdbc.JdbcSQLSyntaxErrorException: Syntax error in SQL statement "CREATE TABLE REVIEWS(
    REVIEW_ID INT NOT NULL AUTO_INCREMENT,
    PRODUCT_ID INT NOT NULL,
    REVIEW_TITLE VARCHAR(1000) NOT NULL,
    CONSTRAINT REVIEW_PK PRIMARY KEY (REVIEW_ID),
    CONSTRAINT PRODUCT_REVIEW_FK FOREIGN KEY (PRODUCT_ID) REFERENCES PRODUCTS (PRODUCT_ID) [*]"; expected "INDEX, ON, NOT, DEFERRABLE, NOCHECK, CHECK, ,, )"; SQL statement:
create table reviews(
    review_id int not null auto_increment,
    product_id int not null,
    review_title varchar(1000) not null,
    constraint review_pk primary key (review_id),
    constraint product_review_fk foreign key (product_id) references products (product_id) [42001-199]
	at org.h2.message.DbException.getJdbcSQLException(DbException.java:451) ~[h2-1.4.199.jar:1.4.199]
	at org.h2.message.DbException.getJdbcSQLException(DbException.java:427) ~[h2-1.4.199.jar:1.4.199]
	at org.h2.message.DbException.getSyntaxError(DbException.java:243) ~[h2-1.4.199.jar:1.4.199]
	at org.h2.command.Parser.getSyntaxError(Parser.java:991) ~[h2-1.4.199.jar:1.4.199]
	at org.h2.command.Parser.read(Parser.java:4549) ~[h2-1.4.199.jar:1.4.199]
	at org.h2.command.Parser.readIfMore(Parser.java:1391) ~[h2-1.4.199.jar:1.4.199]
	at org.h2.command.Parser.parseCreateTable(Parser.java:7833) ~[h2-1.4.199.jar:1.4.199]
	at org.h2.command.Parser.parseCreate(Parser.java:5818) ~[h2-1.4.199.jar:1.4.199]
	at org.h2.command.Parser.parsePrepared(Parser.java:846) ~[h2-1.4.199.jar:1.4.199]
	at org.h2.command.Parser.parse(Parser.java:788) ~[h2-1.4.199.jar:1.4.199]
	at org.h2.command.Parser.parse(Parser.java:764) ~[h2-1.4.199.jar:1.4.199]
	at org.h2.command.Parser.prepareCommand(Parser.java:683) ~[h2-1.4.199.jar:1.4.199]
	at org.h2.engine.Session.prepareLocal(Session.java:627) ~[h2-1.4.199.jar:1.4.199]
	at org.h2.engine.Session.prepareCommand(Session.java:565) ~[h2-1.4.199.jar:1.4.199]
	at org.h2.jdbc.JdbcConnection.prepareCommand(JdbcConnection.java:1292) ~[h2-1.4.199.jar:1.4.199]
	at org.h2.jdbc.JdbcStatement.executeInternal(JdbcStatement.java:217) ~[h2-1.4.199.jar:1.4.199]
	at org.h2.jdbc.JdbcStatement.execute(JdbcStatement.java:205) ~[h2-1.4.199.jar:1.4.199]
	at org.flywaydb.core.internal.jdbc.JdbcTemplate.executeStatement(JdbcTemplate.java:235) ~[flyway-core-5.2.4.jar:na]
	at org.flywaydb.core.internal.sqlscript.StandardSqlStatement.execute(StandardSqlStatement.java:42) ~[flyway-core-5.2.4.jar:na]
	at org.flywaydb.core.internal.sqlscript.DefaultSqlScriptExecutor.executeStatement(DefaultSqlScriptExecutor.java:189) ~[flyway-core-5.2.4.jar:na]
	... 69 common frames omitted

]]></system-out>
  </testcase>
  <testcase name="testReviewRepository" classname="com.udacity.course3.reviews.ReviewsApplicationTests" time="0">
    <error message="Failed to load ApplicationContext" type="java.lang.IllegalStateException">java.lang.IllegalStateException: Failed to load ApplicationContext
Caused by: org.springframework.beans.factory.BeanCreationException: 
Error creating bean with name 'flywayInitializer' defined in class path resource [org/springframework/boot/autoconfigure/flyway/FlywayAutoConfiguration$FlywayConfiguration.class]: Invocation of init method failed; nested exception is org.flywaydb.core.internal.command.DbMigrate$FlywayMigrateException: 
Migration V01__initialise.sql failed
------------------------------------
SQL State  : 42001
Error Code : 42001
Message    : Syntax error in SQL statement "CREATE TABLE REVIEWS(
    REVIEW_ID INT NOT NULL AUTO_INCREMENT,
    PRODUCT_ID INT NOT NULL,
    REVIEW_TITLE VARCHAR(1000) NOT NULL,
    CONSTRAINT REVIEW_PK PRIMARY KEY (REVIEW_ID),
    CONSTRAINT PRODUCT_REVIEW_FK FOREIGN KEY (PRODUCT_ID) REFERENCES PRODUCTS (PRODUCT_ID) [*]"; expected "INDEX, ON, NOT, DEFERRABLE, NOCHECK, CHECK, ,, )"; SQL statement:
create table reviews(
    review_id int not null auto_increment,
    product_id int not null,
    review_title varchar(1000) not null,
    constraint review_pk primary key (review_id),
    constraint product_review_fk foreign key (product_id) references products (product_id) [42001-199]
Location   : db/migration/V01__initialise.sql (/Users/apoorvalonkar/Desktop/Java_course_Udacity/FINAL SUBMITTED PROJECT/ReviewsApiFinal/target/classes/db/migration/V01__initialise.sql)
Line       : 7
Statement  : create table reviews(
    review_id int not null auto_increment,
    product_id int not null,
    review_title varchar(1000) not null,
    constraint review_pk primary key (review_id),
    constraint product_review_fk foreign key (product_id) references products (product_id)

Caused by: org.flywaydb.core.internal.command.DbMigrate$FlywayMigrateException: 

Migration V01__initialise.sql failed
------------------------------------
SQL State  : 42001
Error Code : 42001
Message    : Syntax error in SQL statement "CREATE TABLE REVIEWS(
    REVIEW_ID INT NOT NULL AUTO_INCREMENT,
    PRODUCT_ID INT NOT NULL,
    REVIEW_TITLE VARCHAR(1000) NOT NULL,
    CONSTRAINT REVIEW_PK PRIMARY KEY (REVIEW_ID),
    CONSTRAINT PRODUCT_REVIEW_FK FOREIGN KEY (PRODUCT_ID) REFERENCES PRODUCTS (PRODUCT_ID) [*]"; expected "INDEX, ON, NOT, DEFERRABLE, NOCHECK, CHECK, ,, )"; SQL statement:
create table reviews(
    review_id int not null auto_increment,
    product_id int not null,
    review_title varchar(1000) not null,
    constraint review_pk primary key (review_id),
    constraint product_review_fk foreign key (product_id) references products (product_id) [42001-199]
Location   : db/migration/V01__initialise.sql (/Users/apoorvalonkar/Desktop/Java_course_Udacity/FINAL SUBMITTED PROJECT/ReviewsApiFinal/target/classes/db/migration/V01__initialise.sql)
Line       : 7
Statement  : create table reviews(
    review_id int not null auto_increment,
    product_id int not null,
    review_title varchar(1000) not null,
    constraint review_pk primary key (review_id),
    constraint product_review_fk foreign key (product_id) references products (product_id)

Caused by: org.flywaydb.core.internal.sqlscript.FlywaySqlScriptException: 

Migration V01__initialise.sql failed
------------------------------------
SQL State  : 42001
Error Code : 42001
Message    : Syntax error in SQL statement "CREATE TABLE REVIEWS(
    REVIEW_ID INT NOT NULL AUTO_INCREMENT,
    PRODUCT_ID INT NOT NULL,
    REVIEW_TITLE VARCHAR(1000) NOT NULL,
    CONSTRAINT REVIEW_PK PRIMARY KEY (REVIEW_ID),
    CONSTRAINT PRODUCT_REVIEW_FK FOREIGN KEY (PRODUCT_ID) REFERENCES PRODUCTS (PRODUCT_ID) [*]"; expected "INDEX, ON, NOT, DEFERRABLE, NOCHECK, CHECK, ,, )"; SQL statement:
create table reviews(
    review_id int not null auto_increment,
    product_id int not null,
    review_title varchar(1000) not null,
    constraint review_pk primary key (review_id),
    constraint product_review_fk foreign key (product_id) references products (product_id) [42001-199]
Location   : db/migration/V01__initialise.sql (/Users/apoorvalonkar/Desktop/Java_course_Udacity/FINAL SUBMITTED PROJECT/ReviewsApiFinal/target/classes/db/migration/V01__initialise.sql)
Line       : 7
Statement  : create table reviews(
    review_id int not null auto_increment,
    product_id int not null,
    review_title varchar(1000) not null,
    constraint review_pk primary key (review_id),
    constraint product_review_fk foreign key (product_id) references products (product_id)

Caused by: org.h2.jdbc.JdbcSQLSyntaxErrorException: 
Syntax error in SQL statement "CREATE TABLE REVIEWS(
    REVIEW_ID INT NOT NULL AUTO_INCREMENT,
    PRODUCT_ID INT NOT NULL,
    REVIEW_TITLE VARCHAR(1000) NOT NULL,
    CONSTRAINT REVIEW_PK PRIMARY KEY (REVIEW_ID),
    CONSTRAINT PRODUCT_REVIEW_FK FOREIGN KEY (PRODUCT_ID) REFERENCES PRODUCTS (PRODUCT_ID) [*]"; expected "INDEX, ON, NOT, DEFERRABLE, NOCHECK, CHECK, ,, )"; SQL statement:
create table reviews(
    review_id int not null auto_increment,
    product_id int not null,
    review_title varchar(1000) not null,
    constraint review_pk primary key (review_id),
    constraint product_review_fk foreign key (product_id) references products (product_id) [42001-199]
</error>
    <system-out><![CDATA[
  .   ____          _            __ _ _
 /\\ / ___'_ __ _ _(_)_ __  __ _ \ \ \ \
( ( )\___ | '_ | '_| | '_ \/ _` | \ \ \ \
 \\/  ___)| |_)| | | | | || (_| |  ) ) ) )
  '  |____| .__|_| |_|_| |_\__, | / / / /
 =========|_|==============|___/=/_/_/_/
 :: Spring Boot ::        (v2.1.5.RELEASE)

2019-12-09 16:28:21.196  INFO 17053 --- [           main] c.u.c.reviews.ReviewsApplicationTests    : Starting ReviewsApplicationTests on Apoorvas-MBP.fios-router.home with PID 17053 (started by apoorvalonkar in /Users/apoorvalonkar/Desktop/Java_course_Udacity/FINAL SUBMITTED PROJECT/ReviewsApiFinal)
2019-12-09 16:28:21.197  INFO 17053 --- [           main] c.u.c.reviews.ReviewsApplicationTests    : No active profile set, falling back to default profiles: default
2019-12-09 16:28:21.290  INFO 17053 --- [           main] .s.d.r.c.RepositoryConfigurationDelegate : Multiple Spring Data modules found, entering strict repository configuration mode!
2019-12-09 16:28:21.290  INFO 17053 --- [           main] .s.d.r.c.RepositoryConfigurationDelegate : Bootstrapping Spring Data repositories in DEFAULT mode.
2019-12-09 16:28:21.296  INFO 17053 --- [           main] .RepositoryConfigurationExtensionSupport : Spring Data MongoDB - Could not safely identify store assignment for repository candidate interface com.udacity.course3.reviews.repository.MySQL.CommentRepository.
2019-12-09 16:28:21.296  INFO 17053 --- [           main] .RepositoryConfigurationExtensionSupport : Spring Data MongoDB - Could not safely identify store assignment for repository candidate interface com.udacity.course3.reviews.repository.MySQL.ProductRepository.
2019-12-09 16:28:21.296  INFO 17053 --- [           main] .RepositoryConfigurationExtensionSupport : Spring Data MongoDB - Could not safely identify store assignment for repository candidate interface com.udacity.course3.reviews.repository.MySQL.ReviewRepository.
2019-12-09 16:28:21.301  INFO 17053 --- [           main] .s.d.r.c.RepositoryConfigurationDelegate : Finished Spring Data repository scanning in 11ms. Found 1 repository interfaces.
2019-12-09 16:28:21.310  INFO 17053 --- [           main] .s.d.r.c.RepositoryConfigurationDelegate : Multiple Spring Data modules found, entering strict repository configuration mode!
2019-12-09 16:28:21.310  INFO 17053 --- [           main] .s.d.r.c.RepositoryConfigurationDelegate : Bootstrapping Spring Data repositories in DEFAULT mode.
2019-12-09 16:28:21.320  INFO 17053 --- [           main] .RepositoryConfigurationExtensionSupport : Spring Data JPA - Could not safely identify store assignment for repository candidate interface com.udacity.course3.reviews.repository.Mongo.MongoReviewRepository.
2019-12-09 16:28:21.343  INFO 17053 --- [           main] .s.d.r.c.RepositoryConfigurationDelegate : Finished Spring Data repository scanning in 32ms. Found 3 repository interfaces.
2019-12-09 16:28:21.378  INFO 17053 --- [           main] beddedDataSourceBeanFactoryPostProcessor : Replacing 'dataSource' DataSource bean with embedded version
2019-12-09 16:28:21.477  INFO 17053 --- [           main] o.s.j.d.e.EmbeddedDatabaseFactory        : Starting embedded database: url='jdbc:h2:mem:2bb0c650-7044-461d-a2d5-3e302424202b;DB_CLOSE_DELAY=-1;DB_CLOSE_ON_EXIT=false', username='sa'
2019-12-09 16:28:21.497  INFO 17053 --- [           main] o.f.c.internal.database.DatabaseFactory  : Database: jdbc:h2:mem:2bb0c650-7044-461d-a2d5-3e302424202b (H2 1.4)
2019-12-09 16:28:21.499  WARN 17053 --- [           main] o.f.c.internal.database.base.Database    : Flyway upgrade recommended: H2 1.4.199 is newer than this version of Flyway and support has not been tested.
2019-12-09 16:28:21.516  INFO 17053 --- [           main] o.f.core.internal.command.DbValidate     : Successfully validated 1 migration (execution time 00:00.005s)
2019-12-09 16:28:21.530  INFO 17053 --- [           main] o.f.c.i.s.JdbcTableSchemaHistory         : Creating Schema History table: "PUBLIC"."flyway_schema_history"
2019-12-09 16:28:21.545  INFO 17053 --- [           main] o.f.core.internal.command.DbMigrate      : Current version of schema "PUBLIC": << Empty Schema >>
2019-12-09 16:28:21.546  INFO 17053 --- [           main] o.f.core.internal.command.DbMigrate      : Migrating schema "PUBLIC" to version 01 - initialise
2019-12-09 16:28:21.549 ERROR 17053 --- [           main] o.f.core.internal.command.DbMigrate      : Migration of schema "PUBLIC" to version 01 - initialise failed! Please restore backups and roll back database and code!
2019-12-09 16:28:21.557  WARN 17053 --- [           main] s.c.a.AnnotationConfigApplicationContext : Exception encountered during context initialization - cancelling refresh attempt: org.springframework.beans.factory.BeanCreationException: Error creating bean with name 'flywayInitializer' defined in class path resource [org/springframework/boot/autoconfigure/flyway/FlywayAutoConfiguration$FlywayConfiguration.class]: Invocation of init method failed; nested exception is org.flywaydb.core.internal.command.DbMigrate$FlywayMigrateException: 
Migration V01__initialise.sql failed
------------------------------------
SQL State  : 42001
Error Code : 42001
Message    : Syntax error in SQL statement "CREATE TABLE REVIEWS(
    REVIEW_ID INT NOT NULL AUTO_INCREMENT,
    PRODUCT_ID INT NOT NULL,
    REVIEW_TITLE VARCHAR(1000) NOT NULL,
    CONSTRAINT REVIEW_PK PRIMARY KEY (REVIEW_ID),
    CONSTRAINT PRODUCT_REVIEW_FK FOREIGN KEY (PRODUCT_ID) REFERENCES PRODUCTS (PRODUCT_ID) [*]"; expected "INDEX, ON, NOT, DEFERRABLE, NOCHECK, CHECK, ,, )"; SQL statement:
create table reviews(
    review_id int not null auto_increment,
    product_id int not null,
    review_title varchar(1000) not null,
    constraint review_pk primary key (review_id),
    constraint product_review_fk foreign key (product_id) references products (product_id) [42001-199]
Location   : db/migration/V01__initialise.sql (/Users/apoorvalonkar/Desktop/Java_course_Udacity/FINAL SUBMITTED PROJECT/ReviewsApiFinal/target/classes/db/migration/V01__initialise.sql)
Line       : 7
Statement  : create table reviews(
    review_id int not null auto_increment,
    product_id int not null,
    review_title varchar(1000) not null,
    constraint review_pk primary key (review_id),
    constraint product_review_fk foreign key (product_id) references products (product_id)

2019-12-09 16:28:21.559  INFO 17053 --- [           main] ConditionEvaluationReportLoggingListener : 

Error starting ApplicationContext. To display the conditions report re-run your application with 'debug' enabled.
2019-12-09 16:28:21.564 ERROR 17053 --- [           main] o.s.boot.SpringApplication               : Application run failed

org.springframework.beans.factory.BeanCreationException: Error creating bean with name 'flywayInitializer' defined in class path resource [org/springframework/boot/autoconfigure/flyway/FlywayAutoConfiguration$FlywayConfiguration.class]: Invocation of init method failed; nested exception is org.flywaydb.core.internal.command.DbMigrate$FlywayMigrateException: 
Migration V01__initialise.sql failed
------------------------------------
SQL State  : 42001
Error Code : 42001
Message    : Syntax error in SQL statement "CREATE TABLE REVIEWS(
    REVIEW_ID INT NOT NULL AUTO_INCREMENT,
    PRODUCT_ID INT NOT NULL,
    REVIEW_TITLE VARCHAR(1000) NOT NULL,
    CONSTRAINT REVIEW_PK PRIMARY KEY (REVIEW_ID),
    CONSTRAINT PRODUCT_REVIEW_FK FOREIGN KEY (PRODUCT_ID) REFERENCES PRODUCTS (PRODUCT_ID) [*]"; expected "INDEX, ON, NOT, DEFERRABLE, NOCHECK, CHECK, ,, )"; SQL statement:
create table reviews(
    review_id int not null auto_increment,
    product_id int not null,
    review_title varchar(1000) not null,
    constraint review_pk primary key (review_id),
    constraint product_review_fk foreign key (product_id) references products (product_id) [42001-199]
Location   : db/migration/V01__initialise.sql (/Users/apoorvalonkar/Desktop/Java_course_Udacity/FINAL SUBMITTED PROJECT/ReviewsApiFinal/target/classes/db/migration/V01__initialise.sql)
Line       : 7
Statement  : create table reviews(
    review_id int not null auto_increment,
    product_id int not null,
    review_title varchar(1000) not null,
    constraint review_pk primary key (review_id),
    constraint product_review_fk foreign key (product_id) references products (product_id)

	at org.springframework.beans.factory.support.AbstractAutowireCapableBeanFactory.initializeBean(AbstractAutowireCapableBeanFactory.java:1778) ~[spring-beans-5.1.7.RELEASE.jar:5.1.7.RELEASE]
	at org.springframework.beans.factory.support.AbstractAutowireCapableBeanFactory.doCreateBean(AbstractAutowireCapableBeanFactory.java:593) ~[spring-beans-5.1.7.RELEASE.jar:5.1.7.RELEASE]
	at org.springframework.beans.factory.support.AbstractAutowireCapableBeanFactory.createBean(AbstractAutowireCapableBeanFactory.java:515) ~[spring-beans-5.1.7.RELEASE.jar:5.1.7.RELEASE]
	at org.springframework.beans.factory.support.AbstractBeanFactory.lambda$doGetBean$0(AbstractBeanFactory.java:320) ~[spring-beans-5.1.7.RELEASE.jar:5.1.7.RELEASE]
	at org.springframework.beans.factory.support.DefaultSingletonBeanRegistry.getSingleton(DefaultSingletonBeanRegistry.java:222) ~[spring-beans-5.1.7.RELEASE.jar:5.1.7.RELEASE]
	at org.springframework.beans.factory.support.AbstractBeanFactory.doGetBean(AbstractBeanFactory.java:318) ~[spring-beans-5.1.7.RELEASE.jar:5.1.7.RELEASE]
	at org.springframework.beans.factory.support.AbstractBeanFactory.getBean(AbstractBeanFactory.java:199) ~[spring-beans-5.1.7.RELEASE.jar:5.1.7.RELEASE]
	at org.springframework.beans.factory.support.AbstractBeanFactory.doGetBean(AbstractBeanFactory.java:307) ~[spring-beans-5.1.7.RELEASE.jar:5.1.7.RELEASE]
	at org.springframework.beans.factory.support.AbstractBeanFactory.getBean(AbstractBeanFactory.java:199) ~[spring-beans-5.1.7.RELEASE.jar:5.1.7.RELEASE]
	at org.springframework.context.support.AbstractApplicationContext.getBean(AbstractApplicationContext.java:1105) ~[spring-context-5.1.7.RELEASE.jar:5.1.7.RELEASE]
	at org.springframework.context.support.AbstractApplicationContext.finishBeanFactoryInitialization(AbstractApplicationContext.java:867) ~[spring-context-5.1.7.RELEASE.jar:5.1.7.RELEASE]
	at org.springframework.context.support.AbstractApplicationContext.refresh(AbstractApplicationContext.java:549) ~[spring-context-5.1.7.RELEASE.jar:5.1.7.RELEASE]
	at org.springframework.boot.SpringApplication.refresh(SpringApplication.java:775) ~[spring-boot-2.1.5.RELEASE.jar:2.1.5.RELEASE]
	at org.springframework.boot.SpringApplication.refreshContext(SpringApplication.java:397) ~[spring-boot-2.1.5.RELEASE.jar:2.1.5.RELEASE]
	at org.springframework.boot.SpringApplication.run(SpringApplication.java:316) ~[spring-boot-2.1.5.RELEASE.jar:2.1.5.RELEASE]
	at org.springframework.boot.test.context.SpringBootContextLoader.loadContext(SpringBootContextLoader.java:127) [spring-boot-test-2.1.5.RELEASE.jar:2.1.5.RELEASE]
	at org.springframework.test.context.cache.DefaultCacheAwareContextLoaderDelegate.loadContextInternal(DefaultCacheAwareContextLoaderDelegate.java:99) [spring-test-5.1.7.RELEASE.jar:5.1.7.RELEASE]
	at org.springframework.test.context.cache.DefaultCacheAwareContextLoaderDelegate.loadContext(DefaultCacheAwareContextLoaderDelegate.java:117) [spring-test-5.1.7.RELEASE.jar:5.1.7.RELEASE]
	at org.springframework.test.context.support.DefaultTestContext.getApplicationContext(DefaultTestContext.java:108) [spring-test-5.1.7.RELEASE.jar:5.1.7.RELEASE]
	at org.springframework.test.context.support.DependencyInjectionTestExecutionListener.injectDependencies(DependencyInjectionTestExecutionListener.java:118) [spring-test-5.1.7.RELEASE.jar:5.1.7.RELEASE]
	at org.springframework.test.context.support.DependencyInjectionTestExecutionListener.prepareTestInstance(DependencyInjectionTestExecutionListener.java:83) [spring-test-5.1.7.RELEASE.jar:5.1.7.RELEASE]
	at org.springframework.boot.test.autoconfigure.SpringBootDependencyInjectionTestExecutionListener.prepareTestInstance(SpringBootDependencyInjectionTestExecutionListener.java:44) [spring-boot-test-autoconfigure-2.1.5.RELEASE.jar:2.1.5.RELEASE]
	at org.springframework.test.context.TestContextManager.prepareTestInstance(TestContextManager.java:246) [spring-test-5.1.7.RELEASE.jar:5.1.7.RELEASE]
	at org.springframework.test.context.junit4.SpringJUnit4ClassRunner.createTest(SpringJUnit4ClassRunner.java:227) [spring-test-5.1.7.RELEASE.jar:5.1.7.RELEASE]
	at org.springframework.test.context.junit4.SpringJUnit4ClassRunner$1.runReflectiveCall(SpringJUnit4ClassRunner.java:289) [spring-test-5.1.7.RELEASE.jar:5.1.7.RELEASE]
	at org.junit.internal.runners.model.ReflectiveCallable.run(ReflectiveCallable.java:12) [junit-4.12.jar:4.12]
	at org.springframework.test.context.junit4.SpringJUnit4ClassRunner.methodBlock(SpringJUnit4ClassRunner.java:291) [spring-test-5.1.7.RELEASE.jar:5.1.7.RELEASE]
	at org.springframework.test.context.junit4.SpringJUnit4ClassRunner.runChild(SpringJUnit4ClassRunner.java:246) [spring-test-5.1.7.RELEASE.jar:5.1.7.RELEASE]
	at org.springframework.test.context.junit4.SpringJUnit4ClassRunner.runChild(SpringJUnit4ClassRunner.java:97) [spring-test-5.1.7.RELEASE.jar:5.1.7.RELEASE]
	at org.junit.runners.ParentRunner$3.run(ParentRunner.java:290) [junit-4.12.jar:4.12]
	at org.junit.runners.ParentRunner$1.schedule(ParentRunner.java:71) [junit-4.12.jar:4.12]
	at org.junit.runners.ParentRunner.runChildren(ParentRunner.java:288) [junit-4.12.jar:4.12]
	at org.junit.runners.ParentRunner.access$000(ParentRunner.java:58) [junit-4.12.jar:4.12]
	at org.junit.runners.ParentRunner$2.evaluate(ParentRunner.java:268) [junit-4.12.jar:4.12]
	at org.springframework.test.context.junit4.statements.RunBeforeTestClassCallbacks.evaluate(RunBeforeTestClassCallbacks.java:61) [spring-test-5.1.7.RELEASE.jar:5.1.7.RELEASE]
	at org.springframework.test.context.junit4.statements.RunAfterTestClassCallbacks.evaluate(RunAfterTestClassCallbacks.java:70) [spring-test-5.1.7.RELEASE.jar:5.1.7.RELEASE]
	at org.junit.runners.ParentRunner.run(ParentRunner.java:363) [junit-4.12.jar:4.12]
	at org.springframework.test.context.junit4.SpringJUnit4ClassRunner.run(SpringJUnit4ClassRunner.java:190) [spring-test-5.1.7.RELEASE.jar:5.1.7.RELEASE]
	at org.apache.maven.surefire.junit4.JUnit4Provider.execute(JUnit4Provider.java:365) [surefire-junit4-2.22.2.jar:2.22.2]
	at org.apache.maven.surefire.junit4.JUnit4Provider.executeWithRerun(JUnit4Provider.java:273) [surefire-junit4-2.22.2.jar:2.22.2]
	at org.apache.maven.surefire.junit4.JUnit4Provider.executeTestSet(JUnit4Provider.java:238) [surefire-junit4-2.22.2.jar:2.22.2]
	at org.apache.maven.surefire.junit4.JUnit4Provider.invoke(JUnit4Provider.java:159) [surefire-junit4-2.22.2.jar:2.22.2]
	at org.apache.maven.surefire.booter.ForkedBooter.invokeProviderInSameClassLoader(ForkedBooter.java:384) [surefire-booter-2.22.2.jar:2.22.2]
	at org.apache.maven.surefire.booter.ForkedBooter.runSuitesInProcess(ForkedBooter.java:345) [surefire-booter-2.22.2.jar:2.22.2]
	at org.apache.maven.surefire.booter.ForkedBooter.execute(ForkedBooter.java:126) [surefire-booter-2.22.2.jar:2.22.2]
	at org.apache.maven.surefire.booter.ForkedBooter.main(ForkedBooter.java:418) [surefire-booter-2.22.2.jar:2.22.2]
Caused by: org.flywaydb.core.internal.command.DbMigrate$FlywayMigrateException: 
Migration V01__initialise.sql failed
------------------------------------
SQL State  : 42001
Error Code : 42001
Message    : Syntax error in SQL statement "CREATE TABLE REVIEWS(
    REVIEW_ID INT NOT NULL AUTO_INCREMENT,
    PRODUCT_ID INT NOT NULL,
    REVIEW_TITLE VARCHAR(1000) NOT NULL,
    CONSTRAINT REVIEW_PK PRIMARY KEY (REVIEW_ID),
    CONSTRAINT PRODUCT_REVIEW_FK FOREIGN KEY (PRODUCT_ID) REFERENCES PRODUCTS (PRODUCT_ID) [*]"; expected "INDEX, ON, NOT, DEFERRABLE, NOCHECK, CHECK, ,, )"; SQL statement:
create table reviews(
    review_id int not null auto_increment,
    product_id int not null,
    review_title varchar(1000) not null,
    constraint review_pk primary key (review_id),
    constraint product_review_fk foreign key (product_id) references products (product_id) [42001-199]
Location   : db/migration/V01__initialise.sql (/Users/apoorvalonkar/Desktop/Java_course_Udacity/FINAL SUBMITTED PROJECT/ReviewsApiFinal/target/classes/db/migration/V01__initialise.sql)
Line       : 7
Statement  : create table reviews(
    review_id int not null auto_increment,
    product_id int not null,
    review_title varchar(1000) not null,
    constraint review_pk primary key (review_id),
    constraint product_review_fk foreign key (product_id) references products (product_id)

	at org.flywaydb.core.internal.command.DbMigrate.doMigrateGroup(DbMigrate.java:370) ~[flyway-core-5.2.4.jar:na]
	at org.flywaydb.core.internal.command.DbMigrate.access$200(DbMigrate.java:54) ~[flyway-core-5.2.4.jar:na]
	at org.flywaydb.core.internal.command.DbMigrate$3.call(DbMigrate.java:284) ~[flyway-core-5.2.4.jar:na]
	at org.flywaydb.core.internal.jdbc.TransactionTemplate.execute(TransactionTemplate.java:74) ~[flyway-core-5.2.4.jar:na]
	at org.flywaydb.core.internal.command.DbMigrate.applyMigrations(DbMigrate.java:281) ~[flyway-core-5.2.4.jar:na]
	at org.flywaydb.core.internal.command.DbMigrate.migrateGroup(DbMigrate.java:246) ~[flyway-core-5.2.4.jar:na]
	at org.flywaydb.core.internal.command.DbMigrate.access$100(DbMigrate.java:54) ~[flyway-core-5.2.4.jar:na]
	at org.flywaydb.core.internal.command.DbMigrate$2.call(DbMigrate.java:164) ~[flyway-core-5.2.4.jar:na]
	at org.flywaydb.core.internal.command.DbMigrate$2.call(DbMigrate.java:161) ~[flyway-core-5.2.4.jar:na]
	at org.flywaydb.core.internal.database.base.Connection$1.call(Connection.java:147) ~[flyway-core-5.2.4.jar:na]
	at org.flywaydb.core.internal.jdbc.TransactionTemplate.execute(TransactionTemplate.java:74) ~[flyway-core-5.2.4.jar:na]
	at org.flywaydb.core.internal.database.base.Connection.lock(Connection.java:143) ~[flyway-core-5.2.4.jar:na]
	at org.flywaydb.core.internal.schemahistory.JdbcTableSchemaHistory.lock(JdbcTableSchemaHistory.java:155) ~[flyway-core-5.2.4.jar:na]
	at org.flywaydb.core.internal.command.DbMigrate.migrateAll(DbMigrate.java:161) ~[flyway-core-5.2.4.jar:na]
	at org.flywaydb.core.internal.command.DbMigrate.migrate(DbMigrate.java:139) ~[flyway-core-5.2.4.jar:na]
	at org.flywaydb.core.Flyway$1.execute(Flyway.java:1395) ~[flyway-core-5.2.4.jar:na]
	at org.flywaydb.core.Flyway$1.execute(Flyway.java:1356) ~[flyway-core-5.2.4.jar:na]
	at org.flywaydb.core.Flyway.execute(Flyway.java:1711) ~[flyway-core-5.2.4.jar:na]
	at org.flywaydb.core.Flyway.migrate(Flyway.java:1356) ~[flyway-core-5.2.4.jar:na]
	at org.springframework.boot.autoconfigure.flyway.FlywayMigrationInitializer.afterPropertiesSet(FlywayMigrationInitializer.java:66) ~[spring-boot-autoconfigure-2.1.5.RELEASE.jar:2.1.5.RELEASE]
	at org.springframework.beans.factory.support.AbstractAutowireCapableBeanFactory.invokeInitMethods(AbstractAutowireCapableBeanFactory.java:1837) ~[spring-beans-5.1.7.RELEASE.jar:5.1.7.RELEASE]
	at org.springframework.beans.factory.support.AbstractAutowireCapableBeanFactory.initializeBean(AbstractAutowireCapableBeanFactory.java:1774) ~[spring-beans-5.1.7.RELEASE.jar:5.1.7.RELEASE]
	... 45 common frames omitted
Caused by: org.flywaydb.core.internal.sqlscript.FlywaySqlScriptException: 
Migration V01__initialise.sql failed
------------------------------------
SQL State  : 42001
Error Code : 42001
Message    : Syntax error in SQL statement "CREATE TABLE REVIEWS(
    REVIEW_ID INT NOT NULL AUTO_INCREMENT,
    PRODUCT_ID INT NOT NULL,
    REVIEW_TITLE VARCHAR(1000) NOT NULL,
    CONSTRAINT REVIEW_PK PRIMARY KEY (REVIEW_ID),
    CONSTRAINT PRODUCT_REVIEW_FK FOREIGN KEY (PRODUCT_ID) REFERENCES PRODUCTS (PRODUCT_ID) [*]"; expected "INDEX, ON, NOT, DEFERRABLE, NOCHECK, CHECK, ,, )"; SQL statement:
create table reviews(
    review_id int not null auto_increment,
    product_id int not null,
    review_title varchar(1000) not null,
    constraint review_pk primary key (review_id),
    constraint product_review_fk foreign key (product_id) references products (product_id) [42001-199]
Location   : db/migration/V01__initialise.sql (/Users/apoorvalonkar/Desktop/Java_course_Udacity/FINAL SUBMITTED PROJECT/ReviewsApiFinal/target/classes/db/migration/V01__initialise.sql)
Line       : 7
Statement  : create table reviews(
    review_id int not null auto_increment,
    product_id int not null,
    review_title varchar(1000) not null,
    constraint review_pk primary key (review_id),
    constraint product_review_fk foreign key (product_id) references products (product_id)

	at org.flywaydb.core.internal.sqlscript.DefaultSqlScriptExecutor.handleException(DefaultSqlScriptExecutor.java:253) ~[flyway-core-5.2.4.jar:na]
	at org.flywaydb.core.internal.sqlscript.DefaultSqlScriptExecutor.executeStatement(DefaultSqlScriptExecutor.java:202) ~[flyway-core-5.2.4.jar:na]
	at org.flywaydb.core.internal.sqlscript.DefaultSqlScriptExecutor.execute(DefaultSqlScriptExecutor.java:125) ~[flyway-core-5.2.4.jar:na]
	at org.flywaydb.core.internal.resolver.sql.SqlMigrationExecutor.execute(SqlMigrationExecutor.java:77) ~[flyway-core-5.2.4.jar:na]
	at org.flywaydb.core.internal.command.DbMigrate.doMigrateGroup(DbMigrate.java:367) ~[flyway-core-5.2.4.jar:na]
	... 66 common frames omitted
Caused by: org.h2.jdbc.JdbcSQLSyntaxErrorException: Syntax error in SQL statement "CREATE TABLE REVIEWS(
    REVIEW_ID INT NOT NULL AUTO_INCREMENT,
    PRODUCT_ID INT NOT NULL,
    REVIEW_TITLE VARCHAR(1000) NOT NULL,
    CONSTRAINT REVIEW_PK PRIMARY KEY (REVIEW_ID),
    CONSTRAINT PRODUCT_REVIEW_FK FOREIGN KEY (PRODUCT_ID) REFERENCES PRODUCTS (PRODUCT_ID) [*]"; expected "INDEX, ON, NOT, DEFERRABLE, NOCHECK, CHECK, ,, )"; SQL statement:
create table reviews(
    review_id int not null auto_increment,
    product_id int not null,
    review_title varchar(1000) not null,
    constraint review_pk primary key (review_id),
    constraint product_review_fk foreign key (product_id) references products (product_id) [42001-199]
	at org.h2.message.DbException.getJdbcSQLException(DbException.java:451) ~[h2-1.4.199.jar:1.4.199]
	at org.h2.message.DbException.getJdbcSQLException(DbException.java:427) ~[h2-1.4.199.jar:1.4.199]
	at org.h2.message.DbException.getSyntaxError(DbException.java:243) ~[h2-1.4.199.jar:1.4.199]
	at org.h2.command.Parser.getSyntaxError(Parser.java:991) ~[h2-1.4.199.jar:1.4.199]
	at org.h2.command.Parser.read(Parser.java:4549) ~[h2-1.4.199.jar:1.4.199]
	at org.h2.command.Parser.readIfMore(Parser.java:1391) ~[h2-1.4.199.jar:1.4.199]
	at org.h2.command.Parser.parseCreateTable(Parser.java:7833) ~[h2-1.4.199.jar:1.4.199]
	at org.h2.command.Parser.parseCreate(Parser.java:5818) ~[h2-1.4.199.jar:1.4.199]
	at org.h2.command.Parser.parsePrepared(Parser.java:846) ~[h2-1.4.199.jar:1.4.199]
	at org.h2.command.Parser.parse(Parser.java:788) ~[h2-1.4.199.jar:1.4.199]
	at org.h2.command.Parser.parse(Parser.java:764) ~[h2-1.4.199.jar:1.4.199]
	at org.h2.command.Parser.prepareCommand(Parser.java:683) ~[h2-1.4.199.jar:1.4.199]
	at org.h2.engine.Session.prepareLocal(Session.java:627) ~[h2-1.4.199.jar:1.4.199]
	at org.h2.engine.Session.prepareCommand(Session.java:565) ~[h2-1.4.199.jar:1.4.199]
	at org.h2.jdbc.JdbcConnection.prepareCommand(JdbcConnection.java:1292) ~[h2-1.4.199.jar:1.4.199]
	at org.h2.jdbc.JdbcStatement.executeInternal(JdbcStatement.java:217) ~[h2-1.4.199.jar:1.4.199]
	at org.h2.jdbc.JdbcStatement.execute(JdbcStatement.java:205) ~[h2-1.4.199.jar:1.4.199]
	at org.flywaydb.core.internal.jdbc.JdbcTemplate.executeStatement(JdbcTemplate.java:235) ~[flyway-core-5.2.4.jar:na]
	at org.flywaydb.core.internal.sqlscript.StandardSqlStatement.execute(StandardSqlStatement.java:42) ~[flyway-core-5.2.4.jar:na]
	at org.flywaydb.core.internal.sqlscript.DefaultSqlScriptExecutor.executeStatement(DefaultSqlScriptExecutor.java:189) ~[flyway-core-5.2.4.jar:na]
	... 69 common frames omitted


  .   ____          _            __ _ _
 /\\ / ___'_ __ _ _(_)_ __  __ _ \ \ \ \
( ( )\___ | '_ | '_| | '_ \/ _` | \ \ \ \
 \\/  ___)| |_)| | | | | || (_| |  ) ) ) )
  '  |____| .__|_| |_|_| |_\__, | / / / /
 =========|_|==============|___/=/_/_/_/
 :: Spring Boot ::        (v2.1.5.RELEASE)

2019-12-09 16:28:21.620  INFO 17053 --- [           main] c.u.c.reviews.ReviewsApplicationTests    : Starting ReviewsApplicationTests on Apoorvas-MBP.fios-router.home with PID 17053 (started by apoorvalonkar in /Users/apoorvalonkar/Desktop/Java_course_Udacity/FINAL SUBMITTED PROJECT/ReviewsApiFinal)
2019-12-09 16:28:21.621  INFO 17053 --- [           main] c.u.c.reviews.ReviewsApplicationTests    : No active profile set, falling back to default profiles: default
2019-12-09 16:28:21.693  INFO 17053 --- [           main] .s.d.r.c.RepositoryConfigurationDelegate : Multiple Spring Data modules found, entering strict repository configuration mode!
2019-12-09 16:28:21.693  INFO 17053 --- [           main] .s.d.r.c.RepositoryConfigurationDelegate : Bootstrapping Spring Data repositories in DEFAULT mode.
2019-12-09 16:28:21.699  INFO 17053 --- [           main] .RepositoryConfigurationExtensionSupport : Spring Data MongoDB - Could not safely identify store assignment for repository candidate interface com.udacity.course3.reviews.repository.MySQL.CommentRepository.
2019-12-09 16:28:21.700  INFO 17053 --- [           main] .RepositoryConfigurationExtensionSupport : Spring Data MongoDB - Could not safely identify store assignment for repository candidate interface com.udacity.course3.reviews.repository.MySQL.ProductRepository.
2019-12-09 16:28:21.700  INFO 17053 --- [           main] .RepositoryConfigurationExtensionSupport : Spring Data MongoDB - Could not safely identify store assignment for repository candidate interface com.udacity.course3.reviews.repository.MySQL.ReviewRepository.
2019-12-09 16:28:21.704  INFO 17053 --- [           main] .s.d.r.c.RepositoryConfigurationDelegate : Finished Spring Data repository scanning in 10ms. Found 1 repository interfaces.
2019-12-09 16:28:21.712  INFO 17053 --- [           main] .s.d.r.c.RepositoryConfigurationDelegate : Multiple Spring Data modules found, entering strict repository configuration mode!
2019-12-09 16:28:21.712  INFO 17053 --- [           main] .s.d.r.c.RepositoryConfigurationDelegate : Bootstrapping Spring Data repositories in DEFAULT mode.
2019-12-09 16:28:21.717  INFO 17053 --- [           main] .RepositoryConfigurationExtensionSupport : Spring Data JPA - Could not safely identify store assignment for repository candidate interface com.udacity.course3.reviews.repository.Mongo.MongoReviewRepository.
2019-12-09 16:28:21.726  INFO 17053 --- [           main] .s.d.r.c.RepositoryConfigurationDelegate : Finished Spring Data repository scanning in 14ms. Found 3 repository interfaces.
2019-12-09 16:28:21.762  INFO 17053 --- [           main] beddedDataSourceBeanFactoryPostProcessor : Replacing 'dataSource' DataSource bean with embedded version
2019-12-09 16:28:21.864  INFO 17053 --- [           main] o.s.j.d.e.EmbeddedDatabaseFactory        : Starting embedded database: url='jdbc:h2:mem:a424161b-a536-452b-9b7c-1e9abdeafb8f;DB_CLOSE_DELAY=-1;DB_CLOSE_ON_EXIT=false', username='sa'
2019-12-09 16:28:21.879  INFO 17053 --- [           main] o.f.c.internal.database.DatabaseFactory  : Database: jdbc:h2:mem:a424161b-a536-452b-9b7c-1e9abdeafb8f (H2 1.4)
2019-12-09 16:28:21.881  WARN 17053 --- [           main] o.f.c.internal.database.base.Database    : Flyway upgrade recommended: H2 1.4.199 is newer than this version of Flyway and support has not been tested.
2019-12-09 16:28:21.893  INFO 17053 --- [           main] o.f.core.internal.command.DbValidate     : Successfully validated 1 migration (execution time 00:00.003s)
2019-12-09 16:28:21.899  INFO 17053 --- [           main] o.f.c.i.s.JdbcTableSchemaHistory         : Creating Schema History table: "PUBLIC"."flyway_schema_history"
2019-12-09 16:28:21.907  INFO 17053 --- [           main] o.f.core.internal.command.DbMigrate      : Current version of schema "PUBLIC": << Empty Schema >>
2019-12-09 16:28:21.907  INFO 17053 --- [           main] o.f.core.internal.command.DbMigrate      : Migrating schema "PUBLIC" to version 01 - initialise
2019-12-09 16:28:21.909 ERROR 17053 --- [           main] o.f.core.internal.command.DbMigrate      : Migration of schema "PUBLIC" to version 01 - initialise failed! Please restore backups and roll back database and code!
2019-12-09 16:28:21.914  WARN 17053 --- [           main] s.c.a.AnnotationConfigApplicationContext : Exception encountered during context initialization - cancelling refresh attempt: org.springframework.beans.factory.BeanCreationException: Error creating bean with name 'flywayInitializer' defined in class path resource [org/springframework/boot/autoconfigure/flyway/FlywayAutoConfiguration$FlywayConfiguration.class]: Invocation of init method failed; nested exception is org.flywaydb.core.internal.command.DbMigrate$FlywayMigrateException: 
Migration V01__initialise.sql failed
------------------------------------
SQL State  : 42001
Error Code : 42001
Message    : Syntax error in SQL statement "CREATE TABLE REVIEWS(
    REVIEW_ID INT NOT NULL AUTO_INCREMENT,
    PRODUCT_ID INT NOT NULL,
    REVIEW_TITLE VARCHAR(1000) NOT NULL,
    CONSTRAINT REVIEW_PK PRIMARY KEY (REVIEW_ID),
    CONSTRAINT PRODUCT_REVIEW_FK FOREIGN KEY (PRODUCT_ID) REFERENCES PRODUCTS (PRODUCT_ID) [*]"; expected "INDEX, ON, NOT, DEFERRABLE, NOCHECK, CHECK, ,, )"; SQL statement:
create table reviews(
    review_id int not null auto_increment,
    product_id int not null,
    review_title varchar(1000) not null,
    constraint review_pk primary key (review_id),
    constraint product_review_fk foreign key (product_id) references products (product_id) [42001-199]
Location   : db/migration/V01__initialise.sql (/Users/apoorvalonkar/Desktop/Java_course_Udacity/FINAL SUBMITTED PROJECT/ReviewsApiFinal/target/classes/db/migration/V01__initialise.sql)
Line       : 7
Statement  : create table reviews(
    review_id int not null auto_increment,
    product_id int not null,
    review_title varchar(1000) not null,
    constraint review_pk primary key (review_id),
    constraint product_review_fk foreign key (product_id) references products (product_id)

2019-12-09 16:28:21.916  INFO 17053 --- [           main] ConditionEvaluationReportLoggingListener : 

Error starting ApplicationContext. To display the conditions report re-run your application with 'debug' enabled.
2019-12-09 16:28:21.920 ERROR 17053 --- [           main] o.s.boot.SpringApplication               : Application run failed

org.springframework.beans.factory.BeanCreationException: Error creating bean with name 'flywayInitializer' defined in class path resource [org/springframework/boot/autoconfigure/flyway/FlywayAutoConfiguration$FlywayConfiguration.class]: Invocation of init method failed; nested exception is org.flywaydb.core.internal.command.DbMigrate$FlywayMigrateException: 
Migration V01__initialise.sql failed
------------------------------------
SQL State  : 42001
Error Code : 42001
Message    : Syntax error in SQL statement "CREATE TABLE REVIEWS(
    REVIEW_ID INT NOT NULL AUTO_INCREMENT,
    PRODUCT_ID INT NOT NULL,
    REVIEW_TITLE VARCHAR(1000) NOT NULL,
    CONSTRAINT REVIEW_PK PRIMARY KEY (REVIEW_ID),
    CONSTRAINT PRODUCT_REVIEW_FK FOREIGN KEY (PRODUCT_ID) REFERENCES PRODUCTS (PRODUCT_ID) [*]"; expected "INDEX, ON, NOT, DEFERRABLE, NOCHECK, CHECK, ,, )"; SQL statement:
create table reviews(
    review_id int not null auto_increment,
    product_id int not null,
    review_title varchar(1000) not null,
    constraint review_pk primary key (review_id),
    constraint product_review_fk foreign key (product_id) references products (product_id) [42001-199]
Location   : db/migration/V01__initialise.sql (/Users/apoorvalonkar/Desktop/Java_course_Udacity/FINAL SUBMITTED PROJECT/ReviewsApiFinal/target/classes/db/migration/V01__initialise.sql)
Line       : 7
Statement  : create table reviews(
    review_id int not null auto_increment,
    product_id int not null,
    review_title varchar(1000) not null,
    constraint review_pk primary key (review_id),
    constraint product_review_fk foreign key (product_id) references products (product_id)

	at org.springframework.beans.factory.support.AbstractAutowireCapableBeanFactory.initializeBean(AbstractAutowireCapableBeanFactory.java:1778) ~[spring-beans-5.1.7.RELEASE.jar:5.1.7.RELEASE]
	at org.springframework.beans.factory.support.AbstractAutowireCapableBeanFactory.doCreateBean(AbstractAutowireCapableBeanFactory.java:593) ~[spring-beans-5.1.7.RELEASE.jar:5.1.7.RELEASE]
	at org.springframework.beans.factory.support.AbstractAutowireCapableBeanFactory.createBean(AbstractAutowireCapableBeanFactory.java:515) ~[spring-beans-5.1.7.RELEASE.jar:5.1.7.RELEASE]
	at org.springframework.beans.factory.support.AbstractBeanFactory.lambda$doGetBean$0(AbstractBeanFactory.java:320) ~[spring-beans-5.1.7.RELEASE.jar:5.1.7.RELEASE]
	at org.springframework.beans.factory.support.DefaultSingletonBeanRegistry.getSingleton(DefaultSingletonBeanRegistry.java:222) ~[spring-beans-5.1.7.RELEASE.jar:5.1.7.RELEASE]
	at org.springframework.beans.factory.support.AbstractBeanFactory.doGetBean(AbstractBeanFactory.java:318) ~[spring-beans-5.1.7.RELEASE.jar:5.1.7.RELEASE]
	at org.springframework.beans.factory.support.AbstractBeanFactory.getBean(AbstractBeanFactory.java:199) ~[spring-beans-5.1.7.RELEASE.jar:5.1.7.RELEASE]
	at org.springframework.beans.factory.support.AbstractBeanFactory.doGetBean(AbstractBeanFactory.java:307) ~[spring-beans-5.1.7.RELEASE.jar:5.1.7.RELEASE]
	at org.springframework.beans.factory.support.AbstractBeanFactory.getBean(AbstractBeanFactory.java:199) ~[spring-beans-5.1.7.RELEASE.jar:5.1.7.RELEASE]
	at org.springframework.context.support.AbstractApplicationContext.getBean(AbstractApplicationContext.java:1105) ~[spring-context-5.1.7.RELEASE.jar:5.1.7.RELEASE]
	at org.springframework.context.support.AbstractApplicationContext.finishBeanFactoryInitialization(AbstractApplicationContext.java:867) ~[spring-context-5.1.7.RELEASE.jar:5.1.7.RELEASE]
	at org.springframework.context.support.AbstractApplicationContext.refresh(AbstractApplicationContext.java:549) ~[spring-context-5.1.7.RELEASE.jar:5.1.7.RELEASE]
	at org.springframework.boot.SpringApplication.refresh(SpringApplication.java:775) ~[spring-boot-2.1.5.RELEASE.jar:2.1.5.RELEASE]
	at org.springframework.boot.SpringApplication.refreshContext(SpringApplication.java:397) ~[spring-boot-2.1.5.RELEASE.jar:2.1.5.RELEASE]
	at org.springframework.boot.SpringApplication.run(SpringApplication.java:316) ~[spring-boot-2.1.5.RELEASE.jar:2.1.5.RELEASE]
	at org.springframework.boot.test.context.SpringBootContextLoader.loadContext(SpringBootContextLoader.java:127) [spring-boot-test-2.1.5.RELEASE.jar:2.1.5.RELEASE]
	at org.springframework.test.context.cache.DefaultCacheAwareContextLoaderDelegate.loadContextInternal(DefaultCacheAwareContextLoaderDelegate.java:99) [spring-test-5.1.7.RELEASE.jar:5.1.7.RELEASE]
	at org.springframework.test.context.cache.DefaultCacheAwareContextLoaderDelegate.loadContext(DefaultCacheAwareContextLoaderDelegate.java:117) [spring-test-5.1.7.RELEASE.jar:5.1.7.RELEASE]
	at org.springframework.test.context.support.DefaultTestContext.getApplicationContext(DefaultTestContext.java:108) [spring-test-5.1.7.RELEASE.jar:5.1.7.RELEASE]
	at org.springframework.boot.test.autoconfigure.SpringBootDependencyInjectionTestExecutionListener.outputConditionEvaluationReport(SpringBootDependencyInjectionTestExecutionListener.java:54) [spring-boot-test-autoconfigure-2.1.5.RELEASE.jar:2.1.5.RELEASE]
	at org.springframework.boot.test.autoconfigure.SpringBootDependencyInjectionTestExecutionListener.prepareTestInstance(SpringBootDependencyInjectionTestExecutionListener.java:47) [spring-boot-test-autoconfigure-2.1.5.RELEASE.jar:2.1.5.RELEASE]
	at org.springframework.test.context.TestContextManager.prepareTestInstance(TestContextManager.java:246) [spring-test-5.1.7.RELEASE.jar:5.1.7.RELEASE]
	at org.springframework.test.context.junit4.SpringJUnit4ClassRunner.createTest(SpringJUnit4ClassRunner.java:227) [spring-test-5.1.7.RELEASE.jar:5.1.7.RELEASE]
	at org.springframework.test.context.junit4.SpringJUnit4ClassRunner$1.runReflectiveCall(SpringJUnit4ClassRunner.java:289) [spring-test-5.1.7.RELEASE.jar:5.1.7.RELEASE]
	at org.junit.internal.runners.model.ReflectiveCallable.run(ReflectiveCallable.java:12) [junit-4.12.jar:4.12]
	at org.springframework.test.context.junit4.SpringJUnit4ClassRunner.methodBlock(SpringJUnit4ClassRunner.java:291) [spring-test-5.1.7.RELEASE.jar:5.1.7.RELEASE]
	at org.springframework.test.context.junit4.SpringJUnit4ClassRunner.runChild(SpringJUnit4ClassRunner.java:246) [spring-test-5.1.7.RELEASE.jar:5.1.7.RELEASE]
	at org.springframework.test.context.junit4.SpringJUnit4ClassRunner.runChild(SpringJUnit4ClassRunner.java:97) [spring-test-5.1.7.RELEASE.jar:5.1.7.RELEASE]
	at org.junit.runners.ParentRunner$3.run(ParentRunner.java:290) [junit-4.12.jar:4.12]
	at org.junit.runners.ParentRunner$1.schedule(ParentRunner.java:71) [junit-4.12.jar:4.12]
	at org.junit.runners.ParentRunner.runChildren(ParentRunner.java:288) [junit-4.12.jar:4.12]
	at org.junit.runners.ParentRunner.access$000(ParentRunner.java:58) [junit-4.12.jar:4.12]
	at org.junit.runners.ParentRunner$2.evaluate(ParentRunner.java:268) [junit-4.12.jar:4.12]
	at org.springframework.test.context.junit4.statements.RunBeforeTestClassCallbacks.evaluate(RunBeforeTestClassCallbacks.java:61) [spring-test-5.1.7.RELEASE.jar:5.1.7.RELEASE]
	at org.springframework.test.context.junit4.statements.RunAfterTestClassCallbacks.evaluate(RunAfterTestClassCallbacks.java:70) [spring-test-5.1.7.RELEASE.jar:5.1.7.RELEASE]
	at org.junit.runners.ParentRunner.run(ParentRunner.java:363) [junit-4.12.jar:4.12]
	at org.springframework.test.context.junit4.SpringJUnit4ClassRunner.run(SpringJUnit4ClassRunner.java:190) [spring-test-5.1.7.RELEASE.jar:5.1.7.RELEASE]
	at org.apache.maven.surefire.junit4.JUnit4Provider.execute(JUnit4Provider.java:365) [surefire-junit4-2.22.2.jar:2.22.2]
	at org.apache.maven.surefire.junit4.JUnit4Provider.executeWithRerun(JUnit4Provider.java:273) [surefire-junit4-2.22.2.jar:2.22.2]
	at org.apache.maven.surefire.junit4.JUnit4Provider.executeTestSet(JUnit4Provider.java:238) [surefire-junit4-2.22.2.jar:2.22.2]
	at org.apache.maven.surefire.junit4.JUnit4Provider.invoke(JUnit4Provider.java:159) [surefire-junit4-2.22.2.jar:2.22.2]
	at org.apache.maven.surefire.booter.ForkedBooter.invokeProviderInSameClassLoader(ForkedBooter.java:384) [surefire-booter-2.22.2.jar:2.22.2]
	at org.apache.maven.surefire.booter.ForkedBooter.runSuitesInProcess(ForkedBooter.java:345) [surefire-booter-2.22.2.jar:2.22.2]
	at org.apache.maven.surefire.booter.ForkedBooter.execute(ForkedBooter.java:126) [surefire-booter-2.22.2.jar:2.22.2]
	at org.apache.maven.surefire.booter.ForkedBooter.main(ForkedBooter.java:418) [surefire-booter-2.22.2.jar:2.22.2]
Caused by: org.flywaydb.core.internal.command.DbMigrate$FlywayMigrateException: 
Migration V01__initialise.sql failed
------------------------------------
SQL State  : 42001
Error Code : 42001
Message    : Syntax error in SQL statement "CREATE TABLE REVIEWS(
    REVIEW_ID INT NOT NULL AUTO_INCREMENT,
    PRODUCT_ID INT NOT NULL,
    REVIEW_TITLE VARCHAR(1000) NOT NULL,
    CONSTRAINT REVIEW_PK PRIMARY KEY (REVIEW_ID),
    CONSTRAINT PRODUCT_REVIEW_FK FOREIGN KEY (PRODUCT_ID) REFERENCES PRODUCTS (PRODUCT_ID) [*]"; expected "INDEX, ON, NOT, DEFERRABLE, NOCHECK, CHECK, ,, )"; SQL statement:
create table reviews(
    review_id int not null auto_increment,
    product_id int not null,
    review_title varchar(1000) not null,
    constraint review_pk primary key (review_id),
    constraint product_review_fk foreign key (product_id) references products (product_id) [42001-199]
Location   : db/migration/V01__initialise.sql (/Users/apoorvalonkar/Desktop/Java_course_Udacity/FINAL SUBMITTED PROJECT/ReviewsApiFinal/target/classes/db/migration/V01__initialise.sql)
Line       : 7
Statement  : create table reviews(
    review_id int not null auto_increment,
    product_id int not null,
    review_title varchar(1000) not null,
    constraint review_pk primary key (review_id),
    constraint product_review_fk foreign key (product_id) references products (product_id)

	at org.flywaydb.core.internal.command.DbMigrate.doMigrateGroup(DbMigrate.java:370) ~[flyway-core-5.2.4.jar:na]
	at org.flywaydb.core.internal.command.DbMigrate.access$200(DbMigrate.java:54) ~[flyway-core-5.2.4.jar:na]
	at org.flywaydb.core.internal.command.DbMigrate$3.call(DbMigrate.java:284) ~[flyway-core-5.2.4.jar:na]
	at org.flywaydb.core.internal.jdbc.TransactionTemplate.execute(TransactionTemplate.java:74) ~[flyway-core-5.2.4.jar:na]
	at org.flywaydb.core.internal.command.DbMigrate.applyMigrations(DbMigrate.java:281) ~[flyway-core-5.2.4.jar:na]
	at org.flywaydb.core.internal.command.DbMigrate.migrateGroup(DbMigrate.java:246) ~[flyway-core-5.2.4.jar:na]
	at org.flywaydb.core.internal.command.DbMigrate.access$100(DbMigrate.java:54) ~[flyway-core-5.2.4.jar:na]
	at org.flywaydb.core.internal.command.DbMigrate$2.call(DbMigrate.java:164) ~[flyway-core-5.2.4.jar:na]
	at org.flywaydb.core.internal.command.DbMigrate$2.call(DbMigrate.java:161) ~[flyway-core-5.2.4.jar:na]
	at org.flywaydb.core.internal.database.base.Connection$1.call(Connection.java:147) ~[flyway-core-5.2.4.jar:na]
	at org.flywaydb.core.internal.jdbc.TransactionTemplate.execute(TransactionTemplate.java:74) ~[flyway-core-5.2.4.jar:na]
	at org.flywaydb.core.internal.database.base.Connection.lock(Connection.java:143) ~[flyway-core-5.2.4.jar:na]
	at org.flywaydb.core.internal.schemahistory.JdbcTableSchemaHistory.lock(JdbcTableSchemaHistory.java:155) ~[flyway-core-5.2.4.jar:na]
	at org.flywaydb.core.internal.command.DbMigrate.migrateAll(DbMigrate.java:161) ~[flyway-core-5.2.4.jar:na]
	at org.flywaydb.core.internal.command.DbMigrate.migrate(DbMigrate.java:139) ~[flyway-core-5.2.4.jar:na]
	at org.flywaydb.core.Flyway$1.execute(Flyway.java:1395) ~[flyway-core-5.2.4.jar:na]
	at org.flywaydb.core.Flyway$1.execute(Flyway.java:1356) ~[flyway-core-5.2.4.jar:na]
	at org.flywaydb.core.Flyway.execute(Flyway.java:1711) ~[flyway-core-5.2.4.jar:na]
	at org.flywaydb.core.Flyway.migrate(Flyway.java:1356) ~[flyway-core-5.2.4.jar:na]
	at org.springframework.boot.autoconfigure.flyway.FlywayMigrationInitializer.afterPropertiesSet(FlywayMigrationInitializer.java:66) ~[spring-boot-autoconfigure-2.1.5.RELEASE.jar:2.1.5.RELEASE]
	at org.springframework.beans.factory.support.AbstractAutowireCapableBeanFactory.invokeInitMethods(AbstractAutowireCapableBeanFactory.java:1837) ~[spring-beans-5.1.7.RELEASE.jar:5.1.7.RELEASE]
	at org.springframework.beans.factory.support.AbstractAutowireCapableBeanFactory.initializeBean(AbstractAutowireCapableBeanFactory.java:1774) ~[spring-beans-5.1.7.RELEASE.jar:5.1.7.RELEASE]
	... 44 common frames omitted
Caused by: org.flywaydb.core.internal.sqlscript.FlywaySqlScriptException: 
Migration V01__initialise.sql failed
------------------------------------
SQL State  : 42001
Error Code : 42001
Message    : Syntax error in SQL statement "CREATE TABLE REVIEWS(
    REVIEW_ID INT NOT NULL AUTO_INCREMENT,
    PRODUCT_ID INT NOT NULL,
    REVIEW_TITLE VARCHAR(1000) NOT NULL,
    CONSTRAINT REVIEW_PK PRIMARY KEY (REVIEW_ID),
    CONSTRAINT PRODUCT_REVIEW_FK FOREIGN KEY (PRODUCT_ID) REFERENCES PRODUCTS (PRODUCT_ID) [*]"; expected "INDEX, ON, NOT, DEFERRABLE, NOCHECK, CHECK, ,, )"; SQL statement:
create table reviews(
    review_id int not null auto_increment,
    product_id int not null,
    review_title varchar(1000) not null,
    constraint review_pk primary key (review_id),
    constraint product_review_fk foreign key (product_id) references products (product_id) [42001-199]
Location   : db/migration/V01__initialise.sql (/Users/apoorvalonkar/Desktop/Java_course_Udacity/FINAL SUBMITTED PROJECT/ReviewsApiFinal/target/classes/db/migration/V01__initialise.sql)
Line       : 7
Statement  : create table reviews(
    review_id int not null auto_increment,
    product_id int not null,
    review_title varchar(1000) not null,
    constraint review_pk primary key (review_id),
    constraint product_review_fk foreign key (product_id) references products (product_id)

	at org.flywaydb.core.internal.sqlscript.DefaultSqlScriptExecutor.handleException(DefaultSqlScriptExecutor.java:253) ~[flyway-core-5.2.4.jar:na]
	at org.flywaydb.core.internal.sqlscript.DefaultSqlScriptExecutor.executeStatement(DefaultSqlScriptExecutor.java:202) ~[flyway-core-5.2.4.jar:na]
	at org.flywaydb.core.internal.sqlscript.DefaultSqlScriptExecutor.execute(DefaultSqlScriptExecutor.java:125) ~[flyway-core-5.2.4.jar:na]
	at org.flywaydb.core.internal.resolver.sql.SqlMigrationExecutor.execute(SqlMigrationExecutor.java:77) ~[flyway-core-5.2.4.jar:na]
	at org.flywaydb.core.internal.command.DbMigrate.doMigrateGroup(DbMigrate.java:367) ~[flyway-core-5.2.4.jar:na]
	... 65 common frames omitted
Caused by: org.h2.jdbc.JdbcSQLSyntaxErrorException: Syntax error in SQL statement "CREATE TABLE REVIEWS(
    REVIEW_ID INT NOT NULL AUTO_INCREMENT,
    PRODUCT_ID INT NOT NULL,
    REVIEW_TITLE VARCHAR(1000) NOT NULL,
    CONSTRAINT REVIEW_PK PRIMARY KEY (REVIEW_ID),
    CONSTRAINT PRODUCT_REVIEW_FK FOREIGN KEY (PRODUCT_ID) REFERENCES PRODUCTS (PRODUCT_ID) [*]"; expected "INDEX, ON, NOT, DEFERRABLE, NOCHECK, CHECK, ,, )"; SQL statement:
create table reviews(
    review_id int not null auto_increment,
    product_id int not null,
    review_title varchar(1000) not null,
    constraint review_pk primary key (review_id),
    constraint product_review_fk foreign key (product_id) references products (product_id) [42001-199]
	at org.h2.message.DbException.getJdbcSQLException(DbException.java:451) ~[h2-1.4.199.jar:1.4.199]
	at org.h2.message.DbException.getJdbcSQLException(DbException.java:427) ~[h2-1.4.199.jar:1.4.199]
	at org.h2.message.DbException.getSyntaxError(DbException.java:243) ~[h2-1.4.199.jar:1.4.199]
	at org.h2.command.Parser.getSyntaxError(Parser.java:991) ~[h2-1.4.199.jar:1.4.199]
	at org.h2.command.Parser.read(Parser.java:4549) ~[h2-1.4.199.jar:1.4.199]
	at org.h2.command.Parser.readIfMore(Parser.java:1391) ~[h2-1.4.199.jar:1.4.199]
	at org.h2.command.Parser.parseCreateTable(Parser.java:7833) ~[h2-1.4.199.jar:1.4.199]
	at org.h2.command.Parser.parseCreate(Parser.java:5818) ~[h2-1.4.199.jar:1.4.199]
	at org.h2.command.Parser.parsePrepared(Parser.java:846) ~[h2-1.4.199.jar:1.4.199]
	at org.h2.command.Parser.parse(Parser.java:788) ~[h2-1.4.199.jar:1.4.199]
	at org.h2.command.Parser.parse(Parser.java:764) ~[h2-1.4.199.jar:1.4.199]
	at org.h2.command.Parser.prepareCommand(Parser.java:683) ~[h2-1.4.199.jar:1.4.199]
	at org.h2.engine.Session.prepareLocal(Session.java:627) ~[h2-1.4.199.jar:1.4.199]
	at org.h2.engine.Session.prepareCommand(Session.java:565) ~[h2-1.4.199.jar:1.4.199]
	at org.h2.jdbc.JdbcConnection.prepareCommand(JdbcConnection.java:1292) ~[h2-1.4.199.jar:1.4.199]
	at org.h2.jdbc.JdbcStatement.executeInternal(JdbcStatement.java:217) ~[h2-1.4.199.jar:1.4.199]
	at org.h2.jdbc.JdbcStatement.execute(JdbcStatement.java:205) ~[h2-1.4.199.jar:1.4.199]
	at org.flywaydb.core.internal.jdbc.JdbcTemplate.executeStatement(JdbcTemplate.java:235) ~[flyway-core-5.2.4.jar:na]
	at org.flywaydb.core.internal.sqlscript.StandardSqlStatement.execute(StandardSqlStatement.java:42) ~[flyway-core-5.2.4.jar:na]
	at org.flywaydb.core.internal.sqlscript.DefaultSqlScriptExecutor.executeStatement(DefaultSqlScriptExecutor.java:189) ~[flyway-core-5.2.4.jar:na]
	... 68 common frames omitted

2019-12-09 16:28:21.926 ERROR 17053 --- [           main] o.s.test.context.TestContextManager      : Caught exception while allowing TestExecutionListener [org.springframework.boot.test.autoconfigure.SpringBootDependencyInjectionTestExecutionListener@7adda9cc] to prepare test instance [com.udacity.course3.reviews.ReviewsApplicationTests@6edf29c1]

java.lang.IllegalStateException: Failed to load ApplicationContext
	at org.springframework.test.context.cache.DefaultCacheAwareContextLoaderDelegate.loadContext(DefaultCacheAwareContextLoaderDelegate.java:125) ~[spring-test-5.1.7.RELEASE.jar:5.1.7.RELEASE]
	at org.springframework.test.context.support.DefaultTestContext.getApplicationContext(DefaultTestContext.java:108) ~[spring-test-5.1.7.RELEASE.jar:5.1.7.RELEASE]
	at org.springframework.test.context.support.DependencyInjectionTestExecutionListener.injectDependencies(DependencyInjectionTestExecutionListener.java:118) ~[spring-test-5.1.7.RELEASE.jar:5.1.7.RELEASE]
	at org.springframework.test.context.support.DependencyInjectionTestExecutionListener.prepareTestInstance(DependencyInjectionTestExecutionListener.java:83) ~[spring-test-5.1.7.RELEASE.jar:5.1.7.RELEASE]
	at org.springframework.boot.test.autoconfigure.SpringBootDependencyInjectionTestExecutionListener.prepareTestInstance(SpringBootDependencyInjectionTestExecutionListener.java:44) ~[spring-boot-test-autoconfigure-2.1.5.RELEASE.jar:2.1.5.RELEASE]
	at org.springframework.test.context.TestContextManager.prepareTestInstance(TestContextManager.java:246) ~[spring-test-5.1.7.RELEASE.jar:5.1.7.RELEASE]
	at org.springframework.test.context.junit4.SpringJUnit4ClassRunner.createTest(SpringJUnit4ClassRunner.java:227) [spring-test-5.1.7.RELEASE.jar:5.1.7.RELEASE]
	at org.springframework.test.context.junit4.SpringJUnit4ClassRunner$1.runReflectiveCall(SpringJUnit4ClassRunner.java:289) [spring-test-5.1.7.RELEASE.jar:5.1.7.RELEASE]
	at org.junit.internal.runners.model.ReflectiveCallable.run(ReflectiveCallable.java:12) [junit-4.12.jar:4.12]
	at org.springframework.test.context.junit4.SpringJUnit4ClassRunner.methodBlock(SpringJUnit4ClassRunner.java:291) [spring-test-5.1.7.RELEASE.jar:5.1.7.RELEASE]
	at org.springframework.test.context.junit4.SpringJUnit4ClassRunner.runChild(SpringJUnit4ClassRunner.java:246) [spring-test-5.1.7.RELEASE.jar:5.1.7.RELEASE]
	at org.springframework.test.context.junit4.SpringJUnit4ClassRunner.runChild(SpringJUnit4ClassRunner.java:97) [spring-test-5.1.7.RELEASE.jar:5.1.7.RELEASE]
	at org.junit.runners.ParentRunner$3.run(ParentRunner.java:290) [junit-4.12.jar:4.12]
	at org.junit.runners.ParentRunner$1.schedule(ParentRunner.java:71) [junit-4.12.jar:4.12]
	at org.junit.runners.ParentRunner.runChildren(ParentRunner.java:288) [junit-4.12.jar:4.12]
	at org.junit.runners.ParentRunner.access$000(ParentRunner.java:58) [junit-4.12.jar:4.12]
	at org.junit.runners.ParentRunner$2.evaluate(ParentRunner.java:268) [junit-4.12.jar:4.12]
	at org.springframework.test.context.junit4.statements.RunBeforeTestClassCallbacks.evaluate(RunBeforeTestClassCallbacks.java:61) [spring-test-5.1.7.RELEASE.jar:5.1.7.RELEASE]
	at org.springframework.test.context.junit4.statements.RunAfterTestClassCallbacks.evaluate(RunAfterTestClassCallbacks.java:70) [spring-test-5.1.7.RELEASE.jar:5.1.7.RELEASE]
	at org.junit.runners.ParentRunner.run(ParentRunner.java:363) [junit-4.12.jar:4.12]
	at org.springframework.test.context.junit4.SpringJUnit4ClassRunner.run(SpringJUnit4ClassRunner.java:190) [spring-test-5.1.7.RELEASE.jar:5.1.7.RELEASE]
	at org.apache.maven.surefire.junit4.JUnit4Provider.execute(JUnit4Provider.java:365) [surefire-junit4-2.22.2.jar:2.22.2]
	at org.apache.maven.surefire.junit4.JUnit4Provider.executeWithRerun(JUnit4Provider.java:273) [surefire-junit4-2.22.2.jar:2.22.2]
	at org.apache.maven.surefire.junit4.JUnit4Provider.executeTestSet(JUnit4Provider.java:238) [surefire-junit4-2.22.2.jar:2.22.2]
	at org.apache.maven.surefire.junit4.JUnit4Provider.invoke(JUnit4Provider.java:159) [surefire-junit4-2.22.2.jar:2.22.2]
	at org.apache.maven.surefire.booter.ForkedBooter.invokeProviderInSameClassLoader(ForkedBooter.java:384) [surefire-booter-2.22.2.jar:2.22.2]
	at org.apache.maven.surefire.booter.ForkedBooter.runSuitesInProcess(ForkedBooter.java:345) [surefire-booter-2.22.2.jar:2.22.2]
	at org.apache.maven.surefire.booter.ForkedBooter.execute(ForkedBooter.java:126) [surefire-booter-2.22.2.jar:2.22.2]
	at org.apache.maven.surefire.booter.ForkedBooter.main(ForkedBooter.java:418) [surefire-booter-2.22.2.jar:2.22.2]
Caused by: org.springframework.beans.factory.BeanCreationException: Error creating bean with name 'flywayInitializer' defined in class path resource [org/springframework/boot/autoconfigure/flyway/FlywayAutoConfiguration$FlywayConfiguration.class]: Invocation of init method failed; nested exception is org.flywaydb.core.internal.command.DbMigrate$FlywayMigrateException: 
Migration V01__initialise.sql failed
------------------------------------
SQL State  : 42001
Error Code : 42001
Message    : Syntax error in SQL statement "CREATE TABLE REVIEWS(
    REVIEW_ID INT NOT NULL AUTO_INCREMENT,
    PRODUCT_ID INT NOT NULL,
    REVIEW_TITLE VARCHAR(1000) NOT NULL,
    CONSTRAINT REVIEW_PK PRIMARY KEY (REVIEW_ID),
    CONSTRAINT PRODUCT_REVIEW_FK FOREIGN KEY (PRODUCT_ID) REFERENCES PRODUCTS (PRODUCT_ID) [*]"; expected "INDEX, ON, NOT, DEFERRABLE, NOCHECK, CHECK, ,, )"; SQL statement:
create table reviews(
    review_id int not null auto_increment,
    product_id int not null,
    review_title varchar(1000) not null,
    constraint review_pk primary key (review_id),
    constraint product_review_fk foreign key (product_id) references products (product_id) [42001-199]
Location   : db/migration/V01__initialise.sql (/Users/apoorvalonkar/Desktop/Java_course_Udacity/FINAL SUBMITTED PROJECT/ReviewsApiFinal/target/classes/db/migration/V01__initialise.sql)
Line       : 7
Statement  : create table reviews(
    review_id int not null auto_increment,
    product_id int not null,
    review_title varchar(1000) not null,
    constraint review_pk primary key (review_id),
    constraint product_review_fk foreign key (product_id) references products (product_id)

	at org.springframework.beans.factory.support.AbstractAutowireCapableBeanFactory.initializeBean(AbstractAutowireCapableBeanFactory.java:1778) ~[spring-beans-5.1.7.RELEASE.jar:5.1.7.RELEASE]
	at org.springframework.beans.factory.support.AbstractAutowireCapableBeanFactory.doCreateBean(AbstractAutowireCapableBeanFactory.java:593) ~[spring-beans-5.1.7.RELEASE.jar:5.1.7.RELEASE]
	at org.springframework.beans.factory.support.AbstractAutowireCapableBeanFactory.createBean(AbstractAutowireCapableBeanFactory.java:515) ~[spring-beans-5.1.7.RELEASE.jar:5.1.7.RELEASE]
	at org.springframework.beans.factory.support.AbstractBeanFactory.lambda$doGetBean$0(AbstractBeanFactory.java:320) ~[spring-beans-5.1.7.RELEASE.jar:5.1.7.RELEASE]
	at org.springframework.beans.factory.support.DefaultSingletonBeanRegistry.getSingleton(DefaultSingletonBeanRegistry.java:222) ~[spring-beans-5.1.7.RELEASE.jar:5.1.7.RELEASE]
	at org.springframework.beans.factory.support.AbstractBeanFactory.doGetBean(AbstractBeanFactory.java:318) ~[spring-beans-5.1.7.RELEASE.jar:5.1.7.RELEASE]
	at org.springframework.beans.factory.support.AbstractBeanFactory.getBean(AbstractBeanFactory.java:199) ~[spring-beans-5.1.7.RELEASE.jar:5.1.7.RELEASE]
	at org.springframework.beans.factory.support.AbstractBeanFactory.doGetBean(AbstractBeanFactory.java:307) ~[spring-beans-5.1.7.RELEASE.jar:5.1.7.RELEASE]
	at org.springframework.beans.factory.support.AbstractBeanFactory.getBean(AbstractBeanFactory.java:199) ~[spring-beans-5.1.7.RELEASE.jar:5.1.7.RELEASE]
	at org.springframework.context.support.AbstractApplicationContext.getBean(AbstractApplicationContext.java:1105) ~[spring-context-5.1.7.RELEASE.jar:5.1.7.RELEASE]
	at org.springframework.context.support.AbstractApplicationContext.finishBeanFactoryInitialization(AbstractApplicationContext.java:867) ~[spring-context-5.1.7.RELEASE.jar:5.1.7.RELEASE]
	at org.springframework.context.support.AbstractApplicationContext.refresh(AbstractApplicationContext.java:549) ~[spring-context-5.1.7.RELEASE.jar:5.1.7.RELEASE]
	at org.springframework.boot.SpringApplication.refresh(SpringApplication.java:775) ~[spring-boot-2.1.5.RELEASE.jar:2.1.5.RELEASE]
	at org.springframework.boot.SpringApplication.refreshContext(SpringApplication.java:397) ~[spring-boot-2.1.5.RELEASE.jar:2.1.5.RELEASE]
	at org.springframework.boot.SpringApplication.run(SpringApplication.java:316) ~[spring-boot-2.1.5.RELEASE.jar:2.1.5.RELEASE]
	at org.springframework.boot.test.context.SpringBootContextLoader.loadContext(SpringBootContextLoader.java:127) ~[spring-boot-test-2.1.5.RELEASE.jar:2.1.5.RELEASE]
	at org.springframework.test.context.cache.DefaultCacheAwareContextLoaderDelegate.loadContextInternal(DefaultCacheAwareContextLoaderDelegate.java:99) ~[spring-test-5.1.7.RELEASE.jar:5.1.7.RELEASE]
	at org.springframework.test.context.cache.DefaultCacheAwareContextLoaderDelegate.loadContext(DefaultCacheAwareContextLoaderDelegate.java:117) ~[spring-test-5.1.7.RELEASE.jar:5.1.7.RELEASE]
	... 28 common frames omitted
Caused by: org.flywaydb.core.internal.command.DbMigrate$FlywayMigrateException: 
Migration V01__initialise.sql failed
------------------------------------
SQL State  : 42001
Error Code : 42001
Message    : Syntax error in SQL statement "CREATE TABLE REVIEWS(
    REVIEW_ID INT NOT NULL AUTO_INCREMENT,
    PRODUCT_ID INT NOT NULL,
    REVIEW_TITLE VARCHAR(1000) NOT NULL,
    CONSTRAINT REVIEW_PK PRIMARY KEY (REVIEW_ID),
    CONSTRAINT PRODUCT_REVIEW_FK FOREIGN KEY (PRODUCT_ID) REFERENCES PRODUCTS (PRODUCT_ID) [*]"; expected "INDEX, ON, NOT, DEFERRABLE, NOCHECK, CHECK, ,, )"; SQL statement:
create table reviews(
    review_id int not null auto_increment,
    product_id int not null,
    review_title varchar(1000) not null,
    constraint review_pk primary key (review_id),
    constraint product_review_fk foreign key (product_id) references products (product_id) [42001-199]
Location   : db/migration/V01__initialise.sql (/Users/apoorvalonkar/Desktop/Java_course_Udacity/FINAL SUBMITTED PROJECT/ReviewsApiFinal/target/classes/db/migration/V01__initialise.sql)
Line       : 7
Statement  : create table reviews(
    review_id int not null auto_increment,
    product_id int not null,
    review_title varchar(1000) not null,
    constraint review_pk primary key (review_id),
    constraint product_review_fk foreign key (product_id) references products (product_id)

	at org.flywaydb.core.internal.command.DbMigrate.doMigrateGroup(DbMigrate.java:370) ~[flyway-core-5.2.4.jar:na]
	at org.flywaydb.core.internal.command.DbMigrate.access$200(DbMigrate.java:54) ~[flyway-core-5.2.4.jar:na]
	at org.flywaydb.core.internal.command.DbMigrate$3.call(DbMigrate.java:284) ~[flyway-core-5.2.4.jar:na]
	at org.flywaydb.core.internal.jdbc.TransactionTemplate.execute(TransactionTemplate.java:74) ~[flyway-core-5.2.4.jar:na]
	at org.flywaydb.core.internal.command.DbMigrate.applyMigrations(DbMigrate.java:281) ~[flyway-core-5.2.4.jar:na]
	at org.flywaydb.core.internal.command.DbMigrate.migrateGroup(DbMigrate.java:246) ~[flyway-core-5.2.4.jar:na]
	at org.flywaydb.core.internal.command.DbMigrate.access$100(DbMigrate.java:54) ~[flyway-core-5.2.4.jar:na]
	at org.flywaydb.core.internal.command.DbMigrate$2.call(DbMigrate.java:164) ~[flyway-core-5.2.4.jar:na]
	at org.flywaydb.core.internal.command.DbMigrate$2.call(DbMigrate.java:161) ~[flyway-core-5.2.4.jar:na]
	at org.flywaydb.core.internal.database.base.Connection$1.call(Connection.java:147) ~[flyway-core-5.2.4.jar:na]
	at org.flywaydb.core.internal.jdbc.TransactionTemplate.execute(TransactionTemplate.java:74) ~[flyway-core-5.2.4.jar:na]
	at org.flywaydb.core.internal.database.base.Connection.lock(Connection.java:143) ~[flyway-core-5.2.4.jar:na]
	at org.flywaydb.core.internal.schemahistory.JdbcTableSchemaHistory.lock(JdbcTableSchemaHistory.java:155) ~[flyway-core-5.2.4.jar:na]
	at org.flywaydb.core.internal.command.DbMigrate.migrateAll(DbMigrate.java:161) ~[flyway-core-5.2.4.jar:na]
	at org.flywaydb.core.internal.command.DbMigrate.migrate(DbMigrate.java:139) ~[flyway-core-5.2.4.jar:na]
	at org.flywaydb.core.Flyway$1.execute(Flyway.java:1395) ~[flyway-core-5.2.4.jar:na]
	at org.flywaydb.core.Flyway$1.execute(Flyway.java:1356) ~[flyway-core-5.2.4.jar:na]
	at org.flywaydb.core.Flyway.execute(Flyway.java:1711) ~[flyway-core-5.2.4.jar:na]
	at org.flywaydb.core.Flyway.migrate(Flyway.java:1356) ~[flyway-core-5.2.4.jar:na]
	at org.springframework.boot.autoconfigure.flyway.FlywayMigrationInitializer.afterPropertiesSet(FlywayMigrationInitializer.java:66) ~[spring-boot-autoconfigure-2.1.5.RELEASE.jar:2.1.5.RELEASE]
	at org.springframework.beans.factory.support.AbstractAutowireCapableBeanFactory.invokeInitMethods(AbstractAutowireCapableBeanFactory.java:1837) ~[spring-beans-5.1.7.RELEASE.jar:5.1.7.RELEASE]
	at org.springframework.beans.factory.support.AbstractAutowireCapableBeanFactory.initializeBean(AbstractAutowireCapableBeanFactory.java:1774) ~[spring-beans-5.1.7.RELEASE.jar:5.1.7.RELEASE]
	... 45 common frames omitted
Caused by: org.flywaydb.core.internal.sqlscript.FlywaySqlScriptException: 
Migration V01__initialise.sql failed
------------------------------------
SQL State  : 42001
Error Code : 42001
Message    : Syntax error in SQL statement "CREATE TABLE REVIEWS(
    REVIEW_ID INT NOT NULL AUTO_INCREMENT,
    PRODUCT_ID INT NOT NULL,
    REVIEW_TITLE VARCHAR(1000) NOT NULL,
    CONSTRAINT REVIEW_PK PRIMARY KEY (REVIEW_ID),
    CONSTRAINT PRODUCT_REVIEW_FK FOREIGN KEY (PRODUCT_ID) REFERENCES PRODUCTS (PRODUCT_ID) [*]"; expected "INDEX, ON, NOT, DEFERRABLE, NOCHECK, CHECK, ,, )"; SQL statement:
create table reviews(
    review_id int not null auto_increment,
    product_id int not null,
    review_title varchar(1000) not null,
    constraint review_pk primary key (review_id),
    constraint product_review_fk foreign key (product_id) references products (product_id) [42001-199]
Location   : db/migration/V01__initialise.sql (/Users/apoorvalonkar/Desktop/Java_course_Udacity/FINAL SUBMITTED PROJECT/ReviewsApiFinal/target/classes/db/migration/V01__initialise.sql)
Line       : 7
Statement  : create table reviews(
    review_id int not null auto_increment,
    product_id int not null,
    review_title varchar(1000) not null,
    constraint review_pk primary key (review_id),
    constraint product_review_fk foreign key (product_id) references products (product_id)

	at org.flywaydb.core.internal.sqlscript.DefaultSqlScriptExecutor.handleException(DefaultSqlScriptExecutor.java:253) ~[flyway-core-5.2.4.jar:na]
	at org.flywaydb.core.internal.sqlscript.DefaultSqlScriptExecutor.executeStatement(DefaultSqlScriptExecutor.java:202) ~[flyway-core-5.2.4.jar:na]
	at org.flywaydb.core.internal.sqlscript.DefaultSqlScriptExecutor.execute(DefaultSqlScriptExecutor.java:125) ~[flyway-core-5.2.4.jar:na]
	at org.flywaydb.core.internal.resolver.sql.SqlMigrationExecutor.execute(SqlMigrationExecutor.java:77) ~[flyway-core-5.2.4.jar:na]
	at org.flywaydb.core.internal.command.DbMigrate.doMigrateGroup(DbMigrate.java:367) ~[flyway-core-5.2.4.jar:na]
	... 66 common frames omitted
Caused by: org.h2.jdbc.JdbcSQLSyntaxErrorException: Syntax error in SQL statement "CREATE TABLE REVIEWS(
    REVIEW_ID INT NOT NULL AUTO_INCREMENT,
    PRODUCT_ID INT NOT NULL,
    REVIEW_TITLE VARCHAR(1000) NOT NULL,
    CONSTRAINT REVIEW_PK PRIMARY KEY (REVIEW_ID),
    CONSTRAINT PRODUCT_REVIEW_FK FOREIGN KEY (PRODUCT_ID) REFERENCES PRODUCTS (PRODUCT_ID) [*]"; expected "INDEX, ON, NOT, DEFERRABLE, NOCHECK, CHECK, ,, )"; SQL statement:
create table reviews(
    review_id int not null auto_increment,
    product_id int not null,
    review_title varchar(1000) not null,
    constraint review_pk primary key (review_id),
    constraint product_review_fk foreign key (product_id) references products (product_id) [42001-199]
	at org.h2.message.DbException.getJdbcSQLException(DbException.java:451) ~[h2-1.4.199.jar:1.4.199]
	at org.h2.message.DbException.getJdbcSQLException(DbException.java:427) ~[h2-1.4.199.jar:1.4.199]
	at org.h2.message.DbException.getSyntaxError(DbException.java:243) ~[h2-1.4.199.jar:1.4.199]
	at org.h2.command.Parser.getSyntaxError(Parser.java:991) ~[h2-1.4.199.jar:1.4.199]
	at org.h2.command.Parser.read(Parser.java:4549) ~[h2-1.4.199.jar:1.4.199]
	at org.h2.command.Parser.readIfMore(Parser.java:1391) ~[h2-1.4.199.jar:1.4.199]
	at org.h2.command.Parser.parseCreateTable(Parser.java:7833) ~[h2-1.4.199.jar:1.4.199]
	at org.h2.command.Parser.parseCreate(Parser.java:5818) ~[h2-1.4.199.jar:1.4.199]
	at org.h2.command.Parser.parsePrepared(Parser.java:846) ~[h2-1.4.199.jar:1.4.199]
	at org.h2.command.Parser.parse(Parser.java:788) ~[h2-1.4.199.jar:1.4.199]
	at org.h2.command.Parser.parse(Parser.java:764) ~[h2-1.4.199.jar:1.4.199]
	at org.h2.command.Parser.prepareCommand(Parser.java:683) ~[h2-1.4.199.jar:1.4.199]
	at org.h2.engine.Session.prepareLocal(Session.java:627) ~[h2-1.4.199.jar:1.4.199]
	at org.h2.engine.Session.prepareCommand(Session.java:565) ~[h2-1.4.199.jar:1.4.199]
	at org.h2.jdbc.JdbcConnection.prepareCommand(JdbcConnection.java:1292) ~[h2-1.4.199.jar:1.4.199]
	at org.h2.jdbc.JdbcStatement.executeInternal(JdbcStatement.java:217) ~[h2-1.4.199.jar:1.4.199]
	at org.h2.jdbc.JdbcStatement.execute(JdbcStatement.java:205) ~[h2-1.4.199.jar:1.4.199]
	at org.flywaydb.core.internal.jdbc.JdbcTemplate.executeStatement(JdbcTemplate.java:235) ~[flyway-core-5.2.4.jar:na]
	at org.flywaydb.core.internal.sqlscript.StandardSqlStatement.execute(StandardSqlStatement.java:42) ~[flyway-core-5.2.4.jar:na]
	at org.flywaydb.core.internal.sqlscript.DefaultSqlScriptExecutor.executeStatement(DefaultSqlScriptExecutor.java:189) ~[flyway-core-5.2.4.jar:na]
	... 69 common frames omitted

]]></system-out>
  </testcase>
  <testcase name="testReviewEntity" classname="com.udacity.course3.reviews.ReviewsApplicationTests" time="0.001">
    <error message="Failed to load ApplicationContext" type="java.lang.IllegalStateException">java.lang.IllegalStateException: Failed to load ApplicationContext
Caused by: org.springframework.beans.factory.BeanCreationException: 
Error creating bean with name 'flywayInitializer' defined in class path resource [org/springframework/boot/autoconfigure/flyway/FlywayAutoConfiguration$FlywayConfiguration.class]: Invocation of init method failed; nested exception is org.flywaydb.core.internal.command.DbMigrate$FlywayMigrateException: 
Migration V01__initialise.sql failed
------------------------------------
SQL State  : 42001
Error Code : 42001
Message    : Syntax error in SQL statement "CREATE TABLE REVIEWS(
    REVIEW_ID INT NOT NULL AUTO_INCREMENT,
    PRODUCT_ID INT NOT NULL,
    REVIEW_TITLE VARCHAR(1000) NOT NULL,
    CONSTRAINT REVIEW_PK PRIMARY KEY (REVIEW_ID),
    CONSTRAINT PRODUCT_REVIEW_FK FOREIGN KEY (PRODUCT_ID) REFERENCES PRODUCTS (PRODUCT_ID) [*]"; expected "INDEX, ON, NOT, DEFERRABLE, NOCHECK, CHECK, ,, )"; SQL statement:
create table reviews(
    review_id int not null auto_increment,
    product_id int not null,
    review_title varchar(1000) not null,
    constraint review_pk primary key (review_id),
    constraint product_review_fk foreign key (product_id) references products (product_id) [42001-199]
Location   : db/migration/V01__initialise.sql (/Users/apoorvalonkar/Desktop/Java_course_Udacity/FINAL SUBMITTED PROJECT/ReviewsApiFinal/target/classes/db/migration/V01__initialise.sql)
Line       : 7
Statement  : create table reviews(
    review_id int not null auto_increment,
    product_id int not null,
    review_title varchar(1000) not null,
    constraint review_pk primary key (review_id),
    constraint product_review_fk foreign key (product_id) references products (product_id)

Caused by: org.flywaydb.core.internal.command.DbMigrate$FlywayMigrateException: 

Migration V01__initialise.sql failed
------------------------------------
SQL State  : 42001
Error Code : 42001
Message    : Syntax error in SQL statement "CREATE TABLE REVIEWS(
    REVIEW_ID INT NOT NULL AUTO_INCREMENT,
    PRODUCT_ID INT NOT NULL,
    REVIEW_TITLE VARCHAR(1000) NOT NULL,
    CONSTRAINT REVIEW_PK PRIMARY KEY (REVIEW_ID),
    CONSTRAINT PRODUCT_REVIEW_FK FOREIGN KEY (PRODUCT_ID) REFERENCES PRODUCTS (PRODUCT_ID) [*]"; expected "INDEX, ON, NOT, DEFERRABLE, NOCHECK, CHECK, ,, )"; SQL statement:
create table reviews(
    review_id int not null auto_increment,
    product_id int not null,
    review_title varchar(1000) not null,
    constraint review_pk primary key (review_id),
    constraint product_review_fk foreign key (product_id) references products (product_id) [42001-199]
Location   : db/migration/V01__initialise.sql (/Users/apoorvalonkar/Desktop/Java_course_Udacity/FINAL SUBMITTED PROJECT/ReviewsApiFinal/target/classes/db/migration/V01__initialise.sql)
Line       : 7
Statement  : create table reviews(
    review_id int not null auto_increment,
    product_id int not null,
    review_title varchar(1000) not null,
    constraint review_pk primary key (review_id),
    constraint product_review_fk foreign key (product_id) references products (product_id)

Caused by: org.flywaydb.core.internal.sqlscript.FlywaySqlScriptException: 

Migration V01__initialise.sql failed
------------------------------------
SQL State  : 42001
Error Code : 42001
Message    : Syntax error in SQL statement "CREATE TABLE REVIEWS(
    REVIEW_ID INT NOT NULL AUTO_INCREMENT,
    PRODUCT_ID INT NOT NULL,
    REVIEW_TITLE VARCHAR(1000) NOT NULL,
    CONSTRAINT REVIEW_PK PRIMARY KEY (REVIEW_ID),
    CONSTRAINT PRODUCT_REVIEW_FK FOREIGN KEY (PRODUCT_ID) REFERENCES PRODUCTS (PRODUCT_ID) [*]"; expected "INDEX, ON, NOT, DEFERRABLE, NOCHECK, CHECK, ,, )"; SQL statement:
create table reviews(
    review_id int not null auto_increment,
    product_id int not null,
    review_title varchar(1000) not null,
    constraint review_pk primary key (review_id),
    constraint product_review_fk foreign key (product_id) references products (product_id) [42001-199]
Location   : db/migration/V01__initialise.sql (/Users/apoorvalonkar/Desktop/Java_course_Udacity/FINAL SUBMITTED PROJECT/ReviewsApiFinal/target/classes/db/migration/V01__initialise.sql)
Line       : 7
Statement  : create table reviews(
    review_id int not null auto_increment,
    product_id int not null,
    review_title varchar(1000) not null,
    constraint review_pk primary key (review_id),
    constraint product_review_fk foreign key (product_id) references products (product_id)

Caused by: org.h2.jdbc.JdbcSQLSyntaxErrorException: 
Syntax error in SQL statement "CREATE TABLE REVIEWS(
    REVIEW_ID INT NOT NULL AUTO_INCREMENT,
    PRODUCT_ID INT NOT NULL,
    REVIEW_TITLE VARCHAR(1000) NOT NULL,
    CONSTRAINT REVIEW_PK PRIMARY KEY (REVIEW_ID),
    CONSTRAINT PRODUCT_REVIEW_FK FOREIGN KEY (PRODUCT_ID) REFERENCES PRODUCTS (PRODUCT_ID) [*]"; expected "INDEX, ON, NOT, DEFERRABLE, NOCHECK, CHECK, ,, )"; SQL statement:
create table reviews(
    review_id int not null auto_increment,
    product_id int not null,
    review_title varchar(1000) not null,
    constraint review_pk primary key (review_id),
    constraint product_review_fk foreign key (product_id) references products (product_id) [42001-199]
</error>
    <system-out><![CDATA[
  .   ____          _            __ _ _
 /\\ / ___'_ __ _ _(_)_ __  __ _ \ \ \ \
( ( )\___ | '_ | '_| | '_ \/ _` | \ \ \ \
 \\/  ___)| |_)| | | | | || (_| |  ) ) ) )
  '  |____| .__|_| |_|_| |_\__, | / / / /
 =========|_|==============|___/=/_/_/_/
 :: Spring Boot ::        (v2.1.5.RELEASE)

2019-12-09 16:28:22.002  INFO 17053 --- [           main] c.u.c.reviews.ReviewsApplicationTests    : Starting ReviewsApplicationTests on Apoorvas-MBP.fios-router.home with PID 17053 (started by apoorvalonkar in /Users/apoorvalonkar/Desktop/Java_course_Udacity/FINAL SUBMITTED PROJECT/ReviewsApiFinal)
2019-12-09 16:28:22.003  INFO 17053 --- [           main] c.u.c.reviews.ReviewsApplicationTests    : No active profile set, falling back to default profiles: default
2019-12-09 16:28:22.084  INFO 17053 --- [           main] .s.d.r.c.RepositoryConfigurationDelegate : Multiple Spring Data modules found, entering strict repository configuration mode!
2019-12-09 16:28:22.084  INFO 17053 --- [           main] .s.d.r.c.RepositoryConfigurationDelegate : Bootstrapping Spring Data repositories in DEFAULT mode.
2019-12-09 16:28:22.089  INFO 17053 --- [           main] .RepositoryConfigurationExtensionSupport : Spring Data MongoDB - Could not safely identify store assignment for repository candidate interface com.udacity.course3.reviews.repository.MySQL.CommentRepository.
2019-12-09 16:28:22.090  INFO 17053 --- [           main] .RepositoryConfigurationExtensionSupport : Spring Data MongoDB - Could not safely identify store assignment for repository candidate interface com.udacity.course3.reviews.repository.MySQL.ProductRepository.
2019-12-09 16:28:22.092  INFO 17053 --- [           main] .RepositoryConfigurationExtensionSupport : Spring Data MongoDB - Could not safely identify store assignment for repository candidate interface com.udacity.course3.reviews.repository.MySQL.ReviewRepository.
2019-12-09 16:28:22.100  INFO 17053 --- [           main] .s.d.r.c.RepositoryConfigurationDelegate : Finished Spring Data repository scanning in 16ms. Found 1 repository interfaces.
2019-12-09 16:28:22.108  INFO 17053 --- [           main] .s.d.r.c.RepositoryConfigurationDelegate : Multiple Spring Data modules found, entering strict repository configuration mode!
2019-12-09 16:28:22.108  INFO 17053 --- [           main] .s.d.r.c.RepositoryConfigurationDelegate : Bootstrapping Spring Data repositories in DEFAULT mode.
2019-12-09 16:28:22.113  INFO 17053 --- [           main] .RepositoryConfigurationExtensionSupport : Spring Data JPA - Could not safely identify store assignment for repository candidate interface com.udacity.course3.reviews.repository.Mongo.MongoReviewRepository.
2019-12-09 16:28:22.125  INFO 17053 --- [           main] .s.d.r.c.RepositoryConfigurationDelegate : Finished Spring Data repository scanning in 17ms. Found 3 repository interfaces.
2019-12-09 16:28:22.136  INFO 17053 --- [           main] beddedDataSourceBeanFactoryPostProcessor : Replacing 'dataSource' DataSource bean with embedded version
2019-12-09 16:28:22.271  INFO 17053 --- [           main] o.s.j.d.e.EmbeddedDatabaseFactory        : Starting embedded database: url='jdbc:h2:mem:38ab6329-e497-4d2f-89e9-1d92c2240c0d;DB_CLOSE_DELAY=-1;DB_CLOSE_ON_EXIT=false', username='sa'
2019-12-09 16:28:22.289  INFO 17053 --- [           main] o.f.c.internal.database.DatabaseFactory  : Database: jdbc:h2:mem:38ab6329-e497-4d2f-89e9-1d92c2240c0d (H2 1.4)
2019-12-09 16:28:22.291  WARN 17053 --- [           main] o.f.c.internal.database.base.Database    : Flyway upgrade recommended: H2 1.4.199 is newer than this version of Flyway and support has not been tested.
2019-12-09 16:28:22.299  INFO 17053 --- [           main] o.f.core.internal.command.DbValidate     : Successfully validated 1 migration (execution time 00:00.003s)
2019-12-09 16:28:22.303  INFO 17053 --- [           main] o.f.c.i.s.JdbcTableSchemaHistory         : Creating Schema History table: "PUBLIC"."flyway_schema_history"
2019-12-09 16:28:22.310  INFO 17053 --- [           main] o.f.core.internal.command.DbMigrate      : Current version of schema "PUBLIC": << Empty Schema >>
2019-12-09 16:28:22.310  INFO 17053 --- [           main] o.f.core.internal.command.DbMigrate      : Migrating schema "PUBLIC" to version 01 - initialise
2019-12-09 16:28:22.312 ERROR 17053 --- [           main] o.f.core.internal.command.DbMigrate      : Migration of schema "PUBLIC" to version 01 - initialise failed! Please restore backups and roll back database and code!
2019-12-09 16:28:22.315  WARN 17053 --- [           main] s.c.a.AnnotationConfigApplicationContext : Exception encountered during context initialization - cancelling refresh attempt: org.springframework.beans.factory.BeanCreationException: Error creating bean with name 'flywayInitializer' defined in class path resource [org/springframework/boot/autoconfigure/flyway/FlywayAutoConfiguration$FlywayConfiguration.class]: Invocation of init method failed; nested exception is org.flywaydb.core.internal.command.DbMigrate$FlywayMigrateException: 
Migration V01__initialise.sql failed
------------------------------------
SQL State  : 42001
Error Code : 42001
Message    : Syntax error in SQL statement "CREATE TABLE REVIEWS(
    REVIEW_ID INT NOT NULL AUTO_INCREMENT,
    PRODUCT_ID INT NOT NULL,
    REVIEW_TITLE VARCHAR(1000) NOT NULL,
    CONSTRAINT REVIEW_PK PRIMARY KEY (REVIEW_ID),
    CONSTRAINT PRODUCT_REVIEW_FK FOREIGN KEY (PRODUCT_ID) REFERENCES PRODUCTS (PRODUCT_ID) [*]"; expected "INDEX, ON, NOT, DEFERRABLE, NOCHECK, CHECK, ,, )"; SQL statement:
create table reviews(
    review_id int not null auto_increment,
    product_id int not null,
    review_title varchar(1000) not null,
    constraint review_pk primary key (review_id),
    constraint product_review_fk foreign key (product_id) references products (product_id) [42001-199]
Location   : db/migration/V01__initialise.sql (/Users/apoorvalonkar/Desktop/Java_course_Udacity/FINAL SUBMITTED PROJECT/ReviewsApiFinal/target/classes/db/migration/V01__initialise.sql)
Line       : 7
Statement  : create table reviews(
    review_id int not null auto_increment,
    product_id int not null,
    review_title varchar(1000) not null,
    constraint review_pk primary key (review_id),
    constraint product_review_fk foreign key (product_id) references products (product_id)

2019-12-09 16:28:22.316  INFO 17053 --- [           main] ConditionEvaluationReportLoggingListener : 

Error starting ApplicationContext. To display the conditions report re-run your application with 'debug' enabled.
2019-12-09 16:28:22.318 ERROR 17053 --- [           main] o.s.boot.SpringApplication               : Application run failed

org.springframework.beans.factory.BeanCreationException: Error creating bean with name 'flywayInitializer' defined in class path resource [org/springframework/boot/autoconfigure/flyway/FlywayAutoConfiguration$FlywayConfiguration.class]: Invocation of init method failed; nested exception is org.flywaydb.core.internal.command.DbMigrate$FlywayMigrateException: 
Migration V01__initialise.sql failed
------------------------------------
SQL State  : 42001
Error Code : 42001
Message    : Syntax error in SQL statement "CREATE TABLE REVIEWS(
    REVIEW_ID INT NOT NULL AUTO_INCREMENT,
    PRODUCT_ID INT NOT NULL,
    REVIEW_TITLE VARCHAR(1000) NOT NULL,
    CONSTRAINT REVIEW_PK PRIMARY KEY (REVIEW_ID),
    CONSTRAINT PRODUCT_REVIEW_FK FOREIGN KEY (PRODUCT_ID) REFERENCES PRODUCTS (PRODUCT_ID) [*]"; expected "INDEX, ON, NOT, DEFERRABLE, NOCHECK, CHECK, ,, )"; SQL statement:
create table reviews(
    review_id int not null auto_increment,
    product_id int not null,
    review_title varchar(1000) not null,
    constraint review_pk primary key (review_id),
    constraint product_review_fk foreign key (product_id) references products (product_id) [42001-199]
Location   : db/migration/V01__initialise.sql (/Users/apoorvalonkar/Desktop/Java_course_Udacity/FINAL SUBMITTED PROJECT/ReviewsApiFinal/target/classes/db/migration/V01__initialise.sql)
Line       : 7
Statement  : create table reviews(
    review_id int not null auto_increment,
    product_id int not null,
    review_title varchar(1000) not null,
    constraint review_pk primary key (review_id),
    constraint product_review_fk foreign key (product_id) references products (product_id)

	at org.springframework.beans.factory.support.AbstractAutowireCapableBeanFactory.initializeBean(AbstractAutowireCapableBeanFactory.java:1778) ~[spring-beans-5.1.7.RELEASE.jar:5.1.7.RELEASE]
	at org.springframework.beans.factory.support.AbstractAutowireCapableBeanFactory.doCreateBean(AbstractAutowireCapableBeanFactory.java:593) ~[spring-beans-5.1.7.RELEASE.jar:5.1.7.RELEASE]
	at org.springframework.beans.factory.support.AbstractAutowireCapableBeanFactory.createBean(AbstractAutowireCapableBeanFactory.java:515) ~[spring-beans-5.1.7.RELEASE.jar:5.1.7.RELEASE]
	at org.springframework.beans.factory.support.AbstractBeanFactory.lambda$doGetBean$0(AbstractBeanFactory.java:320) ~[spring-beans-5.1.7.RELEASE.jar:5.1.7.RELEASE]
	at org.springframework.beans.factory.support.DefaultSingletonBeanRegistry.getSingleton(DefaultSingletonBeanRegistry.java:222) ~[spring-beans-5.1.7.RELEASE.jar:5.1.7.RELEASE]
	at org.springframework.beans.factory.support.AbstractBeanFactory.doGetBean(AbstractBeanFactory.java:318) ~[spring-beans-5.1.7.RELEASE.jar:5.1.7.RELEASE]
	at org.springframework.beans.factory.support.AbstractBeanFactory.getBean(AbstractBeanFactory.java:199) ~[spring-beans-5.1.7.RELEASE.jar:5.1.7.RELEASE]
	at org.springframework.beans.factory.support.AbstractBeanFactory.doGetBean(AbstractBeanFactory.java:307) ~[spring-beans-5.1.7.RELEASE.jar:5.1.7.RELEASE]
	at org.springframework.beans.factory.support.AbstractBeanFactory.getBean(AbstractBeanFactory.java:199) ~[spring-beans-5.1.7.RELEASE.jar:5.1.7.RELEASE]
	at org.springframework.context.support.AbstractApplicationContext.getBean(AbstractApplicationContext.java:1105) ~[spring-context-5.1.7.RELEASE.jar:5.1.7.RELEASE]
	at org.springframework.context.support.AbstractApplicationContext.finishBeanFactoryInitialization(AbstractApplicationContext.java:867) ~[spring-context-5.1.7.RELEASE.jar:5.1.7.RELEASE]
	at org.springframework.context.support.AbstractApplicationContext.refresh(AbstractApplicationContext.java:549) ~[spring-context-5.1.7.RELEASE.jar:5.1.7.RELEASE]
	at org.springframework.boot.SpringApplication.refresh(SpringApplication.java:775) ~[spring-boot-2.1.5.RELEASE.jar:2.1.5.RELEASE]
	at org.springframework.boot.SpringApplication.refreshContext(SpringApplication.java:397) ~[spring-boot-2.1.5.RELEASE.jar:2.1.5.RELEASE]
	at org.springframework.boot.SpringApplication.run(SpringApplication.java:316) ~[spring-boot-2.1.5.RELEASE.jar:2.1.5.RELEASE]
	at org.springframework.boot.test.context.SpringBootContextLoader.loadContext(SpringBootContextLoader.java:127) [spring-boot-test-2.1.5.RELEASE.jar:2.1.5.RELEASE]
	at org.springframework.test.context.cache.DefaultCacheAwareContextLoaderDelegate.loadContextInternal(DefaultCacheAwareContextLoaderDelegate.java:99) [spring-test-5.1.7.RELEASE.jar:5.1.7.RELEASE]
	at org.springframework.test.context.cache.DefaultCacheAwareContextLoaderDelegate.loadContext(DefaultCacheAwareContextLoaderDelegate.java:117) [spring-test-5.1.7.RELEASE.jar:5.1.7.RELEASE]
	at org.springframework.test.context.support.DefaultTestContext.getApplicationContext(DefaultTestContext.java:108) [spring-test-5.1.7.RELEASE.jar:5.1.7.RELEASE]
	at org.springframework.test.context.support.DependencyInjectionTestExecutionListener.injectDependencies(DependencyInjectionTestExecutionListener.java:118) [spring-test-5.1.7.RELEASE.jar:5.1.7.RELEASE]
	at org.springframework.test.context.support.DependencyInjectionTestExecutionListener.prepareTestInstance(DependencyInjectionTestExecutionListener.java:83) [spring-test-5.1.7.RELEASE.jar:5.1.7.RELEASE]
	at org.springframework.boot.test.autoconfigure.SpringBootDependencyInjectionTestExecutionListener.prepareTestInstance(SpringBootDependencyInjectionTestExecutionListener.java:44) [spring-boot-test-autoconfigure-2.1.5.RELEASE.jar:2.1.5.RELEASE]
	at org.springframework.test.context.TestContextManager.prepareTestInstance(TestContextManager.java:246) [spring-test-5.1.7.RELEASE.jar:5.1.7.RELEASE]
	at org.springframework.test.context.junit4.SpringJUnit4ClassRunner.createTest(SpringJUnit4ClassRunner.java:227) [spring-test-5.1.7.RELEASE.jar:5.1.7.RELEASE]
	at org.springframework.test.context.junit4.SpringJUnit4ClassRunner$1.runReflectiveCall(SpringJUnit4ClassRunner.java:289) [spring-test-5.1.7.RELEASE.jar:5.1.7.RELEASE]
	at org.junit.internal.runners.model.ReflectiveCallable.run(ReflectiveCallable.java:12) [junit-4.12.jar:4.12]
	at org.springframework.test.context.junit4.SpringJUnit4ClassRunner.methodBlock(SpringJUnit4ClassRunner.java:291) [spring-test-5.1.7.RELEASE.jar:5.1.7.RELEASE]
	at org.springframework.test.context.junit4.SpringJUnit4ClassRunner.runChild(SpringJUnit4ClassRunner.java:246) [spring-test-5.1.7.RELEASE.jar:5.1.7.RELEASE]
	at org.springframework.test.context.junit4.SpringJUnit4ClassRunner.runChild(SpringJUnit4ClassRunner.java:97) [spring-test-5.1.7.RELEASE.jar:5.1.7.RELEASE]
	at org.junit.runners.ParentRunner$3.run(ParentRunner.java:290) [junit-4.12.jar:4.12]
	at org.junit.runners.ParentRunner$1.schedule(ParentRunner.java:71) [junit-4.12.jar:4.12]
	at org.junit.runners.ParentRunner.runChildren(ParentRunner.java:288) [junit-4.12.jar:4.12]
	at org.junit.runners.ParentRunner.access$000(ParentRunner.java:58) [junit-4.12.jar:4.12]
	at org.junit.runners.ParentRunner$2.evaluate(ParentRunner.java:268) [junit-4.12.jar:4.12]
	at org.springframework.test.context.junit4.statements.RunBeforeTestClassCallbacks.evaluate(RunBeforeTestClassCallbacks.java:61) [spring-test-5.1.7.RELEASE.jar:5.1.7.RELEASE]
	at org.springframework.test.context.junit4.statements.RunAfterTestClassCallbacks.evaluate(RunAfterTestClassCallbacks.java:70) [spring-test-5.1.7.RELEASE.jar:5.1.7.RELEASE]
	at org.junit.runners.ParentRunner.run(ParentRunner.java:363) [junit-4.12.jar:4.12]
	at org.springframework.test.context.junit4.SpringJUnit4ClassRunner.run(SpringJUnit4ClassRunner.java:190) [spring-test-5.1.7.RELEASE.jar:5.1.7.RELEASE]
	at org.apache.maven.surefire.junit4.JUnit4Provider.execute(JUnit4Provider.java:365) [surefire-junit4-2.22.2.jar:2.22.2]
	at org.apache.maven.surefire.junit4.JUnit4Provider.executeWithRerun(JUnit4Provider.java:273) [surefire-junit4-2.22.2.jar:2.22.2]
	at org.apache.maven.surefire.junit4.JUnit4Provider.executeTestSet(JUnit4Provider.java:238) [surefire-junit4-2.22.2.jar:2.22.2]
	at org.apache.maven.surefire.junit4.JUnit4Provider.invoke(JUnit4Provider.java:159) [surefire-junit4-2.22.2.jar:2.22.2]
	at org.apache.maven.surefire.booter.ForkedBooter.invokeProviderInSameClassLoader(ForkedBooter.java:384) [surefire-booter-2.22.2.jar:2.22.2]
	at org.apache.maven.surefire.booter.ForkedBooter.runSuitesInProcess(ForkedBooter.java:345) [surefire-booter-2.22.2.jar:2.22.2]
	at org.apache.maven.surefire.booter.ForkedBooter.execute(ForkedBooter.java:126) [surefire-booter-2.22.2.jar:2.22.2]
	at org.apache.maven.surefire.booter.ForkedBooter.main(ForkedBooter.java:418) [surefire-booter-2.22.2.jar:2.22.2]
Caused by: org.flywaydb.core.internal.command.DbMigrate$FlywayMigrateException: 
Migration V01__initialise.sql failed
------------------------------------
SQL State  : 42001
Error Code : 42001
Message    : Syntax error in SQL statement "CREATE TABLE REVIEWS(
    REVIEW_ID INT NOT NULL AUTO_INCREMENT,
    PRODUCT_ID INT NOT NULL,
    REVIEW_TITLE VARCHAR(1000) NOT NULL,
    CONSTRAINT REVIEW_PK PRIMARY KEY (REVIEW_ID),
    CONSTRAINT PRODUCT_REVIEW_FK FOREIGN KEY (PRODUCT_ID) REFERENCES PRODUCTS (PRODUCT_ID) [*]"; expected "INDEX, ON, NOT, DEFERRABLE, NOCHECK, CHECK, ,, )"; SQL statement:
create table reviews(
    review_id int not null auto_increment,
    product_id int not null,
    review_title varchar(1000) not null,
    constraint review_pk primary key (review_id),
    constraint product_review_fk foreign key (product_id) references products (product_id) [42001-199]
Location   : db/migration/V01__initialise.sql (/Users/apoorvalonkar/Desktop/Java_course_Udacity/FINAL SUBMITTED PROJECT/ReviewsApiFinal/target/classes/db/migration/V01__initialise.sql)
Line       : 7
Statement  : create table reviews(
    review_id int not null auto_increment,
    product_id int not null,
    review_title varchar(1000) not null,
    constraint review_pk primary key (review_id),
    constraint product_review_fk foreign key (product_id) references products (product_id)

	at org.flywaydb.core.internal.command.DbMigrate.doMigrateGroup(DbMigrate.java:370) ~[flyway-core-5.2.4.jar:na]
	at org.flywaydb.core.internal.command.DbMigrate.access$200(DbMigrate.java:54) ~[flyway-core-5.2.4.jar:na]
	at org.flywaydb.core.internal.command.DbMigrate$3.call(DbMigrate.java:284) ~[flyway-core-5.2.4.jar:na]
	at org.flywaydb.core.internal.jdbc.TransactionTemplate.execute(TransactionTemplate.java:74) ~[flyway-core-5.2.4.jar:na]
	at org.flywaydb.core.internal.command.DbMigrate.applyMigrations(DbMigrate.java:281) ~[flyway-core-5.2.4.jar:na]
	at org.flywaydb.core.internal.command.DbMigrate.migrateGroup(DbMigrate.java:246) ~[flyway-core-5.2.4.jar:na]
	at org.flywaydb.core.internal.command.DbMigrate.access$100(DbMigrate.java:54) ~[flyway-core-5.2.4.jar:na]
	at org.flywaydb.core.internal.command.DbMigrate$2.call(DbMigrate.java:164) ~[flyway-core-5.2.4.jar:na]
	at org.flywaydb.core.internal.command.DbMigrate$2.call(DbMigrate.java:161) ~[flyway-core-5.2.4.jar:na]
	at org.flywaydb.core.internal.database.base.Connection$1.call(Connection.java:147) ~[flyway-core-5.2.4.jar:na]
	at org.flywaydb.core.internal.jdbc.TransactionTemplate.execute(TransactionTemplate.java:74) ~[flyway-core-5.2.4.jar:na]
	at org.flywaydb.core.internal.database.base.Connection.lock(Connection.java:143) ~[flyway-core-5.2.4.jar:na]
	at org.flywaydb.core.internal.schemahistory.JdbcTableSchemaHistory.lock(JdbcTableSchemaHistory.java:155) ~[flyway-core-5.2.4.jar:na]
	at org.flywaydb.core.internal.command.DbMigrate.migrateAll(DbMigrate.java:161) ~[flyway-core-5.2.4.jar:na]
	at org.flywaydb.core.internal.command.DbMigrate.migrate(DbMigrate.java:139) ~[flyway-core-5.2.4.jar:na]
	at org.flywaydb.core.Flyway$1.execute(Flyway.java:1395) ~[flyway-core-5.2.4.jar:na]
	at org.flywaydb.core.Flyway$1.execute(Flyway.java:1356) ~[flyway-core-5.2.4.jar:na]
	at org.flywaydb.core.Flyway.execute(Flyway.java:1711) ~[flyway-core-5.2.4.jar:na]
	at org.flywaydb.core.Flyway.migrate(Flyway.java:1356) ~[flyway-core-5.2.4.jar:na]
	at org.springframework.boot.autoconfigure.flyway.FlywayMigrationInitializer.afterPropertiesSet(FlywayMigrationInitializer.java:66) ~[spring-boot-autoconfigure-2.1.5.RELEASE.jar:2.1.5.RELEASE]
	at org.springframework.beans.factory.support.AbstractAutowireCapableBeanFactory.invokeInitMethods(AbstractAutowireCapableBeanFactory.java:1837) ~[spring-beans-5.1.7.RELEASE.jar:5.1.7.RELEASE]
	at org.springframework.beans.factory.support.AbstractAutowireCapableBeanFactory.initializeBean(AbstractAutowireCapableBeanFactory.java:1774) ~[spring-beans-5.1.7.RELEASE.jar:5.1.7.RELEASE]
	... 45 common frames omitted
Caused by: org.flywaydb.core.internal.sqlscript.FlywaySqlScriptException: 
Migration V01__initialise.sql failed
------------------------------------
SQL State  : 42001
Error Code : 42001
Message    : Syntax error in SQL statement "CREATE TABLE REVIEWS(
    REVIEW_ID INT NOT NULL AUTO_INCREMENT,
    PRODUCT_ID INT NOT NULL,
    REVIEW_TITLE VARCHAR(1000) NOT NULL,
    CONSTRAINT REVIEW_PK PRIMARY KEY (REVIEW_ID),
    CONSTRAINT PRODUCT_REVIEW_FK FOREIGN KEY (PRODUCT_ID) REFERENCES PRODUCTS (PRODUCT_ID) [*]"; expected "INDEX, ON, NOT, DEFERRABLE, NOCHECK, CHECK, ,, )"; SQL statement:
create table reviews(
    review_id int not null auto_increment,
    product_id int not null,
    review_title varchar(1000) not null,
    constraint review_pk primary key (review_id),
    constraint product_review_fk foreign key (product_id) references products (product_id) [42001-199]
Location   : db/migration/V01__initialise.sql (/Users/apoorvalonkar/Desktop/Java_course_Udacity/FINAL SUBMITTED PROJECT/ReviewsApiFinal/target/classes/db/migration/V01__initialise.sql)
Line       : 7
Statement  : create table reviews(
    review_id int not null auto_increment,
    product_id int not null,
    review_title varchar(1000) not null,
    constraint review_pk primary key (review_id),
    constraint product_review_fk foreign key (product_id) references products (product_id)

	at org.flywaydb.core.internal.sqlscript.DefaultSqlScriptExecutor.handleException(DefaultSqlScriptExecutor.java:253) ~[flyway-core-5.2.4.jar:na]
	at org.flywaydb.core.internal.sqlscript.DefaultSqlScriptExecutor.executeStatement(DefaultSqlScriptExecutor.java:202) ~[flyway-core-5.2.4.jar:na]
	at org.flywaydb.core.internal.sqlscript.DefaultSqlScriptExecutor.execute(DefaultSqlScriptExecutor.java:125) ~[flyway-core-5.2.4.jar:na]
	at org.flywaydb.core.internal.resolver.sql.SqlMigrationExecutor.execute(SqlMigrationExecutor.java:77) ~[flyway-core-5.2.4.jar:na]
	at org.flywaydb.core.internal.command.DbMigrate.doMigrateGroup(DbMigrate.java:367) ~[flyway-core-5.2.4.jar:na]
	... 66 common frames omitted
Caused by: org.h2.jdbc.JdbcSQLSyntaxErrorException: Syntax error in SQL statement "CREATE TABLE REVIEWS(
    REVIEW_ID INT NOT NULL AUTO_INCREMENT,
    PRODUCT_ID INT NOT NULL,
    REVIEW_TITLE VARCHAR(1000) NOT NULL,
    CONSTRAINT REVIEW_PK PRIMARY KEY (REVIEW_ID),
    CONSTRAINT PRODUCT_REVIEW_FK FOREIGN KEY (PRODUCT_ID) REFERENCES PRODUCTS (PRODUCT_ID) [*]"; expected "INDEX, ON, NOT, DEFERRABLE, NOCHECK, CHECK, ,, )"; SQL statement:
create table reviews(
    review_id int not null auto_increment,
    product_id int not null,
    review_title varchar(1000) not null,
    constraint review_pk primary key (review_id),
    constraint product_review_fk foreign key (product_id) references products (product_id) [42001-199]
	at org.h2.message.DbException.getJdbcSQLException(DbException.java:451) ~[h2-1.4.199.jar:1.4.199]
	at org.h2.message.DbException.getJdbcSQLException(DbException.java:427) ~[h2-1.4.199.jar:1.4.199]
	at org.h2.message.DbException.getSyntaxError(DbException.java:243) ~[h2-1.4.199.jar:1.4.199]
	at org.h2.command.Parser.getSyntaxError(Parser.java:991) ~[h2-1.4.199.jar:1.4.199]
	at org.h2.command.Parser.read(Parser.java:4549) ~[h2-1.4.199.jar:1.4.199]
	at org.h2.command.Parser.readIfMore(Parser.java:1391) ~[h2-1.4.199.jar:1.4.199]
	at org.h2.command.Parser.parseCreateTable(Parser.java:7833) ~[h2-1.4.199.jar:1.4.199]
	at org.h2.command.Parser.parseCreate(Parser.java:5818) ~[h2-1.4.199.jar:1.4.199]
	at org.h2.command.Parser.parsePrepared(Parser.java:846) ~[h2-1.4.199.jar:1.4.199]
	at org.h2.command.Parser.parse(Parser.java:788) ~[h2-1.4.199.jar:1.4.199]
	at org.h2.command.Parser.parse(Parser.java:764) ~[h2-1.4.199.jar:1.4.199]
	at org.h2.command.Parser.prepareCommand(Parser.java:683) ~[h2-1.4.199.jar:1.4.199]
	at org.h2.engine.Session.prepareLocal(Session.java:627) ~[h2-1.4.199.jar:1.4.199]
	at org.h2.engine.Session.prepareCommand(Session.java:565) ~[h2-1.4.199.jar:1.4.199]
	at org.h2.jdbc.JdbcConnection.prepareCommand(JdbcConnection.java:1292) ~[h2-1.4.199.jar:1.4.199]
	at org.h2.jdbc.JdbcStatement.executeInternal(JdbcStatement.java:217) ~[h2-1.4.199.jar:1.4.199]
	at org.h2.jdbc.JdbcStatement.execute(JdbcStatement.java:205) ~[h2-1.4.199.jar:1.4.199]
	at org.flywaydb.core.internal.jdbc.JdbcTemplate.executeStatement(JdbcTemplate.java:235) ~[flyway-core-5.2.4.jar:na]
	at org.flywaydb.core.internal.sqlscript.StandardSqlStatement.execute(StandardSqlStatement.java:42) ~[flyway-core-5.2.4.jar:na]
	at org.flywaydb.core.internal.sqlscript.DefaultSqlScriptExecutor.executeStatement(DefaultSqlScriptExecutor.java:189) ~[flyway-core-5.2.4.jar:na]
	... 69 common frames omitted


  .   ____          _            __ _ _
 /\\ / ___'_ __ _ _(_)_ __  __ _ \ \ \ \
( ( )\___ | '_ | '_| | '_ \/ _` | \ \ \ \
 \\/  ___)| |_)| | | | | || (_| |  ) ) ) )
  '  |____| .__|_| |_|_| |_\__, | / / / /
 =========|_|==============|___/=/_/_/_/
 :: Spring Boot ::        (v2.1.5.RELEASE)

2019-12-09 16:28:22.373  INFO 17053 --- [           main] c.u.c.reviews.ReviewsApplicationTests    : Starting ReviewsApplicationTests on Apoorvas-MBP.fios-router.home with PID 17053 (started by apoorvalonkar in /Users/apoorvalonkar/Desktop/Java_course_Udacity/FINAL SUBMITTED PROJECT/ReviewsApiFinal)
2019-12-09 16:28:22.374  INFO 17053 --- [           main] c.u.c.reviews.ReviewsApplicationTests    : No active profile set, falling back to default profiles: default
2019-12-09 16:28:22.474  INFO 17053 --- [           main] .s.d.r.c.RepositoryConfigurationDelegate : Multiple Spring Data modules found, entering strict repository configuration mode!
2019-12-09 16:28:22.474  INFO 17053 --- [           main] .s.d.r.c.RepositoryConfigurationDelegate : Bootstrapping Spring Data repositories in DEFAULT mode.
2019-12-09 16:28:22.478  INFO 17053 --- [           main] .RepositoryConfigurationExtensionSupport : Spring Data MongoDB - Could not safely identify store assignment for repository candidate interface com.udacity.course3.reviews.repository.MySQL.CommentRepository.
2019-12-09 16:28:22.478  INFO 17053 --- [           main] .RepositoryConfigurationExtensionSupport : Spring Data MongoDB - Could not safely identify store assignment for repository candidate interface com.udacity.course3.reviews.repository.MySQL.ProductRepository.
2019-12-09 16:28:22.478  INFO 17053 --- [           main] .RepositoryConfigurationExtensionSupport : Spring Data MongoDB - Could not safely identify store assignment for repository candidate interface com.udacity.course3.reviews.repository.MySQL.ReviewRepository.
2019-12-09 16:28:22.482  INFO 17053 --- [           main] .s.d.r.c.RepositoryConfigurationDelegate : Finished Spring Data repository scanning in 8ms. Found 1 repository interfaces.
2019-12-09 16:28:22.494  INFO 17053 --- [           main] .s.d.r.c.RepositoryConfigurationDelegate : Multiple Spring Data modules found, entering strict repository configuration mode!
2019-12-09 16:28:22.494  INFO 17053 --- [           main] .s.d.r.c.RepositoryConfigurationDelegate : Bootstrapping Spring Data repositories in DEFAULT mode.
2019-12-09 16:28:22.502  INFO 17053 --- [           main] .RepositoryConfigurationExtensionSupport : Spring Data JPA - Could not safely identify store assignment for repository candidate interface com.udacity.course3.reviews.repository.Mongo.MongoReviewRepository.
2019-12-09 16:28:22.510  INFO 17053 --- [           main] .s.d.r.c.RepositoryConfigurationDelegate : Finished Spring Data repository scanning in 15ms. Found 3 repository interfaces.
2019-12-09 16:28:22.520  INFO 17053 --- [           main] beddedDataSourceBeanFactoryPostProcessor : Replacing 'dataSource' DataSource bean with embedded version
2019-12-09 16:28:22.632  INFO 17053 --- [           main] o.s.j.d.e.EmbeddedDatabaseFactory        : Starting embedded database: url='jdbc:h2:mem:4bc4ec06-457b-432c-9e2c-f2fe18ac6e96;DB_CLOSE_DELAY=-1;DB_CLOSE_ON_EXIT=false', username='sa'
2019-12-09 16:28:22.665  INFO 17053 --- [           main] o.f.c.internal.database.DatabaseFactory  : Database: jdbc:h2:mem:4bc4ec06-457b-432c-9e2c-f2fe18ac6e96 (H2 1.4)
2019-12-09 16:28:22.666  WARN 17053 --- [           main] o.f.c.internal.database.base.Database    : Flyway upgrade recommended: H2 1.4.199 is newer than this version of Flyway and support has not been tested.
2019-12-09 16:28:22.673  INFO 17053 --- [           main] o.f.core.internal.command.DbValidate     : Successfully validated 1 migration (execution time 00:00.002s)
2019-12-09 16:28:22.677  INFO 17053 --- [           main] o.f.c.i.s.JdbcTableSchemaHistory         : Creating Schema History table: "PUBLIC"."flyway_schema_history"
2019-12-09 16:28:22.683  INFO 17053 --- [           main] o.f.core.internal.command.DbMigrate      : Current version of schema "PUBLIC": << Empty Schema >>
2019-12-09 16:28:22.683  INFO 17053 --- [           main] o.f.core.internal.command.DbMigrate      : Migrating schema "PUBLIC" to version 01 - initialise
2019-12-09 16:28:22.686 ERROR 17053 --- [           main] o.f.core.internal.command.DbMigrate      : Migration of schema "PUBLIC" to version 01 - initialise failed! Please restore backups and roll back database and code!
2019-12-09 16:28:22.690  WARN 17053 --- [           main] s.c.a.AnnotationConfigApplicationContext : Exception encountered during context initialization - cancelling refresh attempt: org.springframework.beans.factory.BeanCreationException: Error creating bean with name 'flywayInitializer' defined in class path resource [org/springframework/boot/autoconfigure/flyway/FlywayAutoConfiguration$FlywayConfiguration.class]: Invocation of init method failed; nested exception is org.flywaydb.core.internal.command.DbMigrate$FlywayMigrateException: 
Migration V01__initialise.sql failed
------------------------------------
SQL State  : 42001
Error Code : 42001
Message    : Syntax error in SQL statement "CREATE TABLE REVIEWS(
    REVIEW_ID INT NOT NULL AUTO_INCREMENT,
    PRODUCT_ID INT NOT NULL,
    REVIEW_TITLE VARCHAR(1000) NOT NULL,
    CONSTRAINT REVIEW_PK PRIMARY KEY (REVIEW_ID),
    CONSTRAINT PRODUCT_REVIEW_FK FOREIGN KEY (PRODUCT_ID) REFERENCES PRODUCTS (PRODUCT_ID) [*]"; expected "INDEX, ON, NOT, DEFERRABLE, NOCHECK, CHECK, ,, )"; SQL statement:
create table reviews(
    review_id int not null auto_increment,
    product_id int not null,
    review_title varchar(1000) not null,
    constraint review_pk primary key (review_id),
    constraint product_review_fk foreign key (product_id) references products (product_id) [42001-199]
Location   : db/migration/V01__initialise.sql (/Users/apoorvalonkar/Desktop/Java_course_Udacity/FINAL SUBMITTED PROJECT/ReviewsApiFinal/target/classes/db/migration/V01__initialise.sql)
Line       : 7
Statement  : create table reviews(
    review_id int not null auto_increment,
    product_id int not null,
    review_title varchar(1000) not null,
    constraint review_pk primary key (review_id),
    constraint product_review_fk foreign key (product_id) references products (product_id)

2019-12-09 16:28:22.693  INFO 17053 --- [           main] ConditionEvaluationReportLoggingListener : 

Error starting ApplicationContext. To display the conditions report re-run your application with 'debug' enabled.
2019-12-09 16:28:22.695 ERROR 17053 --- [           main] o.s.boot.SpringApplication               : Application run failed

org.springframework.beans.factory.BeanCreationException: Error creating bean with name 'flywayInitializer' defined in class path resource [org/springframework/boot/autoconfigure/flyway/FlywayAutoConfiguration$FlywayConfiguration.class]: Invocation of init method failed; nested exception is org.flywaydb.core.internal.command.DbMigrate$FlywayMigrateException: 
Migration V01__initialise.sql failed
------------------------------------
SQL State  : 42001
Error Code : 42001
Message    : Syntax error in SQL statement "CREATE TABLE REVIEWS(
    REVIEW_ID INT NOT NULL AUTO_INCREMENT,
    PRODUCT_ID INT NOT NULL,
    REVIEW_TITLE VARCHAR(1000) NOT NULL,
    CONSTRAINT REVIEW_PK PRIMARY KEY (REVIEW_ID),
    CONSTRAINT PRODUCT_REVIEW_FK FOREIGN KEY (PRODUCT_ID) REFERENCES PRODUCTS (PRODUCT_ID) [*]"; expected "INDEX, ON, NOT, DEFERRABLE, NOCHECK, CHECK, ,, )"; SQL statement:
create table reviews(
    review_id int not null auto_increment,
    product_id int not null,
    review_title varchar(1000) not null,
    constraint review_pk primary key (review_id),
    constraint product_review_fk foreign key (product_id) references products (product_id) [42001-199]
Location   : db/migration/V01__initialise.sql (/Users/apoorvalonkar/Desktop/Java_course_Udacity/FINAL SUBMITTED PROJECT/ReviewsApiFinal/target/classes/db/migration/V01__initialise.sql)
Line       : 7
Statement  : create table reviews(
    review_id int not null auto_increment,
    product_id int not null,
    review_title varchar(1000) not null,
    constraint review_pk primary key (review_id),
    constraint product_review_fk foreign key (product_id) references products (product_id)

	at org.springframework.beans.factory.support.AbstractAutowireCapableBeanFactory.initializeBean(AbstractAutowireCapableBeanFactory.java:1778) ~[spring-beans-5.1.7.RELEASE.jar:5.1.7.RELEASE]
	at org.springframework.beans.factory.support.AbstractAutowireCapableBeanFactory.doCreateBean(AbstractAutowireCapableBeanFactory.java:593) ~[spring-beans-5.1.7.RELEASE.jar:5.1.7.RELEASE]
	at org.springframework.beans.factory.support.AbstractAutowireCapableBeanFactory.createBean(AbstractAutowireCapableBeanFactory.java:515) ~[spring-beans-5.1.7.RELEASE.jar:5.1.7.RELEASE]
	at org.springframework.beans.factory.support.AbstractBeanFactory.lambda$doGetBean$0(AbstractBeanFactory.java:320) ~[spring-beans-5.1.7.RELEASE.jar:5.1.7.RELEASE]
	at org.springframework.beans.factory.support.DefaultSingletonBeanRegistry.getSingleton(DefaultSingletonBeanRegistry.java:222) ~[spring-beans-5.1.7.RELEASE.jar:5.1.7.RELEASE]
	at org.springframework.beans.factory.support.AbstractBeanFactory.doGetBean(AbstractBeanFactory.java:318) ~[spring-beans-5.1.7.RELEASE.jar:5.1.7.RELEASE]
	at org.springframework.beans.factory.support.AbstractBeanFactory.getBean(AbstractBeanFactory.java:199) ~[spring-beans-5.1.7.RELEASE.jar:5.1.7.RELEASE]
	at org.springframework.beans.factory.support.AbstractBeanFactory.doGetBean(AbstractBeanFactory.java:307) ~[spring-beans-5.1.7.RELEASE.jar:5.1.7.RELEASE]
	at org.springframework.beans.factory.support.AbstractBeanFactory.getBean(AbstractBeanFactory.java:199) ~[spring-beans-5.1.7.RELEASE.jar:5.1.7.RELEASE]
	at org.springframework.context.support.AbstractApplicationContext.getBean(AbstractApplicationContext.java:1105) ~[spring-context-5.1.7.RELEASE.jar:5.1.7.RELEASE]
	at org.springframework.context.support.AbstractApplicationContext.finishBeanFactoryInitialization(AbstractApplicationContext.java:867) ~[spring-context-5.1.7.RELEASE.jar:5.1.7.RELEASE]
	at org.springframework.context.support.AbstractApplicationContext.refresh(AbstractApplicationContext.java:549) ~[spring-context-5.1.7.RELEASE.jar:5.1.7.RELEASE]
	at org.springframework.boot.SpringApplication.refresh(SpringApplication.java:775) ~[spring-boot-2.1.5.RELEASE.jar:2.1.5.RELEASE]
	at org.springframework.boot.SpringApplication.refreshContext(SpringApplication.java:397) ~[spring-boot-2.1.5.RELEASE.jar:2.1.5.RELEASE]
	at org.springframework.boot.SpringApplication.run(SpringApplication.java:316) ~[spring-boot-2.1.5.RELEASE.jar:2.1.5.RELEASE]
	at org.springframework.boot.test.context.SpringBootContextLoader.loadContext(SpringBootContextLoader.java:127) [spring-boot-test-2.1.5.RELEASE.jar:2.1.5.RELEASE]
	at org.springframework.test.context.cache.DefaultCacheAwareContextLoaderDelegate.loadContextInternal(DefaultCacheAwareContextLoaderDelegate.java:99) [spring-test-5.1.7.RELEASE.jar:5.1.7.RELEASE]
	at org.springframework.test.context.cache.DefaultCacheAwareContextLoaderDelegate.loadContext(DefaultCacheAwareContextLoaderDelegate.java:117) [spring-test-5.1.7.RELEASE.jar:5.1.7.RELEASE]
	at org.springframework.test.context.support.DefaultTestContext.getApplicationContext(DefaultTestContext.java:108) [spring-test-5.1.7.RELEASE.jar:5.1.7.RELEASE]
	at org.springframework.boot.test.autoconfigure.SpringBootDependencyInjectionTestExecutionListener.outputConditionEvaluationReport(SpringBootDependencyInjectionTestExecutionListener.java:54) [spring-boot-test-autoconfigure-2.1.5.RELEASE.jar:2.1.5.RELEASE]
	at org.springframework.boot.test.autoconfigure.SpringBootDependencyInjectionTestExecutionListener.prepareTestInstance(SpringBootDependencyInjectionTestExecutionListener.java:47) [spring-boot-test-autoconfigure-2.1.5.RELEASE.jar:2.1.5.RELEASE]
	at org.springframework.test.context.TestContextManager.prepareTestInstance(TestContextManager.java:246) [spring-test-5.1.7.RELEASE.jar:5.1.7.RELEASE]
	at org.springframework.test.context.junit4.SpringJUnit4ClassRunner.createTest(SpringJUnit4ClassRunner.java:227) [spring-test-5.1.7.RELEASE.jar:5.1.7.RELEASE]
	at org.springframework.test.context.junit4.SpringJUnit4ClassRunner$1.runReflectiveCall(SpringJUnit4ClassRunner.java:289) [spring-test-5.1.7.RELEASE.jar:5.1.7.RELEASE]
	at org.junit.internal.runners.model.ReflectiveCallable.run(ReflectiveCallable.java:12) [junit-4.12.jar:4.12]
	at org.springframework.test.context.junit4.SpringJUnit4ClassRunner.methodBlock(SpringJUnit4ClassRunner.java:291) [spring-test-5.1.7.RELEASE.jar:5.1.7.RELEASE]
	at org.springframework.test.context.junit4.SpringJUnit4ClassRunner.runChild(SpringJUnit4ClassRunner.java:246) [spring-test-5.1.7.RELEASE.jar:5.1.7.RELEASE]
	at org.springframework.test.context.junit4.SpringJUnit4ClassRunner.runChild(SpringJUnit4ClassRunner.java:97) [spring-test-5.1.7.RELEASE.jar:5.1.7.RELEASE]
	at org.junit.runners.ParentRunner$3.run(ParentRunner.java:290) [junit-4.12.jar:4.12]
	at org.junit.runners.ParentRunner$1.schedule(ParentRunner.java:71) [junit-4.12.jar:4.12]
	at org.junit.runners.ParentRunner.runChildren(ParentRunner.java:288) [junit-4.12.jar:4.12]
	at org.junit.runners.ParentRunner.access$000(ParentRunner.java:58) [junit-4.12.jar:4.12]
	at org.junit.runners.ParentRunner$2.evaluate(ParentRunner.java:268) [junit-4.12.jar:4.12]
	at org.springframework.test.context.junit4.statements.RunBeforeTestClassCallbacks.evaluate(RunBeforeTestClassCallbacks.java:61) [spring-test-5.1.7.RELEASE.jar:5.1.7.RELEASE]
	at org.springframework.test.context.junit4.statements.RunAfterTestClassCallbacks.evaluate(RunAfterTestClassCallbacks.java:70) [spring-test-5.1.7.RELEASE.jar:5.1.7.RELEASE]
	at org.junit.runners.ParentRunner.run(ParentRunner.java:363) [junit-4.12.jar:4.12]
	at org.springframework.test.context.junit4.SpringJUnit4ClassRunner.run(SpringJUnit4ClassRunner.java:190) [spring-test-5.1.7.RELEASE.jar:5.1.7.RELEASE]
	at org.apache.maven.surefire.junit4.JUnit4Provider.execute(JUnit4Provider.java:365) [surefire-junit4-2.22.2.jar:2.22.2]
	at org.apache.maven.surefire.junit4.JUnit4Provider.executeWithRerun(JUnit4Provider.java:273) [surefire-junit4-2.22.2.jar:2.22.2]
	at org.apache.maven.surefire.junit4.JUnit4Provider.executeTestSet(JUnit4Provider.java:238) [surefire-junit4-2.22.2.jar:2.22.2]
	at org.apache.maven.surefire.junit4.JUnit4Provider.invoke(JUnit4Provider.java:159) [surefire-junit4-2.22.2.jar:2.22.2]
	at org.apache.maven.surefire.booter.ForkedBooter.invokeProviderInSameClassLoader(ForkedBooter.java:384) [surefire-booter-2.22.2.jar:2.22.2]
	at org.apache.maven.surefire.booter.ForkedBooter.runSuitesInProcess(ForkedBooter.java:345) [surefire-booter-2.22.2.jar:2.22.2]
	at org.apache.maven.surefire.booter.ForkedBooter.execute(ForkedBooter.java:126) [surefire-booter-2.22.2.jar:2.22.2]
	at org.apache.maven.surefire.booter.ForkedBooter.main(ForkedBooter.java:418) [surefire-booter-2.22.2.jar:2.22.2]
Caused by: org.flywaydb.core.internal.command.DbMigrate$FlywayMigrateException: 
Migration V01__initialise.sql failed
------------------------------------
SQL State  : 42001
Error Code : 42001
Message    : Syntax error in SQL statement "CREATE TABLE REVIEWS(
    REVIEW_ID INT NOT NULL AUTO_INCREMENT,
    PRODUCT_ID INT NOT NULL,
    REVIEW_TITLE VARCHAR(1000) NOT NULL,
    CONSTRAINT REVIEW_PK PRIMARY KEY (REVIEW_ID),
    CONSTRAINT PRODUCT_REVIEW_FK FOREIGN KEY (PRODUCT_ID) REFERENCES PRODUCTS (PRODUCT_ID) [*]"; expected "INDEX, ON, NOT, DEFERRABLE, NOCHECK, CHECK, ,, )"; SQL statement:
create table reviews(
    review_id int not null auto_increment,
    product_id int not null,
    review_title varchar(1000) not null,
    constraint review_pk primary key (review_id),
    constraint product_review_fk foreign key (product_id) references products (product_id) [42001-199]
Location   : db/migration/V01__initialise.sql (/Users/apoorvalonkar/Desktop/Java_course_Udacity/FINAL SUBMITTED PROJECT/ReviewsApiFinal/target/classes/db/migration/V01__initialise.sql)
Line       : 7
Statement  : create table reviews(
    review_id int not null auto_increment,
    product_id int not null,
    review_title varchar(1000) not null,
    constraint review_pk primary key (review_id),
    constraint product_review_fk foreign key (product_id) references products (product_id)

	at org.flywaydb.core.internal.command.DbMigrate.doMigrateGroup(DbMigrate.java:370) ~[flyway-core-5.2.4.jar:na]
	at org.flywaydb.core.internal.command.DbMigrate.access$200(DbMigrate.java:54) ~[flyway-core-5.2.4.jar:na]
	at org.flywaydb.core.internal.command.DbMigrate$3.call(DbMigrate.java:284) ~[flyway-core-5.2.4.jar:na]
	at org.flywaydb.core.internal.jdbc.TransactionTemplate.execute(TransactionTemplate.java:74) ~[flyway-core-5.2.4.jar:na]
	at org.flywaydb.core.internal.command.DbMigrate.applyMigrations(DbMigrate.java:281) ~[flyway-core-5.2.4.jar:na]
	at org.flywaydb.core.internal.command.DbMigrate.migrateGroup(DbMigrate.java:246) ~[flyway-core-5.2.4.jar:na]
	at org.flywaydb.core.internal.command.DbMigrate.access$100(DbMigrate.java:54) ~[flyway-core-5.2.4.jar:na]
	at org.flywaydb.core.internal.command.DbMigrate$2.call(DbMigrate.java:164) ~[flyway-core-5.2.4.jar:na]
	at org.flywaydb.core.internal.command.DbMigrate$2.call(DbMigrate.java:161) ~[flyway-core-5.2.4.jar:na]
	at org.flywaydb.core.internal.database.base.Connection$1.call(Connection.java:147) ~[flyway-core-5.2.4.jar:na]
	at org.flywaydb.core.internal.jdbc.TransactionTemplate.execute(TransactionTemplate.java:74) ~[flyway-core-5.2.4.jar:na]
	at org.flywaydb.core.internal.database.base.Connection.lock(Connection.java:143) ~[flyway-core-5.2.4.jar:na]
	at org.flywaydb.core.internal.schemahistory.JdbcTableSchemaHistory.lock(JdbcTableSchemaHistory.java:155) ~[flyway-core-5.2.4.jar:na]
	at org.flywaydb.core.internal.command.DbMigrate.migrateAll(DbMigrate.java:161) ~[flyway-core-5.2.4.jar:na]
	at org.flywaydb.core.internal.command.DbMigrate.migrate(DbMigrate.java:139) ~[flyway-core-5.2.4.jar:na]
	at org.flywaydb.core.Flyway$1.execute(Flyway.java:1395) ~[flyway-core-5.2.4.jar:na]
	at org.flywaydb.core.Flyway$1.execute(Flyway.java:1356) ~[flyway-core-5.2.4.jar:na]
	at org.flywaydb.core.Flyway.execute(Flyway.java:1711) ~[flyway-core-5.2.4.jar:na]
	at org.flywaydb.core.Flyway.migrate(Flyway.java:1356) ~[flyway-core-5.2.4.jar:na]
	at org.springframework.boot.autoconfigure.flyway.FlywayMigrationInitializer.afterPropertiesSet(FlywayMigrationInitializer.java:66) ~[spring-boot-autoconfigure-2.1.5.RELEASE.jar:2.1.5.RELEASE]
	at org.springframework.beans.factory.support.AbstractAutowireCapableBeanFactory.invokeInitMethods(AbstractAutowireCapableBeanFactory.java:1837) ~[spring-beans-5.1.7.RELEASE.jar:5.1.7.RELEASE]
	at org.springframework.beans.factory.support.AbstractAutowireCapableBeanFactory.initializeBean(AbstractAutowireCapableBeanFactory.java:1774) ~[spring-beans-5.1.7.RELEASE.jar:5.1.7.RELEASE]
	... 44 common frames omitted
Caused by: org.flywaydb.core.internal.sqlscript.FlywaySqlScriptException: 
Migration V01__initialise.sql failed
------------------------------------
SQL State  : 42001
Error Code : 42001
Message    : Syntax error in SQL statement "CREATE TABLE REVIEWS(
    REVIEW_ID INT NOT NULL AUTO_INCREMENT,
    PRODUCT_ID INT NOT NULL,
    REVIEW_TITLE VARCHAR(1000) NOT NULL,
    CONSTRAINT REVIEW_PK PRIMARY KEY (REVIEW_ID),
    CONSTRAINT PRODUCT_REVIEW_FK FOREIGN KEY (PRODUCT_ID) REFERENCES PRODUCTS (PRODUCT_ID) [*]"; expected "INDEX, ON, NOT, DEFERRABLE, NOCHECK, CHECK, ,, )"; SQL statement:
create table reviews(
    review_id int not null auto_increment,
    product_id int not null,
    review_title varchar(1000) not null,
    constraint review_pk primary key (review_id),
    constraint product_review_fk foreign key (product_id) references products (product_id) [42001-199]
Location   : db/migration/V01__initialise.sql (/Users/apoorvalonkar/Desktop/Java_course_Udacity/FINAL SUBMITTED PROJECT/ReviewsApiFinal/target/classes/db/migration/V01__initialise.sql)
Line       : 7
Statement  : create table reviews(
    review_id int not null auto_increment,
    product_id int not null,
    review_title varchar(1000) not null,
    constraint review_pk primary key (review_id),
    constraint product_review_fk foreign key (product_id) references products (product_id)

	at org.flywaydb.core.internal.sqlscript.DefaultSqlScriptExecutor.handleException(DefaultSqlScriptExecutor.java:253) ~[flyway-core-5.2.4.jar:na]
	at org.flywaydb.core.internal.sqlscript.DefaultSqlScriptExecutor.executeStatement(DefaultSqlScriptExecutor.java:202) ~[flyway-core-5.2.4.jar:na]
	at org.flywaydb.core.internal.sqlscript.DefaultSqlScriptExecutor.execute(DefaultSqlScriptExecutor.java:125) ~[flyway-core-5.2.4.jar:na]
	at org.flywaydb.core.internal.resolver.sql.SqlMigrationExecutor.execute(SqlMigrationExecutor.java:77) ~[flyway-core-5.2.4.jar:na]
	at org.flywaydb.core.internal.command.DbMigrate.doMigrateGroup(DbMigrate.java:367) ~[flyway-core-5.2.4.jar:na]
	... 65 common frames omitted
Caused by: org.h2.jdbc.JdbcSQLSyntaxErrorException: Syntax error in SQL statement "CREATE TABLE REVIEWS(
    REVIEW_ID INT NOT NULL AUTO_INCREMENT,
    PRODUCT_ID INT NOT NULL,
    REVIEW_TITLE VARCHAR(1000) NOT NULL,
    CONSTRAINT REVIEW_PK PRIMARY KEY (REVIEW_ID),
    CONSTRAINT PRODUCT_REVIEW_FK FOREIGN KEY (PRODUCT_ID) REFERENCES PRODUCTS (PRODUCT_ID) [*]"; expected "INDEX, ON, NOT, DEFERRABLE, NOCHECK, CHECK, ,, )"; SQL statement:
create table reviews(
    review_id int not null auto_increment,
    product_id int not null,
    review_title varchar(1000) not null,
    constraint review_pk primary key (review_id),
    constraint product_review_fk foreign key (product_id) references products (product_id) [42001-199]
	at org.h2.message.DbException.getJdbcSQLException(DbException.java:451) ~[h2-1.4.199.jar:1.4.199]
	at org.h2.message.DbException.getJdbcSQLException(DbException.java:427) ~[h2-1.4.199.jar:1.4.199]
	at org.h2.message.DbException.getSyntaxError(DbException.java:243) ~[h2-1.4.199.jar:1.4.199]
	at org.h2.command.Parser.getSyntaxError(Parser.java:991) ~[h2-1.4.199.jar:1.4.199]
	at org.h2.command.Parser.read(Parser.java:4549) ~[h2-1.4.199.jar:1.4.199]
	at org.h2.command.Parser.readIfMore(Parser.java:1391) ~[h2-1.4.199.jar:1.4.199]
	at org.h2.command.Parser.parseCreateTable(Parser.java:7833) ~[h2-1.4.199.jar:1.4.199]
	at org.h2.command.Parser.parseCreate(Parser.java:5818) ~[h2-1.4.199.jar:1.4.199]
	at org.h2.command.Parser.parsePrepared(Parser.java:846) ~[h2-1.4.199.jar:1.4.199]
	at org.h2.command.Parser.parse(Parser.java:788) ~[h2-1.4.199.jar:1.4.199]
	at org.h2.command.Parser.parse(Parser.java:764) ~[h2-1.4.199.jar:1.4.199]
	at org.h2.command.Parser.prepareCommand(Parser.java:683) ~[h2-1.4.199.jar:1.4.199]
	at org.h2.engine.Session.prepareLocal(Session.java:627) ~[h2-1.4.199.jar:1.4.199]
	at org.h2.engine.Session.prepareCommand(Session.java:565) ~[h2-1.4.199.jar:1.4.199]
	at org.h2.jdbc.JdbcConnection.prepareCommand(JdbcConnection.java:1292) ~[h2-1.4.199.jar:1.4.199]
	at org.h2.jdbc.JdbcStatement.executeInternal(JdbcStatement.java:217) ~[h2-1.4.199.jar:1.4.199]
	at org.h2.jdbc.JdbcStatement.execute(JdbcStatement.java:205) ~[h2-1.4.199.jar:1.4.199]
	at org.flywaydb.core.internal.jdbc.JdbcTemplate.executeStatement(JdbcTemplate.java:235) ~[flyway-core-5.2.4.jar:na]
	at org.flywaydb.core.internal.sqlscript.StandardSqlStatement.execute(StandardSqlStatement.java:42) ~[flyway-core-5.2.4.jar:na]
	at org.flywaydb.core.internal.sqlscript.DefaultSqlScriptExecutor.executeStatement(DefaultSqlScriptExecutor.java:189) ~[flyway-core-5.2.4.jar:na]
	... 68 common frames omitted

2019-12-09 16:28:22.697 ERROR 17053 --- [           main] o.s.test.context.TestContextManager      : Caught exception while allowing TestExecutionListener [org.springframework.boot.test.autoconfigure.SpringBootDependencyInjectionTestExecutionListener@7adda9cc] to prepare test instance [com.udacity.course3.reviews.ReviewsApplicationTests@2a097d77]

java.lang.IllegalStateException: Failed to load ApplicationContext
	at org.springframework.test.context.cache.DefaultCacheAwareContextLoaderDelegate.loadContext(DefaultCacheAwareContextLoaderDelegate.java:125) ~[spring-test-5.1.7.RELEASE.jar:5.1.7.RELEASE]
	at org.springframework.test.context.support.DefaultTestContext.getApplicationContext(DefaultTestContext.java:108) ~[spring-test-5.1.7.RELEASE.jar:5.1.7.RELEASE]
	at org.springframework.test.context.support.DependencyInjectionTestExecutionListener.injectDependencies(DependencyInjectionTestExecutionListener.java:118) ~[spring-test-5.1.7.RELEASE.jar:5.1.7.RELEASE]
	at org.springframework.test.context.support.DependencyInjectionTestExecutionListener.prepareTestInstance(DependencyInjectionTestExecutionListener.java:83) ~[spring-test-5.1.7.RELEASE.jar:5.1.7.RELEASE]
	at org.springframework.boot.test.autoconfigure.SpringBootDependencyInjectionTestExecutionListener.prepareTestInstance(SpringBootDependencyInjectionTestExecutionListener.java:44) ~[spring-boot-test-autoconfigure-2.1.5.RELEASE.jar:2.1.5.RELEASE]
	at org.springframework.test.context.TestContextManager.prepareTestInstance(TestContextManager.java:246) ~[spring-test-5.1.7.RELEASE.jar:5.1.7.RELEASE]
	at org.springframework.test.context.junit4.SpringJUnit4ClassRunner.createTest(SpringJUnit4ClassRunner.java:227) [spring-test-5.1.7.RELEASE.jar:5.1.7.RELEASE]
	at org.springframework.test.context.junit4.SpringJUnit4ClassRunner$1.runReflectiveCall(SpringJUnit4ClassRunner.java:289) [spring-test-5.1.7.RELEASE.jar:5.1.7.RELEASE]
	at org.junit.internal.runners.model.ReflectiveCallable.run(ReflectiveCallable.java:12) [junit-4.12.jar:4.12]
	at org.springframework.test.context.junit4.SpringJUnit4ClassRunner.methodBlock(SpringJUnit4ClassRunner.java:291) [spring-test-5.1.7.RELEASE.jar:5.1.7.RELEASE]
	at org.springframework.test.context.junit4.SpringJUnit4ClassRunner.runChild(SpringJUnit4ClassRunner.java:246) [spring-test-5.1.7.RELEASE.jar:5.1.7.RELEASE]
	at org.springframework.test.context.junit4.SpringJUnit4ClassRunner.runChild(SpringJUnit4ClassRunner.java:97) [spring-test-5.1.7.RELEASE.jar:5.1.7.RELEASE]
	at org.junit.runners.ParentRunner$3.run(ParentRunner.java:290) [junit-4.12.jar:4.12]
	at org.junit.runners.ParentRunner$1.schedule(ParentRunner.java:71) [junit-4.12.jar:4.12]
	at org.junit.runners.ParentRunner.runChildren(ParentRunner.java:288) [junit-4.12.jar:4.12]
	at org.junit.runners.ParentRunner.access$000(ParentRunner.java:58) [junit-4.12.jar:4.12]
	at org.junit.runners.ParentRunner$2.evaluate(ParentRunner.java:268) [junit-4.12.jar:4.12]
	at org.springframework.test.context.junit4.statements.RunBeforeTestClassCallbacks.evaluate(RunBeforeTestClassCallbacks.java:61) [spring-test-5.1.7.RELEASE.jar:5.1.7.RELEASE]
	at org.springframework.test.context.junit4.statements.RunAfterTestClassCallbacks.evaluate(RunAfterTestClassCallbacks.java:70) [spring-test-5.1.7.RELEASE.jar:5.1.7.RELEASE]
	at org.junit.runners.ParentRunner.run(ParentRunner.java:363) [junit-4.12.jar:4.12]
	at org.springframework.test.context.junit4.SpringJUnit4ClassRunner.run(SpringJUnit4ClassRunner.java:190) [spring-test-5.1.7.RELEASE.jar:5.1.7.RELEASE]
	at org.apache.maven.surefire.junit4.JUnit4Provider.execute(JUnit4Provider.java:365) [surefire-junit4-2.22.2.jar:2.22.2]
	at org.apache.maven.surefire.junit4.JUnit4Provider.executeWithRerun(JUnit4Provider.java:273) [surefire-junit4-2.22.2.jar:2.22.2]
	at org.apache.maven.surefire.junit4.JUnit4Provider.executeTestSet(JUnit4Provider.java:238) [surefire-junit4-2.22.2.jar:2.22.2]
	at org.apache.maven.surefire.junit4.JUnit4Provider.invoke(JUnit4Provider.java:159) [surefire-junit4-2.22.2.jar:2.22.2]
	at org.apache.maven.surefire.booter.ForkedBooter.invokeProviderInSameClassLoader(ForkedBooter.java:384) [surefire-booter-2.22.2.jar:2.22.2]
	at org.apache.maven.surefire.booter.ForkedBooter.runSuitesInProcess(ForkedBooter.java:345) [surefire-booter-2.22.2.jar:2.22.2]
	at org.apache.maven.surefire.booter.ForkedBooter.execute(ForkedBooter.java:126) [surefire-booter-2.22.2.jar:2.22.2]
	at org.apache.maven.surefire.booter.ForkedBooter.main(ForkedBooter.java:418) [surefire-booter-2.22.2.jar:2.22.2]
Caused by: org.springframework.beans.factory.BeanCreationException: Error creating bean with name 'flywayInitializer' defined in class path resource [org/springframework/boot/autoconfigure/flyway/FlywayAutoConfiguration$FlywayConfiguration.class]: Invocation of init method failed; nested exception is org.flywaydb.core.internal.command.DbMigrate$FlywayMigrateException: 
Migration V01__initialise.sql failed
------------------------------------
SQL State  : 42001
Error Code : 42001
Message    : Syntax error in SQL statement "CREATE TABLE REVIEWS(
    REVIEW_ID INT NOT NULL AUTO_INCREMENT,
    PRODUCT_ID INT NOT NULL,
    REVIEW_TITLE VARCHAR(1000) NOT NULL,
    CONSTRAINT REVIEW_PK PRIMARY KEY (REVIEW_ID),
    CONSTRAINT PRODUCT_REVIEW_FK FOREIGN KEY (PRODUCT_ID) REFERENCES PRODUCTS (PRODUCT_ID) [*]"; expected "INDEX, ON, NOT, DEFERRABLE, NOCHECK, CHECK, ,, )"; SQL statement:
create table reviews(
    review_id int not null auto_increment,
    product_id int not null,
    review_title varchar(1000) not null,
    constraint review_pk primary key (review_id),
    constraint product_review_fk foreign key (product_id) references products (product_id) [42001-199]
Location   : db/migration/V01__initialise.sql (/Users/apoorvalonkar/Desktop/Java_course_Udacity/FINAL SUBMITTED PROJECT/ReviewsApiFinal/target/classes/db/migration/V01__initialise.sql)
Line       : 7
Statement  : create table reviews(
    review_id int not null auto_increment,
    product_id int not null,
    review_title varchar(1000) not null,
    constraint review_pk primary key (review_id),
    constraint product_review_fk foreign key (product_id) references products (product_id)

	at org.springframework.beans.factory.support.AbstractAutowireCapableBeanFactory.initializeBean(AbstractAutowireCapableBeanFactory.java:1778) ~[spring-beans-5.1.7.RELEASE.jar:5.1.7.RELEASE]
	at org.springframework.beans.factory.support.AbstractAutowireCapableBeanFactory.doCreateBean(AbstractAutowireCapableBeanFactory.java:593) ~[spring-beans-5.1.7.RELEASE.jar:5.1.7.RELEASE]
	at org.springframework.beans.factory.support.AbstractAutowireCapableBeanFactory.createBean(AbstractAutowireCapableBeanFactory.java:515) ~[spring-beans-5.1.7.RELEASE.jar:5.1.7.RELEASE]
	at org.springframework.beans.factory.support.AbstractBeanFactory.lambda$doGetBean$0(AbstractBeanFactory.java:320) ~[spring-beans-5.1.7.RELEASE.jar:5.1.7.RELEASE]
	at org.springframework.beans.factory.support.DefaultSingletonBeanRegistry.getSingleton(DefaultSingletonBeanRegistry.java:222) ~[spring-beans-5.1.7.RELEASE.jar:5.1.7.RELEASE]
	at org.springframework.beans.factory.support.AbstractBeanFactory.doGetBean(AbstractBeanFactory.java:318) ~[spring-beans-5.1.7.RELEASE.jar:5.1.7.RELEASE]
	at org.springframework.beans.factory.support.AbstractBeanFactory.getBean(AbstractBeanFactory.java:199) ~[spring-beans-5.1.7.RELEASE.jar:5.1.7.RELEASE]
	at org.springframework.beans.factory.support.AbstractBeanFactory.doGetBean(AbstractBeanFactory.java:307) ~[spring-beans-5.1.7.RELEASE.jar:5.1.7.RELEASE]
	at org.springframework.beans.factory.support.AbstractBeanFactory.getBean(AbstractBeanFactory.java:199) ~[spring-beans-5.1.7.RELEASE.jar:5.1.7.RELEASE]
	at org.springframework.context.support.AbstractApplicationContext.getBean(AbstractApplicationContext.java:1105) ~[spring-context-5.1.7.RELEASE.jar:5.1.7.RELEASE]
	at org.springframework.context.support.AbstractApplicationContext.finishBeanFactoryInitialization(AbstractApplicationContext.java:867) ~[spring-context-5.1.7.RELEASE.jar:5.1.7.RELEASE]
	at org.springframework.context.support.AbstractApplicationContext.refresh(AbstractApplicationContext.java:549) ~[spring-context-5.1.7.RELEASE.jar:5.1.7.RELEASE]
	at org.springframework.boot.SpringApplication.refresh(SpringApplication.java:775) ~[spring-boot-2.1.5.RELEASE.jar:2.1.5.RELEASE]
	at org.springframework.boot.SpringApplication.refreshContext(SpringApplication.java:397) ~[spring-boot-2.1.5.RELEASE.jar:2.1.5.RELEASE]
	at org.springframework.boot.SpringApplication.run(SpringApplication.java:316) ~[spring-boot-2.1.5.RELEASE.jar:2.1.5.RELEASE]
	at org.springframework.boot.test.context.SpringBootContextLoader.loadContext(SpringBootContextLoader.java:127) ~[spring-boot-test-2.1.5.RELEASE.jar:2.1.5.RELEASE]
	at org.springframework.test.context.cache.DefaultCacheAwareContextLoaderDelegate.loadContextInternal(DefaultCacheAwareContextLoaderDelegate.java:99) ~[spring-test-5.1.7.RELEASE.jar:5.1.7.RELEASE]
	at org.springframework.test.context.cache.DefaultCacheAwareContextLoaderDelegate.loadContext(DefaultCacheAwareContextLoaderDelegate.java:117) ~[spring-test-5.1.7.RELEASE.jar:5.1.7.RELEASE]
	... 28 common frames omitted
Caused by: org.flywaydb.core.internal.command.DbMigrate$FlywayMigrateException: 
Migration V01__initialise.sql failed
------------------------------------
SQL State  : 42001
Error Code : 42001
Message    : Syntax error in SQL statement "CREATE TABLE REVIEWS(
    REVIEW_ID INT NOT NULL AUTO_INCREMENT,
    PRODUCT_ID INT NOT NULL,
    REVIEW_TITLE VARCHAR(1000) NOT NULL,
    CONSTRAINT REVIEW_PK PRIMARY KEY (REVIEW_ID),
    CONSTRAINT PRODUCT_REVIEW_FK FOREIGN KEY (PRODUCT_ID) REFERENCES PRODUCTS (PRODUCT_ID) [*]"; expected "INDEX, ON, NOT, DEFERRABLE, NOCHECK, CHECK, ,, )"; SQL statement:
create table reviews(
    review_id int not null auto_increment,
    product_id int not null,
    review_title varchar(1000) not null,
    constraint review_pk primary key (review_id),
    constraint product_review_fk foreign key (product_id) references products (product_id) [42001-199]
Location   : db/migration/V01__initialise.sql (/Users/apoorvalonkar/Desktop/Java_course_Udacity/FINAL SUBMITTED PROJECT/ReviewsApiFinal/target/classes/db/migration/V01__initialise.sql)
Line       : 7
Statement  : create table reviews(
    review_id int not null auto_increment,
    product_id int not null,
    review_title varchar(1000) not null,
    constraint review_pk primary key (review_id),
    constraint product_review_fk foreign key (product_id) references products (product_id)

	at org.flywaydb.core.internal.command.DbMigrate.doMigrateGroup(DbMigrate.java:370) ~[flyway-core-5.2.4.jar:na]
	at org.flywaydb.core.internal.command.DbMigrate.access$200(DbMigrate.java:54) ~[flyway-core-5.2.4.jar:na]
	at org.flywaydb.core.internal.command.DbMigrate$3.call(DbMigrate.java:284) ~[flyway-core-5.2.4.jar:na]
	at org.flywaydb.core.internal.jdbc.TransactionTemplate.execute(TransactionTemplate.java:74) ~[flyway-core-5.2.4.jar:na]
	at org.flywaydb.core.internal.command.DbMigrate.applyMigrations(DbMigrate.java:281) ~[flyway-core-5.2.4.jar:na]
	at org.flywaydb.core.internal.command.DbMigrate.migrateGroup(DbMigrate.java:246) ~[flyway-core-5.2.4.jar:na]
	at org.flywaydb.core.internal.command.DbMigrate.access$100(DbMigrate.java:54) ~[flyway-core-5.2.4.jar:na]
	at org.flywaydb.core.internal.command.DbMigrate$2.call(DbMigrate.java:164) ~[flyway-core-5.2.4.jar:na]
	at org.flywaydb.core.internal.command.DbMigrate$2.call(DbMigrate.java:161) ~[flyway-core-5.2.4.jar:na]
	at org.flywaydb.core.internal.database.base.Connection$1.call(Connection.java:147) ~[flyway-core-5.2.4.jar:na]
	at org.flywaydb.core.internal.jdbc.TransactionTemplate.execute(TransactionTemplate.java:74) ~[flyway-core-5.2.4.jar:na]
	at org.flywaydb.core.internal.database.base.Connection.lock(Connection.java:143) ~[flyway-core-5.2.4.jar:na]
	at org.flywaydb.core.internal.schemahistory.JdbcTableSchemaHistory.lock(JdbcTableSchemaHistory.java:155) ~[flyway-core-5.2.4.jar:na]
	at org.flywaydb.core.internal.command.DbMigrate.migrateAll(DbMigrate.java:161) ~[flyway-core-5.2.4.jar:na]
	at org.flywaydb.core.internal.command.DbMigrate.migrate(DbMigrate.java:139) ~[flyway-core-5.2.4.jar:na]
	at org.flywaydb.core.Flyway$1.execute(Flyway.java:1395) ~[flyway-core-5.2.4.jar:na]
	at org.flywaydb.core.Flyway$1.execute(Flyway.java:1356) ~[flyway-core-5.2.4.jar:na]
	at org.flywaydb.core.Flyway.execute(Flyway.java:1711) ~[flyway-core-5.2.4.jar:na]
	at org.flywaydb.core.Flyway.migrate(Flyway.java:1356) ~[flyway-core-5.2.4.jar:na]
	at org.springframework.boot.autoconfigure.flyway.FlywayMigrationInitializer.afterPropertiesSet(FlywayMigrationInitializer.java:66) ~[spring-boot-autoconfigure-2.1.5.RELEASE.jar:2.1.5.RELEASE]
	at org.springframework.beans.factory.support.AbstractAutowireCapableBeanFactory.invokeInitMethods(AbstractAutowireCapableBeanFactory.java:1837) ~[spring-beans-5.1.7.RELEASE.jar:5.1.7.RELEASE]
	at org.springframework.beans.factory.support.AbstractAutowireCapableBeanFactory.initializeBean(AbstractAutowireCapableBeanFactory.java:1774) ~[spring-beans-5.1.7.RELEASE.jar:5.1.7.RELEASE]
	... 45 common frames omitted
Caused by: org.flywaydb.core.internal.sqlscript.FlywaySqlScriptException: 
Migration V01__initialise.sql failed
------------------------------------
SQL State  : 42001
Error Code : 42001
Message    : Syntax error in SQL statement "CREATE TABLE REVIEWS(
    REVIEW_ID INT NOT NULL AUTO_INCREMENT,
    PRODUCT_ID INT NOT NULL,
    REVIEW_TITLE VARCHAR(1000) NOT NULL,
    CONSTRAINT REVIEW_PK PRIMARY KEY (REVIEW_ID),
    CONSTRAINT PRODUCT_REVIEW_FK FOREIGN KEY (PRODUCT_ID) REFERENCES PRODUCTS (PRODUCT_ID) [*]"; expected "INDEX, ON, NOT, DEFERRABLE, NOCHECK, CHECK, ,, )"; SQL statement:
create table reviews(
    review_id int not null auto_increment,
    product_id int not null,
    review_title varchar(1000) not null,
    constraint review_pk primary key (review_id),
    constraint product_review_fk foreign key (product_id) references products (product_id) [42001-199]
Location   : db/migration/V01__initialise.sql (/Users/apoorvalonkar/Desktop/Java_course_Udacity/FINAL SUBMITTED PROJECT/ReviewsApiFinal/target/classes/db/migration/V01__initialise.sql)
Line       : 7
Statement  : create table reviews(
    review_id int not null auto_increment,
    product_id int not null,
    review_title varchar(1000) not null,
    constraint review_pk primary key (review_id),
    constraint product_review_fk foreign key (product_id) references products (product_id)

	at org.flywaydb.core.internal.sqlscript.DefaultSqlScriptExecutor.handleException(DefaultSqlScriptExecutor.java:253) ~[flyway-core-5.2.4.jar:na]
	at org.flywaydb.core.internal.sqlscript.DefaultSqlScriptExecutor.executeStatement(DefaultSqlScriptExecutor.java:202) ~[flyway-core-5.2.4.jar:na]
	at org.flywaydb.core.internal.sqlscript.DefaultSqlScriptExecutor.execute(DefaultSqlScriptExecutor.java:125) ~[flyway-core-5.2.4.jar:na]
	at org.flywaydb.core.internal.resolver.sql.SqlMigrationExecutor.execute(SqlMigrationExecutor.java:77) ~[flyway-core-5.2.4.jar:na]
	at org.flywaydb.core.internal.command.DbMigrate.doMigrateGroup(DbMigrate.java:367) ~[flyway-core-5.2.4.jar:na]
	... 66 common frames omitted
Caused by: org.h2.jdbc.JdbcSQLSyntaxErrorException: Syntax error in SQL statement "CREATE TABLE REVIEWS(
    REVIEW_ID INT NOT NULL AUTO_INCREMENT,
    PRODUCT_ID INT NOT NULL,
    REVIEW_TITLE VARCHAR(1000) NOT NULL,
    CONSTRAINT REVIEW_PK PRIMARY KEY (REVIEW_ID),
    CONSTRAINT PRODUCT_REVIEW_FK FOREIGN KEY (PRODUCT_ID) REFERENCES PRODUCTS (PRODUCT_ID) [*]"; expected "INDEX, ON, NOT, DEFERRABLE, NOCHECK, CHECK, ,, )"; SQL statement:
create table reviews(
    review_id int not null auto_increment,
    product_id int not null,
    review_title varchar(1000) not null,
    constraint review_pk primary key (review_id),
    constraint product_review_fk foreign key (product_id) references products (product_id) [42001-199]
	at org.h2.message.DbException.getJdbcSQLException(DbException.java:451) ~[h2-1.4.199.jar:1.4.199]
	at org.h2.message.DbException.getJdbcSQLException(DbException.java:427) ~[h2-1.4.199.jar:1.4.199]
	at org.h2.message.DbException.getSyntaxError(DbException.java:243) ~[h2-1.4.199.jar:1.4.199]
	at org.h2.command.Parser.getSyntaxError(Parser.java:991) ~[h2-1.4.199.jar:1.4.199]
	at org.h2.command.Parser.read(Parser.java:4549) ~[h2-1.4.199.jar:1.4.199]
	at org.h2.command.Parser.readIfMore(Parser.java:1391) ~[h2-1.4.199.jar:1.4.199]
	at org.h2.command.Parser.parseCreateTable(Parser.java:7833) ~[h2-1.4.199.jar:1.4.199]
	at org.h2.command.Parser.parseCreate(Parser.java:5818) ~[h2-1.4.199.jar:1.4.199]
	at org.h2.command.Parser.parsePrepared(Parser.java:846) ~[h2-1.4.199.jar:1.4.199]
	at org.h2.command.Parser.parse(Parser.java:788) ~[h2-1.4.199.jar:1.4.199]
	at org.h2.command.Parser.parse(Parser.java:764) ~[h2-1.4.199.jar:1.4.199]
	at org.h2.command.Parser.prepareCommand(Parser.java:683) ~[h2-1.4.199.jar:1.4.199]
	at org.h2.engine.Session.prepareLocal(Session.java:627) ~[h2-1.4.199.jar:1.4.199]
	at org.h2.engine.Session.prepareCommand(Session.java:565) ~[h2-1.4.199.jar:1.4.199]
	at org.h2.jdbc.JdbcConnection.prepareCommand(JdbcConnection.java:1292) ~[h2-1.4.199.jar:1.4.199]
	at org.h2.jdbc.JdbcStatement.executeInternal(JdbcStatement.java:217) ~[h2-1.4.199.jar:1.4.199]
	at org.h2.jdbc.JdbcStatement.execute(JdbcStatement.java:205) ~[h2-1.4.199.jar:1.4.199]
	at org.flywaydb.core.internal.jdbc.JdbcTemplate.executeStatement(JdbcTemplate.java:235) ~[flyway-core-5.2.4.jar:na]
	at org.flywaydb.core.internal.sqlscript.StandardSqlStatement.execute(StandardSqlStatement.java:42) ~[flyway-core-5.2.4.jar:na]
	at org.flywaydb.core.internal.sqlscript.DefaultSqlScriptExecutor.executeStatement(DefaultSqlScriptExecutor.java:189) ~[flyway-core-5.2.4.jar:na]
	... 69 common frames omitted

]]></system-out>
  </testcase>
  <testcase name="testCommentEntity" classname="com.udacity.course3.reviews.ReviewsApplicationTests" time="0.001">
    <error message="Failed to load ApplicationContext" type="java.lang.IllegalStateException">java.lang.IllegalStateException: Failed to load ApplicationContext
Caused by: org.springframework.beans.factory.BeanCreationException: 
Error creating bean with name 'flywayInitializer' defined in class path resource [org/springframework/boot/autoconfigure/flyway/FlywayAutoConfiguration$FlywayConfiguration.class]: Invocation of init method failed; nested exception is org.flywaydb.core.internal.command.DbMigrate$FlywayMigrateException: 
Migration V01__initialise.sql failed
------------------------------------
SQL State  : 42001
Error Code : 42001
Message    : Syntax error in SQL statement "CREATE TABLE REVIEWS(
    REVIEW_ID INT NOT NULL AUTO_INCREMENT,
    PRODUCT_ID INT NOT NULL,
    REVIEW_TITLE VARCHAR(1000) NOT NULL,
    CONSTRAINT REVIEW_PK PRIMARY KEY (REVIEW_ID),
    CONSTRAINT PRODUCT_REVIEW_FK FOREIGN KEY (PRODUCT_ID) REFERENCES PRODUCTS (PRODUCT_ID) [*]"; expected "INDEX, ON, NOT, DEFERRABLE, NOCHECK, CHECK, ,, )"; SQL statement:
create table reviews(
    review_id int not null auto_increment,
    product_id int not null,
    review_title varchar(1000) not null,
    constraint review_pk primary key (review_id),
    constraint product_review_fk foreign key (product_id) references products (product_id) [42001-199]
Location   : db/migration/V01__initialise.sql (/Users/apoorvalonkar/Desktop/Java_course_Udacity/FINAL SUBMITTED PROJECT/ReviewsApiFinal/target/classes/db/migration/V01__initialise.sql)
Line       : 7
Statement  : create table reviews(
    review_id int not null auto_increment,
    product_id int not null,
    review_title varchar(1000) not null,
    constraint review_pk primary key (review_id),
    constraint product_review_fk foreign key (product_id) references products (product_id)

Caused by: org.flywaydb.core.internal.command.DbMigrate$FlywayMigrateException: 

Migration V01__initialise.sql failed
------------------------------------
SQL State  : 42001
Error Code : 42001
Message    : Syntax error in SQL statement "CREATE TABLE REVIEWS(
    REVIEW_ID INT NOT NULL AUTO_INCREMENT,
    PRODUCT_ID INT NOT NULL,
    REVIEW_TITLE VARCHAR(1000) NOT NULL,
    CONSTRAINT REVIEW_PK PRIMARY KEY (REVIEW_ID),
    CONSTRAINT PRODUCT_REVIEW_FK FOREIGN KEY (PRODUCT_ID) REFERENCES PRODUCTS (PRODUCT_ID) [*]"; expected "INDEX, ON, NOT, DEFERRABLE, NOCHECK, CHECK, ,, )"; SQL statement:
create table reviews(
    review_id int not null auto_increment,
    product_id int not null,
    review_title varchar(1000) not null,
    constraint review_pk primary key (review_id),
    constraint product_review_fk foreign key (product_id) references products (product_id) [42001-199]
Location   : db/migration/V01__initialise.sql (/Users/apoorvalonkar/Desktop/Java_course_Udacity/FINAL SUBMITTED PROJECT/ReviewsApiFinal/target/classes/db/migration/V01__initialise.sql)
Line       : 7
Statement  : create table reviews(
    review_id int not null auto_increment,
    product_id int not null,
    review_title varchar(1000) not null,
    constraint review_pk primary key (review_id),
    constraint product_review_fk foreign key (product_id) references products (product_id)

Caused by: org.flywaydb.core.internal.sqlscript.FlywaySqlScriptException: 

Migration V01__initialise.sql failed
------------------------------------
SQL State  : 42001
Error Code : 42001
Message    : Syntax error in SQL statement "CREATE TABLE REVIEWS(
    REVIEW_ID INT NOT NULL AUTO_INCREMENT,
    PRODUCT_ID INT NOT NULL,
    REVIEW_TITLE VARCHAR(1000) NOT NULL,
    CONSTRAINT REVIEW_PK PRIMARY KEY (REVIEW_ID),
    CONSTRAINT PRODUCT_REVIEW_FK FOREIGN KEY (PRODUCT_ID) REFERENCES PRODUCTS (PRODUCT_ID) [*]"; expected "INDEX, ON, NOT, DEFERRABLE, NOCHECK, CHECK, ,, )"; SQL statement:
create table reviews(
    review_id int not null auto_increment,
    product_id int not null,
    review_title varchar(1000) not null,
    constraint review_pk primary key (review_id),
    constraint product_review_fk foreign key (product_id) references products (product_id) [42001-199]
Location   : db/migration/V01__initialise.sql (/Users/apoorvalonkar/Desktop/Java_course_Udacity/FINAL SUBMITTED PROJECT/ReviewsApiFinal/target/classes/db/migration/V01__initialise.sql)
Line       : 7
Statement  : create table reviews(
    review_id int not null auto_increment,
    product_id int not null,
    review_title varchar(1000) not null,
    constraint review_pk primary key (review_id),
    constraint product_review_fk foreign key (product_id) references products (product_id)

Caused by: org.h2.jdbc.JdbcSQLSyntaxErrorException: 
Syntax error in SQL statement "CREATE TABLE REVIEWS(
    REVIEW_ID INT NOT NULL AUTO_INCREMENT,
    PRODUCT_ID INT NOT NULL,
    REVIEW_TITLE VARCHAR(1000) NOT NULL,
    CONSTRAINT REVIEW_PK PRIMARY KEY (REVIEW_ID),
    CONSTRAINT PRODUCT_REVIEW_FK FOREIGN KEY (PRODUCT_ID) REFERENCES PRODUCTS (PRODUCT_ID) [*]"; expected "INDEX, ON, NOT, DEFERRABLE, NOCHECK, CHECK, ,, )"; SQL statement:
create table reviews(
    review_id int not null auto_increment,
    product_id int not null,
    review_title varchar(1000) not null,
    constraint review_pk primary key (review_id),
    constraint product_review_fk foreign key (product_id) references products (product_id) [42001-199]
</error>
    <system-out><![CDATA[
  .   ____          _            __ _ _
 /\\ / ___'_ __ _ _(_)_ __  __ _ \ \ \ \
( ( )\___ | '_ | '_| | '_ \/ _` | \ \ \ \
 \\/  ___)| |_)| | | | | || (_| |  ) ) ) )
  '  |____| .__|_| |_|_| |_\__, | / / / /
 =========|_|==============|___/=/_/_/_/
 :: Spring Boot ::        (v2.1.5.RELEASE)

2019-12-09 16:28:22.728  INFO 17053 --- [           main] c.u.c.reviews.ReviewsApplicationTests    : Starting ReviewsApplicationTests on Apoorvas-MBP.fios-router.home with PID 17053 (started by apoorvalonkar in /Users/apoorvalonkar/Desktop/Java_course_Udacity/FINAL SUBMITTED PROJECT/ReviewsApiFinal)
2019-12-09 16:28:22.729  INFO 17053 --- [           main] c.u.c.reviews.ReviewsApplicationTests    : No active profile set, falling back to default profiles: default
2019-12-09 16:28:22.871  INFO 17053 --- [           main] .s.d.r.c.RepositoryConfigurationDelegate : Multiple Spring Data modules found, entering strict repository configuration mode!
2019-12-09 16:28:22.872  INFO 17053 --- [           main] .s.d.r.c.RepositoryConfigurationDelegate : Bootstrapping Spring Data repositories in DEFAULT mode.
2019-12-09 16:28:22.876  INFO 17053 --- [           main] .RepositoryConfigurationExtensionSupport : Spring Data MongoDB - Could not safely identify store assignment for repository candidate interface com.udacity.course3.reviews.repository.MySQL.CommentRepository.
2019-12-09 16:28:22.876  INFO 17053 --- [           main] .RepositoryConfigurationExtensionSupport : Spring Data MongoDB - Could not safely identify store assignment for repository candidate interface com.udacity.course3.reviews.repository.MySQL.ProductRepository.
2019-12-09 16:28:22.876  INFO 17053 --- [           main] .RepositoryConfigurationExtensionSupport : Spring Data MongoDB - Could not safely identify store assignment for repository candidate interface com.udacity.course3.reviews.repository.MySQL.ReviewRepository.
2019-12-09 16:28:22.880  INFO 17053 --- [           main] .s.d.r.c.RepositoryConfigurationDelegate : Finished Spring Data repository scanning in 7ms. Found 1 repository interfaces.
2019-12-09 16:28:22.886  INFO 17053 --- [           main] .s.d.r.c.RepositoryConfigurationDelegate : Multiple Spring Data modules found, entering strict repository configuration mode!
2019-12-09 16:28:22.886  INFO 17053 --- [           main] .s.d.r.c.RepositoryConfigurationDelegate : Bootstrapping Spring Data repositories in DEFAULT mode.
2019-12-09 16:28:22.892  INFO 17053 --- [           main] .RepositoryConfigurationExtensionSupport : Spring Data JPA - Could not safely identify store assignment for repository candidate interface com.udacity.course3.reviews.repository.Mongo.MongoReviewRepository.
2019-12-09 16:28:22.902  INFO 17053 --- [           main] .s.d.r.c.RepositoryConfigurationDelegate : Finished Spring Data repository scanning in 15ms. Found 3 repository interfaces.
2019-12-09 16:28:22.913  INFO 17053 --- [           main] beddedDataSourceBeanFactoryPostProcessor : Replacing 'dataSource' DataSource bean with embedded version
2019-12-09 16:28:23.008  INFO 17053 --- [           main] o.s.j.d.e.EmbeddedDatabaseFactory        : Starting embedded database: url='jdbc:h2:mem:008718a9-2de7-43a9-93b3-4717d53be405;DB_CLOSE_DELAY=-1;DB_CLOSE_ON_EXIT=false', username='sa'
2019-12-09 16:28:23.050  INFO 17053 --- [           main] o.f.c.internal.database.DatabaseFactory  : Database: jdbc:h2:mem:008718a9-2de7-43a9-93b3-4717d53be405 (H2 1.4)
2019-12-09 16:28:23.052  WARN 17053 --- [           main] o.f.c.internal.database.base.Database    : Flyway upgrade recommended: H2 1.4.199 is newer than this version of Flyway and support has not been tested.
2019-12-09 16:28:23.058  INFO 17053 --- [           main] o.f.core.internal.command.DbValidate     : Successfully validated 1 migration (execution time 00:00.002s)
2019-12-09 16:28:23.062  INFO 17053 --- [           main] o.f.c.i.s.JdbcTableSchemaHistory         : Creating Schema History table: "PUBLIC"."flyway_schema_history"
2019-12-09 16:28:23.068  INFO 17053 --- [           main] o.f.core.internal.command.DbMigrate      : Current version of schema "PUBLIC": << Empty Schema >>
2019-12-09 16:28:23.068  INFO 17053 --- [           main] o.f.core.internal.command.DbMigrate      : Migrating schema "PUBLIC" to version 01 - initialise
2019-12-09 16:28:23.070 ERROR 17053 --- [           main] o.f.core.internal.command.DbMigrate      : Migration of schema "PUBLIC" to version 01 - initialise failed! Please restore backups and roll back database and code!
2019-12-09 16:28:23.073  WARN 17053 --- [           main] s.c.a.AnnotationConfigApplicationContext : Exception encountered during context initialization - cancelling refresh attempt: org.springframework.beans.factory.BeanCreationException: Error creating bean with name 'flywayInitializer' defined in class path resource [org/springframework/boot/autoconfigure/flyway/FlywayAutoConfiguration$FlywayConfiguration.class]: Invocation of init method failed; nested exception is org.flywaydb.core.internal.command.DbMigrate$FlywayMigrateException: 
Migration V01__initialise.sql failed
------------------------------------
SQL State  : 42001
Error Code : 42001
Message    : Syntax error in SQL statement "CREATE TABLE REVIEWS(
    REVIEW_ID INT NOT NULL AUTO_INCREMENT,
    PRODUCT_ID INT NOT NULL,
    REVIEW_TITLE VARCHAR(1000) NOT NULL,
    CONSTRAINT REVIEW_PK PRIMARY KEY (REVIEW_ID),
    CONSTRAINT PRODUCT_REVIEW_FK FOREIGN KEY (PRODUCT_ID) REFERENCES PRODUCTS (PRODUCT_ID) [*]"; expected "INDEX, ON, NOT, DEFERRABLE, NOCHECK, CHECK, ,, )"; SQL statement:
create table reviews(
    review_id int not null auto_increment,
    product_id int not null,
    review_title varchar(1000) not null,
    constraint review_pk primary key (review_id),
    constraint product_review_fk foreign key (product_id) references products (product_id) [42001-199]
Location   : db/migration/V01__initialise.sql (/Users/apoorvalonkar/Desktop/Java_course_Udacity/FINAL SUBMITTED PROJECT/ReviewsApiFinal/target/classes/db/migration/V01__initialise.sql)
Line       : 7
Statement  : create table reviews(
    review_id int not null auto_increment,
    product_id int not null,
    review_title varchar(1000) not null,
    constraint review_pk primary key (review_id),
    constraint product_review_fk foreign key (product_id) references products (product_id)

2019-12-09 16:28:23.076  INFO 17053 --- [           main] ConditionEvaluationReportLoggingListener : 

Error starting ApplicationContext. To display the conditions report re-run your application with 'debug' enabled.
2019-12-09 16:28:23.081 ERROR 17053 --- [           main] o.s.boot.SpringApplication               : Application run failed

org.springframework.beans.factory.BeanCreationException: Error creating bean with name 'flywayInitializer' defined in class path resource [org/springframework/boot/autoconfigure/flyway/FlywayAutoConfiguration$FlywayConfiguration.class]: Invocation of init method failed; nested exception is org.flywaydb.core.internal.command.DbMigrate$FlywayMigrateException: 
Migration V01__initialise.sql failed
------------------------------------
SQL State  : 42001
Error Code : 42001
Message    : Syntax error in SQL statement "CREATE TABLE REVIEWS(
    REVIEW_ID INT NOT NULL AUTO_INCREMENT,
    PRODUCT_ID INT NOT NULL,
    REVIEW_TITLE VARCHAR(1000) NOT NULL,
    CONSTRAINT REVIEW_PK PRIMARY KEY (REVIEW_ID),
    CONSTRAINT PRODUCT_REVIEW_FK FOREIGN KEY (PRODUCT_ID) REFERENCES PRODUCTS (PRODUCT_ID) [*]"; expected "INDEX, ON, NOT, DEFERRABLE, NOCHECK, CHECK, ,, )"; SQL statement:
create table reviews(
    review_id int not null auto_increment,
    product_id int not null,
    review_title varchar(1000) not null,
    constraint review_pk primary key (review_id),
    constraint product_review_fk foreign key (product_id) references products (product_id) [42001-199]
Location   : db/migration/V01__initialise.sql (/Users/apoorvalonkar/Desktop/Java_course_Udacity/FINAL SUBMITTED PROJECT/ReviewsApiFinal/target/classes/db/migration/V01__initialise.sql)
Line       : 7
Statement  : create table reviews(
    review_id int not null auto_increment,
    product_id int not null,
    review_title varchar(1000) not null,
    constraint review_pk primary key (review_id),
    constraint product_review_fk foreign key (product_id) references products (product_id)

	at org.springframework.beans.factory.support.AbstractAutowireCapableBeanFactory.initializeBean(AbstractAutowireCapableBeanFactory.java:1778) ~[spring-beans-5.1.7.RELEASE.jar:5.1.7.RELEASE]
	at org.springframework.beans.factory.support.AbstractAutowireCapableBeanFactory.doCreateBean(AbstractAutowireCapableBeanFactory.java:593) ~[spring-beans-5.1.7.RELEASE.jar:5.1.7.RELEASE]
	at org.springframework.beans.factory.support.AbstractAutowireCapableBeanFactory.createBean(AbstractAutowireCapableBeanFactory.java:515) ~[spring-beans-5.1.7.RELEASE.jar:5.1.7.RELEASE]
	at org.springframework.beans.factory.support.AbstractBeanFactory.lambda$doGetBean$0(AbstractBeanFactory.java:320) ~[spring-beans-5.1.7.RELEASE.jar:5.1.7.RELEASE]
	at org.springframework.beans.factory.support.DefaultSingletonBeanRegistry.getSingleton(DefaultSingletonBeanRegistry.java:222) ~[spring-beans-5.1.7.RELEASE.jar:5.1.7.RELEASE]
	at org.springframework.beans.factory.support.AbstractBeanFactory.doGetBean(AbstractBeanFactory.java:318) ~[spring-beans-5.1.7.RELEASE.jar:5.1.7.RELEASE]
	at org.springframework.beans.factory.support.AbstractBeanFactory.getBean(AbstractBeanFactory.java:199) ~[spring-beans-5.1.7.RELEASE.jar:5.1.7.RELEASE]
	at org.springframework.beans.factory.support.AbstractBeanFactory.doGetBean(AbstractBeanFactory.java:307) ~[spring-beans-5.1.7.RELEASE.jar:5.1.7.RELEASE]
	at org.springframework.beans.factory.support.AbstractBeanFactory.getBean(AbstractBeanFactory.java:199) ~[spring-beans-5.1.7.RELEASE.jar:5.1.7.RELEASE]
	at org.springframework.context.support.AbstractApplicationContext.getBean(AbstractApplicationContext.java:1105) ~[spring-context-5.1.7.RELEASE.jar:5.1.7.RELEASE]
	at org.springframework.context.support.AbstractApplicationContext.finishBeanFactoryInitialization(AbstractApplicationContext.java:867) ~[spring-context-5.1.7.RELEASE.jar:5.1.7.RELEASE]
	at org.springframework.context.support.AbstractApplicationContext.refresh(AbstractApplicationContext.java:549) ~[spring-context-5.1.7.RELEASE.jar:5.1.7.RELEASE]
	at org.springframework.boot.SpringApplication.refresh(SpringApplication.java:775) ~[spring-boot-2.1.5.RELEASE.jar:2.1.5.RELEASE]
	at org.springframework.boot.SpringApplication.refreshContext(SpringApplication.java:397) ~[spring-boot-2.1.5.RELEASE.jar:2.1.5.RELEASE]
	at org.springframework.boot.SpringApplication.run(SpringApplication.java:316) ~[spring-boot-2.1.5.RELEASE.jar:2.1.5.RELEASE]
	at org.springframework.boot.test.context.SpringBootContextLoader.loadContext(SpringBootContextLoader.java:127) [spring-boot-test-2.1.5.RELEASE.jar:2.1.5.RELEASE]
	at org.springframework.test.context.cache.DefaultCacheAwareContextLoaderDelegate.loadContextInternal(DefaultCacheAwareContextLoaderDelegate.java:99) [spring-test-5.1.7.RELEASE.jar:5.1.7.RELEASE]
	at org.springframework.test.context.cache.DefaultCacheAwareContextLoaderDelegate.loadContext(DefaultCacheAwareContextLoaderDelegate.java:117) [spring-test-5.1.7.RELEASE.jar:5.1.7.RELEASE]
	at org.springframework.test.context.support.DefaultTestContext.getApplicationContext(DefaultTestContext.java:108) [spring-test-5.1.7.RELEASE.jar:5.1.7.RELEASE]
	at org.springframework.test.context.support.DependencyInjectionTestExecutionListener.injectDependencies(DependencyInjectionTestExecutionListener.java:118) [spring-test-5.1.7.RELEASE.jar:5.1.7.RELEASE]
	at org.springframework.test.context.support.DependencyInjectionTestExecutionListener.prepareTestInstance(DependencyInjectionTestExecutionListener.java:83) [spring-test-5.1.7.RELEASE.jar:5.1.7.RELEASE]
	at org.springframework.boot.test.autoconfigure.SpringBootDependencyInjectionTestExecutionListener.prepareTestInstance(SpringBootDependencyInjectionTestExecutionListener.java:44) [spring-boot-test-autoconfigure-2.1.5.RELEASE.jar:2.1.5.RELEASE]
	at org.springframework.test.context.TestContextManager.prepareTestInstance(TestContextManager.java:246) [spring-test-5.1.7.RELEASE.jar:5.1.7.RELEASE]
	at org.springframework.test.context.junit4.SpringJUnit4ClassRunner.createTest(SpringJUnit4ClassRunner.java:227) [spring-test-5.1.7.RELEASE.jar:5.1.7.RELEASE]
	at org.springframework.test.context.junit4.SpringJUnit4ClassRunner$1.runReflectiveCall(SpringJUnit4ClassRunner.java:289) [spring-test-5.1.7.RELEASE.jar:5.1.7.RELEASE]
	at org.junit.internal.runners.model.ReflectiveCallable.run(ReflectiveCallable.java:12) [junit-4.12.jar:4.12]
	at org.springframework.test.context.junit4.SpringJUnit4ClassRunner.methodBlock(SpringJUnit4ClassRunner.java:291) [spring-test-5.1.7.RELEASE.jar:5.1.7.RELEASE]
	at org.springframework.test.context.junit4.SpringJUnit4ClassRunner.runChild(SpringJUnit4ClassRunner.java:246) [spring-test-5.1.7.RELEASE.jar:5.1.7.RELEASE]
	at org.springframework.test.context.junit4.SpringJUnit4ClassRunner.runChild(SpringJUnit4ClassRunner.java:97) [spring-test-5.1.7.RELEASE.jar:5.1.7.RELEASE]
	at org.junit.runners.ParentRunner$3.run(ParentRunner.java:290) [junit-4.12.jar:4.12]
	at org.junit.runners.ParentRunner$1.schedule(ParentRunner.java:71) [junit-4.12.jar:4.12]
	at org.junit.runners.ParentRunner.runChildren(ParentRunner.java:288) [junit-4.12.jar:4.12]
	at org.junit.runners.ParentRunner.access$000(ParentRunner.java:58) [junit-4.12.jar:4.12]
	at org.junit.runners.ParentRunner$2.evaluate(ParentRunner.java:268) [junit-4.12.jar:4.12]
	at org.springframework.test.context.junit4.statements.RunBeforeTestClassCallbacks.evaluate(RunBeforeTestClassCallbacks.java:61) [spring-test-5.1.7.RELEASE.jar:5.1.7.RELEASE]
	at org.springframework.test.context.junit4.statements.RunAfterTestClassCallbacks.evaluate(RunAfterTestClassCallbacks.java:70) [spring-test-5.1.7.RELEASE.jar:5.1.7.RELEASE]
	at org.junit.runners.ParentRunner.run(ParentRunner.java:363) [junit-4.12.jar:4.12]
	at org.springframework.test.context.junit4.SpringJUnit4ClassRunner.run(SpringJUnit4ClassRunner.java:190) [spring-test-5.1.7.RELEASE.jar:5.1.7.RELEASE]
	at org.apache.maven.surefire.junit4.JUnit4Provider.execute(JUnit4Provider.java:365) [surefire-junit4-2.22.2.jar:2.22.2]
	at org.apache.maven.surefire.junit4.JUnit4Provider.executeWithRerun(JUnit4Provider.java:273) [surefire-junit4-2.22.2.jar:2.22.2]
	at org.apache.maven.surefire.junit4.JUnit4Provider.executeTestSet(JUnit4Provider.java:238) [surefire-junit4-2.22.2.jar:2.22.2]
	at org.apache.maven.surefire.junit4.JUnit4Provider.invoke(JUnit4Provider.java:159) [surefire-junit4-2.22.2.jar:2.22.2]
	at org.apache.maven.surefire.booter.ForkedBooter.invokeProviderInSameClassLoader(ForkedBooter.java:384) [surefire-booter-2.22.2.jar:2.22.2]
	at org.apache.maven.surefire.booter.ForkedBooter.runSuitesInProcess(ForkedBooter.java:345) [surefire-booter-2.22.2.jar:2.22.2]
	at org.apache.maven.surefire.booter.ForkedBooter.execute(ForkedBooter.java:126) [surefire-booter-2.22.2.jar:2.22.2]
	at org.apache.maven.surefire.booter.ForkedBooter.main(ForkedBooter.java:418) [surefire-booter-2.22.2.jar:2.22.2]
Caused by: org.flywaydb.core.internal.command.DbMigrate$FlywayMigrateException: 
Migration V01__initialise.sql failed
------------------------------------
SQL State  : 42001
Error Code : 42001
Message    : Syntax error in SQL statement "CREATE TABLE REVIEWS(
    REVIEW_ID INT NOT NULL AUTO_INCREMENT,
    PRODUCT_ID INT NOT NULL,
    REVIEW_TITLE VARCHAR(1000) NOT NULL,
    CONSTRAINT REVIEW_PK PRIMARY KEY (REVIEW_ID),
    CONSTRAINT PRODUCT_REVIEW_FK FOREIGN KEY (PRODUCT_ID) REFERENCES PRODUCTS (PRODUCT_ID) [*]"; expected "INDEX, ON, NOT, DEFERRABLE, NOCHECK, CHECK, ,, )"; SQL statement:
create table reviews(
    review_id int not null auto_increment,
    product_id int not null,
    review_title varchar(1000) not null,
    constraint review_pk primary key (review_id),
    constraint product_review_fk foreign key (product_id) references products (product_id) [42001-199]
Location   : db/migration/V01__initialise.sql (/Users/apoorvalonkar/Desktop/Java_course_Udacity/FINAL SUBMITTED PROJECT/ReviewsApiFinal/target/classes/db/migration/V01__initialise.sql)
Line       : 7
Statement  : create table reviews(
    review_id int not null auto_increment,
    product_id int not null,
    review_title varchar(1000) not null,
    constraint review_pk primary key (review_id),
    constraint product_review_fk foreign key (product_id) references products (product_id)

	at org.flywaydb.core.internal.command.DbMigrate.doMigrateGroup(DbMigrate.java:370) ~[flyway-core-5.2.4.jar:na]
	at org.flywaydb.core.internal.command.DbMigrate.access$200(DbMigrate.java:54) ~[flyway-core-5.2.4.jar:na]
	at org.flywaydb.core.internal.command.DbMigrate$3.call(DbMigrate.java:284) ~[flyway-core-5.2.4.jar:na]
	at org.flywaydb.core.internal.jdbc.TransactionTemplate.execute(TransactionTemplate.java:74) ~[flyway-core-5.2.4.jar:na]
	at org.flywaydb.core.internal.command.DbMigrate.applyMigrations(DbMigrate.java:281) ~[flyway-core-5.2.4.jar:na]
	at org.flywaydb.core.internal.command.DbMigrate.migrateGroup(DbMigrate.java:246) ~[flyway-core-5.2.4.jar:na]
	at org.flywaydb.core.internal.command.DbMigrate.access$100(DbMigrate.java:54) ~[flyway-core-5.2.4.jar:na]
	at org.flywaydb.core.internal.command.DbMigrate$2.call(DbMigrate.java:164) ~[flyway-core-5.2.4.jar:na]
	at org.flywaydb.core.internal.command.DbMigrate$2.call(DbMigrate.java:161) ~[flyway-core-5.2.4.jar:na]
	at org.flywaydb.core.internal.database.base.Connection$1.call(Connection.java:147) ~[flyway-core-5.2.4.jar:na]
	at org.flywaydb.core.internal.jdbc.TransactionTemplate.execute(TransactionTemplate.java:74) ~[flyway-core-5.2.4.jar:na]
	at org.flywaydb.core.internal.database.base.Connection.lock(Connection.java:143) ~[flyway-core-5.2.4.jar:na]
	at org.flywaydb.core.internal.schemahistory.JdbcTableSchemaHistory.lock(JdbcTableSchemaHistory.java:155) ~[flyway-core-5.2.4.jar:na]
	at org.flywaydb.core.internal.command.DbMigrate.migrateAll(DbMigrate.java:161) ~[flyway-core-5.2.4.jar:na]
	at org.flywaydb.core.internal.command.DbMigrate.migrate(DbMigrate.java:139) ~[flyway-core-5.2.4.jar:na]
	at org.flywaydb.core.Flyway$1.execute(Flyway.java:1395) ~[flyway-core-5.2.4.jar:na]
	at org.flywaydb.core.Flyway$1.execute(Flyway.java:1356) ~[flyway-core-5.2.4.jar:na]
	at org.flywaydb.core.Flyway.execute(Flyway.java:1711) ~[flyway-core-5.2.4.jar:na]
	at org.flywaydb.core.Flyway.migrate(Flyway.java:1356) ~[flyway-core-5.2.4.jar:na]
	at org.springframework.boot.autoconfigure.flyway.FlywayMigrationInitializer.afterPropertiesSet(FlywayMigrationInitializer.java:66) ~[spring-boot-autoconfigure-2.1.5.RELEASE.jar:2.1.5.RELEASE]
	at org.springframework.beans.factory.support.AbstractAutowireCapableBeanFactory.invokeInitMethods(AbstractAutowireCapableBeanFactory.java:1837) ~[spring-beans-5.1.7.RELEASE.jar:5.1.7.RELEASE]
	at org.springframework.beans.factory.support.AbstractAutowireCapableBeanFactory.initializeBean(AbstractAutowireCapableBeanFactory.java:1774) ~[spring-beans-5.1.7.RELEASE.jar:5.1.7.RELEASE]
	... 45 common frames omitted
Caused by: org.flywaydb.core.internal.sqlscript.FlywaySqlScriptException: 
Migration V01__initialise.sql failed
------------------------------------
SQL State  : 42001
Error Code : 42001
Message    : Syntax error in SQL statement "CREATE TABLE REVIEWS(
    REVIEW_ID INT NOT NULL AUTO_INCREMENT,
    PRODUCT_ID INT NOT NULL,
    REVIEW_TITLE VARCHAR(1000) NOT NULL,
    CONSTRAINT REVIEW_PK PRIMARY KEY (REVIEW_ID),
    CONSTRAINT PRODUCT_REVIEW_FK FOREIGN KEY (PRODUCT_ID) REFERENCES PRODUCTS (PRODUCT_ID) [*]"; expected "INDEX, ON, NOT, DEFERRABLE, NOCHECK, CHECK, ,, )"; SQL statement:
create table reviews(
    review_id int not null auto_increment,
    product_id int not null,
    review_title varchar(1000) not null,
    constraint review_pk primary key (review_id),
    constraint product_review_fk foreign key (product_id) references products (product_id) [42001-199]
Location   : db/migration/V01__initialise.sql (/Users/apoorvalonkar/Desktop/Java_course_Udacity/FINAL SUBMITTED PROJECT/ReviewsApiFinal/target/classes/db/migration/V01__initialise.sql)
Line       : 7
Statement  : create table reviews(
    review_id int not null auto_increment,
    product_id int not null,
    review_title varchar(1000) not null,
    constraint review_pk primary key (review_id),
    constraint product_review_fk foreign key (product_id) references products (product_id)

	at org.flywaydb.core.internal.sqlscript.DefaultSqlScriptExecutor.handleException(DefaultSqlScriptExecutor.java:253) ~[flyway-core-5.2.4.jar:na]
	at org.flywaydb.core.internal.sqlscript.DefaultSqlScriptExecutor.executeStatement(DefaultSqlScriptExecutor.java:202) ~[flyway-core-5.2.4.jar:na]
	at org.flywaydb.core.internal.sqlscript.DefaultSqlScriptExecutor.execute(DefaultSqlScriptExecutor.java:125) ~[flyway-core-5.2.4.jar:na]
	at org.flywaydb.core.internal.resolver.sql.SqlMigrationExecutor.execute(SqlMigrationExecutor.java:77) ~[flyway-core-5.2.4.jar:na]
	at org.flywaydb.core.internal.command.DbMigrate.doMigrateGroup(DbMigrate.java:367) ~[flyway-core-5.2.4.jar:na]
	... 66 common frames omitted
Caused by: org.h2.jdbc.JdbcSQLSyntaxErrorException: Syntax error in SQL statement "CREATE TABLE REVIEWS(
    REVIEW_ID INT NOT NULL AUTO_INCREMENT,
    PRODUCT_ID INT NOT NULL,
    REVIEW_TITLE VARCHAR(1000) NOT NULL,
    CONSTRAINT REVIEW_PK PRIMARY KEY (REVIEW_ID),
    CONSTRAINT PRODUCT_REVIEW_FK FOREIGN KEY (PRODUCT_ID) REFERENCES PRODUCTS (PRODUCT_ID) [*]"; expected "INDEX, ON, NOT, DEFERRABLE, NOCHECK, CHECK, ,, )"; SQL statement:
create table reviews(
    review_id int not null auto_increment,
    product_id int not null,
    review_title varchar(1000) not null,
    constraint review_pk primary key (review_id),
    constraint product_review_fk foreign key (product_id) references products (product_id) [42001-199]
	at org.h2.message.DbException.getJdbcSQLException(DbException.java:451) ~[h2-1.4.199.jar:1.4.199]
	at org.h2.message.DbException.getJdbcSQLException(DbException.java:427) ~[h2-1.4.199.jar:1.4.199]
	at org.h2.message.DbException.getSyntaxError(DbException.java:243) ~[h2-1.4.199.jar:1.4.199]
	at org.h2.command.Parser.getSyntaxError(Parser.java:991) ~[h2-1.4.199.jar:1.4.199]
	at org.h2.command.Parser.read(Parser.java:4549) ~[h2-1.4.199.jar:1.4.199]
	at org.h2.command.Parser.readIfMore(Parser.java:1391) ~[h2-1.4.199.jar:1.4.199]
	at org.h2.command.Parser.parseCreateTable(Parser.java:7833) ~[h2-1.4.199.jar:1.4.199]
	at org.h2.command.Parser.parseCreate(Parser.java:5818) ~[h2-1.4.199.jar:1.4.199]
	at org.h2.command.Parser.parsePrepared(Parser.java:846) ~[h2-1.4.199.jar:1.4.199]
	at org.h2.command.Parser.parse(Parser.java:788) ~[h2-1.4.199.jar:1.4.199]
	at org.h2.command.Parser.parse(Parser.java:764) ~[h2-1.4.199.jar:1.4.199]
	at org.h2.command.Parser.prepareCommand(Parser.java:683) ~[h2-1.4.199.jar:1.4.199]
	at org.h2.engine.Session.prepareLocal(Session.java:627) ~[h2-1.4.199.jar:1.4.199]
	at org.h2.engine.Session.prepareCommand(Session.java:565) ~[h2-1.4.199.jar:1.4.199]
	at org.h2.jdbc.JdbcConnection.prepareCommand(JdbcConnection.java:1292) ~[h2-1.4.199.jar:1.4.199]
	at org.h2.jdbc.JdbcStatement.executeInternal(JdbcStatement.java:217) ~[h2-1.4.199.jar:1.4.199]
	at org.h2.jdbc.JdbcStatement.execute(JdbcStatement.java:205) ~[h2-1.4.199.jar:1.4.199]
	at org.flywaydb.core.internal.jdbc.JdbcTemplate.executeStatement(JdbcTemplate.java:235) ~[flyway-core-5.2.4.jar:na]
	at org.flywaydb.core.internal.sqlscript.StandardSqlStatement.execute(StandardSqlStatement.java:42) ~[flyway-core-5.2.4.jar:na]
	at org.flywaydb.core.internal.sqlscript.DefaultSqlScriptExecutor.executeStatement(DefaultSqlScriptExecutor.java:189) ~[flyway-core-5.2.4.jar:na]
	... 69 common frames omitted


  .   ____          _            __ _ _
 /\\ / ___'_ __ _ _(_)_ __  __ _ \ \ \ \
( ( )\___ | '_ | '_| | '_ \/ _` | \ \ \ \
 \\/  ___)| |_)| | | | | || (_| |  ) ) ) )
  '  |____| .__|_| |_|_| |_\__, | / / / /
 =========|_|==============|___/=/_/_/_/
 :: Spring Boot ::        (v2.1.5.RELEASE)

2019-12-09 16:28:23.107  INFO 17053 --- [           main] c.u.c.reviews.ReviewsApplicationTests    : Starting ReviewsApplicationTests on Apoorvas-MBP.fios-router.home with PID 17053 (started by apoorvalonkar in /Users/apoorvalonkar/Desktop/Java_course_Udacity/FINAL SUBMITTED PROJECT/ReviewsApiFinal)
2019-12-09 16:28:23.108  INFO 17053 --- [           main] c.u.c.reviews.ReviewsApplicationTests    : No active profile set, falling back to default profiles: default
2019-12-09 16:28:23.183  INFO 17053 --- [           main] .s.d.r.c.RepositoryConfigurationDelegate : Multiple Spring Data modules found, entering strict repository configuration mode!
2019-12-09 16:28:23.183  INFO 17053 --- [           main] .s.d.r.c.RepositoryConfigurationDelegate : Bootstrapping Spring Data repositories in DEFAULT mode.
2019-12-09 16:28:23.192  INFO 17053 --- [           main] .RepositoryConfigurationExtensionSupport : Spring Data MongoDB - Could not safely identify store assignment for repository candidate interface com.udacity.course3.reviews.repository.MySQL.CommentRepository.
2019-12-09 16:28:23.193  INFO 17053 --- [           main] .RepositoryConfigurationExtensionSupport : Spring Data MongoDB - Could not safely identify store assignment for repository candidate interface com.udacity.course3.reviews.repository.MySQL.ProductRepository.
2019-12-09 16:28:23.194  INFO 17053 --- [           main] .RepositoryConfigurationExtensionSupport : Spring Data MongoDB - Could not safely identify store assignment for repository candidate interface com.udacity.course3.reviews.repository.MySQL.ReviewRepository.
2019-12-09 16:28:23.200  INFO 17053 --- [           main] .s.d.r.c.RepositoryConfigurationDelegate : Finished Spring Data repository scanning in 17ms. Found 1 repository interfaces.
2019-12-09 16:28:23.206  INFO 17053 --- [           main] .s.d.r.c.RepositoryConfigurationDelegate : Multiple Spring Data modules found, entering strict repository configuration mode!
2019-12-09 16:28:23.207  INFO 17053 --- [           main] .s.d.r.c.RepositoryConfigurationDelegate : Bootstrapping Spring Data repositories in DEFAULT mode.
2019-12-09 16:28:23.213  INFO 17053 --- [           main] .RepositoryConfigurationExtensionSupport : Spring Data JPA - Could not safely identify store assignment for repository candidate interface com.udacity.course3.reviews.repository.Mongo.MongoReviewRepository.
2019-12-09 16:28:23.232  INFO 17053 --- [           main] .s.d.r.c.RepositoryConfigurationDelegate : Finished Spring Data repository scanning in 25ms. Found 3 repository interfaces.
2019-12-09 16:28:23.272  INFO 17053 --- [           main] beddedDataSourceBeanFactoryPostProcessor : Replacing 'dataSource' DataSource bean with embedded version
2019-12-09 16:28:23.398  INFO 17053 --- [           main] o.s.j.d.e.EmbeddedDatabaseFactory        : Starting embedded database: url='jdbc:h2:mem:522c432f-0a9c-4f80-9c8c-bd4473118592;DB_CLOSE_DELAY=-1;DB_CLOSE_ON_EXIT=false', username='sa'
2019-12-09 16:28:23.421  INFO 17053 --- [           main] o.f.c.internal.database.DatabaseFactory  : Database: jdbc:h2:mem:522c432f-0a9c-4f80-9c8c-bd4473118592 (H2 1.4)
2019-12-09 16:28:23.423  WARN 17053 --- [           main] o.f.c.internal.database.base.Database    : Flyway upgrade recommended: H2 1.4.199 is newer than this version of Flyway and support has not been tested.
2019-12-09 16:28:23.443  INFO 17053 --- [           main] o.f.core.internal.command.DbValidate     : Successfully validated 1 migration (execution time 00:00.007s)
2019-12-09 16:28:23.448  INFO 17053 --- [           main] o.f.c.i.s.JdbcTableSchemaHistory         : Creating Schema History table: "PUBLIC"."flyway_schema_history"
2019-12-09 16:28:23.467  INFO 17053 --- [           main] o.f.core.internal.command.DbMigrate      : Current version of schema "PUBLIC": << Empty Schema >>
2019-12-09 16:28:23.468  INFO 17053 --- [           main] o.f.core.internal.command.DbMigrate      : Migrating schema "PUBLIC" to version 01 - initialise
2019-12-09 16:28:23.476 ERROR 17053 --- [           main] o.f.core.internal.command.DbMigrate      : Migration of schema "PUBLIC" to version 01 - initialise failed! Please restore backups and roll back database and code!
2019-12-09 16:28:23.483  WARN 17053 --- [           main] s.c.a.AnnotationConfigApplicationContext : Exception encountered during context initialization - cancelling refresh attempt: org.springframework.beans.factory.BeanCreationException: Error creating bean with name 'flywayInitializer' defined in class path resource [org/springframework/boot/autoconfigure/flyway/FlywayAutoConfiguration$FlywayConfiguration.class]: Invocation of init method failed; nested exception is org.flywaydb.core.internal.command.DbMigrate$FlywayMigrateException: 
Migration V01__initialise.sql failed
------------------------------------
SQL State  : 42001
Error Code : 42001
Message    : Syntax error in SQL statement "CREATE TABLE REVIEWS(
    REVIEW_ID INT NOT NULL AUTO_INCREMENT,
    PRODUCT_ID INT NOT NULL,
    REVIEW_TITLE VARCHAR(1000) NOT NULL,
    CONSTRAINT REVIEW_PK PRIMARY KEY (REVIEW_ID),
    CONSTRAINT PRODUCT_REVIEW_FK FOREIGN KEY (PRODUCT_ID) REFERENCES PRODUCTS (PRODUCT_ID) [*]"; expected "INDEX, ON, NOT, DEFERRABLE, NOCHECK, CHECK, ,, )"; SQL statement:
create table reviews(
    review_id int not null auto_increment,
    product_id int not null,
    review_title varchar(1000) not null,
    constraint review_pk primary key (review_id),
    constraint product_review_fk foreign key (product_id) references products (product_id) [42001-199]
Location   : db/migration/V01__initialise.sql (/Users/apoorvalonkar/Desktop/Java_course_Udacity/FINAL SUBMITTED PROJECT/ReviewsApiFinal/target/classes/db/migration/V01__initialise.sql)
Line       : 7
Statement  : create table reviews(
    review_id int not null auto_increment,
    product_id int not null,
    review_title varchar(1000) not null,
    constraint review_pk primary key (review_id),
    constraint product_review_fk foreign key (product_id) references products (product_id)

2019-12-09 16:28:23.488  INFO 17053 --- [           main] ConditionEvaluationReportLoggingListener : 

Error starting ApplicationContext. To display the conditions report re-run your application with 'debug' enabled.
2019-12-09 16:28:23.495 ERROR 17053 --- [           main] o.s.boot.SpringApplication               : Application run failed

org.springframework.beans.factory.BeanCreationException: Error creating bean with name 'flywayInitializer' defined in class path resource [org/springframework/boot/autoconfigure/flyway/FlywayAutoConfiguration$FlywayConfiguration.class]: Invocation of init method failed; nested exception is org.flywaydb.core.internal.command.DbMigrate$FlywayMigrateException: 
Migration V01__initialise.sql failed
------------------------------------
SQL State  : 42001
Error Code : 42001
Message    : Syntax error in SQL statement "CREATE TABLE REVIEWS(
    REVIEW_ID INT NOT NULL AUTO_INCREMENT,
    PRODUCT_ID INT NOT NULL,
    REVIEW_TITLE VARCHAR(1000) NOT NULL,
    CONSTRAINT REVIEW_PK PRIMARY KEY (REVIEW_ID),
    CONSTRAINT PRODUCT_REVIEW_FK FOREIGN KEY (PRODUCT_ID) REFERENCES PRODUCTS (PRODUCT_ID) [*]"; expected "INDEX, ON, NOT, DEFERRABLE, NOCHECK, CHECK, ,, )"; SQL statement:
create table reviews(
    review_id int not null auto_increment,
    product_id int not null,
    review_title varchar(1000) not null,
    constraint review_pk primary key (review_id),
    constraint product_review_fk foreign key (product_id) references products (product_id) [42001-199]
Location   : db/migration/V01__initialise.sql (/Users/apoorvalonkar/Desktop/Java_course_Udacity/FINAL SUBMITTED PROJECT/ReviewsApiFinal/target/classes/db/migration/V01__initialise.sql)
Line       : 7
Statement  : create table reviews(
    review_id int not null auto_increment,
    product_id int not null,
    review_title varchar(1000) not null,
    constraint review_pk primary key (review_id),
    constraint product_review_fk foreign key (product_id) references products (product_id)

	at org.springframework.beans.factory.support.AbstractAutowireCapableBeanFactory.initializeBean(AbstractAutowireCapableBeanFactory.java:1778) ~[spring-beans-5.1.7.RELEASE.jar:5.1.7.RELEASE]
	at org.springframework.beans.factory.support.AbstractAutowireCapableBeanFactory.doCreateBean(AbstractAutowireCapableBeanFactory.java:593) ~[spring-beans-5.1.7.RELEASE.jar:5.1.7.RELEASE]
	at org.springframework.beans.factory.support.AbstractAutowireCapableBeanFactory.createBean(AbstractAutowireCapableBeanFactory.java:515) ~[spring-beans-5.1.7.RELEASE.jar:5.1.7.RELEASE]
	at org.springframework.beans.factory.support.AbstractBeanFactory.lambda$doGetBean$0(AbstractBeanFactory.java:320) ~[spring-beans-5.1.7.RELEASE.jar:5.1.7.RELEASE]
	at org.springframework.beans.factory.support.DefaultSingletonBeanRegistry.getSingleton(DefaultSingletonBeanRegistry.java:222) ~[spring-beans-5.1.7.RELEASE.jar:5.1.7.RELEASE]
	at org.springframework.beans.factory.support.AbstractBeanFactory.doGetBean(AbstractBeanFactory.java:318) ~[spring-beans-5.1.7.RELEASE.jar:5.1.7.RELEASE]
	at org.springframework.beans.factory.support.AbstractBeanFactory.getBean(AbstractBeanFactory.java:199) ~[spring-beans-5.1.7.RELEASE.jar:5.1.7.RELEASE]
	at org.springframework.beans.factory.support.AbstractBeanFactory.doGetBean(AbstractBeanFactory.java:307) ~[spring-beans-5.1.7.RELEASE.jar:5.1.7.RELEASE]
	at org.springframework.beans.factory.support.AbstractBeanFactory.getBean(AbstractBeanFactory.java:199) ~[spring-beans-5.1.7.RELEASE.jar:5.1.7.RELEASE]
	at org.springframework.context.support.AbstractApplicationContext.getBean(AbstractApplicationContext.java:1105) ~[spring-context-5.1.7.RELEASE.jar:5.1.7.RELEASE]
	at org.springframework.context.support.AbstractApplicationContext.finishBeanFactoryInitialization(AbstractApplicationContext.java:867) ~[spring-context-5.1.7.RELEASE.jar:5.1.7.RELEASE]
	at org.springframework.context.support.AbstractApplicationContext.refresh(AbstractApplicationContext.java:549) ~[spring-context-5.1.7.RELEASE.jar:5.1.7.RELEASE]
	at org.springframework.boot.SpringApplication.refresh(SpringApplication.java:775) ~[spring-boot-2.1.5.RELEASE.jar:2.1.5.RELEASE]
	at org.springframework.boot.SpringApplication.refreshContext(SpringApplication.java:397) ~[spring-boot-2.1.5.RELEASE.jar:2.1.5.RELEASE]
	at org.springframework.boot.SpringApplication.run(SpringApplication.java:316) ~[spring-boot-2.1.5.RELEASE.jar:2.1.5.RELEASE]
	at org.springframework.boot.test.context.SpringBootContextLoader.loadContext(SpringBootContextLoader.java:127) [spring-boot-test-2.1.5.RELEASE.jar:2.1.5.RELEASE]
	at org.springframework.test.context.cache.DefaultCacheAwareContextLoaderDelegate.loadContextInternal(DefaultCacheAwareContextLoaderDelegate.java:99) [spring-test-5.1.7.RELEASE.jar:5.1.7.RELEASE]
	at org.springframework.test.context.cache.DefaultCacheAwareContextLoaderDelegate.loadContext(DefaultCacheAwareContextLoaderDelegate.java:117) [spring-test-5.1.7.RELEASE.jar:5.1.7.RELEASE]
	at org.springframework.test.context.support.DefaultTestContext.getApplicationContext(DefaultTestContext.java:108) [spring-test-5.1.7.RELEASE.jar:5.1.7.RELEASE]
	at org.springframework.boot.test.autoconfigure.SpringBootDependencyInjectionTestExecutionListener.outputConditionEvaluationReport(SpringBootDependencyInjectionTestExecutionListener.java:54) [spring-boot-test-autoconfigure-2.1.5.RELEASE.jar:2.1.5.RELEASE]
	at org.springframework.boot.test.autoconfigure.SpringBootDependencyInjectionTestExecutionListener.prepareTestInstance(SpringBootDependencyInjectionTestExecutionListener.java:47) [spring-boot-test-autoconfigure-2.1.5.RELEASE.jar:2.1.5.RELEASE]
	at org.springframework.test.context.TestContextManager.prepareTestInstance(TestContextManager.java:246) [spring-test-5.1.7.RELEASE.jar:5.1.7.RELEASE]
	at org.springframework.test.context.junit4.SpringJUnit4ClassRunner.createTest(SpringJUnit4ClassRunner.java:227) [spring-test-5.1.7.RELEASE.jar:5.1.7.RELEASE]
	at org.springframework.test.context.junit4.SpringJUnit4ClassRunner$1.runReflectiveCall(SpringJUnit4ClassRunner.java:289) [spring-test-5.1.7.RELEASE.jar:5.1.7.RELEASE]
	at org.junit.internal.runners.model.ReflectiveCallable.run(ReflectiveCallable.java:12) [junit-4.12.jar:4.12]
	at org.springframework.test.context.junit4.SpringJUnit4ClassRunner.methodBlock(SpringJUnit4ClassRunner.java:291) [spring-test-5.1.7.RELEASE.jar:5.1.7.RELEASE]
	at org.springframework.test.context.junit4.SpringJUnit4ClassRunner.runChild(SpringJUnit4ClassRunner.java:246) [spring-test-5.1.7.RELEASE.jar:5.1.7.RELEASE]
	at org.springframework.test.context.junit4.SpringJUnit4ClassRunner.runChild(SpringJUnit4ClassRunner.java:97) [spring-test-5.1.7.RELEASE.jar:5.1.7.RELEASE]
	at org.junit.runners.ParentRunner$3.run(ParentRunner.java:290) [junit-4.12.jar:4.12]
	at org.junit.runners.ParentRunner$1.schedule(ParentRunner.java:71) [junit-4.12.jar:4.12]
	at org.junit.runners.ParentRunner.runChildren(ParentRunner.java:288) [junit-4.12.jar:4.12]
	at org.junit.runners.ParentRunner.access$000(ParentRunner.java:58) [junit-4.12.jar:4.12]
	at org.junit.runners.ParentRunner$2.evaluate(ParentRunner.java:268) [junit-4.12.jar:4.12]
	at org.springframework.test.context.junit4.statements.RunBeforeTestClassCallbacks.evaluate(RunBeforeTestClassCallbacks.java:61) [spring-test-5.1.7.RELEASE.jar:5.1.7.RELEASE]
	at org.springframework.test.context.junit4.statements.RunAfterTestClassCallbacks.evaluate(RunAfterTestClassCallbacks.java:70) [spring-test-5.1.7.RELEASE.jar:5.1.7.RELEASE]
	at org.junit.runners.ParentRunner.run(ParentRunner.java:363) [junit-4.12.jar:4.12]
	at org.springframework.test.context.junit4.SpringJUnit4ClassRunner.run(SpringJUnit4ClassRunner.java:190) [spring-test-5.1.7.RELEASE.jar:5.1.7.RELEASE]
	at org.apache.maven.surefire.junit4.JUnit4Provider.execute(JUnit4Provider.java:365) [surefire-junit4-2.22.2.jar:2.22.2]
	at org.apache.maven.surefire.junit4.JUnit4Provider.executeWithRerun(JUnit4Provider.java:273) [surefire-junit4-2.22.2.jar:2.22.2]
	at org.apache.maven.surefire.junit4.JUnit4Provider.executeTestSet(JUnit4Provider.java:238) [surefire-junit4-2.22.2.jar:2.22.2]
	at org.apache.maven.surefire.junit4.JUnit4Provider.invoke(JUnit4Provider.java:159) [surefire-junit4-2.22.2.jar:2.22.2]
	at org.apache.maven.surefire.booter.ForkedBooter.invokeProviderInSameClassLoader(ForkedBooter.java:384) [surefire-booter-2.22.2.jar:2.22.2]
	at org.apache.maven.surefire.booter.ForkedBooter.runSuitesInProcess(ForkedBooter.java:345) [surefire-booter-2.22.2.jar:2.22.2]
	at org.apache.maven.surefire.booter.ForkedBooter.execute(ForkedBooter.java:126) [surefire-booter-2.22.2.jar:2.22.2]
	at org.apache.maven.surefire.booter.ForkedBooter.main(ForkedBooter.java:418) [surefire-booter-2.22.2.jar:2.22.2]
Caused by: org.flywaydb.core.internal.command.DbMigrate$FlywayMigrateException: 
Migration V01__initialise.sql failed
------------------------------------
SQL State  : 42001
Error Code : 42001
Message    : Syntax error in SQL statement "CREATE TABLE REVIEWS(
    REVIEW_ID INT NOT NULL AUTO_INCREMENT,
    PRODUCT_ID INT NOT NULL,
    REVIEW_TITLE VARCHAR(1000) NOT NULL,
    CONSTRAINT REVIEW_PK PRIMARY KEY (REVIEW_ID),
    CONSTRAINT PRODUCT_REVIEW_FK FOREIGN KEY (PRODUCT_ID) REFERENCES PRODUCTS (PRODUCT_ID) [*]"; expected "INDEX, ON, NOT, DEFERRABLE, NOCHECK, CHECK, ,, )"; SQL statement:
create table reviews(
    review_id int not null auto_increment,
    product_id int not null,
    review_title varchar(1000) not null,
    constraint review_pk primary key (review_id),
    constraint product_review_fk foreign key (product_id) references products (product_id) [42001-199]
Location   : db/migration/V01__initialise.sql (/Users/apoorvalonkar/Desktop/Java_course_Udacity/FINAL SUBMITTED PROJECT/ReviewsApiFinal/target/classes/db/migration/V01__initialise.sql)
Line       : 7
Statement  : create table reviews(
    review_id int not null auto_increment,
    product_id int not null,
    review_title varchar(1000) not null,
    constraint review_pk primary key (review_id),
    constraint product_review_fk foreign key (product_id) references products (product_id)

	at org.flywaydb.core.internal.command.DbMigrate.doMigrateGroup(DbMigrate.java:370) ~[flyway-core-5.2.4.jar:na]
	at org.flywaydb.core.internal.command.DbMigrate.access$200(DbMigrate.java:54) ~[flyway-core-5.2.4.jar:na]
	at org.flywaydb.core.internal.command.DbMigrate$3.call(DbMigrate.java:284) ~[flyway-core-5.2.4.jar:na]
	at org.flywaydb.core.internal.jdbc.TransactionTemplate.execute(TransactionTemplate.java:74) ~[flyway-core-5.2.4.jar:na]
	at org.flywaydb.core.internal.command.DbMigrate.applyMigrations(DbMigrate.java:281) ~[flyway-core-5.2.4.jar:na]
	at org.flywaydb.core.internal.command.DbMigrate.migrateGroup(DbMigrate.java:246) ~[flyway-core-5.2.4.jar:na]
	at org.flywaydb.core.internal.command.DbMigrate.access$100(DbMigrate.java:54) ~[flyway-core-5.2.4.jar:na]
	at org.flywaydb.core.internal.command.DbMigrate$2.call(DbMigrate.java:164) ~[flyway-core-5.2.4.jar:na]
	at org.flywaydb.core.internal.command.DbMigrate$2.call(DbMigrate.java:161) ~[flyway-core-5.2.4.jar:na]
	at org.flywaydb.core.internal.database.base.Connection$1.call(Connection.java:147) ~[flyway-core-5.2.4.jar:na]
	at org.flywaydb.core.internal.jdbc.TransactionTemplate.execute(TransactionTemplate.java:74) ~[flyway-core-5.2.4.jar:na]
	at org.flywaydb.core.internal.database.base.Connection.lock(Connection.java:143) ~[flyway-core-5.2.4.jar:na]
	at org.flywaydb.core.internal.schemahistory.JdbcTableSchemaHistory.lock(JdbcTableSchemaHistory.java:155) ~[flyway-core-5.2.4.jar:na]
	at org.flywaydb.core.internal.command.DbMigrate.migrateAll(DbMigrate.java:161) ~[flyway-core-5.2.4.jar:na]
	at org.flywaydb.core.internal.command.DbMigrate.migrate(DbMigrate.java:139) ~[flyway-core-5.2.4.jar:na]
	at org.flywaydb.core.Flyway$1.execute(Flyway.java:1395) ~[flyway-core-5.2.4.jar:na]
	at org.flywaydb.core.Flyway$1.execute(Flyway.java:1356) ~[flyway-core-5.2.4.jar:na]
	at org.flywaydb.core.Flyway.execute(Flyway.java:1711) ~[flyway-core-5.2.4.jar:na]
	at org.flywaydb.core.Flyway.migrate(Flyway.java:1356) ~[flyway-core-5.2.4.jar:na]
	at org.springframework.boot.autoconfigure.flyway.FlywayMigrationInitializer.afterPropertiesSet(FlywayMigrationInitializer.java:66) ~[spring-boot-autoconfigure-2.1.5.RELEASE.jar:2.1.5.RELEASE]
	at org.springframework.beans.factory.support.AbstractAutowireCapableBeanFactory.invokeInitMethods(AbstractAutowireCapableBeanFactory.java:1837) ~[spring-beans-5.1.7.RELEASE.jar:5.1.7.RELEASE]
	at org.springframework.beans.factory.support.AbstractAutowireCapableBeanFactory.initializeBean(AbstractAutowireCapableBeanFactory.java:1774) ~[spring-beans-5.1.7.RELEASE.jar:5.1.7.RELEASE]
	... 44 common frames omitted
Caused by: org.flywaydb.core.internal.sqlscript.FlywaySqlScriptException: 
Migration V01__initialise.sql failed
------------------------------------
SQL State  : 42001
Error Code : 42001
Message    : Syntax error in SQL statement "CREATE TABLE REVIEWS(
    REVIEW_ID INT NOT NULL AUTO_INCREMENT,
    PRODUCT_ID INT NOT NULL,
    REVIEW_TITLE VARCHAR(1000) NOT NULL,
    CONSTRAINT REVIEW_PK PRIMARY KEY (REVIEW_ID),
    CONSTRAINT PRODUCT_REVIEW_FK FOREIGN KEY (PRODUCT_ID) REFERENCES PRODUCTS (PRODUCT_ID) [*]"; expected "INDEX, ON, NOT, DEFERRABLE, NOCHECK, CHECK, ,, )"; SQL statement:
create table reviews(
    review_id int not null auto_increment,
    product_id int not null,
    review_title varchar(1000) not null,
    constraint review_pk primary key (review_id),
    constraint product_review_fk foreign key (product_id) references products (product_id) [42001-199]
Location   : db/migration/V01__initialise.sql (/Users/apoorvalonkar/Desktop/Java_course_Udacity/FINAL SUBMITTED PROJECT/ReviewsApiFinal/target/classes/db/migration/V01__initialise.sql)
Line       : 7
Statement  : create table reviews(
    review_id int not null auto_increment,
    product_id int not null,
    review_title varchar(1000) not null,
    constraint review_pk primary key (review_id),
    constraint product_review_fk foreign key (product_id) references products (product_id)

	at org.flywaydb.core.internal.sqlscript.DefaultSqlScriptExecutor.handleException(DefaultSqlScriptExecutor.java:253) ~[flyway-core-5.2.4.jar:na]
	at org.flywaydb.core.internal.sqlscript.DefaultSqlScriptExecutor.executeStatement(DefaultSqlScriptExecutor.java:202) ~[flyway-core-5.2.4.jar:na]
	at org.flywaydb.core.internal.sqlscript.DefaultSqlScriptExecutor.execute(DefaultSqlScriptExecutor.java:125) ~[flyway-core-5.2.4.jar:na]
	at org.flywaydb.core.internal.resolver.sql.SqlMigrationExecutor.execute(SqlMigrationExecutor.java:77) ~[flyway-core-5.2.4.jar:na]
	at org.flywaydb.core.internal.command.DbMigrate.doMigrateGroup(DbMigrate.java:367) ~[flyway-core-5.2.4.jar:na]
	... 65 common frames omitted
Caused by: org.h2.jdbc.JdbcSQLSyntaxErrorException: Syntax error in SQL statement "CREATE TABLE REVIEWS(
    REVIEW_ID INT NOT NULL AUTO_INCREMENT,
    PRODUCT_ID INT NOT NULL,
    REVIEW_TITLE VARCHAR(1000) NOT NULL,
    CONSTRAINT REVIEW_PK PRIMARY KEY (REVIEW_ID),
    CONSTRAINT PRODUCT_REVIEW_FK FOREIGN KEY (PRODUCT_ID) REFERENCES PRODUCTS (PRODUCT_ID) [*]"; expected "INDEX, ON, NOT, DEFERRABLE, NOCHECK, CHECK, ,, )"; SQL statement:
create table reviews(
    review_id int not null auto_increment,
    product_id int not null,
    review_title varchar(1000) not null,
    constraint review_pk primary key (review_id),
    constraint product_review_fk foreign key (product_id) references products (product_id) [42001-199]
	at org.h2.message.DbException.getJdbcSQLException(DbException.java:451) ~[h2-1.4.199.jar:1.4.199]
	at org.h2.message.DbException.getJdbcSQLException(DbException.java:427) ~[h2-1.4.199.jar:1.4.199]
	at org.h2.message.DbException.getSyntaxError(DbException.java:243) ~[h2-1.4.199.jar:1.4.199]
	at org.h2.command.Parser.getSyntaxError(Parser.java:991) ~[h2-1.4.199.jar:1.4.199]
	at org.h2.command.Parser.read(Parser.java:4549) ~[h2-1.4.199.jar:1.4.199]
	at org.h2.command.Parser.readIfMore(Parser.java:1391) ~[h2-1.4.199.jar:1.4.199]
	at org.h2.command.Parser.parseCreateTable(Parser.java:7833) ~[h2-1.4.199.jar:1.4.199]
	at org.h2.command.Parser.parseCreate(Parser.java:5818) ~[h2-1.4.199.jar:1.4.199]
	at org.h2.command.Parser.parsePrepared(Parser.java:846) ~[h2-1.4.199.jar:1.4.199]
	at org.h2.command.Parser.parse(Parser.java:788) ~[h2-1.4.199.jar:1.4.199]
	at org.h2.command.Parser.parse(Parser.java:764) ~[h2-1.4.199.jar:1.4.199]
	at org.h2.command.Parser.prepareCommand(Parser.java:683) ~[h2-1.4.199.jar:1.4.199]
	at org.h2.engine.Session.prepareLocal(Session.java:627) ~[h2-1.4.199.jar:1.4.199]
	at org.h2.engine.Session.prepareCommand(Session.java:565) ~[h2-1.4.199.jar:1.4.199]
	at org.h2.jdbc.JdbcConnection.prepareCommand(JdbcConnection.java:1292) ~[h2-1.4.199.jar:1.4.199]
	at org.h2.jdbc.JdbcStatement.executeInternal(JdbcStatement.java:217) ~[h2-1.4.199.jar:1.4.199]
	at org.h2.jdbc.JdbcStatement.execute(JdbcStatement.java:205) ~[h2-1.4.199.jar:1.4.199]
	at org.flywaydb.core.internal.jdbc.JdbcTemplate.executeStatement(JdbcTemplate.java:235) ~[flyway-core-5.2.4.jar:na]
	at org.flywaydb.core.internal.sqlscript.StandardSqlStatement.execute(StandardSqlStatement.java:42) ~[flyway-core-5.2.4.jar:na]
	at org.flywaydb.core.internal.sqlscript.DefaultSqlScriptExecutor.executeStatement(DefaultSqlScriptExecutor.java:189) ~[flyway-core-5.2.4.jar:na]
	... 68 common frames omitted

2019-12-09 16:28:23.501 ERROR 17053 --- [           main] o.s.test.context.TestContextManager      : Caught exception while allowing TestExecutionListener [org.springframework.boot.test.autoconfigure.SpringBootDependencyInjectionTestExecutionListener@7adda9cc] to prepare test instance [com.udacity.course3.reviews.ReviewsApplicationTests@1b90fee4]

java.lang.IllegalStateException: Failed to load ApplicationContext
	at org.springframework.test.context.cache.DefaultCacheAwareContextLoaderDelegate.loadContext(DefaultCacheAwareContextLoaderDelegate.java:125) ~[spring-test-5.1.7.RELEASE.jar:5.1.7.RELEASE]
	at org.springframework.test.context.support.DefaultTestContext.getApplicationContext(DefaultTestContext.java:108) ~[spring-test-5.1.7.RELEASE.jar:5.1.7.RELEASE]
	at org.springframework.test.context.support.DependencyInjectionTestExecutionListener.injectDependencies(DependencyInjectionTestExecutionListener.java:118) ~[spring-test-5.1.7.RELEASE.jar:5.1.7.RELEASE]
	at org.springframework.test.context.support.DependencyInjectionTestExecutionListener.prepareTestInstance(DependencyInjectionTestExecutionListener.java:83) ~[spring-test-5.1.7.RELEASE.jar:5.1.7.RELEASE]
	at org.springframework.boot.test.autoconfigure.SpringBootDependencyInjectionTestExecutionListener.prepareTestInstance(SpringBootDependencyInjectionTestExecutionListener.java:44) ~[spring-boot-test-autoconfigure-2.1.5.RELEASE.jar:2.1.5.RELEASE]
	at org.springframework.test.context.TestContextManager.prepareTestInstance(TestContextManager.java:246) ~[spring-test-5.1.7.RELEASE.jar:5.1.7.RELEASE]
	at org.springframework.test.context.junit4.SpringJUnit4ClassRunner.createTest(SpringJUnit4ClassRunner.java:227) [spring-test-5.1.7.RELEASE.jar:5.1.7.RELEASE]
	at org.springframework.test.context.junit4.SpringJUnit4ClassRunner$1.runReflectiveCall(SpringJUnit4ClassRunner.java:289) [spring-test-5.1.7.RELEASE.jar:5.1.7.RELEASE]
	at org.junit.internal.runners.model.ReflectiveCallable.run(ReflectiveCallable.java:12) [junit-4.12.jar:4.12]
	at org.springframework.test.context.junit4.SpringJUnit4ClassRunner.methodBlock(SpringJUnit4ClassRunner.java:291) [spring-test-5.1.7.RELEASE.jar:5.1.7.RELEASE]
	at org.springframework.test.context.junit4.SpringJUnit4ClassRunner.runChild(SpringJUnit4ClassRunner.java:246) [spring-test-5.1.7.RELEASE.jar:5.1.7.RELEASE]
	at org.springframework.test.context.junit4.SpringJUnit4ClassRunner.runChild(SpringJUnit4ClassRunner.java:97) [spring-test-5.1.7.RELEASE.jar:5.1.7.RELEASE]
	at org.junit.runners.ParentRunner$3.run(ParentRunner.java:290) [junit-4.12.jar:4.12]
	at org.junit.runners.ParentRunner$1.schedule(ParentRunner.java:71) [junit-4.12.jar:4.12]
	at org.junit.runners.ParentRunner.runChildren(ParentRunner.java:288) [junit-4.12.jar:4.12]
	at org.junit.runners.ParentRunner.access$000(ParentRunner.java:58) [junit-4.12.jar:4.12]
	at org.junit.runners.ParentRunner$2.evaluate(ParentRunner.java:268) [junit-4.12.jar:4.12]
	at org.springframework.test.context.junit4.statements.RunBeforeTestClassCallbacks.evaluate(RunBeforeTestClassCallbacks.java:61) [spring-test-5.1.7.RELEASE.jar:5.1.7.RELEASE]
	at org.springframework.test.context.junit4.statements.RunAfterTestClassCallbacks.evaluate(RunAfterTestClassCallbacks.java:70) [spring-test-5.1.7.RELEASE.jar:5.1.7.RELEASE]
	at org.junit.runners.ParentRunner.run(ParentRunner.java:363) [junit-4.12.jar:4.12]
	at org.springframework.test.context.junit4.SpringJUnit4ClassRunner.run(SpringJUnit4ClassRunner.java:190) [spring-test-5.1.7.RELEASE.jar:5.1.7.RELEASE]
	at org.apache.maven.surefire.junit4.JUnit4Provider.execute(JUnit4Provider.java:365) [surefire-junit4-2.22.2.jar:2.22.2]
	at org.apache.maven.surefire.junit4.JUnit4Provider.executeWithRerun(JUnit4Provider.java:273) [surefire-junit4-2.22.2.jar:2.22.2]
	at org.apache.maven.surefire.junit4.JUnit4Provider.executeTestSet(JUnit4Provider.java:238) [surefire-junit4-2.22.2.jar:2.22.2]
	at org.apache.maven.surefire.junit4.JUnit4Provider.invoke(JUnit4Provider.java:159) [surefire-junit4-2.22.2.jar:2.22.2]
	at org.apache.maven.surefire.booter.ForkedBooter.invokeProviderInSameClassLoader(ForkedBooter.java:384) [surefire-booter-2.22.2.jar:2.22.2]
	at org.apache.maven.surefire.booter.ForkedBooter.runSuitesInProcess(ForkedBooter.java:345) [surefire-booter-2.22.2.jar:2.22.2]
	at org.apache.maven.surefire.booter.ForkedBooter.execute(ForkedBooter.java:126) [surefire-booter-2.22.2.jar:2.22.2]
	at org.apache.maven.surefire.booter.ForkedBooter.main(ForkedBooter.java:418) [surefire-booter-2.22.2.jar:2.22.2]
Caused by: org.springframework.beans.factory.BeanCreationException: Error creating bean with name 'flywayInitializer' defined in class path resource [org/springframework/boot/autoconfigure/flyway/FlywayAutoConfiguration$FlywayConfiguration.class]: Invocation of init method failed; nested exception is org.flywaydb.core.internal.command.DbMigrate$FlywayMigrateException: 
Migration V01__initialise.sql failed
------------------------------------
SQL State  : 42001
Error Code : 42001
Message    : Syntax error in SQL statement "CREATE TABLE REVIEWS(
    REVIEW_ID INT NOT NULL AUTO_INCREMENT,
    PRODUCT_ID INT NOT NULL,
    REVIEW_TITLE VARCHAR(1000) NOT NULL,
    CONSTRAINT REVIEW_PK PRIMARY KEY (REVIEW_ID),
    CONSTRAINT PRODUCT_REVIEW_FK FOREIGN KEY (PRODUCT_ID) REFERENCES PRODUCTS (PRODUCT_ID) [*]"; expected "INDEX, ON, NOT, DEFERRABLE, NOCHECK, CHECK, ,, )"; SQL statement:
create table reviews(
    review_id int not null auto_increment,
    product_id int not null,
    review_title varchar(1000) not null,
    constraint review_pk primary key (review_id),
    constraint product_review_fk foreign key (product_id) references products (product_id) [42001-199]
Location   : db/migration/V01__initialise.sql (/Users/apoorvalonkar/Desktop/Java_course_Udacity/FINAL SUBMITTED PROJECT/ReviewsApiFinal/target/classes/db/migration/V01__initialise.sql)
Line       : 7
Statement  : create table reviews(
    review_id int not null auto_increment,
    product_id int not null,
    review_title varchar(1000) not null,
    constraint review_pk primary key (review_id),
    constraint product_review_fk foreign key (product_id) references products (product_id)

	at org.springframework.beans.factory.support.AbstractAutowireCapableBeanFactory.initializeBean(AbstractAutowireCapableBeanFactory.java:1778) ~[spring-beans-5.1.7.RELEASE.jar:5.1.7.RELEASE]
	at org.springframework.beans.factory.support.AbstractAutowireCapableBeanFactory.doCreateBean(AbstractAutowireCapableBeanFactory.java:593) ~[spring-beans-5.1.7.RELEASE.jar:5.1.7.RELEASE]
	at org.springframework.beans.factory.support.AbstractAutowireCapableBeanFactory.createBean(AbstractAutowireCapableBeanFactory.java:515) ~[spring-beans-5.1.7.RELEASE.jar:5.1.7.RELEASE]
	at org.springframework.beans.factory.support.AbstractBeanFactory.lambda$doGetBean$0(AbstractBeanFactory.java:320) ~[spring-beans-5.1.7.RELEASE.jar:5.1.7.RELEASE]
	at org.springframework.beans.factory.support.DefaultSingletonBeanRegistry.getSingleton(DefaultSingletonBeanRegistry.java:222) ~[spring-beans-5.1.7.RELEASE.jar:5.1.7.RELEASE]
	at org.springframework.beans.factory.support.AbstractBeanFactory.doGetBean(AbstractBeanFactory.java:318) ~[spring-beans-5.1.7.RELEASE.jar:5.1.7.RELEASE]
	at org.springframework.beans.factory.support.AbstractBeanFactory.getBean(AbstractBeanFactory.java:199) ~[spring-beans-5.1.7.RELEASE.jar:5.1.7.RELEASE]
	at org.springframework.beans.factory.support.AbstractBeanFactory.doGetBean(AbstractBeanFactory.java:307) ~[spring-beans-5.1.7.RELEASE.jar:5.1.7.RELEASE]
	at org.springframework.beans.factory.support.AbstractBeanFactory.getBean(AbstractBeanFactory.java:199) ~[spring-beans-5.1.7.RELEASE.jar:5.1.7.RELEASE]
	at org.springframework.context.support.AbstractApplicationContext.getBean(AbstractApplicationContext.java:1105) ~[spring-context-5.1.7.RELEASE.jar:5.1.7.RELEASE]
	at org.springframework.context.support.AbstractApplicationContext.finishBeanFactoryInitialization(AbstractApplicationContext.java:867) ~[spring-context-5.1.7.RELEASE.jar:5.1.7.RELEASE]
	at org.springframework.context.support.AbstractApplicationContext.refresh(AbstractApplicationContext.java:549) ~[spring-context-5.1.7.RELEASE.jar:5.1.7.RELEASE]
	at org.springframework.boot.SpringApplication.refresh(SpringApplication.java:775) ~[spring-boot-2.1.5.RELEASE.jar:2.1.5.RELEASE]
	at org.springframework.boot.SpringApplication.refreshContext(SpringApplication.java:397) ~[spring-boot-2.1.5.RELEASE.jar:2.1.5.RELEASE]
	at org.springframework.boot.SpringApplication.run(SpringApplication.java:316) ~[spring-boot-2.1.5.RELEASE.jar:2.1.5.RELEASE]
	at org.springframework.boot.test.context.SpringBootContextLoader.loadContext(SpringBootContextLoader.java:127) ~[spring-boot-test-2.1.5.RELEASE.jar:2.1.5.RELEASE]
	at org.springframework.test.context.cache.DefaultCacheAwareContextLoaderDelegate.loadContextInternal(DefaultCacheAwareContextLoaderDelegate.java:99) ~[spring-test-5.1.7.RELEASE.jar:5.1.7.RELEASE]
	at org.springframework.test.context.cache.DefaultCacheAwareContextLoaderDelegate.loadContext(DefaultCacheAwareContextLoaderDelegate.java:117) ~[spring-test-5.1.7.RELEASE.jar:5.1.7.RELEASE]
	... 28 common frames omitted
Caused by: org.flywaydb.core.internal.command.DbMigrate$FlywayMigrateException: 
Migration V01__initialise.sql failed
------------------------------------
SQL State  : 42001
Error Code : 42001
Message    : Syntax error in SQL statement "CREATE TABLE REVIEWS(
    REVIEW_ID INT NOT NULL AUTO_INCREMENT,
    PRODUCT_ID INT NOT NULL,
    REVIEW_TITLE VARCHAR(1000) NOT NULL,
    CONSTRAINT REVIEW_PK PRIMARY KEY (REVIEW_ID),
    CONSTRAINT PRODUCT_REVIEW_FK FOREIGN KEY (PRODUCT_ID) REFERENCES PRODUCTS (PRODUCT_ID) [*]"; expected "INDEX, ON, NOT, DEFERRABLE, NOCHECK, CHECK, ,, )"; SQL statement:
create table reviews(
    review_id int not null auto_increment,
    product_id int not null,
    review_title varchar(1000) not null,
    constraint review_pk primary key (review_id),
    constraint product_review_fk foreign key (product_id) references products (product_id) [42001-199]
Location   : db/migration/V01__initialise.sql (/Users/apoorvalonkar/Desktop/Java_course_Udacity/FINAL SUBMITTED PROJECT/ReviewsApiFinal/target/classes/db/migration/V01__initialise.sql)
Line       : 7
Statement  : create table reviews(
    review_id int not null auto_increment,
    product_id int not null,
    review_title varchar(1000) not null,
    constraint review_pk primary key (review_id),
    constraint product_review_fk foreign key (product_id) references products (product_id)

	at org.flywaydb.core.internal.command.DbMigrate.doMigrateGroup(DbMigrate.java:370) ~[flyway-core-5.2.4.jar:na]
	at org.flywaydb.core.internal.command.DbMigrate.access$200(DbMigrate.java:54) ~[flyway-core-5.2.4.jar:na]
	at org.flywaydb.core.internal.command.DbMigrate$3.call(DbMigrate.java:284) ~[flyway-core-5.2.4.jar:na]
	at org.flywaydb.core.internal.jdbc.TransactionTemplate.execute(TransactionTemplate.java:74) ~[flyway-core-5.2.4.jar:na]
	at org.flywaydb.core.internal.command.DbMigrate.applyMigrations(DbMigrate.java:281) ~[flyway-core-5.2.4.jar:na]
	at org.flywaydb.core.internal.command.DbMigrate.migrateGroup(DbMigrate.java:246) ~[flyway-core-5.2.4.jar:na]
	at org.flywaydb.core.internal.command.DbMigrate.access$100(DbMigrate.java:54) ~[flyway-core-5.2.4.jar:na]
	at org.flywaydb.core.internal.command.DbMigrate$2.call(DbMigrate.java:164) ~[flyway-core-5.2.4.jar:na]
	at org.flywaydb.core.internal.command.DbMigrate$2.call(DbMigrate.java:161) ~[flyway-core-5.2.4.jar:na]
	at org.flywaydb.core.internal.database.base.Connection$1.call(Connection.java:147) ~[flyway-core-5.2.4.jar:na]
	at org.flywaydb.core.internal.jdbc.TransactionTemplate.execute(TransactionTemplate.java:74) ~[flyway-core-5.2.4.jar:na]
	at org.flywaydb.core.internal.database.base.Connection.lock(Connection.java:143) ~[flyway-core-5.2.4.jar:na]
	at org.flywaydb.core.internal.schemahistory.JdbcTableSchemaHistory.lock(JdbcTableSchemaHistory.java:155) ~[flyway-core-5.2.4.jar:na]
	at org.flywaydb.core.internal.command.DbMigrate.migrateAll(DbMigrate.java:161) ~[flyway-core-5.2.4.jar:na]
	at org.flywaydb.core.internal.command.DbMigrate.migrate(DbMigrate.java:139) ~[flyway-core-5.2.4.jar:na]
	at org.flywaydb.core.Flyway$1.execute(Flyway.java:1395) ~[flyway-core-5.2.4.jar:na]
	at org.flywaydb.core.Flyway$1.execute(Flyway.java:1356) ~[flyway-core-5.2.4.jar:na]
	at org.flywaydb.core.Flyway.execute(Flyway.java:1711) ~[flyway-core-5.2.4.jar:na]
	at org.flywaydb.core.Flyway.migrate(Flyway.java:1356) ~[flyway-core-5.2.4.jar:na]
	at org.springframework.boot.autoconfigure.flyway.FlywayMigrationInitializer.afterPropertiesSet(FlywayMigrationInitializer.java:66) ~[spring-boot-autoconfigure-2.1.5.RELEASE.jar:2.1.5.RELEASE]
	at org.springframework.beans.factory.support.AbstractAutowireCapableBeanFactory.invokeInitMethods(AbstractAutowireCapableBeanFactory.java:1837) ~[spring-beans-5.1.7.RELEASE.jar:5.1.7.RELEASE]
	at org.springframework.beans.factory.support.AbstractAutowireCapableBeanFactory.initializeBean(AbstractAutowireCapableBeanFactory.java:1774) ~[spring-beans-5.1.7.RELEASE.jar:5.1.7.RELEASE]
	... 45 common frames omitted
Caused by: org.flywaydb.core.internal.sqlscript.FlywaySqlScriptException: 
Migration V01__initialise.sql failed
------------------------------------
SQL State  : 42001
Error Code : 42001
Message    : Syntax error in SQL statement "CREATE TABLE REVIEWS(
    REVIEW_ID INT NOT NULL AUTO_INCREMENT,
    PRODUCT_ID INT NOT NULL,
    REVIEW_TITLE VARCHAR(1000) NOT NULL,
    CONSTRAINT REVIEW_PK PRIMARY KEY (REVIEW_ID),
    CONSTRAINT PRODUCT_REVIEW_FK FOREIGN KEY (PRODUCT_ID) REFERENCES PRODUCTS (PRODUCT_ID) [*]"; expected "INDEX, ON, NOT, DEFERRABLE, NOCHECK, CHECK, ,, )"; SQL statement:
create table reviews(
    review_id int not null auto_increment,
    product_id int not null,
    review_title varchar(1000) not null,
    constraint review_pk primary key (review_id),
    constraint product_review_fk foreign key (product_id) references products (product_id) [42001-199]
Location   : db/migration/V01__initialise.sql (/Users/apoorvalonkar/Desktop/Java_course_Udacity/FINAL SUBMITTED PROJECT/ReviewsApiFinal/target/classes/db/migration/V01__initialise.sql)
Line       : 7
Statement  : create table reviews(
    review_id int not null auto_increment,
    product_id int not null,
    review_title varchar(1000) not null,
    constraint review_pk primary key (review_id),
    constraint product_review_fk foreign key (product_id) references products (product_id)

	at org.flywaydb.core.internal.sqlscript.DefaultSqlScriptExecutor.handleException(DefaultSqlScriptExecutor.java:253) ~[flyway-core-5.2.4.jar:na]
	at org.flywaydb.core.internal.sqlscript.DefaultSqlScriptExecutor.executeStatement(DefaultSqlScriptExecutor.java:202) ~[flyway-core-5.2.4.jar:na]
	at org.flywaydb.core.internal.sqlscript.DefaultSqlScriptExecutor.execute(DefaultSqlScriptExecutor.java:125) ~[flyway-core-5.2.4.jar:na]
	at org.flywaydb.core.internal.resolver.sql.SqlMigrationExecutor.execute(SqlMigrationExecutor.java:77) ~[flyway-core-5.2.4.jar:na]
	at org.flywaydb.core.internal.command.DbMigrate.doMigrateGroup(DbMigrate.java:367) ~[flyway-core-5.2.4.jar:na]
	... 66 common frames omitted
Caused by: org.h2.jdbc.JdbcSQLSyntaxErrorException: Syntax error in SQL statement "CREATE TABLE REVIEWS(
    REVIEW_ID INT NOT NULL AUTO_INCREMENT,
    PRODUCT_ID INT NOT NULL,
    REVIEW_TITLE VARCHAR(1000) NOT NULL,
    CONSTRAINT REVIEW_PK PRIMARY KEY (REVIEW_ID),
    CONSTRAINT PRODUCT_REVIEW_FK FOREIGN KEY (PRODUCT_ID) REFERENCES PRODUCTS (PRODUCT_ID) [*]"; expected "INDEX, ON, NOT, DEFERRABLE, NOCHECK, CHECK, ,, )"; SQL statement:
create table reviews(
    review_id int not null auto_increment,
    product_id int not null,
    review_title varchar(1000) not null,
    constraint review_pk primary key (review_id),
    constraint product_review_fk foreign key (product_id) references products (product_id) [42001-199]
	at org.h2.message.DbException.getJdbcSQLException(DbException.java:451) ~[h2-1.4.199.jar:1.4.199]
	at org.h2.message.DbException.getJdbcSQLException(DbException.java:427) ~[h2-1.4.199.jar:1.4.199]
	at org.h2.message.DbException.getSyntaxError(DbException.java:243) ~[h2-1.4.199.jar:1.4.199]
	at org.h2.command.Parser.getSyntaxError(Parser.java:991) ~[h2-1.4.199.jar:1.4.199]
	at org.h2.command.Parser.read(Parser.java:4549) ~[h2-1.4.199.jar:1.4.199]
	at org.h2.command.Parser.readIfMore(Parser.java:1391) ~[h2-1.4.199.jar:1.4.199]
	at org.h2.command.Parser.parseCreateTable(Parser.java:7833) ~[h2-1.4.199.jar:1.4.199]
	at org.h2.command.Parser.parseCreate(Parser.java:5818) ~[h2-1.4.199.jar:1.4.199]
	at org.h2.command.Parser.parsePrepared(Parser.java:846) ~[h2-1.4.199.jar:1.4.199]
	at org.h2.command.Parser.parse(Parser.java:788) ~[h2-1.4.199.jar:1.4.199]
	at org.h2.command.Parser.parse(Parser.java:764) ~[h2-1.4.199.jar:1.4.199]
	at org.h2.command.Parser.prepareCommand(Parser.java:683) ~[h2-1.4.199.jar:1.4.199]
	at org.h2.engine.Session.prepareLocal(Session.java:627) ~[h2-1.4.199.jar:1.4.199]
	at org.h2.engine.Session.prepareCommand(Session.java:565) ~[h2-1.4.199.jar:1.4.199]
	at org.h2.jdbc.JdbcConnection.prepareCommand(JdbcConnection.java:1292) ~[h2-1.4.199.jar:1.4.199]
	at org.h2.jdbc.JdbcStatement.executeInternal(JdbcStatement.java:217) ~[h2-1.4.199.jar:1.4.199]
	at org.h2.jdbc.JdbcStatement.execute(JdbcStatement.java:205) ~[h2-1.4.199.jar:1.4.199]
	at org.flywaydb.core.internal.jdbc.JdbcTemplate.executeStatement(JdbcTemplate.java:235) ~[flyway-core-5.2.4.jar:na]
	at org.flywaydb.core.internal.sqlscript.StandardSqlStatement.execute(StandardSqlStatement.java:42) ~[flyway-core-5.2.4.jar:na]
	at org.flywaydb.core.internal.sqlscript.DefaultSqlScriptExecutor.executeStatement(DefaultSqlScriptExecutor.java:189) ~[flyway-core-5.2.4.jar:na]
	... 69 common frames omitted

]]></system-out>
  </testcase>
  <testcase name="testFindProductbyReview" classname="com.udacity.course3.reviews.ReviewsApplicationTests" time="0">
    <error message="Failed to load ApplicationContext" type="java.lang.IllegalStateException">java.lang.IllegalStateException: Failed to load ApplicationContext
Caused by: org.springframework.beans.factory.BeanCreationException: 
Error creating bean with name 'flywayInitializer' defined in class path resource [org/springframework/boot/autoconfigure/flyway/FlywayAutoConfiguration$FlywayConfiguration.class]: Invocation of init method failed; nested exception is org.flywaydb.core.internal.command.DbMigrate$FlywayMigrateException: 
Migration V01__initialise.sql failed
------------------------------------
SQL State  : 42001
Error Code : 42001
Message    : Syntax error in SQL statement "CREATE TABLE REVIEWS(
    REVIEW_ID INT NOT NULL AUTO_INCREMENT,
    PRODUCT_ID INT NOT NULL,
    REVIEW_TITLE VARCHAR(1000) NOT NULL,
    CONSTRAINT REVIEW_PK PRIMARY KEY (REVIEW_ID),
    CONSTRAINT PRODUCT_REVIEW_FK FOREIGN KEY (PRODUCT_ID) REFERENCES PRODUCTS (PRODUCT_ID) [*]"; expected "INDEX, ON, NOT, DEFERRABLE, NOCHECK, CHECK, ,, )"; SQL statement:
create table reviews(
    review_id int not null auto_increment,
    product_id int not null,
    review_title varchar(1000) not null,
    constraint review_pk primary key (review_id),
    constraint product_review_fk foreign key (product_id) references products (product_id) [42001-199]
Location   : db/migration/V01__initialise.sql (/Users/apoorvalonkar/Desktop/Java_course_Udacity/FINAL SUBMITTED PROJECT/ReviewsApiFinal/target/classes/db/migration/V01__initialise.sql)
Line       : 7
Statement  : create table reviews(
    review_id int not null auto_increment,
    product_id int not null,
    review_title varchar(1000) not null,
    constraint review_pk primary key (review_id),
    constraint product_review_fk foreign key (product_id) references products (product_id)

Caused by: org.flywaydb.core.internal.command.DbMigrate$FlywayMigrateException: 

Migration V01__initialise.sql failed
------------------------------------
SQL State  : 42001
Error Code : 42001
Message    : Syntax error in SQL statement "CREATE TABLE REVIEWS(
    REVIEW_ID INT NOT NULL AUTO_INCREMENT,
    PRODUCT_ID INT NOT NULL,
    REVIEW_TITLE VARCHAR(1000) NOT NULL,
    CONSTRAINT REVIEW_PK PRIMARY KEY (REVIEW_ID),
    CONSTRAINT PRODUCT_REVIEW_FK FOREIGN KEY (PRODUCT_ID) REFERENCES PRODUCTS (PRODUCT_ID) [*]"; expected "INDEX, ON, NOT, DEFERRABLE, NOCHECK, CHECK, ,, )"; SQL statement:
create table reviews(
    review_id int not null auto_increment,
    product_id int not null,
    review_title varchar(1000) not null,
    constraint review_pk primary key (review_id),
    constraint product_review_fk foreign key (product_id) references products (product_id) [42001-199]
Location   : db/migration/V01__initialise.sql (/Users/apoorvalonkar/Desktop/Java_course_Udacity/FINAL SUBMITTED PROJECT/ReviewsApiFinal/target/classes/db/migration/V01__initialise.sql)
Line       : 7
Statement  : create table reviews(
    review_id int not null auto_increment,
    product_id int not null,
    review_title varchar(1000) not null,
    constraint review_pk primary key (review_id),
    constraint product_review_fk foreign key (product_id) references products (product_id)

Caused by: org.flywaydb.core.internal.sqlscript.FlywaySqlScriptException: 

Migration V01__initialise.sql failed
------------------------------------
SQL State  : 42001
Error Code : 42001
Message    : Syntax error in SQL statement "CREATE TABLE REVIEWS(
    REVIEW_ID INT NOT NULL AUTO_INCREMENT,
    PRODUCT_ID INT NOT NULL,
    REVIEW_TITLE VARCHAR(1000) NOT NULL,
    CONSTRAINT REVIEW_PK PRIMARY KEY (REVIEW_ID),
    CONSTRAINT PRODUCT_REVIEW_FK FOREIGN KEY (PRODUCT_ID) REFERENCES PRODUCTS (PRODUCT_ID) [*]"; expected "INDEX, ON, NOT, DEFERRABLE, NOCHECK, CHECK, ,, )"; SQL statement:
create table reviews(
    review_id int not null auto_increment,
    product_id int not null,
    review_title varchar(1000) not null,
    constraint review_pk primary key (review_id),
    constraint product_review_fk foreign key (product_id) references products (product_id) [42001-199]
Location   : db/migration/V01__initialise.sql (/Users/apoorvalonkar/Desktop/Java_course_Udacity/FINAL SUBMITTED PROJECT/ReviewsApiFinal/target/classes/db/migration/V01__initialise.sql)
Line       : 7
Statement  : create table reviews(
    review_id int not null auto_increment,
    product_id int not null,
    review_title varchar(1000) not null,
    constraint review_pk primary key (review_id),
    constraint product_review_fk foreign key (product_id) references products (product_id)

Caused by: org.h2.jdbc.JdbcSQLSyntaxErrorException: 
Syntax error in SQL statement "CREATE TABLE REVIEWS(
    REVIEW_ID INT NOT NULL AUTO_INCREMENT,
    PRODUCT_ID INT NOT NULL,
    REVIEW_TITLE VARCHAR(1000) NOT NULL,
    CONSTRAINT REVIEW_PK PRIMARY KEY (REVIEW_ID),
    CONSTRAINT PRODUCT_REVIEW_FK FOREIGN KEY (PRODUCT_ID) REFERENCES PRODUCTS (PRODUCT_ID) [*]"; expected "INDEX, ON, NOT, DEFERRABLE, NOCHECK, CHECK, ,, )"; SQL statement:
create table reviews(
    review_id int not null auto_increment,
    product_id int not null,
    review_title varchar(1000) not null,
    constraint review_pk primary key (review_id),
    constraint product_review_fk foreign key (product_id) references products (product_id) [42001-199]
</error>
    <system-out><![CDATA[
  .   ____          _            __ _ _
 /\\ / ___'_ __ _ _(_)_ __  __ _ \ \ \ \
( ( )\___ | '_ | '_| | '_ \/ _` | \ \ \ \
 \\/  ___)| |_)| | | | | || (_| |  ) ) ) )
  '  |____| .__|_| |_|_| |_\__, | / / / /
 =========|_|==============|___/=/_/_/_/
 :: Spring Boot ::        (v2.1.5.RELEASE)

2019-12-09 16:28:23.574  INFO 17053 --- [           main] c.u.c.reviews.ReviewsApplicationTests    : Starting ReviewsApplicationTests on Apoorvas-MBP.fios-router.home with PID 17053 (started by apoorvalonkar in /Users/apoorvalonkar/Desktop/Java_course_Udacity/FINAL SUBMITTED PROJECT/ReviewsApiFinal)
2019-12-09 16:28:23.575  INFO 17053 --- [           main] c.u.c.reviews.ReviewsApplicationTests    : No active profile set, falling back to default profiles: default
2019-12-09 16:28:23.715  INFO 17053 --- [           main] .s.d.r.c.RepositoryConfigurationDelegate : Multiple Spring Data modules found, entering strict repository configuration mode!
2019-12-09 16:28:23.715  INFO 17053 --- [           main] .s.d.r.c.RepositoryConfigurationDelegate : Bootstrapping Spring Data repositories in DEFAULT mode.
2019-12-09 16:28:23.723  INFO 17053 --- [           main] .RepositoryConfigurationExtensionSupport : Spring Data MongoDB - Could not safely identify store assignment for repository candidate interface com.udacity.course3.reviews.repository.MySQL.CommentRepository.
2019-12-09 16:28:23.723  INFO 17053 --- [           main] .RepositoryConfigurationExtensionSupport : Spring Data MongoDB - Could not safely identify store assignment for repository candidate interface com.udacity.course3.reviews.repository.MySQL.ProductRepository.
2019-12-09 16:28:23.724  INFO 17053 --- [           main] .RepositoryConfigurationExtensionSupport : Spring Data MongoDB - Could not safely identify store assignment for repository candidate interface com.udacity.course3.reviews.repository.MySQL.ReviewRepository.
2019-12-09 16:28:23.734  INFO 17053 --- [           main] .s.d.r.c.RepositoryConfigurationDelegate : Finished Spring Data repository scanning in 19ms. Found 1 repository interfaces.
2019-12-09 16:28:23.753  INFO 17053 --- [           main] .s.d.r.c.RepositoryConfigurationDelegate : Multiple Spring Data modules found, entering strict repository configuration mode!
2019-12-09 16:28:23.753  INFO 17053 --- [           main] .s.d.r.c.RepositoryConfigurationDelegate : Bootstrapping Spring Data repositories in DEFAULT mode.
2019-12-09 16:28:23.765  INFO 17053 --- [           main] .RepositoryConfigurationExtensionSupport : Spring Data JPA - Could not safely identify store assignment for repository candidate interface com.udacity.course3.reviews.repository.Mongo.MongoReviewRepository.
2019-12-09 16:28:23.787  INFO 17053 --- [           main] .s.d.r.c.RepositoryConfigurationDelegate : Finished Spring Data repository scanning in 34ms. Found 3 repository interfaces.
2019-12-09 16:28:23.814  INFO 17053 --- [           main] beddedDataSourceBeanFactoryPostProcessor : Replacing 'dataSource' DataSource bean with embedded version
2019-12-09 16:28:23.913  INFO 17053 --- [           main] o.s.j.d.e.EmbeddedDatabaseFactory        : Starting embedded database: url='jdbc:h2:mem:6ead4f91-ec89-4550-9d28-3af63cc7c173;DB_CLOSE_DELAY=-1;DB_CLOSE_ON_EXIT=false', username='sa'
2019-12-09 16:28:23.955  INFO 17053 --- [           main] o.f.c.internal.database.DatabaseFactory  : Database: jdbc:h2:mem:6ead4f91-ec89-4550-9d28-3af63cc7c173 (H2 1.4)
2019-12-09 16:28:23.957  WARN 17053 --- [           main] o.f.c.internal.database.base.Database    : Flyway upgrade recommended: H2 1.4.199 is newer than this version of Flyway and support has not been tested.
2019-12-09 16:28:23.964  INFO 17053 --- [           main] o.f.core.internal.command.DbValidate     : Successfully validated 1 migration (execution time 00:00.002s)
2019-12-09 16:28:23.966  INFO 17053 --- [           main] o.f.c.i.s.JdbcTableSchemaHistory         : Creating Schema History table: "PUBLIC"."flyway_schema_history"
2019-12-09 16:28:23.971  INFO 17053 --- [           main] o.f.core.internal.command.DbMigrate      : Current version of schema "PUBLIC": << Empty Schema >>
2019-12-09 16:28:23.971  INFO 17053 --- [           main] o.f.core.internal.command.DbMigrate      : Migrating schema "PUBLIC" to version 01 - initialise
2019-12-09 16:28:23.973 ERROR 17053 --- [           main] o.f.core.internal.command.DbMigrate      : Migration of schema "PUBLIC" to version 01 - initialise failed! Please restore backups and roll back database and code!
2019-12-09 16:28:23.975  WARN 17053 --- [           main] s.c.a.AnnotationConfigApplicationContext : Exception encountered during context initialization - cancelling refresh attempt: org.springframework.beans.factory.BeanCreationException: Error creating bean with name 'flywayInitializer' defined in class path resource [org/springframework/boot/autoconfigure/flyway/FlywayAutoConfiguration$FlywayConfiguration.class]: Invocation of init method failed; nested exception is org.flywaydb.core.internal.command.DbMigrate$FlywayMigrateException: 
Migration V01__initialise.sql failed
------------------------------------
SQL State  : 42001
Error Code : 42001
Message    : Syntax error in SQL statement "CREATE TABLE REVIEWS(
    REVIEW_ID INT NOT NULL AUTO_INCREMENT,
    PRODUCT_ID INT NOT NULL,
    REVIEW_TITLE VARCHAR(1000) NOT NULL,
    CONSTRAINT REVIEW_PK PRIMARY KEY (REVIEW_ID),
    CONSTRAINT PRODUCT_REVIEW_FK FOREIGN KEY (PRODUCT_ID) REFERENCES PRODUCTS (PRODUCT_ID) [*]"; expected "INDEX, ON, NOT, DEFERRABLE, NOCHECK, CHECK, ,, )"; SQL statement:
create table reviews(
    review_id int not null auto_increment,
    product_id int not null,
    review_title varchar(1000) not null,
    constraint review_pk primary key (review_id),
    constraint product_review_fk foreign key (product_id) references products (product_id) [42001-199]
Location   : db/migration/V01__initialise.sql (/Users/apoorvalonkar/Desktop/Java_course_Udacity/FINAL SUBMITTED PROJECT/ReviewsApiFinal/target/classes/db/migration/V01__initialise.sql)
Line       : 7
Statement  : create table reviews(
    review_id int not null auto_increment,
    product_id int not null,
    review_title varchar(1000) not null,
    constraint review_pk primary key (review_id),
    constraint product_review_fk foreign key (product_id) references products (product_id)

2019-12-09 16:28:23.976  INFO 17053 --- [           main] ConditionEvaluationReportLoggingListener : 

Error starting ApplicationContext. To display the conditions report re-run your application with 'debug' enabled.
2019-12-09 16:28:23.978 ERROR 17053 --- [           main] o.s.boot.SpringApplication               : Application run failed

org.springframework.beans.factory.BeanCreationException: Error creating bean with name 'flywayInitializer' defined in class path resource [org/springframework/boot/autoconfigure/flyway/FlywayAutoConfiguration$FlywayConfiguration.class]: Invocation of init method failed; nested exception is org.flywaydb.core.internal.command.DbMigrate$FlywayMigrateException: 
Migration V01__initialise.sql failed
------------------------------------
SQL State  : 42001
Error Code : 42001
Message    : Syntax error in SQL statement "CREATE TABLE REVIEWS(
    REVIEW_ID INT NOT NULL AUTO_INCREMENT,
    PRODUCT_ID INT NOT NULL,
    REVIEW_TITLE VARCHAR(1000) NOT NULL,
    CONSTRAINT REVIEW_PK PRIMARY KEY (REVIEW_ID),
    CONSTRAINT PRODUCT_REVIEW_FK FOREIGN KEY (PRODUCT_ID) REFERENCES PRODUCTS (PRODUCT_ID) [*]"; expected "INDEX, ON, NOT, DEFERRABLE, NOCHECK, CHECK, ,, )"; SQL statement:
create table reviews(
    review_id int not null auto_increment,
    product_id int not null,
    review_title varchar(1000) not null,
    constraint review_pk primary key (review_id),
    constraint product_review_fk foreign key (product_id) references products (product_id) [42001-199]
Location   : db/migration/V01__initialise.sql (/Users/apoorvalonkar/Desktop/Java_course_Udacity/FINAL SUBMITTED PROJECT/ReviewsApiFinal/target/classes/db/migration/V01__initialise.sql)
Line       : 7
Statement  : create table reviews(
    review_id int not null auto_increment,
    product_id int not null,
    review_title varchar(1000) not null,
    constraint review_pk primary key (review_id),
    constraint product_review_fk foreign key (product_id) references products (product_id)

	at org.springframework.beans.factory.support.AbstractAutowireCapableBeanFactory.initializeBean(AbstractAutowireCapableBeanFactory.java:1778) ~[spring-beans-5.1.7.RELEASE.jar:5.1.7.RELEASE]
	at org.springframework.beans.factory.support.AbstractAutowireCapableBeanFactory.doCreateBean(AbstractAutowireCapableBeanFactory.java:593) ~[spring-beans-5.1.7.RELEASE.jar:5.1.7.RELEASE]
	at org.springframework.beans.factory.support.AbstractAutowireCapableBeanFactory.createBean(AbstractAutowireCapableBeanFactory.java:515) ~[spring-beans-5.1.7.RELEASE.jar:5.1.7.RELEASE]
	at org.springframework.beans.factory.support.AbstractBeanFactory.lambda$doGetBean$0(AbstractBeanFactory.java:320) ~[spring-beans-5.1.7.RELEASE.jar:5.1.7.RELEASE]
	at org.springframework.beans.factory.support.DefaultSingletonBeanRegistry.getSingleton(DefaultSingletonBeanRegistry.java:222) ~[spring-beans-5.1.7.RELEASE.jar:5.1.7.RELEASE]
	at org.springframework.beans.factory.support.AbstractBeanFactory.doGetBean(AbstractBeanFactory.java:318) ~[spring-beans-5.1.7.RELEASE.jar:5.1.7.RELEASE]
	at org.springframework.beans.factory.support.AbstractBeanFactory.getBean(AbstractBeanFactory.java:199) ~[spring-beans-5.1.7.RELEASE.jar:5.1.7.RELEASE]
	at org.springframework.beans.factory.support.AbstractBeanFactory.doGetBean(AbstractBeanFactory.java:307) ~[spring-beans-5.1.7.RELEASE.jar:5.1.7.RELEASE]
	at org.springframework.beans.factory.support.AbstractBeanFactory.getBean(AbstractBeanFactory.java:199) ~[spring-beans-5.1.7.RELEASE.jar:5.1.7.RELEASE]
	at org.springframework.context.support.AbstractApplicationContext.getBean(AbstractApplicationContext.java:1105) ~[spring-context-5.1.7.RELEASE.jar:5.1.7.RELEASE]
	at org.springframework.context.support.AbstractApplicationContext.finishBeanFactoryInitialization(AbstractApplicationContext.java:867) ~[spring-context-5.1.7.RELEASE.jar:5.1.7.RELEASE]
	at org.springframework.context.support.AbstractApplicationContext.refresh(AbstractApplicationContext.java:549) ~[spring-context-5.1.7.RELEASE.jar:5.1.7.RELEASE]
	at org.springframework.boot.SpringApplication.refresh(SpringApplication.java:775) ~[spring-boot-2.1.5.RELEASE.jar:2.1.5.RELEASE]
	at org.springframework.boot.SpringApplication.refreshContext(SpringApplication.java:397) ~[spring-boot-2.1.5.RELEASE.jar:2.1.5.RELEASE]
	at org.springframework.boot.SpringApplication.run(SpringApplication.java:316) ~[spring-boot-2.1.5.RELEASE.jar:2.1.5.RELEASE]
	at org.springframework.boot.test.context.SpringBootContextLoader.loadContext(SpringBootContextLoader.java:127) [spring-boot-test-2.1.5.RELEASE.jar:2.1.5.RELEASE]
	at org.springframework.test.context.cache.DefaultCacheAwareContextLoaderDelegate.loadContextInternal(DefaultCacheAwareContextLoaderDelegate.java:99) [spring-test-5.1.7.RELEASE.jar:5.1.7.RELEASE]
	at org.springframework.test.context.cache.DefaultCacheAwareContextLoaderDelegate.loadContext(DefaultCacheAwareContextLoaderDelegate.java:117) [spring-test-5.1.7.RELEASE.jar:5.1.7.RELEASE]
	at org.springframework.test.context.support.DefaultTestContext.getApplicationContext(DefaultTestContext.java:108) [spring-test-5.1.7.RELEASE.jar:5.1.7.RELEASE]
	at org.springframework.test.context.support.DependencyInjectionTestExecutionListener.injectDependencies(DependencyInjectionTestExecutionListener.java:118) [spring-test-5.1.7.RELEASE.jar:5.1.7.RELEASE]
	at org.springframework.test.context.support.DependencyInjectionTestExecutionListener.prepareTestInstance(DependencyInjectionTestExecutionListener.java:83) [spring-test-5.1.7.RELEASE.jar:5.1.7.RELEASE]
	at org.springframework.boot.test.autoconfigure.SpringBootDependencyInjectionTestExecutionListener.prepareTestInstance(SpringBootDependencyInjectionTestExecutionListener.java:44) [spring-boot-test-autoconfigure-2.1.5.RELEASE.jar:2.1.5.RELEASE]
	at org.springframework.test.context.TestContextManager.prepareTestInstance(TestContextManager.java:246) [spring-test-5.1.7.RELEASE.jar:5.1.7.RELEASE]
	at org.springframework.test.context.junit4.SpringJUnit4ClassRunner.createTest(SpringJUnit4ClassRunner.java:227) [spring-test-5.1.7.RELEASE.jar:5.1.7.RELEASE]
	at org.springframework.test.context.junit4.SpringJUnit4ClassRunner$1.runReflectiveCall(SpringJUnit4ClassRunner.java:289) [spring-test-5.1.7.RELEASE.jar:5.1.7.RELEASE]
	at org.junit.internal.runners.model.ReflectiveCallable.run(ReflectiveCallable.java:12) [junit-4.12.jar:4.12]
	at org.springframework.test.context.junit4.SpringJUnit4ClassRunner.methodBlock(SpringJUnit4ClassRunner.java:291) [spring-test-5.1.7.RELEASE.jar:5.1.7.RELEASE]
	at org.springframework.test.context.junit4.SpringJUnit4ClassRunner.runChild(SpringJUnit4ClassRunner.java:246) [spring-test-5.1.7.RELEASE.jar:5.1.7.RELEASE]
	at org.springframework.test.context.junit4.SpringJUnit4ClassRunner.runChild(SpringJUnit4ClassRunner.java:97) [spring-test-5.1.7.RELEASE.jar:5.1.7.RELEASE]
	at org.junit.runners.ParentRunner$3.run(ParentRunner.java:290) [junit-4.12.jar:4.12]
	at org.junit.runners.ParentRunner$1.schedule(ParentRunner.java:71) [junit-4.12.jar:4.12]
	at org.junit.runners.ParentRunner.runChildren(ParentRunner.java:288) [junit-4.12.jar:4.12]
	at org.junit.runners.ParentRunner.access$000(ParentRunner.java:58) [junit-4.12.jar:4.12]
	at org.junit.runners.ParentRunner$2.evaluate(ParentRunner.java:268) [junit-4.12.jar:4.12]
	at org.springframework.test.context.junit4.statements.RunBeforeTestClassCallbacks.evaluate(RunBeforeTestClassCallbacks.java:61) [spring-test-5.1.7.RELEASE.jar:5.1.7.RELEASE]
	at org.springframework.test.context.junit4.statements.RunAfterTestClassCallbacks.evaluate(RunAfterTestClassCallbacks.java:70) [spring-test-5.1.7.RELEASE.jar:5.1.7.RELEASE]
	at org.junit.runners.ParentRunner.run(ParentRunner.java:363) [junit-4.12.jar:4.12]
	at org.springframework.test.context.junit4.SpringJUnit4ClassRunner.run(SpringJUnit4ClassRunner.java:190) [spring-test-5.1.7.RELEASE.jar:5.1.7.RELEASE]
	at org.apache.maven.surefire.junit4.JUnit4Provider.execute(JUnit4Provider.java:365) [surefire-junit4-2.22.2.jar:2.22.2]
	at org.apache.maven.surefire.junit4.JUnit4Provider.executeWithRerun(JUnit4Provider.java:273) [surefire-junit4-2.22.2.jar:2.22.2]
	at org.apache.maven.surefire.junit4.JUnit4Provider.executeTestSet(JUnit4Provider.java:238) [surefire-junit4-2.22.2.jar:2.22.2]
	at org.apache.maven.surefire.junit4.JUnit4Provider.invoke(JUnit4Provider.java:159) [surefire-junit4-2.22.2.jar:2.22.2]
	at org.apache.maven.surefire.booter.ForkedBooter.invokeProviderInSameClassLoader(ForkedBooter.java:384) [surefire-booter-2.22.2.jar:2.22.2]
	at org.apache.maven.surefire.booter.ForkedBooter.runSuitesInProcess(ForkedBooter.java:345) [surefire-booter-2.22.2.jar:2.22.2]
	at org.apache.maven.surefire.booter.ForkedBooter.execute(ForkedBooter.java:126) [surefire-booter-2.22.2.jar:2.22.2]
	at org.apache.maven.surefire.booter.ForkedBooter.main(ForkedBooter.java:418) [surefire-booter-2.22.2.jar:2.22.2]
Caused by: org.flywaydb.core.internal.command.DbMigrate$FlywayMigrateException: 
Migration V01__initialise.sql failed
------------------------------------
SQL State  : 42001
Error Code : 42001
Message    : Syntax error in SQL statement "CREATE TABLE REVIEWS(
    REVIEW_ID INT NOT NULL AUTO_INCREMENT,
    PRODUCT_ID INT NOT NULL,
    REVIEW_TITLE VARCHAR(1000) NOT NULL,
    CONSTRAINT REVIEW_PK PRIMARY KEY (REVIEW_ID),
    CONSTRAINT PRODUCT_REVIEW_FK FOREIGN KEY (PRODUCT_ID) REFERENCES PRODUCTS (PRODUCT_ID) [*]"; expected "INDEX, ON, NOT, DEFERRABLE, NOCHECK, CHECK, ,, )"; SQL statement:
create table reviews(
    review_id int not null auto_increment,
    product_id int not null,
    review_title varchar(1000) not null,
    constraint review_pk primary key (review_id),
    constraint product_review_fk foreign key (product_id) references products (product_id) [42001-199]
Location   : db/migration/V01__initialise.sql (/Users/apoorvalonkar/Desktop/Java_course_Udacity/FINAL SUBMITTED PROJECT/ReviewsApiFinal/target/classes/db/migration/V01__initialise.sql)
Line       : 7
Statement  : create table reviews(
    review_id int not null auto_increment,
    product_id int not null,
    review_title varchar(1000) not null,
    constraint review_pk primary key (review_id),
    constraint product_review_fk foreign key (product_id) references products (product_id)

	at org.flywaydb.core.internal.command.DbMigrate.doMigrateGroup(DbMigrate.java:370) ~[flyway-core-5.2.4.jar:na]
	at org.flywaydb.core.internal.command.DbMigrate.access$200(DbMigrate.java:54) ~[flyway-core-5.2.4.jar:na]
	at org.flywaydb.core.internal.command.DbMigrate$3.call(DbMigrate.java:284) ~[flyway-core-5.2.4.jar:na]
	at org.flywaydb.core.internal.jdbc.TransactionTemplate.execute(TransactionTemplate.java:74) ~[flyway-core-5.2.4.jar:na]
	at org.flywaydb.core.internal.command.DbMigrate.applyMigrations(DbMigrate.java:281) ~[flyway-core-5.2.4.jar:na]
	at org.flywaydb.core.internal.command.DbMigrate.migrateGroup(DbMigrate.java:246) ~[flyway-core-5.2.4.jar:na]
	at org.flywaydb.core.internal.command.DbMigrate.access$100(DbMigrate.java:54) ~[flyway-core-5.2.4.jar:na]
	at org.flywaydb.core.internal.command.DbMigrate$2.call(DbMigrate.java:164) ~[flyway-core-5.2.4.jar:na]
	at org.flywaydb.core.internal.command.DbMigrate$2.call(DbMigrate.java:161) ~[flyway-core-5.2.4.jar:na]
	at org.flywaydb.core.internal.database.base.Connection$1.call(Connection.java:147) ~[flyway-core-5.2.4.jar:na]
	at org.flywaydb.core.internal.jdbc.TransactionTemplate.execute(TransactionTemplate.java:74) ~[flyway-core-5.2.4.jar:na]
	at org.flywaydb.core.internal.database.base.Connection.lock(Connection.java:143) ~[flyway-core-5.2.4.jar:na]
	at org.flywaydb.core.internal.schemahistory.JdbcTableSchemaHistory.lock(JdbcTableSchemaHistory.java:155) ~[flyway-core-5.2.4.jar:na]
	at org.flywaydb.core.internal.command.DbMigrate.migrateAll(DbMigrate.java:161) ~[flyway-core-5.2.4.jar:na]
	at org.flywaydb.core.internal.command.DbMigrate.migrate(DbMigrate.java:139) ~[flyway-core-5.2.4.jar:na]
	at org.flywaydb.core.Flyway$1.execute(Flyway.java:1395) ~[flyway-core-5.2.4.jar:na]
	at org.flywaydb.core.Flyway$1.execute(Flyway.java:1356) ~[flyway-core-5.2.4.jar:na]
	at org.flywaydb.core.Flyway.execute(Flyway.java:1711) ~[flyway-core-5.2.4.jar:na]
	at org.flywaydb.core.Flyway.migrate(Flyway.java:1356) ~[flyway-core-5.2.4.jar:na]
	at org.springframework.boot.autoconfigure.flyway.FlywayMigrationInitializer.afterPropertiesSet(FlywayMigrationInitializer.java:66) ~[spring-boot-autoconfigure-2.1.5.RELEASE.jar:2.1.5.RELEASE]
	at org.springframework.beans.factory.support.AbstractAutowireCapableBeanFactory.invokeInitMethods(AbstractAutowireCapableBeanFactory.java:1837) ~[spring-beans-5.1.7.RELEASE.jar:5.1.7.RELEASE]
	at org.springframework.beans.factory.support.AbstractAutowireCapableBeanFactory.initializeBean(AbstractAutowireCapableBeanFactory.java:1774) ~[spring-beans-5.1.7.RELEASE.jar:5.1.7.RELEASE]
	... 45 common frames omitted
Caused by: org.flywaydb.core.internal.sqlscript.FlywaySqlScriptException: 
Migration V01__initialise.sql failed
------------------------------------
SQL State  : 42001
Error Code : 42001
Message    : Syntax error in SQL statement "CREATE TABLE REVIEWS(
    REVIEW_ID INT NOT NULL AUTO_INCREMENT,
    PRODUCT_ID INT NOT NULL,
    REVIEW_TITLE VARCHAR(1000) NOT NULL,
    CONSTRAINT REVIEW_PK PRIMARY KEY (REVIEW_ID),
    CONSTRAINT PRODUCT_REVIEW_FK FOREIGN KEY (PRODUCT_ID) REFERENCES PRODUCTS (PRODUCT_ID) [*]"; expected "INDEX, ON, NOT, DEFERRABLE, NOCHECK, CHECK, ,, )"; SQL statement:
create table reviews(
    review_id int not null auto_increment,
    product_id int not null,
    review_title varchar(1000) not null,
    constraint review_pk primary key (review_id),
    constraint product_review_fk foreign key (product_id) references products (product_id) [42001-199]
Location   : db/migration/V01__initialise.sql (/Users/apoorvalonkar/Desktop/Java_course_Udacity/FINAL SUBMITTED PROJECT/ReviewsApiFinal/target/classes/db/migration/V01__initialise.sql)
Line       : 7
Statement  : create table reviews(
    review_id int not null auto_increment,
    product_id int not null,
    review_title varchar(1000) not null,
    constraint review_pk primary key (review_id),
    constraint product_review_fk foreign key (product_id) references products (product_id)

	at org.flywaydb.core.internal.sqlscript.DefaultSqlScriptExecutor.handleException(DefaultSqlScriptExecutor.java:253) ~[flyway-core-5.2.4.jar:na]
	at org.flywaydb.core.internal.sqlscript.DefaultSqlScriptExecutor.executeStatement(DefaultSqlScriptExecutor.java:202) ~[flyway-core-5.2.4.jar:na]
	at org.flywaydb.core.internal.sqlscript.DefaultSqlScriptExecutor.execute(DefaultSqlScriptExecutor.java:125) ~[flyway-core-5.2.4.jar:na]
	at org.flywaydb.core.internal.resolver.sql.SqlMigrationExecutor.execute(SqlMigrationExecutor.java:77) ~[flyway-core-5.2.4.jar:na]
	at org.flywaydb.core.internal.command.DbMigrate.doMigrateGroup(DbMigrate.java:367) ~[flyway-core-5.2.4.jar:na]
	... 66 common frames omitted
Caused by: org.h2.jdbc.JdbcSQLSyntaxErrorException: Syntax error in SQL statement "CREATE TABLE REVIEWS(
    REVIEW_ID INT NOT NULL AUTO_INCREMENT,
    PRODUCT_ID INT NOT NULL,
    REVIEW_TITLE VARCHAR(1000) NOT NULL,
    CONSTRAINT REVIEW_PK PRIMARY KEY (REVIEW_ID),
    CONSTRAINT PRODUCT_REVIEW_FK FOREIGN KEY (PRODUCT_ID) REFERENCES PRODUCTS (PRODUCT_ID) [*]"; expected "INDEX, ON, NOT, DEFERRABLE, NOCHECK, CHECK, ,, )"; SQL statement:
create table reviews(
    review_id int not null auto_increment,
    product_id int not null,
    review_title varchar(1000) not null,
    constraint review_pk primary key (review_id),
    constraint product_review_fk foreign key (product_id) references products (product_id) [42001-199]
	at org.h2.message.DbException.getJdbcSQLException(DbException.java:451) ~[h2-1.4.199.jar:1.4.199]
	at org.h2.message.DbException.getJdbcSQLException(DbException.java:427) ~[h2-1.4.199.jar:1.4.199]
	at org.h2.message.DbException.getSyntaxError(DbException.java:243) ~[h2-1.4.199.jar:1.4.199]
	at org.h2.command.Parser.getSyntaxError(Parser.java:991) ~[h2-1.4.199.jar:1.4.199]
	at org.h2.command.Parser.read(Parser.java:4549) ~[h2-1.4.199.jar:1.4.199]
	at org.h2.command.Parser.readIfMore(Parser.java:1391) ~[h2-1.4.199.jar:1.4.199]
	at org.h2.command.Parser.parseCreateTable(Parser.java:7833) ~[h2-1.4.199.jar:1.4.199]
	at org.h2.command.Parser.parseCreate(Parser.java:5818) ~[h2-1.4.199.jar:1.4.199]
	at org.h2.command.Parser.parsePrepared(Parser.java:846) ~[h2-1.4.199.jar:1.4.199]
	at org.h2.command.Parser.parse(Parser.java:788) ~[h2-1.4.199.jar:1.4.199]
	at org.h2.command.Parser.parse(Parser.java:764) ~[h2-1.4.199.jar:1.4.199]
	at org.h2.command.Parser.prepareCommand(Parser.java:683) ~[h2-1.4.199.jar:1.4.199]
	at org.h2.engine.Session.prepareLocal(Session.java:627) ~[h2-1.4.199.jar:1.4.199]
	at org.h2.engine.Session.prepareCommand(Session.java:565) ~[h2-1.4.199.jar:1.4.199]
	at org.h2.jdbc.JdbcConnection.prepareCommand(JdbcConnection.java:1292) ~[h2-1.4.199.jar:1.4.199]
	at org.h2.jdbc.JdbcStatement.executeInternal(JdbcStatement.java:217) ~[h2-1.4.199.jar:1.4.199]
	at org.h2.jdbc.JdbcStatement.execute(JdbcStatement.java:205) ~[h2-1.4.199.jar:1.4.199]
	at org.flywaydb.core.internal.jdbc.JdbcTemplate.executeStatement(JdbcTemplate.java:235) ~[flyway-core-5.2.4.jar:na]
	at org.flywaydb.core.internal.sqlscript.StandardSqlStatement.execute(StandardSqlStatement.java:42) ~[flyway-core-5.2.4.jar:na]
	at org.flywaydb.core.internal.sqlscript.DefaultSqlScriptExecutor.executeStatement(DefaultSqlScriptExecutor.java:189) ~[flyway-core-5.2.4.jar:na]
	... 69 common frames omitted


  .   ____          _            __ _ _
 /\\ / ___'_ __ _ _(_)_ __  __ _ \ \ \ \
( ( )\___ | '_ | '_| | '_ \/ _` | \ \ \ \
 \\/  ___)| |_)| | | | | || (_| |  ) ) ) )
  '  |____| .__|_| |_|_| |_\__, | / / / /
 =========|_|==============|___/=/_/_/_/
 :: Spring Boot ::        (v2.1.5.RELEASE)

2019-12-09 16:28:24.052  INFO 17053 --- [           main] c.u.c.reviews.ReviewsApplicationTests    : Starting ReviewsApplicationTests on Apoorvas-MBP.fios-router.home with PID 17053 (started by apoorvalonkar in /Users/apoorvalonkar/Desktop/Java_course_Udacity/FINAL SUBMITTED PROJECT/ReviewsApiFinal)
2019-12-09 16:28:24.055  INFO 17053 --- [           main] c.u.c.reviews.ReviewsApplicationTests    : No active profile set, falling back to default profiles: default
2019-12-09 16:28:24.180  INFO 17053 --- [           main] .s.d.r.c.RepositoryConfigurationDelegate : Multiple Spring Data modules found, entering strict repository configuration mode!
2019-12-09 16:28:24.180  INFO 17053 --- [           main] .s.d.r.c.RepositoryConfigurationDelegate : Bootstrapping Spring Data repositories in DEFAULT mode.
2019-12-09 16:28:24.187  INFO 17053 --- [           main] .RepositoryConfigurationExtensionSupport : Spring Data MongoDB - Could not safely identify store assignment for repository candidate interface com.udacity.course3.reviews.repository.MySQL.CommentRepository.
2019-12-09 16:28:24.187  INFO 17053 --- [           main] .RepositoryConfigurationExtensionSupport : Spring Data MongoDB - Could not safely identify store assignment for repository candidate interface com.udacity.course3.reviews.repository.MySQL.ProductRepository.
2019-12-09 16:28:24.187  INFO 17053 --- [           main] .RepositoryConfigurationExtensionSupport : Spring Data MongoDB - Could not safely identify store assignment for repository candidate interface com.udacity.course3.reviews.repository.MySQL.ReviewRepository.
2019-12-09 16:28:24.195  INFO 17053 --- [           main] .s.d.r.c.RepositoryConfigurationDelegate : Finished Spring Data repository scanning in 15ms. Found 1 repository interfaces.
2019-12-09 16:28:24.205  INFO 17053 --- [           main] .s.d.r.c.RepositoryConfigurationDelegate : Multiple Spring Data modules found, entering strict repository configuration mode!
2019-12-09 16:28:24.205  INFO 17053 --- [           main] .s.d.r.c.RepositoryConfigurationDelegate : Bootstrapping Spring Data repositories in DEFAULT mode.
2019-12-09 16:28:24.218  INFO 17053 --- [           main] .RepositoryConfigurationExtensionSupport : Spring Data JPA - Could not safely identify store assignment for repository candidate interface com.udacity.course3.reviews.repository.Mongo.MongoReviewRepository.
2019-12-09 16:28:24.239  INFO 17053 --- [           main] .s.d.r.c.RepositoryConfigurationDelegate : Finished Spring Data repository scanning in 34ms. Found 3 repository interfaces.
2019-12-09 16:28:24.296  INFO 17053 --- [           main] beddedDataSourceBeanFactoryPostProcessor : Replacing 'dataSource' DataSource bean with embedded version
2019-12-09 16:28:24.374  INFO 17053 --- [           main] o.s.j.d.e.EmbeddedDatabaseFactory        : Starting embedded database: url='jdbc:h2:mem:b665fdd7-abd9-44c3-8a69-77d372803dcb;DB_CLOSE_DELAY=-1;DB_CLOSE_ON_EXIT=false', username='sa'
2019-12-09 16:28:24.410  INFO 17053 --- [           main] o.f.c.internal.database.DatabaseFactory  : Database: jdbc:h2:mem:b665fdd7-abd9-44c3-8a69-77d372803dcb (H2 1.4)
2019-12-09 16:28:24.414  WARN 17053 --- [           main] o.f.c.internal.database.base.Database    : Flyway upgrade recommended: H2 1.4.199 is newer than this version of Flyway and support has not been tested.
2019-12-09 16:28:24.434  INFO 17053 --- [           main] o.f.core.internal.command.DbValidate     : Successfully validated 1 migration (execution time 00:00.009s)
2019-12-09 16:28:24.441  INFO 17053 --- [           main] o.f.c.i.s.JdbcTableSchemaHistory         : Creating Schema History table: "PUBLIC"."flyway_schema_history"
2019-12-09 16:28:24.449  INFO 17053 --- [           main] o.f.core.internal.command.DbMigrate      : Current version of schema "PUBLIC": << Empty Schema >>
2019-12-09 16:28:24.449  INFO 17053 --- [           main] o.f.core.internal.command.DbMigrate      : Migrating schema "PUBLIC" to version 01 - initialise
2019-12-09 16:28:24.455 ERROR 17053 --- [           main] o.f.core.internal.command.DbMigrate      : Migration of schema "PUBLIC" to version 01 - initialise failed! Please restore backups and roll back database and code!
2019-12-09 16:28:24.462  WARN 17053 --- [           main] s.c.a.AnnotationConfigApplicationContext : Exception encountered during context initialization - cancelling refresh attempt: org.springframework.beans.factory.BeanCreationException: Error creating bean with name 'flywayInitializer' defined in class path resource [org/springframework/boot/autoconfigure/flyway/FlywayAutoConfiguration$FlywayConfiguration.class]: Invocation of init method failed; nested exception is org.flywaydb.core.internal.command.DbMigrate$FlywayMigrateException: 
Migration V01__initialise.sql failed
------------------------------------
SQL State  : 42001
Error Code : 42001
Message    : Syntax error in SQL statement "CREATE TABLE REVIEWS(
    REVIEW_ID INT NOT NULL AUTO_INCREMENT,
    PRODUCT_ID INT NOT NULL,
    REVIEW_TITLE VARCHAR(1000) NOT NULL,
    CONSTRAINT REVIEW_PK PRIMARY KEY (REVIEW_ID),
    CONSTRAINT PRODUCT_REVIEW_FK FOREIGN KEY (PRODUCT_ID) REFERENCES PRODUCTS (PRODUCT_ID) [*]"; expected "INDEX, ON, NOT, DEFERRABLE, NOCHECK, CHECK, ,, )"; SQL statement:
create table reviews(
    review_id int not null auto_increment,
    product_id int not null,
    review_title varchar(1000) not null,
    constraint review_pk primary key (review_id),
    constraint product_review_fk foreign key (product_id) references products (product_id) [42001-199]
Location   : db/migration/V01__initialise.sql (/Users/apoorvalonkar/Desktop/Java_course_Udacity/FINAL SUBMITTED PROJECT/ReviewsApiFinal/target/classes/db/migration/V01__initialise.sql)
Line       : 7
Statement  : create table reviews(
    review_id int not null auto_increment,
    product_id int not null,
    review_title varchar(1000) not null,
    constraint review_pk primary key (review_id),
    constraint product_review_fk foreign key (product_id) references products (product_id)

2019-12-09 16:28:24.464  INFO 17053 --- [           main] ConditionEvaluationReportLoggingListener : 

Error starting ApplicationContext. To display the conditions report re-run your application with 'debug' enabled.
2019-12-09 16:28:24.471 ERROR 17053 --- [           main] o.s.boot.SpringApplication               : Application run failed

org.springframework.beans.factory.BeanCreationException: Error creating bean with name 'flywayInitializer' defined in class path resource [org/springframework/boot/autoconfigure/flyway/FlywayAutoConfiguration$FlywayConfiguration.class]: Invocation of init method failed; nested exception is org.flywaydb.core.internal.command.DbMigrate$FlywayMigrateException: 
Migration V01__initialise.sql failed
------------------------------------
SQL State  : 42001
Error Code : 42001
Message    : Syntax error in SQL statement "CREATE TABLE REVIEWS(
    REVIEW_ID INT NOT NULL AUTO_INCREMENT,
    PRODUCT_ID INT NOT NULL,
    REVIEW_TITLE VARCHAR(1000) NOT NULL,
    CONSTRAINT REVIEW_PK PRIMARY KEY (REVIEW_ID),
    CONSTRAINT PRODUCT_REVIEW_FK FOREIGN KEY (PRODUCT_ID) REFERENCES PRODUCTS (PRODUCT_ID) [*]"; expected "INDEX, ON, NOT, DEFERRABLE, NOCHECK, CHECK, ,, )"; SQL statement:
create table reviews(
    review_id int not null auto_increment,
    product_id int not null,
    review_title varchar(1000) not null,
    constraint review_pk primary key (review_id),
    constraint product_review_fk foreign key (product_id) references products (product_id) [42001-199]
Location   : db/migration/V01__initialise.sql (/Users/apoorvalonkar/Desktop/Java_course_Udacity/FINAL SUBMITTED PROJECT/ReviewsApiFinal/target/classes/db/migration/V01__initialise.sql)
Line       : 7
Statement  : create table reviews(
    review_id int not null auto_increment,
    product_id int not null,
    review_title varchar(1000) not null,
    constraint review_pk primary key (review_id),
    constraint product_review_fk foreign key (product_id) references products (product_id)

	at org.springframework.beans.factory.support.AbstractAutowireCapableBeanFactory.initializeBean(AbstractAutowireCapableBeanFactory.java:1778) ~[spring-beans-5.1.7.RELEASE.jar:5.1.7.RELEASE]
	at org.springframework.beans.factory.support.AbstractAutowireCapableBeanFactory.doCreateBean(AbstractAutowireCapableBeanFactory.java:593) ~[spring-beans-5.1.7.RELEASE.jar:5.1.7.RELEASE]
	at org.springframework.beans.factory.support.AbstractAutowireCapableBeanFactory.createBean(AbstractAutowireCapableBeanFactory.java:515) ~[spring-beans-5.1.7.RELEASE.jar:5.1.7.RELEASE]
	at org.springframework.beans.factory.support.AbstractBeanFactory.lambda$doGetBean$0(AbstractBeanFactory.java:320) ~[spring-beans-5.1.7.RELEASE.jar:5.1.7.RELEASE]
	at org.springframework.beans.factory.support.DefaultSingletonBeanRegistry.getSingleton(DefaultSingletonBeanRegistry.java:222) ~[spring-beans-5.1.7.RELEASE.jar:5.1.7.RELEASE]
	at org.springframework.beans.factory.support.AbstractBeanFactory.doGetBean(AbstractBeanFactory.java:318) ~[spring-beans-5.1.7.RELEASE.jar:5.1.7.RELEASE]
	at org.springframework.beans.factory.support.AbstractBeanFactory.getBean(AbstractBeanFactory.java:199) ~[spring-beans-5.1.7.RELEASE.jar:5.1.7.RELEASE]
	at org.springframework.beans.factory.support.AbstractBeanFactory.doGetBean(AbstractBeanFactory.java:307) ~[spring-beans-5.1.7.RELEASE.jar:5.1.7.RELEASE]
	at org.springframework.beans.factory.support.AbstractBeanFactory.getBean(AbstractBeanFactory.java:199) ~[spring-beans-5.1.7.RELEASE.jar:5.1.7.RELEASE]
	at org.springframework.context.support.AbstractApplicationContext.getBean(AbstractApplicationContext.java:1105) ~[spring-context-5.1.7.RELEASE.jar:5.1.7.RELEASE]
	at org.springframework.context.support.AbstractApplicationContext.finishBeanFactoryInitialization(AbstractApplicationContext.java:867) ~[spring-context-5.1.7.RELEASE.jar:5.1.7.RELEASE]
	at org.springframework.context.support.AbstractApplicationContext.refresh(AbstractApplicationContext.java:549) ~[spring-context-5.1.7.RELEASE.jar:5.1.7.RELEASE]
	at org.springframework.boot.SpringApplication.refresh(SpringApplication.java:775) ~[spring-boot-2.1.5.RELEASE.jar:2.1.5.RELEASE]
	at org.springframework.boot.SpringApplication.refreshContext(SpringApplication.java:397) ~[spring-boot-2.1.5.RELEASE.jar:2.1.5.RELEASE]
	at org.springframework.boot.SpringApplication.run(SpringApplication.java:316) ~[spring-boot-2.1.5.RELEASE.jar:2.1.5.RELEASE]
	at org.springframework.boot.test.context.SpringBootContextLoader.loadContext(SpringBootContextLoader.java:127) [spring-boot-test-2.1.5.RELEASE.jar:2.1.5.RELEASE]
	at org.springframework.test.context.cache.DefaultCacheAwareContextLoaderDelegate.loadContextInternal(DefaultCacheAwareContextLoaderDelegate.java:99) [spring-test-5.1.7.RELEASE.jar:5.1.7.RELEASE]
	at org.springframework.test.context.cache.DefaultCacheAwareContextLoaderDelegate.loadContext(DefaultCacheAwareContextLoaderDelegate.java:117) [spring-test-5.1.7.RELEASE.jar:5.1.7.RELEASE]
	at org.springframework.test.context.support.DefaultTestContext.getApplicationContext(DefaultTestContext.java:108) [spring-test-5.1.7.RELEASE.jar:5.1.7.RELEASE]
	at org.springframework.boot.test.autoconfigure.SpringBootDependencyInjectionTestExecutionListener.outputConditionEvaluationReport(SpringBootDependencyInjectionTestExecutionListener.java:54) [spring-boot-test-autoconfigure-2.1.5.RELEASE.jar:2.1.5.RELEASE]
	at org.springframework.boot.test.autoconfigure.SpringBootDependencyInjectionTestExecutionListener.prepareTestInstance(SpringBootDependencyInjectionTestExecutionListener.java:47) [spring-boot-test-autoconfigure-2.1.5.RELEASE.jar:2.1.5.RELEASE]
	at org.springframework.test.context.TestContextManager.prepareTestInstance(TestContextManager.java:246) [spring-test-5.1.7.RELEASE.jar:5.1.7.RELEASE]
	at org.springframework.test.context.junit4.SpringJUnit4ClassRunner.createTest(SpringJUnit4ClassRunner.java:227) [spring-test-5.1.7.RELEASE.jar:5.1.7.RELEASE]
	at org.springframework.test.context.junit4.SpringJUnit4ClassRunner$1.runReflectiveCall(SpringJUnit4ClassRunner.java:289) [spring-test-5.1.7.RELEASE.jar:5.1.7.RELEASE]
	at org.junit.internal.runners.model.ReflectiveCallable.run(ReflectiveCallable.java:12) [junit-4.12.jar:4.12]
	at org.springframework.test.context.junit4.SpringJUnit4ClassRunner.methodBlock(SpringJUnit4ClassRunner.java:291) [spring-test-5.1.7.RELEASE.jar:5.1.7.RELEASE]
	at org.springframework.test.context.junit4.SpringJUnit4ClassRunner.runChild(SpringJUnit4ClassRunner.java:246) [spring-test-5.1.7.RELEASE.jar:5.1.7.RELEASE]
	at org.springframework.test.context.junit4.SpringJUnit4ClassRunner.runChild(SpringJUnit4ClassRunner.java:97) [spring-test-5.1.7.RELEASE.jar:5.1.7.RELEASE]
	at org.junit.runners.ParentRunner$3.run(ParentRunner.java:290) [junit-4.12.jar:4.12]
	at org.junit.runners.ParentRunner$1.schedule(ParentRunner.java:71) [junit-4.12.jar:4.12]
	at org.junit.runners.ParentRunner.runChildren(ParentRunner.java:288) [junit-4.12.jar:4.12]
	at org.junit.runners.ParentRunner.access$000(ParentRunner.java:58) [junit-4.12.jar:4.12]
	at org.junit.runners.ParentRunner$2.evaluate(ParentRunner.java:268) [junit-4.12.jar:4.12]
	at org.springframework.test.context.junit4.statements.RunBeforeTestClassCallbacks.evaluate(RunBeforeTestClassCallbacks.java:61) [spring-test-5.1.7.RELEASE.jar:5.1.7.RELEASE]
	at org.springframework.test.context.junit4.statements.RunAfterTestClassCallbacks.evaluate(RunAfterTestClassCallbacks.java:70) [spring-test-5.1.7.RELEASE.jar:5.1.7.RELEASE]
	at org.junit.runners.ParentRunner.run(ParentRunner.java:363) [junit-4.12.jar:4.12]
	at org.springframework.test.context.junit4.SpringJUnit4ClassRunner.run(SpringJUnit4ClassRunner.java:190) [spring-test-5.1.7.RELEASE.jar:5.1.7.RELEASE]
	at org.apache.maven.surefire.junit4.JUnit4Provider.execute(JUnit4Provider.java:365) [surefire-junit4-2.22.2.jar:2.22.2]
	at org.apache.maven.surefire.junit4.JUnit4Provider.executeWithRerun(JUnit4Provider.java:273) [surefire-junit4-2.22.2.jar:2.22.2]
	at org.apache.maven.surefire.junit4.JUnit4Provider.executeTestSet(JUnit4Provider.java:238) [surefire-junit4-2.22.2.jar:2.22.2]
	at org.apache.maven.surefire.junit4.JUnit4Provider.invoke(JUnit4Provider.java:159) [surefire-junit4-2.22.2.jar:2.22.2]
	at org.apache.maven.surefire.booter.ForkedBooter.invokeProviderInSameClassLoader(ForkedBooter.java:384) [surefire-booter-2.22.2.jar:2.22.2]
	at org.apache.maven.surefire.booter.ForkedBooter.runSuitesInProcess(ForkedBooter.java:345) [surefire-booter-2.22.2.jar:2.22.2]
	at org.apache.maven.surefire.booter.ForkedBooter.execute(ForkedBooter.java:126) [surefire-booter-2.22.2.jar:2.22.2]
	at org.apache.maven.surefire.booter.ForkedBooter.main(ForkedBooter.java:418) [surefire-booter-2.22.2.jar:2.22.2]
Caused by: org.flywaydb.core.internal.command.DbMigrate$FlywayMigrateException: 
Migration V01__initialise.sql failed
------------------------------------
SQL State  : 42001
Error Code : 42001
Message    : Syntax error in SQL statement "CREATE TABLE REVIEWS(
    REVIEW_ID INT NOT NULL AUTO_INCREMENT,
    PRODUCT_ID INT NOT NULL,
    REVIEW_TITLE VARCHAR(1000) NOT NULL,
    CONSTRAINT REVIEW_PK PRIMARY KEY (REVIEW_ID),
    CONSTRAINT PRODUCT_REVIEW_FK FOREIGN KEY (PRODUCT_ID) REFERENCES PRODUCTS (PRODUCT_ID) [*]"; expected "INDEX, ON, NOT, DEFERRABLE, NOCHECK, CHECK, ,, )"; SQL statement:
create table reviews(
    review_id int not null auto_increment,
    product_id int not null,
    review_title varchar(1000) not null,
    constraint review_pk primary key (review_id),
    constraint product_review_fk foreign key (product_id) references products (product_id) [42001-199]
Location   : db/migration/V01__initialise.sql (/Users/apoorvalonkar/Desktop/Java_course_Udacity/FINAL SUBMITTED PROJECT/ReviewsApiFinal/target/classes/db/migration/V01__initialise.sql)
Line       : 7
Statement  : create table reviews(
    review_id int not null auto_increment,
    product_id int not null,
    review_title varchar(1000) not null,
    constraint review_pk primary key (review_id),
    constraint product_review_fk foreign key (product_id) references products (product_id)

	at org.flywaydb.core.internal.command.DbMigrate.doMigrateGroup(DbMigrate.java:370) ~[flyway-core-5.2.4.jar:na]
	at org.flywaydb.core.internal.command.DbMigrate.access$200(DbMigrate.java:54) ~[flyway-core-5.2.4.jar:na]
	at org.flywaydb.core.internal.command.DbMigrate$3.call(DbMigrate.java:284) ~[flyway-core-5.2.4.jar:na]
	at org.flywaydb.core.internal.jdbc.TransactionTemplate.execute(TransactionTemplate.java:74) ~[flyway-core-5.2.4.jar:na]
	at org.flywaydb.core.internal.command.DbMigrate.applyMigrations(DbMigrate.java:281) ~[flyway-core-5.2.4.jar:na]
	at org.flywaydb.core.internal.command.DbMigrate.migrateGroup(DbMigrate.java:246) ~[flyway-core-5.2.4.jar:na]
	at org.flywaydb.core.internal.command.DbMigrate.access$100(DbMigrate.java:54) ~[flyway-core-5.2.4.jar:na]
	at org.flywaydb.core.internal.command.DbMigrate$2.call(DbMigrate.java:164) ~[flyway-core-5.2.4.jar:na]
	at org.flywaydb.core.internal.command.DbMigrate$2.call(DbMigrate.java:161) ~[flyway-core-5.2.4.jar:na]
	at org.flywaydb.core.internal.database.base.Connection$1.call(Connection.java:147) ~[flyway-core-5.2.4.jar:na]
	at org.flywaydb.core.internal.jdbc.TransactionTemplate.execute(TransactionTemplate.java:74) ~[flyway-core-5.2.4.jar:na]
	at org.flywaydb.core.internal.database.base.Connection.lock(Connection.java:143) ~[flyway-core-5.2.4.jar:na]
	at org.flywaydb.core.internal.schemahistory.JdbcTableSchemaHistory.lock(JdbcTableSchemaHistory.java:155) ~[flyway-core-5.2.4.jar:na]
	at org.flywaydb.core.internal.command.DbMigrate.migrateAll(DbMigrate.java:161) ~[flyway-core-5.2.4.jar:na]
	at org.flywaydb.core.internal.command.DbMigrate.migrate(DbMigrate.java:139) ~[flyway-core-5.2.4.jar:na]
	at org.flywaydb.core.Flyway$1.execute(Flyway.java:1395) ~[flyway-core-5.2.4.jar:na]
	at org.flywaydb.core.Flyway$1.execute(Flyway.java:1356) ~[flyway-core-5.2.4.jar:na]
	at org.flywaydb.core.Flyway.execute(Flyway.java:1711) ~[flyway-core-5.2.4.jar:na]
	at org.flywaydb.core.Flyway.migrate(Flyway.java:1356) ~[flyway-core-5.2.4.jar:na]
	at org.springframework.boot.autoconfigure.flyway.FlywayMigrationInitializer.afterPropertiesSet(FlywayMigrationInitializer.java:66) ~[spring-boot-autoconfigure-2.1.5.RELEASE.jar:2.1.5.RELEASE]
	at org.springframework.beans.factory.support.AbstractAutowireCapableBeanFactory.invokeInitMethods(AbstractAutowireCapableBeanFactory.java:1837) ~[spring-beans-5.1.7.RELEASE.jar:5.1.7.RELEASE]
	at org.springframework.beans.factory.support.AbstractAutowireCapableBeanFactory.initializeBean(AbstractAutowireCapableBeanFactory.java:1774) ~[spring-beans-5.1.7.RELEASE.jar:5.1.7.RELEASE]
	... 44 common frames omitted
Caused by: org.flywaydb.core.internal.sqlscript.FlywaySqlScriptException: 
Migration V01__initialise.sql failed
------------------------------------
SQL State  : 42001
Error Code : 42001
Message    : Syntax error in SQL statement "CREATE TABLE REVIEWS(
    REVIEW_ID INT NOT NULL AUTO_INCREMENT,
    PRODUCT_ID INT NOT NULL,
    REVIEW_TITLE VARCHAR(1000) NOT NULL,
    CONSTRAINT REVIEW_PK PRIMARY KEY (REVIEW_ID),
    CONSTRAINT PRODUCT_REVIEW_FK FOREIGN KEY (PRODUCT_ID) REFERENCES PRODUCTS (PRODUCT_ID) [*]"; expected "INDEX, ON, NOT, DEFERRABLE, NOCHECK, CHECK, ,, )"; SQL statement:
create table reviews(
    review_id int not null auto_increment,
    product_id int not null,
    review_title varchar(1000) not null,
    constraint review_pk primary key (review_id),
    constraint product_review_fk foreign key (product_id) references products (product_id) [42001-199]
Location   : db/migration/V01__initialise.sql (/Users/apoorvalonkar/Desktop/Java_course_Udacity/FINAL SUBMITTED PROJECT/ReviewsApiFinal/target/classes/db/migration/V01__initialise.sql)
Line       : 7
Statement  : create table reviews(
    review_id int not null auto_increment,
    product_id int not null,
    review_title varchar(1000) not null,
    constraint review_pk primary key (review_id),
    constraint product_review_fk foreign key (product_id) references products (product_id)

	at org.flywaydb.core.internal.sqlscript.DefaultSqlScriptExecutor.handleException(DefaultSqlScriptExecutor.java:253) ~[flyway-core-5.2.4.jar:na]
	at org.flywaydb.core.internal.sqlscript.DefaultSqlScriptExecutor.executeStatement(DefaultSqlScriptExecutor.java:202) ~[flyway-core-5.2.4.jar:na]
	at org.flywaydb.core.internal.sqlscript.DefaultSqlScriptExecutor.execute(DefaultSqlScriptExecutor.java:125) ~[flyway-core-5.2.4.jar:na]
	at org.flywaydb.core.internal.resolver.sql.SqlMigrationExecutor.execute(SqlMigrationExecutor.java:77) ~[flyway-core-5.2.4.jar:na]
	at org.flywaydb.core.internal.command.DbMigrate.doMigrateGroup(DbMigrate.java:367) ~[flyway-core-5.2.4.jar:na]
	... 65 common frames omitted
Caused by: org.h2.jdbc.JdbcSQLSyntaxErrorException: Syntax error in SQL statement "CREATE TABLE REVIEWS(
    REVIEW_ID INT NOT NULL AUTO_INCREMENT,
    PRODUCT_ID INT NOT NULL,
    REVIEW_TITLE VARCHAR(1000) NOT NULL,
    CONSTRAINT REVIEW_PK PRIMARY KEY (REVIEW_ID),
    CONSTRAINT PRODUCT_REVIEW_FK FOREIGN KEY (PRODUCT_ID) REFERENCES PRODUCTS (PRODUCT_ID) [*]"; expected "INDEX, ON, NOT, DEFERRABLE, NOCHECK, CHECK, ,, )"; SQL statement:
create table reviews(
    review_id int not null auto_increment,
    product_id int not null,
    review_title varchar(1000) not null,
    constraint review_pk primary key (review_id),
    constraint product_review_fk foreign key (product_id) references products (product_id) [42001-199]
	at org.h2.message.DbException.getJdbcSQLException(DbException.java:451) ~[h2-1.4.199.jar:1.4.199]
	at org.h2.message.DbException.getJdbcSQLException(DbException.java:427) ~[h2-1.4.199.jar:1.4.199]
	at org.h2.message.DbException.getSyntaxError(DbException.java:243) ~[h2-1.4.199.jar:1.4.199]
	at org.h2.command.Parser.getSyntaxError(Parser.java:991) ~[h2-1.4.199.jar:1.4.199]
	at org.h2.command.Parser.read(Parser.java:4549) ~[h2-1.4.199.jar:1.4.199]
	at org.h2.command.Parser.readIfMore(Parser.java:1391) ~[h2-1.4.199.jar:1.4.199]
	at org.h2.command.Parser.parseCreateTable(Parser.java:7833) ~[h2-1.4.199.jar:1.4.199]
	at org.h2.command.Parser.parseCreate(Parser.java:5818) ~[h2-1.4.199.jar:1.4.199]
	at org.h2.command.Parser.parsePrepared(Parser.java:846) ~[h2-1.4.199.jar:1.4.199]
	at org.h2.command.Parser.parse(Parser.java:788) ~[h2-1.4.199.jar:1.4.199]
	at org.h2.command.Parser.parse(Parser.java:764) ~[h2-1.4.199.jar:1.4.199]
	at org.h2.command.Parser.prepareCommand(Parser.java:683) ~[h2-1.4.199.jar:1.4.199]
	at org.h2.engine.Session.prepareLocal(Session.java:627) ~[h2-1.4.199.jar:1.4.199]
	at org.h2.engine.Session.prepareCommand(Session.java:565) ~[h2-1.4.199.jar:1.4.199]
	at org.h2.jdbc.JdbcConnection.prepareCommand(JdbcConnection.java:1292) ~[h2-1.4.199.jar:1.4.199]
	at org.h2.jdbc.JdbcStatement.executeInternal(JdbcStatement.java:217) ~[h2-1.4.199.jar:1.4.199]
	at org.h2.jdbc.JdbcStatement.execute(JdbcStatement.java:205) ~[h2-1.4.199.jar:1.4.199]
	at org.flywaydb.core.internal.jdbc.JdbcTemplate.executeStatement(JdbcTemplate.java:235) ~[flyway-core-5.2.4.jar:na]
	at org.flywaydb.core.internal.sqlscript.StandardSqlStatement.execute(StandardSqlStatement.java:42) ~[flyway-core-5.2.4.jar:na]
	at org.flywaydb.core.internal.sqlscript.DefaultSqlScriptExecutor.executeStatement(DefaultSqlScriptExecutor.java:189) ~[flyway-core-5.2.4.jar:na]
	... 68 common frames omitted

2019-12-09 16:28:24.474 ERROR 17053 --- [           main] o.s.test.context.TestContextManager      : Caught exception while allowing TestExecutionListener [org.springframework.boot.test.autoconfigure.SpringBootDependencyInjectionTestExecutionListener@7adda9cc] to prepare test instance [com.udacity.course3.reviews.ReviewsApplicationTests@794eeaf8]

java.lang.IllegalStateException: Failed to load ApplicationContext
	at org.springframework.test.context.cache.DefaultCacheAwareContextLoaderDelegate.loadContext(DefaultCacheAwareContextLoaderDelegate.java:125) ~[spring-test-5.1.7.RELEASE.jar:5.1.7.RELEASE]
	at org.springframework.test.context.support.DefaultTestContext.getApplicationContext(DefaultTestContext.java:108) ~[spring-test-5.1.7.RELEASE.jar:5.1.7.RELEASE]
	at org.springframework.test.context.support.DependencyInjectionTestExecutionListener.injectDependencies(DependencyInjectionTestExecutionListener.java:118) ~[spring-test-5.1.7.RELEASE.jar:5.1.7.RELEASE]
	at org.springframework.test.context.support.DependencyInjectionTestExecutionListener.prepareTestInstance(DependencyInjectionTestExecutionListener.java:83) ~[spring-test-5.1.7.RELEASE.jar:5.1.7.RELEASE]
	at org.springframework.boot.test.autoconfigure.SpringBootDependencyInjectionTestExecutionListener.prepareTestInstance(SpringBootDependencyInjectionTestExecutionListener.java:44) ~[spring-boot-test-autoconfigure-2.1.5.RELEASE.jar:2.1.5.RELEASE]
	at org.springframework.test.context.TestContextManager.prepareTestInstance(TestContextManager.java:246) ~[spring-test-5.1.7.RELEASE.jar:5.1.7.RELEASE]
	at org.springframework.test.context.junit4.SpringJUnit4ClassRunner.createTest(SpringJUnit4ClassRunner.java:227) [spring-test-5.1.7.RELEASE.jar:5.1.7.RELEASE]
	at org.springframework.test.context.junit4.SpringJUnit4ClassRunner$1.runReflectiveCall(SpringJUnit4ClassRunner.java:289) [spring-test-5.1.7.RELEASE.jar:5.1.7.RELEASE]
	at org.junit.internal.runners.model.ReflectiveCallable.run(ReflectiveCallable.java:12) [junit-4.12.jar:4.12]
	at org.springframework.test.context.junit4.SpringJUnit4ClassRunner.methodBlock(SpringJUnit4ClassRunner.java:291) [spring-test-5.1.7.RELEASE.jar:5.1.7.RELEASE]
	at org.springframework.test.context.junit4.SpringJUnit4ClassRunner.runChild(SpringJUnit4ClassRunner.java:246) [spring-test-5.1.7.RELEASE.jar:5.1.7.RELEASE]
	at org.springframework.test.context.junit4.SpringJUnit4ClassRunner.runChild(SpringJUnit4ClassRunner.java:97) [spring-test-5.1.7.RELEASE.jar:5.1.7.RELEASE]
	at org.junit.runners.ParentRunner$3.run(ParentRunner.java:290) [junit-4.12.jar:4.12]
	at org.junit.runners.ParentRunner$1.schedule(ParentRunner.java:71) [junit-4.12.jar:4.12]
	at org.junit.runners.ParentRunner.runChildren(ParentRunner.java:288) [junit-4.12.jar:4.12]
	at org.junit.runners.ParentRunner.access$000(ParentRunner.java:58) [junit-4.12.jar:4.12]
	at org.junit.runners.ParentRunner$2.evaluate(ParentRunner.java:268) [junit-4.12.jar:4.12]
	at org.springframework.test.context.junit4.statements.RunBeforeTestClassCallbacks.evaluate(RunBeforeTestClassCallbacks.java:61) [spring-test-5.1.7.RELEASE.jar:5.1.7.RELEASE]
	at org.springframework.test.context.junit4.statements.RunAfterTestClassCallbacks.evaluate(RunAfterTestClassCallbacks.java:70) [spring-test-5.1.7.RELEASE.jar:5.1.7.RELEASE]
	at org.junit.runners.ParentRunner.run(ParentRunner.java:363) [junit-4.12.jar:4.12]
	at org.springframework.test.context.junit4.SpringJUnit4ClassRunner.run(SpringJUnit4ClassRunner.java:190) [spring-test-5.1.7.RELEASE.jar:5.1.7.RELEASE]
	at org.apache.maven.surefire.junit4.JUnit4Provider.execute(JUnit4Provider.java:365) [surefire-junit4-2.22.2.jar:2.22.2]
	at org.apache.maven.surefire.junit4.JUnit4Provider.executeWithRerun(JUnit4Provider.java:273) [surefire-junit4-2.22.2.jar:2.22.2]
	at org.apache.maven.surefire.junit4.JUnit4Provider.executeTestSet(JUnit4Provider.java:238) [surefire-junit4-2.22.2.jar:2.22.2]
	at org.apache.maven.surefire.junit4.JUnit4Provider.invoke(JUnit4Provider.java:159) [surefire-junit4-2.22.2.jar:2.22.2]
	at org.apache.maven.surefire.booter.ForkedBooter.invokeProviderInSameClassLoader(ForkedBooter.java:384) [surefire-booter-2.22.2.jar:2.22.2]
	at org.apache.maven.surefire.booter.ForkedBooter.runSuitesInProcess(ForkedBooter.java:345) [surefire-booter-2.22.2.jar:2.22.2]
	at org.apache.maven.surefire.booter.ForkedBooter.execute(ForkedBooter.java:126) [surefire-booter-2.22.2.jar:2.22.2]
	at org.apache.maven.surefire.booter.ForkedBooter.main(ForkedBooter.java:418) [surefire-booter-2.22.2.jar:2.22.2]
Caused by: org.springframework.beans.factory.BeanCreationException: Error creating bean with name 'flywayInitializer' defined in class path resource [org/springframework/boot/autoconfigure/flyway/FlywayAutoConfiguration$FlywayConfiguration.class]: Invocation of init method failed; nested exception is org.flywaydb.core.internal.command.DbMigrate$FlywayMigrateException: 
Migration V01__initialise.sql failed
------------------------------------
SQL State  : 42001
Error Code : 42001
Message    : Syntax error in SQL statement "CREATE TABLE REVIEWS(
    REVIEW_ID INT NOT NULL AUTO_INCREMENT,
    PRODUCT_ID INT NOT NULL,
    REVIEW_TITLE VARCHAR(1000) NOT NULL,
    CONSTRAINT REVIEW_PK PRIMARY KEY (REVIEW_ID),
    CONSTRAINT PRODUCT_REVIEW_FK FOREIGN KEY (PRODUCT_ID) REFERENCES PRODUCTS (PRODUCT_ID) [*]"; expected "INDEX, ON, NOT, DEFERRABLE, NOCHECK, CHECK, ,, )"; SQL statement:
create table reviews(
    review_id int not null auto_increment,
    product_id int not null,
    review_title varchar(1000) not null,
    constraint review_pk primary key (review_id),
    constraint product_review_fk foreign key (product_id) references products (product_id) [42001-199]
Location   : db/migration/V01__initialise.sql (/Users/apoorvalonkar/Desktop/Java_course_Udacity/FINAL SUBMITTED PROJECT/ReviewsApiFinal/target/classes/db/migration/V01__initialise.sql)
Line       : 7
Statement  : create table reviews(
    review_id int not null auto_increment,
    product_id int not null,
    review_title varchar(1000) not null,
    constraint review_pk primary key (review_id),
    constraint product_review_fk foreign key (product_id) references products (product_id)

	at org.springframework.beans.factory.support.AbstractAutowireCapableBeanFactory.initializeBean(AbstractAutowireCapableBeanFactory.java:1778) ~[spring-beans-5.1.7.RELEASE.jar:5.1.7.RELEASE]
	at org.springframework.beans.factory.support.AbstractAutowireCapableBeanFactory.doCreateBean(AbstractAutowireCapableBeanFactory.java:593) ~[spring-beans-5.1.7.RELEASE.jar:5.1.7.RELEASE]
	at org.springframework.beans.factory.support.AbstractAutowireCapableBeanFactory.createBean(AbstractAutowireCapableBeanFactory.java:515) ~[spring-beans-5.1.7.RELEASE.jar:5.1.7.RELEASE]
	at org.springframework.beans.factory.support.AbstractBeanFactory.lambda$doGetBean$0(AbstractBeanFactory.java:320) ~[spring-beans-5.1.7.RELEASE.jar:5.1.7.RELEASE]
	at org.springframework.beans.factory.support.DefaultSingletonBeanRegistry.getSingleton(DefaultSingletonBeanRegistry.java:222) ~[spring-beans-5.1.7.RELEASE.jar:5.1.7.RELEASE]
	at org.springframework.beans.factory.support.AbstractBeanFactory.doGetBean(AbstractBeanFactory.java:318) ~[spring-beans-5.1.7.RELEASE.jar:5.1.7.RELEASE]
	at org.springframework.beans.factory.support.AbstractBeanFactory.getBean(AbstractBeanFactory.java:199) ~[spring-beans-5.1.7.RELEASE.jar:5.1.7.RELEASE]
	at org.springframework.beans.factory.support.AbstractBeanFactory.doGetBean(AbstractBeanFactory.java:307) ~[spring-beans-5.1.7.RELEASE.jar:5.1.7.RELEASE]
	at org.springframework.beans.factory.support.AbstractBeanFactory.getBean(AbstractBeanFactory.java:199) ~[spring-beans-5.1.7.RELEASE.jar:5.1.7.RELEASE]
	at org.springframework.context.support.AbstractApplicationContext.getBean(AbstractApplicationContext.java:1105) ~[spring-context-5.1.7.RELEASE.jar:5.1.7.RELEASE]
	at org.springframework.context.support.AbstractApplicationContext.finishBeanFactoryInitialization(AbstractApplicationContext.java:867) ~[spring-context-5.1.7.RELEASE.jar:5.1.7.RELEASE]
	at org.springframework.context.support.AbstractApplicationContext.refresh(AbstractApplicationContext.java:549) ~[spring-context-5.1.7.RELEASE.jar:5.1.7.RELEASE]
	at org.springframework.boot.SpringApplication.refresh(SpringApplication.java:775) ~[spring-boot-2.1.5.RELEASE.jar:2.1.5.RELEASE]
	at org.springframework.boot.SpringApplication.refreshContext(SpringApplication.java:397) ~[spring-boot-2.1.5.RELEASE.jar:2.1.5.RELEASE]
	at org.springframework.boot.SpringApplication.run(SpringApplication.java:316) ~[spring-boot-2.1.5.RELEASE.jar:2.1.5.RELEASE]
	at org.springframework.boot.test.context.SpringBootContextLoader.loadContext(SpringBootContextLoader.java:127) ~[spring-boot-test-2.1.5.RELEASE.jar:2.1.5.RELEASE]
	at org.springframework.test.context.cache.DefaultCacheAwareContextLoaderDelegate.loadContextInternal(DefaultCacheAwareContextLoaderDelegate.java:99) ~[spring-test-5.1.7.RELEASE.jar:5.1.7.RELEASE]
	at org.springframework.test.context.cache.DefaultCacheAwareContextLoaderDelegate.loadContext(DefaultCacheAwareContextLoaderDelegate.java:117) ~[spring-test-5.1.7.RELEASE.jar:5.1.7.RELEASE]
	... 28 common frames omitted
Caused by: org.flywaydb.core.internal.command.DbMigrate$FlywayMigrateException: 
Migration V01__initialise.sql failed
------------------------------------
SQL State  : 42001
Error Code : 42001
Message    : Syntax error in SQL statement "CREATE TABLE REVIEWS(
    REVIEW_ID INT NOT NULL AUTO_INCREMENT,
    PRODUCT_ID INT NOT NULL,
    REVIEW_TITLE VARCHAR(1000) NOT NULL,
    CONSTRAINT REVIEW_PK PRIMARY KEY (REVIEW_ID),
    CONSTRAINT PRODUCT_REVIEW_FK FOREIGN KEY (PRODUCT_ID) REFERENCES PRODUCTS (PRODUCT_ID) [*]"; expected "INDEX, ON, NOT, DEFERRABLE, NOCHECK, CHECK, ,, )"; SQL statement:
create table reviews(
    review_id int not null auto_increment,
    product_id int not null,
    review_title varchar(1000) not null,
    constraint review_pk primary key (review_id),
    constraint product_review_fk foreign key (product_id) references products (product_id) [42001-199]
Location   : db/migration/V01__initialise.sql (/Users/apoorvalonkar/Desktop/Java_course_Udacity/FINAL SUBMITTED PROJECT/ReviewsApiFinal/target/classes/db/migration/V01__initialise.sql)
Line       : 7
Statement  : create table reviews(
    review_id int not null auto_increment,
    product_id int not null,
    review_title varchar(1000) not null,
    constraint review_pk primary key (review_id),
    constraint product_review_fk foreign key (product_id) references products (product_id)

	at org.flywaydb.core.internal.command.DbMigrate.doMigrateGroup(DbMigrate.java:370) ~[flyway-core-5.2.4.jar:na]
	at org.flywaydb.core.internal.command.DbMigrate.access$200(DbMigrate.java:54) ~[flyway-core-5.2.4.jar:na]
	at org.flywaydb.core.internal.command.DbMigrate$3.call(DbMigrate.java:284) ~[flyway-core-5.2.4.jar:na]
	at org.flywaydb.core.internal.jdbc.TransactionTemplate.execute(TransactionTemplate.java:74) ~[flyway-core-5.2.4.jar:na]
	at org.flywaydb.core.internal.command.DbMigrate.applyMigrations(DbMigrate.java:281) ~[flyway-core-5.2.4.jar:na]
	at org.flywaydb.core.internal.command.DbMigrate.migrateGroup(DbMigrate.java:246) ~[flyway-core-5.2.4.jar:na]
	at org.flywaydb.core.internal.command.DbMigrate.access$100(DbMigrate.java:54) ~[flyway-core-5.2.4.jar:na]
	at org.flywaydb.core.internal.command.DbMigrate$2.call(DbMigrate.java:164) ~[flyway-core-5.2.4.jar:na]
	at org.flywaydb.core.internal.command.DbMigrate$2.call(DbMigrate.java:161) ~[flyway-core-5.2.4.jar:na]
	at org.flywaydb.core.internal.database.base.Connection$1.call(Connection.java:147) ~[flyway-core-5.2.4.jar:na]
	at org.flywaydb.core.internal.jdbc.TransactionTemplate.execute(TransactionTemplate.java:74) ~[flyway-core-5.2.4.jar:na]
	at org.flywaydb.core.internal.database.base.Connection.lock(Connection.java:143) ~[flyway-core-5.2.4.jar:na]
	at org.flywaydb.core.internal.schemahistory.JdbcTableSchemaHistory.lock(JdbcTableSchemaHistory.java:155) ~[flyway-core-5.2.4.jar:na]
	at org.flywaydb.core.internal.command.DbMigrate.migrateAll(DbMigrate.java:161) ~[flyway-core-5.2.4.jar:na]
	at org.flywaydb.core.internal.command.DbMigrate.migrate(DbMigrate.java:139) ~[flyway-core-5.2.4.jar:na]
	at org.flywaydb.core.Flyway$1.execute(Flyway.java:1395) ~[flyway-core-5.2.4.jar:na]
	at org.flywaydb.core.Flyway$1.execute(Flyway.java:1356) ~[flyway-core-5.2.4.jar:na]
	at org.flywaydb.core.Flyway.execute(Flyway.java:1711) ~[flyway-core-5.2.4.jar:na]
	at org.flywaydb.core.Flyway.migrate(Flyway.java:1356) ~[flyway-core-5.2.4.jar:na]
	at org.springframework.boot.autoconfigure.flyway.FlywayMigrationInitializer.afterPropertiesSet(FlywayMigrationInitializer.java:66) ~[spring-boot-autoconfigure-2.1.5.RELEASE.jar:2.1.5.RELEASE]
	at org.springframework.beans.factory.support.AbstractAutowireCapableBeanFactory.invokeInitMethods(AbstractAutowireCapableBeanFactory.java:1837) ~[spring-beans-5.1.7.RELEASE.jar:5.1.7.RELEASE]
	at org.springframework.beans.factory.support.AbstractAutowireCapableBeanFactory.initializeBean(AbstractAutowireCapableBeanFactory.java:1774) ~[spring-beans-5.1.7.RELEASE.jar:5.1.7.RELEASE]
	... 45 common frames omitted
Caused by: org.flywaydb.core.internal.sqlscript.FlywaySqlScriptException: 
Migration V01__initialise.sql failed
------------------------------------
SQL State  : 42001
Error Code : 42001
Message    : Syntax error in SQL statement "CREATE TABLE REVIEWS(
    REVIEW_ID INT NOT NULL AUTO_INCREMENT,
    PRODUCT_ID INT NOT NULL,
    REVIEW_TITLE VARCHAR(1000) NOT NULL,
    CONSTRAINT REVIEW_PK PRIMARY KEY (REVIEW_ID),
    CONSTRAINT PRODUCT_REVIEW_FK FOREIGN KEY (PRODUCT_ID) REFERENCES PRODUCTS (PRODUCT_ID) [*]"; expected "INDEX, ON, NOT, DEFERRABLE, NOCHECK, CHECK, ,, )"; SQL statement:
create table reviews(
    review_id int not null auto_increment,
    product_id int not null,
    review_title varchar(1000) not null,
    constraint review_pk primary key (review_id),
    constraint product_review_fk foreign key (product_id) references products (product_id) [42001-199]
Location   : db/migration/V01__initialise.sql (/Users/apoorvalonkar/Desktop/Java_course_Udacity/FINAL SUBMITTED PROJECT/ReviewsApiFinal/target/classes/db/migration/V01__initialise.sql)
Line       : 7
Statement  : create table reviews(
    review_id int not null auto_increment,
    product_id int not null,
    review_title varchar(1000) not null,
    constraint review_pk primary key (review_id),
    constraint product_review_fk foreign key (product_id) references products (product_id)

	at org.flywaydb.core.internal.sqlscript.DefaultSqlScriptExecutor.handleException(DefaultSqlScriptExecutor.java:253) ~[flyway-core-5.2.4.jar:na]
	at org.flywaydb.core.internal.sqlscript.DefaultSqlScriptExecutor.executeStatement(DefaultSqlScriptExecutor.java:202) ~[flyway-core-5.2.4.jar:na]
	at org.flywaydb.core.internal.sqlscript.DefaultSqlScriptExecutor.execute(DefaultSqlScriptExecutor.java:125) ~[flyway-core-5.2.4.jar:na]
	at org.flywaydb.core.internal.resolver.sql.SqlMigrationExecutor.execute(SqlMigrationExecutor.java:77) ~[flyway-core-5.2.4.jar:na]
	at org.flywaydb.core.internal.command.DbMigrate.doMigrateGroup(DbMigrate.java:367) ~[flyway-core-5.2.4.jar:na]
	... 66 common frames omitted
Caused by: org.h2.jdbc.JdbcSQLSyntaxErrorException: Syntax error in SQL statement "CREATE TABLE REVIEWS(
    REVIEW_ID INT NOT NULL AUTO_INCREMENT,
    PRODUCT_ID INT NOT NULL,
    REVIEW_TITLE VARCHAR(1000) NOT NULL,
    CONSTRAINT REVIEW_PK PRIMARY KEY (REVIEW_ID),
    CONSTRAINT PRODUCT_REVIEW_FK FOREIGN KEY (PRODUCT_ID) REFERENCES PRODUCTS (PRODUCT_ID) [*]"; expected "INDEX, ON, NOT, DEFERRABLE, NOCHECK, CHECK, ,, )"; SQL statement:
create table reviews(
    review_id int not null auto_increment,
    product_id int not null,
    review_title varchar(1000) not null,
    constraint review_pk primary key (review_id),
    constraint product_review_fk foreign key (product_id) references products (product_id) [42001-199]
	at org.h2.message.DbException.getJdbcSQLException(DbException.java:451) ~[h2-1.4.199.jar:1.4.199]
	at org.h2.message.DbException.getJdbcSQLException(DbException.java:427) ~[h2-1.4.199.jar:1.4.199]
	at org.h2.message.DbException.getSyntaxError(DbException.java:243) ~[h2-1.4.199.jar:1.4.199]
	at org.h2.command.Parser.getSyntaxError(Parser.java:991) ~[h2-1.4.199.jar:1.4.199]
	at org.h2.command.Parser.read(Parser.java:4549) ~[h2-1.4.199.jar:1.4.199]
	at org.h2.command.Parser.readIfMore(Parser.java:1391) ~[h2-1.4.199.jar:1.4.199]
	at org.h2.command.Parser.parseCreateTable(Parser.java:7833) ~[h2-1.4.199.jar:1.4.199]
	at org.h2.command.Parser.parseCreate(Parser.java:5818) ~[h2-1.4.199.jar:1.4.199]
	at org.h2.command.Parser.parsePrepared(Parser.java:846) ~[h2-1.4.199.jar:1.4.199]
	at org.h2.command.Parser.parse(Parser.java:788) ~[h2-1.4.199.jar:1.4.199]
	at org.h2.command.Parser.parse(Parser.java:764) ~[h2-1.4.199.jar:1.4.199]
	at org.h2.command.Parser.prepareCommand(Parser.java:683) ~[h2-1.4.199.jar:1.4.199]
	at org.h2.engine.Session.prepareLocal(Session.java:627) ~[h2-1.4.199.jar:1.4.199]
	at org.h2.engine.Session.prepareCommand(Session.java:565) ~[h2-1.4.199.jar:1.4.199]
	at org.h2.jdbc.JdbcConnection.prepareCommand(JdbcConnection.java:1292) ~[h2-1.4.199.jar:1.4.199]
	at org.h2.jdbc.JdbcStatement.executeInternal(JdbcStatement.java:217) ~[h2-1.4.199.jar:1.4.199]
	at org.h2.jdbc.JdbcStatement.execute(JdbcStatement.java:205) ~[h2-1.4.199.jar:1.4.199]
	at org.flywaydb.core.internal.jdbc.JdbcTemplate.executeStatement(JdbcTemplate.java:235) ~[flyway-core-5.2.4.jar:na]
	at org.flywaydb.core.internal.sqlscript.StandardSqlStatement.execute(StandardSqlStatement.java:42) ~[flyway-core-5.2.4.jar:na]
	at org.flywaydb.core.internal.sqlscript.DefaultSqlScriptExecutor.executeStatement(DefaultSqlScriptExecutor.java:189) ~[flyway-core-5.2.4.jar:na]
	... 69 common frames omitted

]]></system-out>
  </testcase>
  <testcase name="testFindReviewByComment" classname="com.udacity.course3.reviews.ReviewsApplicationTests" time="0">
    <error message="Failed to load ApplicationContext" type="java.lang.IllegalStateException">java.lang.IllegalStateException: Failed to load ApplicationContext
Caused by: org.springframework.beans.factory.BeanCreationException: 
Error creating bean with name 'flywayInitializer' defined in class path resource [org/springframework/boot/autoconfigure/flyway/FlywayAutoConfiguration$FlywayConfiguration.class]: Invocation of init method failed; nested exception is org.flywaydb.core.internal.command.DbMigrate$FlywayMigrateException: 
Migration V01__initialise.sql failed
------------------------------------
SQL State  : 42001
Error Code : 42001
Message    : Syntax error in SQL statement "CREATE TABLE REVIEWS(
    REVIEW_ID INT NOT NULL AUTO_INCREMENT,
    PRODUCT_ID INT NOT NULL,
    REVIEW_TITLE VARCHAR(1000) NOT NULL,
    CONSTRAINT REVIEW_PK PRIMARY KEY (REVIEW_ID),
    CONSTRAINT PRODUCT_REVIEW_FK FOREIGN KEY (PRODUCT_ID) REFERENCES PRODUCTS (PRODUCT_ID) [*]"; expected "INDEX, ON, NOT, DEFERRABLE, NOCHECK, CHECK, ,, )"; SQL statement:
create table reviews(
    review_id int not null auto_increment,
    product_id int not null,
    review_title varchar(1000) not null,
    constraint review_pk primary key (review_id),
    constraint product_review_fk foreign key (product_id) references products (product_id) [42001-199]
Location   : db/migration/V01__initialise.sql (/Users/apoorvalonkar/Desktop/Java_course_Udacity/FINAL SUBMITTED PROJECT/ReviewsApiFinal/target/classes/db/migration/V01__initialise.sql)
Line       : 7
Statement  : create table reviews(
    review_id int not null auto_increment,
    product_id int not null,
    review_title varchar(1000) not null,
    constraint review_pk primary key (review_id),
    constraint product_review_fk foreign key (product_id) references products (product_id)

Caused by: org.flywaydb.core.internal.command.DbMigrate$FlywayMigrateException: 

Migration V01__initialise.sql failed
------------------------------------
SQL State  : 42001
Error Code : 42001
Message    : Syntax error in SQL statement "CREATE TABLE REVIEWS(
    REVIEW_ID INT NOT NULL AUTO_INCREMENT,
    PRODUCT_ID INT NOT NULL,
    REVIEW_TITLE VARCHAR(1000) NOT NULL,
    CONSTRAINT REVIEW_PK PRIMARY KEY (REVIEW_ID),
    CONSTRAINT PRODUCT_REVIEW_FK FOREIGN KEY (PRODUCT_ID) REFERENCES PRODUCTS (PRODUCT_ID) [*]"; expected "INDEX, ON, NOT, DEFERRABLE, NOCHECK, CHECK, ,, )"; SQL statement:
create table reviews(
    review_id int not null auto_increment,
    product_id int not null,
    review_title varchar(1000) not null,
    constraint review_pk primary key (review_id),
    constraint product_review_fk foreign key (product_id) references products (product_id) [42001-199]
Location   : db/migration/V01__initialise.sql (/Users/apoorvalonkar/Desktop/Java_course_Udacity/FINAL SUBMITTED PROJECT/ReviewsApiFinal/target/classes/db/migration/V01__initialise.sql)
Line       : 7
Statement  : create table reviews(
    review_id int not null auto_increment,
    product_id int not null,
    review_title varchar(1000) not null,
    constraint review_pk primary key (review_id),
    constraint product_review_fk foreign key (product_id) references products (product_id)

Caused by: org.flywaydb.core.internal.sqlscript.FlywaySqlScriptException: 

Migration V01__initialise.sql failed
------------------------------------
SQL State  : 42001
Error Code : 42001
Message    : Syntax error in SQL statement "CREATE TABLE REVIEWS(
    REVIEW_ID INT NOT NULL AUTO_INCREMENT,
    PRODUCT_ID INT NOT NULL,
    REVIEW_TITLE VARCHAR(1000) NOT NULL,
    CONSTRAINT REVIEW_PK PRIMARY KEY (REVIEW_ID),
    CONSTRAINT PRODUCT_REVIEW_FK FOREIGN KEY (PRODUCT_ID) REFERENCES PRODUCTS (PRODUCT_ID) [*]"; expected "INDEX, ON, NOT, DEFERRABLE, NOCHECK, CHECK, ,, )"; SQL statement:
create table reviews(
    review_id int not null auto_increment,
    product_id int not null,
    review_title varchar(1000) not null,
    constraint review_pk primary key (review_id),
    constraint product_review_fk foreign key (product_id) references products (product_id) [42001-199]
Location   : db/migration/V01__initialise.sql (/Users/apoorvalonkar/Desktop/Java_course_Udacity/FINAL SUBMITTED PROJECT/ReviewsApiFinal/target/classes/db/migration/V01__initialise.sql)
Line       : 7
Statement  : create table reviews(
    review_id int not null auto_increment,
    product_id int not null,
    review_title varchar(1000) not null,
    constraint review_pk primary key (review_id),
    constraint product_review_fk foreign key (product_id) references products (product_id)

Caused by: org.h2.jdbc.JdbcSQLSyntaxErrorException: 
Syntax error in SQL statement "CREATE TABLE REVIEWS(
    REVIEW_ID INT NOT NULL AUTO_INCREMENT,
    PRODUCT_ID INT NOT NULL,
    REVIEW_TITLE VARCHAR(1000) NOT NULL,
    CONSTRAINT REVIEW_PK PRIMARY KEY (REVIEW_ID),
    CONSTRAINT PRODUCT_REVIEW_FK FOREIGN KEY (PRODUCT_ID) REFERENCES PRODUCTS (PRODUCT_ID) [*]"; expected "INDEX, ON, NOT, DEFERRABLE, NOCHECK, CHECK, ,, )"; SQL statement:
create table reviews(
    review_id int not null auto_increment,
    product_id int not null,
    review_title varchar(1000) not null,
    constraint review_pk primary key (review_id),
    constraint product_review_fk foreign key (product_id) references products (product_id) [42001-199]
</error>
    <system-out><![CDATA[
  .   ____          _            __ _ _
 /\\ / ___'_ __ _ _(_)_ __  __ _ \ \ \ \
( ( )\___ | '_ | '_| | '_ \/ _` | \ \ \ \
 \\/  ___)| |_)| | | | | || (_| |  ) ) ) )
  '  |____| .__|_| |_|_| |_\__, | / / / /
 =========|_|==============|___/=/_/_/_/
 :: Spring Boot ::        (v2.1.5.RELEASE)

2019-12-09 16:28:24.522  INFO 17053 --- [           main] c.u.c.reviews.ReviewsApplicationTests    : Starting ReviewsApplicationTests on Apoorvas-MBP.fios-router.home with PID 17053 (started by apoorvalonkar in /Users/apoorvalonkar/Desktop/Java_course_Udacity/FINAL SUBMITTED PROJECT/ReviewsApiFinal)
2019-12-09 16:28:24.523  INFO 17053 --- [           main] c.u.c.reviews.ReviewsApplicationTests    : No active profile set, falling back to default profiles: default
2019-12-09 16:28:24.604  INFO 17053 --- [           main] .s.d.r.c.RepositoryConfigurationDelegate : Multiple Spring Data modules found, entering strict repository configuration mode!
2019-12-09 16:28:24.604  INFO 17053 --- [           main] .s.d.r.c.RepositoryConfigurationDelegate : Bootstrapping Spring Data repositories in DEFAULT mode.
2019-12-09 16:28:24.613  INFO 17053 --- [           main] .RepositoryConfigurationExtensionSupport : Spring Data MongoDB - Could not safely identify store assignment for repository candidate interface com.udacity.course3.reviews.repository.MySQL.CommentRepository.
2019-12-09 16:28:24.614  INFO 17053 --- [           main] .RepositoryConfigurationExtensionSupport : Spring Data MongoDB - Could not safely identify store assignment for repository candidate interface com.udacity.course3.reviews.repository.MySQL.ProductRepository.
2019-12-09 16:28:24.614  INFO 17053 --- [           main] .RepositoryConfigurationExtensionSupport : Spring Data MongoDB - Could not safely identify store assignment for repository candidate interface com.udacity.course3.reviews.repository.MySQL.ReviewRepository.
2019-12-09 16:28:24.618  INFO 17053 --- [           main] .s.d.r.c.RepositoryConfigurationDelegate : Finished Spring Data repository scanning in 14ms. Found 1 repository interfaces.
2019-12-09 16:28:24.625  INFO 17053 --- [           main] .s.d.r.c.RepositoryConfigurationDelegate : Multiple Spring Data modules found, entering strict repository configuration mode!
2019-12-09 16:28:24.625  INFO 17053 --- [           main] .s.d.r.c.RepositoryConfigurationDelegate : Bootstrapping Spring Data repositories in DEFAULT mode.
2019-12-09 16:28:24.632  INFO 17053 --- [           main] .RepositoryConfigurationExtensionSupport : Spring Data JPA - Could not safely identify store assignment for repository candidate interface com.udacity.course3.reviews.repository.Mongo.MongoReviewRepository.
2019-12-09 16:28:24.647  INFO 17053 --- [           main] .s.d.r.c.RepositoryConfigurationDelegate : Finished Spring Data repository scanning in 22ms. Found 3 repository interfaces.
2019-12-09 16:28:24.675  INFO 17053 --- [           main] beddedDataSourceBeanFactoryPostProcessor : Replacing 'dataSource' DataSource bean with embedded version
2019-12-09 16:28:24.783  INFO 17053 --- [           main] o.s.j.d.e.EmbeddedDatabaseFactory        : Starting embedded database: url='jdbc:h2:mem:8dd82392-708d-444b-9c77-0ea1fab4ac74;DB_CLOSE_DELAY=-1;DB_CLOSE_ON_EXIT=false', username='sa'
2019-12-09 16:28:24.803  INFO 17053 --- [           main] o.f.c.internal.database.DatabaseFactory  : Database: jdbc:h2:mem:8dd82392-708d-444b-9c77-0ea1fab4ac74 (H2 1.4)
2019-12-09 16:28:24.804  WARN 17053 --- [           main] o.f.c.internal.database.base.Database    : Flyway upgrade recommended: H2 1.4.199 is newer than this version of Flyway and support has not been tested.
2019-12-09 16:28:24.813  INFO 17053 --- [           main] o.f.core.internal.command.DbValidate     : Successfully validated 1 migration (execution time 00:00.004s)
2019-12-09 16:28:24.818  INFO 17053 --- [           main] o.f.c.i.s.JdbcTableSchemaHistory         : Creating Schema History table: "PUBLIC"."flyway_schema_history"
2019-12-09 16:28:24.855  INFO 17053 --- [           main] o.f.core.internal.command.DbMigrate      : Current version of schema "PUBLIC": << Empty Schema >>
2019-12-09 16:28:24.855  INFO 17053 --- [           main] o.f.core.internal.command.DbMigrate      : Migrating schema "PUBLIC" to version 01 - initialise
2019-12-09 16:28:24.860 ERROR 17053 --- [           main] o.f.core.internal.command.DbMigrate      : Migration of schema "PUBLIC" to version 01 - initialise failed! Please restore backups and roll back database and code!
2019-12-09 16:28:24.869  WARN 17053 --- [           main] s.c.a.AnnotationConfigApplicationContext : Exception encountered during context initialization - cancelling refresh attempt: org.springframework.beans.factory.BeanCreationException: Error creating bean with name 'flywayInitializer' defined in class path resource [org/springframework/boot/autoconfigure/flyway/FlywayAutoConfiguration$FlywayConfiguration.class]: Invocation of init method failed; nested exception is org.flywaydb.core.internal.command.DbMigrate$FlywayMigrateException: 
Migration V01__initialise.sql failed
------------------------------------
SQL State  : 42001
Error Code : 42001
Message    : Syntax error in SQL statement "CREATE TABLE REVIEWS(
    REVIEW_ID INT NOT NULL AUTO_INCREMENT,
    PRODUCT_ID INT NOT NULL,
    REVIEW_TITLE VARCHAR(1000) NOT NULL,
    CONSTRAINT REVIEW_PK PRIMARY KEY (REVIEW_ID),
    CONSTRAINT PRODUCT_REVIEW_FK FOREIGN KEY (PRODUCT_ID) REFERENCES PRODUCTS (PRODUCT_ID) [*]"; expected "INDEX, ON, NOT, DEFERRABLE, NOCHECK, CHECK, ,, )"; SQL statement:
create table reviews(
    review_id int not null auto_increment,
    product_id int not null,
    review_title varchar(1000) not null,
    constraint review_pk primary key (review_id),
    constraint product_review_fk foreign key (product_id) references products (product_id) [42001-199]
Location   : db/migration/V01__initialise.sql (/Users/apoorvalonkar/Desktop/Java_course_Udacity/FINAL SUBMITTED PROJECT/ReviewsApiFinal/target/classes/db/migration/V01__initialise.sql)
Line       : 7
Statement  : create table reviews(
    review_id int not null auto_increment,
    product_id int not null,
    review_title varchar(1000) not null,
    constraint review_pk primary key (review_id),
    constraint product_review_fk foreign key (product_id) references products (product_id)

2019-12-09 16:28:24.870  INFO 17053 --- [           main] ConditionEvaluationReportLoggingListener : 

Error starting ApplicationContext. To display the conditions report re-run your application with 'debug' enabled.
2019-12-09 16:28:24.873 ERROR 17053 --- [           main] o.s.boot.SpringApplication               : Application run failed

org.springframework.beans.factory.BeanCreationException: Error creating bean with name 'flywayInitializer' defined in class path resource [org/springframework/boot/autoconfigure/flyway/FlywayAutoConfiguration$FlywayConfiguration.class]: Invocation of init method failed; nested exception is org.flywaydb.core.internal.command.DbMigrate$FlywayMigrateException: 
Migration V01__initialise.sql failed
------------------------------------
SQL State  : 42001
Error Code : 42001
Message    : Syntax error in SQL statement "CREATE TABLE REVIEWS(
    REVIEW_ID INT NOT NULL AUTO_INCREMENT,
    PRODUCT_ID INT NOT NULL,
    REVIEW_TITLE VARCHAR(1000) NOT NULL,
    CONSTRAINT REVIEW_PK PRIMARY KEY (REVIEW_ID),
    CONSTRAINT PRODUCT_REVIEW_FK FOREIGN KEY (PRODUCT_ID) REFERENCES PRODUCTS (PRODUCT_ID) [*]"; expected "INDEX, ON, NOT, DEFERRABLE, NOCHECK, CHECK, ,, )"; SQL statement:
create table reviews(
    review_id int not null auto_increment,
    product_id int not null,
    review_title varchar(1000) not null,
    constraint review_pk primary key (review_id),
    constraint product_review_fk foreign key (product_id) references products (product_id) [42001-199]
Location   : db/migration/V01__initialise.sql (/Users/apoorvalonkar/Desktop/Java_course_Udacity/FINAL SUBMITTED PROJECT/ReviewsApiFinal/target/classes/db/migration/V01__initialise.sql)
Line       : 7
Statement  : create table reviews(
    review_id int not null auto_increment,
    product_id int not null,
    review_title varchar(1000) not null,
    constraint review_pk primary key (review_id),
    constraint product_review_fk foreign key (product_id) references products (product_id)

	at org.springframework.beans.factory.support.AbstractAutowireCapableBeanFactory.initializeBean(AbstractAutowireCapableBeanFactory.java:1778) ~[spring-beans-5.1.7.RELEASE.jar:5.1.7.RELEASE]
	at org.springframework.beans.factory.support.AbstractAutowireCapableBeanFactory.doCreateBean(AbstractAutowireCapableBeanFactory.java:593) ~[spring-beans-5.1.7.RELEASE.jar:5.1.7.RELEASE]
	at org.springframework.beans.factory.support.AbstractAutowireCapableBeanFactory.createBean(AbstractAutowireCapableBeanFactory.java:515) ~[spring-beans-5.1.7.RELEASE.jar:5.1.7.RELEASE]
	at org.springframework.beans.factory.support.AbstractBeanFactory.lambda$doGetBean$0(AbstractBeanFactory.java:320) ~[spring-beans-5.1.7.RELEASE.jar:5.1.7.RELEASE]
	at org.springframework.beans.factory.support.DefaultSingletonBeanRegistry.getSingleton(DefaultSingletonBeanRegistry.java:222) ~[spring-beans-5.1.7.RELEASE.jar:5.1.7.RELEASE]
	at org.springframework.beans.factory.support.AbstractBeanFactory.doGetBean(AbstractBeanFactory.java:318) ~[spring-beans-5.1.7.RELEASE.jar:5.1.7.RELEASE]
	at org.springframework.beans.factory.support.AbstractBeanFactory.getBean(AbstractBeanFactory.java:199) ~[spring-beans-5.1.7.RELEASE.jar:5.1.7.RELEASE]
	at org.springframework.beans.factory.support.AbstractBeanFactory.doGetBean(AbstractBeanFactory.java:307) ~[spring-beans-5.1.7.RELEASE.jar:5.1.7.RELEASE]
	at org.springframework.beans.factory.support.AbstractBeanFactory.getBean(AbstractBeanFactory.java:199) ~[spring-beans-5.1.7.RELEASE.jar:5.1.7.RELEASE]
	at org.springframework.context.support.AbstractApplicationContext.getBean(AbstractApplicationContext.java:1105) ~[spring-context-5.1.7.RELEASE.jar:5.1.7.RELEASE]
	at org.springframework.context.support.AbstractApplicationContext.finishBeanFactoryInitialization(AbstractApplicationContext.java:867) ~[spring-context-5.1.7.RELEASE.jar:5.1.7.RELEASE]
	at org.springframework.context.support.AbstractApplicationContext.refresh(AbstractApplicationContext.java:549) ~[spring-context-5.1.7.RELEASE.jar:5.1.7.RELEASE]
	at org.springframework.boot.SpringApplication.refresh(SpringApplication.java:775) ~[spring-boot-2.1.5.RELEASE.jar:2.1.5.RELEASE]
	at org.springframework.boot.SpringApplication.refreshContext(SpringApplication.java:397) ~[spring-boot-2.1.5.RELEASE.jar:2.1.5.RELEASE]
	at org.springframework.boot.SpringApplication.run(SpringApplication.java:316) ~[spring-boot-2.1.5.RELEASE.jar:2.1.5.RELEASE]
	at org.springframework.boot.test.context.SpringBootContextLoader.loadContext(SpringBootContextLoader.java:127) [spring-boot-test-2.1.5.RELEASE.jar:2.1.5.RELEASE]
	at org.springframework.test.context.cache.DefaultCacheAwareContextLoaderDelegate.loadContextInternal(DefaultCacheAwareContextLoaderDelegate.java:99) [spring-test-5.1.7.RELEASE.jar:5.1.7.RELEASE]
	at org.springframework.test.context.cache.DefaultCacheAwareContextLoaderDelegate.loadContext(DefaultCacheAwareContextLoaderDelegate.java:117) [spring-test-5.1.7.RELEASE.jar:5.1.7.RELEASE]
	at org.springframework.test.context.support.DefaultTestContext.getApplicationContext(DefaultTestContext.java:108) [spring-test-5.1.7.RELEASE.jar:5.1.7.RELEASE]
	at org.springframework.test.context.support.DependencyInjectionTestExecutionListener.injectDependencies(DependencyInjectionTestExecutionListener.java:118) [spring-test-5.1.7.RELEASE.jar:5.1.7.RELEASE]
	at org.springframework.test.context.support.DependencyInjectionTestExecutionListener.prepareTestInstance(DependencyInjectionTestExecutionListener.java:83) [spring-test-5.1.7.RELEASE.jar:5.1.7.RELEASE]
	at org.springframework.boot.test.autoconfigure.SpringBootDependencyInjectionTestExecutionListener.prepareTestInstance(SpringBootDependencyInjectionTestExecutionListener.java:44) [spring-boot-test-autoconfigure-2.1.5.RELEASE.jar:2.1.5.RELEASE]
	at org.springframework.test.context.TestContextManager.prepareTestInstance(TestContextManager.java:246) [spring-test-5.1.7.RELEASE.jar:5.1.7.RELEASE]
	at org.springframework.test.context.junit4.SpringJUnit4ClassRunner.createTest(SpringJUnit4ClassRunner.java:227) [spring-test-5.1.7.RELEASE.jar:5.1.7.RELEASE]
	at org.springframework.test.context.junit4.SpringJUnit4ClassRunner$1.runReflectiveCall(SpringJUnit4ClassRunner.java:289) [spring-test-5.1.7.RELEASE.jar:5.1.7.RELEASE]
	at org.junit.internal.runners.model.ReflectiveCallable.run(ReflectiveCallable.java:12) [junit-4.12.jar:4.12]
	at org.springframework.test.context.junit4.SpringJUnit4ClassRunner.methodBlock(SpringJUnit4ClassRunner.java:291) [spring-test-5.1.7.RELEASE.jar:5.1.7.RELEASE]
	at org.springframework.test.context.junit4.SpringJUnit4ClassRunner.runChild(SpringJUnit4ClassRunner.java:246) [spring-test-5.1.7.RELEASE.jar:5.1.7.RELEASE]
	at org.springframework.test.context.junit4.SpringJUnit4ClassRunner.runChild(SpringJUnit4ClassRunner.java:97) [spring-test-5.1.7.RELEASE.jar:5.1.7.RELEASE]
	at org.junit.runners.ParentRunner$3.run(ParentRunner.java:290) [junit-4.12.jar:4.12]
	at org.junit.runners.ParentRunner$1.schedule(ParentRunner.java:71) [junit-4.12.jar:4.12]
	at org.junit.runners.ParentRunner.runChildren(ParentRunner.java:288) [junit-4.12.jar:4.12]
	at org.junit.runners.ParentRunner.access$000(ParentRunner.java:58) [junit-4.12.jar:4.12]
	at org.junit.runners.ParentRunner$2.evaluate(ParentRunner.java:268) [junit-4.12.jar:4.12]
	at org.springframework.test.context.junit4.statements.RunBeforeTestClassCallbacks.evaluate(RunBeforeTestClassCallbacks.java:61) [spring-test-5.1.7.RELEASE.jar:5.1.7.RELEASE]
	at org.springframework.test.context.junit4.statements.RunAfterTestClassCallbacks.evaluate(RunAfterTestClassCallbacks.java:70) [spring-test-5.1.7.RELEASE.jar:5.1.7.RELEASE]
	at org.junit.runners.ParentRunner.run(ParentRunner.java:363) [junit-4.12.jar:4.12]
	at org.springframework.test.context.junit4.SpringJUnit4ClassRunner.run(SpringJUnit4ClassRunner.java:190) [spring-test-5.1.7.RELEASE.jar:5.1.7.RELEASE]
	at org.apache.maven.surefire.junit4.JUnit4Provider.execute(JUnit4Provider.java:365) [surefire-junit4-2.22.2.jar:2.22.2]
	at org.apache.maven.surefire.junit4.JUnit4Provider.executeWithRerun(JUnit4Provider.java:273) [surefire-junit4-2.22.2.jar:2.22.2]
	at org.apache.maven.surefire.junit4.JUnit4Provider.executeTestSet(JUnit4Provider.java:238) [surefire-junit4-2.22.2.jar:2.22.2]
	at org.apache.maven.surefire.junit4.JUnit4Provider.invoke(JUnit4Provider.java:159) [surefire-junit4-2.22.2.jar:2.22.2]
	at org.apache.maven.surefire.booter.ForkedBooter.invokeProviderInSameClassLoader(ForkedBooter.java:384) [surefire-booter-2.22.2.jar:2.22.2]
	at org.apache.maven.surefire.booter.ForkedBooter.runSuitesInProcess(ForkedBooter.java:345) [surefire-booter-2.22.2.jar:2.22.2]
	at org.apache.maven.surefire.booter.ForkedBooter.execute(ForkedBooter.java:126) [surefire-booter-2.22.2.jar:2.22.2]
	at org.apache.maven.surefire.booter.ForkedBooter.main(ForkedBooter.java:418) [surefire-booter-2.22.2.jar:2.22.2]
Caused by: org.flywaydb.core.internal.command.DbMigrate$FlywayMigrateException: 
Migration V01__initialise.sql failed
------------------------------------
SQL State  : 42001
Error Code : 42001
Message    : Syntax error in SQL statement "CREATE TABLE REVIEWS(
    REVIEW_ID INT NOT NULL AUTO_INCREMENT,
    PRODUCT_ID INT NOT NULL,
    REVIEW_TITLE VARCHAR(1000) NOT NULL,
    CONSTRAINT REVIEW_PK PRIMARY KEY (REVIEW_ID),
    CONSTRAINT PRODUCT_REVIEW_FK FOREIGN KEY (PRODUCT_ID) REFERENCES PRODUCTS (PRODUCT_ID) [*]"; expected "INDEX, ON, NOT, DEFERRABLE, NOCHECK, CHECK, ,, )"; SQL statement:
create table reviews(
    review_id int not null auto_increment,
    product_id int not null,
    review_title varchar(1000) not null,
    constraint review_pk primary key (review_id),
    constraint product_review_fk foreign key (product_id) references products (product_id) [42001-199]
Location   : db/migration/V01__initialise.sql (/Users/apoorvalonkar/Desktop/Java_course_Udacity/FINAL SUBMITTED PROJECT/ReviewsApiFinal/target/classes/db/migration/V01__initialise.sql)
Line       : 7
Statement  : create table reviews(
    review_id int not null auto_increment,
    product_id int not null,
    review_title varchar(1000) not null,
    constraint review_pk primary key (review_id),
    constraint product_review_fk foreign key (product_id) references products (product_id)

	at org.flywaydb.core.internal.command.DbMigrate.doMigrateGroup(DbMigrate.java:370) ~[flyway-core-5.2.4.jar:na]
	at org.flywaydb.core.internal.command.DbMigrate.access$200(DbMigrate.java:54) ~[flyway-core-5.2.4.jar:na]
	at org.flywaydb.core.internal.command.DbMigrate$3.call(DbMigrate.java:284) ~[flyway-core-5.2.4.jar:na]
	at org.flywaydb.core.internal.jdbc.TransactionTemplate.execute(TransactionTemplate.java:74) ~[flyway-core-5.2.4.jar:na]
	at org.flywaydb.core.internal.command.DbMigrate.applyMigrations(DbMigrate.java:281) ~[flyway-core-5.2.4.jar:na]
	at org.flywaydb.core.internal.command.DbMigrate.migrateGroup(DbMigrate.java:246) ~[flyway-core-5.2.4.jar:na]
	at org.flywaydb.core.internal.command.DbMigrate.access$100(DbMigrate.java:54) ~[flyway-core-5.2.4.jar:na]
	at org.flywaydb.core.internal.command.DbMigrate$2.call(DbMigrate.java:164) ~[flyway-core-5.2.4.jar:na]
	at org.flywaydb.core.internal.command.DbMigrate$2.call(DbMigrate.java:161) ~[flyway-core-5.2.4.jar:na]
	at org.flywaydb.core.internal.database.base.Connection$1.call(Connection.java:147) ~[flyway-core-5.2.4.jar:na]
	at org.flywaydb.core.internal.jdbc.TransactionTemplate.execute(TransactionTemplate.java:74) ~[flyway-core-5.2.4.jar:na]
	at org.flywaydb.core.internal.database.base.Connection.lock(Connection.java:143) ~[flyway-core-5.2.4.jar:na]
	at org.flywaydb.core.internal.schemahistory.JdbcTableSchemaHistory.lock(JdbcTableSchemaHistory.java:155) ~[flyway-core-5.2.4.jar:na]
	at org.flywaydb.core.internal.command.DbMigrate.migrateAll(DbMigrate.java:161) ~[flyway-core-5.2.4.jar:na]
	at org.flywaydb.core.internal.command.DbMigrate.migrate(DbMigrate.java:139) ~[flyway-core-5.2.4.jar:na]
	at org.flywaydb.core.Flyway$1.execute(Flyway.java:1395) ~[flyway-core-5.2.4.jar:na]
	at org.flywaydb.core.Flyway$1.execute(Flyway.java:1356) ~[flyway-core-5.2.4.jar:na]
	at org.flywaydb.core.Flyway.execute(Flyway.java:1711) ~[flyway-core-5.2.4.jar:na]
	at org.flywaydb.core.Flyway.migrate(Flyway.java:1356) ~[flyway-core-5.2.4.jar:na]
	at org.springframework.boot.autoconfigure.flyway.FlywayMigrationInitializer.afterPropertiesSet(FlywayMigrationInitializer.java:66) ~[spring-boot-autoconfigure-2.1.5.RELEASE.jar:2.1.5.RELEASE]
	at org.springframework.beans.factory.support.AbstractAutowireCapableBeanFactory.invokeInitMethods(AbstractAutowireCapableBeanFactory.java:1837) ~[spring-beans-5.1.7.RELEASE.jar:5.1.7.RELEASE]
	at org.springframework.beans.factory.support.AbstractAutowireCapableBeanFactory.initializeBean(AbstractAutowireCapableBeanFactory.java:1774) ~[spring-beans-5.1.7.RELEASE.jar:5.1.7.RELEASE]
	... 45 common frames omitted
Caused by: org.flywaydb.core.internal.sqlscript.FlywaySqlScriptException: 
Migration V01__initialise.sql failed
------------------------------------
SQL State  : 42001
Error Code : 42001
Message    : Syntax error in SQL statement "CREATE TABLE REVIEWS(
    REVIEW_ID INT NOT NULL AUTO_INCREMENT,
    PRODUCT_ID INT NOT NULL,
    REVIEW_TITLE VARCHAR(1000) NOT NULL,
    CONSTRAINT REVIEW_PK PRIMARY KEY (REVIEW_ID),
    CONSTRAINT PRODUCT_REVIEW_FK FOREIGN KEY (PRODUCT_ID) REFERENCES PRODUCTS (PRODUCT_ID) [*]"; expected "INDEX, ON, NOT, DEFERRABLE, NOCHECK, CHECK, ,, )"; SQL statement:
create table reviews(
    review_id int not null auto_increment,
    product_id int not null,
    review_title varchar(1000) not null,
    constraint review_pk primary key (review_id),
    constraint product_review_fk foreign key (product_id) references products (product_id) [42001-199]
Location   : db/migration/V01__initialise.sql (/Users/apoorvalonkar/Desktop/Java_course_Udacity/FINAL SUBMITTED PROJECT/ReviewsApiFinal/target/classes/db/migration/V01__initialise.sql)
Line       : 7
Statement  : create table reviews(
    review_id int not null auto_increment,
    product_id int not null,
    review_title varchar(1000) not null,
    constraint review_pk primary key (review_id),
    constraint product_review_fk foreign key (product_id) references products (product_id)

	at org.flywaydb.core.internal.sqlscript.DefaultSqlScriptExecutor.handleException(DefaultSqlScriptExecutor.java:253) ~[flyway-core-5.2.4.jar:na]
	at org.flywaydb.core.internal.sqlscript.DefaultSqlScriptExecutor.executeStatement(DefaultSqlScriptExecutor.java:202) ~[flyway-core-5.2.4.jar:na]
	at org.flywaydb.core.internal.sqlscript.DefaultSqlScriptExecutor.execute(DefaultSqlScriptExecutor.java:125) ~[flyway-core-5.2.4.jar:na]
	at org.flywaydb.core.internal.resolver.sql.SqlMigrationExecutor.execute(SqlMigrationExecutor.java:77) ~[flyway-core-5.2.4.jar:na]
	at org.flywaydb.core.internal.command.DbMigrate.doMigrateGroup(DbMigrate.java:367) ~[flyway-core-5.2.4.jar:na]
	... 66 common frames omitted
Caused by: org.h2.jdbc.JdbcSQLSyntaxErrorException: Syntax error in SQL statement "CREATE TABLE REVIEWS(
    REVIEW_ID INT NOT NULL AUTO_INCREMENT,
    PRODUCT_ID INT NOT NULL,
    REVIEW_TITLE VARCHAR(1000) NOT NULL,
    CONSTRAINT REVIEW_PK PRIMARY KEY (REVIEW_ID),
    CONSTRAINT PRODUCT_REVIEW_FK FOREIGN KEY (PRODUCT_ID) REFERENCES PRODUCTS (PRODUCT_ID) [*]"; expected "INDEX, ON, NOT, DEFERRABLE, NOCHECK, CHECK, ,, )"; SQL statement:
create table reviews(
    review_id int not null auto_increment,
    product_id int not null,
    review_title varchar(1000) not null,
    constraint review_pk primary key (review_id),
    constraint product_review_fk foreign key (product_id) references products (product_id) [42001-199]
	at org.h2.message.DbException.getJdbcSQLException(DbException.java:451) ~[h2-1.4.199.jar:1.4.199]
	at org.h2.message.DbException.getJdbcSQLException(DbException.java:427) ~[h2-1.4.199.jar:1.4.199]
	at org.h2.message.DbException.getSyntaxError(DbException.java:243) ~[h2-1.4.199.jar:1.4.199]
	at org.h2.command.Parser.getSyntaxError(Parser.java:991) ~[h2-1.4.199.jar:1.4.199]
	at org.h2.command.Parser.read(Parser.java:4549) ~[h2-1.4.199.jar:1.4.199]
	at org.h2.command.Parser.readIfMore(Parser.java:1391) ~[h2-1.4.199.jar:1.4.199]
	at org.h2.command.Parser.parseCreateTable(Parser.java:7833) ~[h2-1.4.199.jar:1.4.199]
	at org.h2.command.Parser.parseCreate(Parser.java:5818) ~[h2-1.4.199.jar:1.4.199]
	at org.h2.command.Parser.parsePrepared(Parser.java:846) ~[h2-1.4.199.jar:1.4.199]
	at org.h2.command.Parser.parse(Parser.java:788) ~[h2-1.4.199.jar:1.4.199]
	at org.h2.command.Parser.parse(Parser.java:764) ~[h2-1.4.199.jar:1.4.199]
	at org.h2.command.Parser.prepareCommand(Parser.java:683) ~[h2-1.4.199.jar:1.4.199]
	at org.h2.engine.Session.prepareLocal(Session.java:627) ~[h2-1.4.199.jar:1.4.199]
	at org.h2.engine.Session.prepareCommand(Session.java:565) ~[h2-1.4.199.jar:1.4.199]
	at org.h2.jdbc.JdbcConnection.prepareCommand(JdbcConnection.java:1292) ~[h2-1.4.199.jar:1.4.199]
	at org.h2.jdbc.JdbcStatement.executeInternal(JdbcStatement.java:217) ~[h2-1.4.199.jar:1.4.199]
	at org.h2.jdbc.JdbcStatement.execute(JdbcStatement.java:205) ~[h2-1.4.199.jar:1.4.199]
	at org.flywaydb.core.internal.jdbc.JdbcTemplate.executeStatement(JdbcTemplate.java:235) ~[flyway-core-5.2.4.jar:na]
	at org.flywaydb.core.internal.sqlscript.StandardSqlStatement.execute(StandardSqlStatement.java:42) ~[flyway-core-5.2.4.jar:na]
	at org.flywaydb.core.internal.sqlscript.DefaultSqlScriptExecutor.executeStatement(DefaultSqlScriptExecutor.java:189) ~[flyway-core-5.2.4.jar:na]
	... 69 common frames omitted


  .   ____          _            __ _ _
 /\\ / ___'_ __ _ _(_)_ __  __ _ \ \ \ \
( ( )\___ | '_ | '_| | '_ \/ _` | \ \ \ \
 \\/  ___)| |_)| | | | | || (_| |  ) ) ) )
  '  |____| .__|_| |_|_| |_\__, | / / / /
 =========|_|==============|___/=/_/_/_/
 :: Spring Boot ::        (v2.1.5.RELEASE)

2019-12-09 16:28:24.938  INFO 17053 --- [           main] c.u.c.reviews.ReviewsApplicationTests    : Starting ReviewsApplicationTests on Apoorvas-MBP.fios-router.home with PID 17053 (started by apoorvalonkar in /Users/apoorvalonkar/Desktop/Java_course_Udacity/FINAL SUBMITTED PROJECT/ReviewsApiFinal)
2019-12-09 16:28:24.939  INFO 17053 --- [           main] c.u.c.reviews.ReviewsApplicationTests    : No active profile set, falling back to default profiles: default
2019-12-09 16:28:25.014  INFO 17053 --- [           main] .s.d.r.c.RepositoryConfigurationDelegate : Multiple Spring Data modules found, entering strict repository configuration mode!
2019-12-09 16:28:25.014  INFO 17053 --- [           main] .s.d.r.c.RepositoryConfigurationDelegate : Bootstrapping Spring Data repositories in DEFAULT mode.
2019-12-09 16:28:25.020  INFO 17053 --- [           main] .RepositoryConfigurationExtensionSupport : Spring Data MongoDB - Could not safely identify store assignment for repository candidate interface com.udacity.course3.reviews.repository.MySQL.CommentRepository.
2019-12-09 16:28:25.021  INFO 17053 --- [           main] .RepositoryConfigurationExtensionSupport : Spring Data MongoDB - Could not safely identify store assignment for repository candidate interface com.udacity.course3.reviews.repository.MySQL.ProductRepository.
2019-12-09 16:28:25.021  INFO 17053 --- [           main] .RepositoryConfigurationExtensionSupport : Spring Data MongoDB - Could not safely identify store assignment for repository candidate interface com.udacity.course3.reviews.repository.MySQL.ReviewRepository.
2019-12-09 16:28:25.032  INFO 17053 --- [           main] .s.d.r.c.RepositoryConfigurationDelegate : Finished Spring Data repository scanning in 17ms. Found 1 repository interfaces.
2019-12-09 16:28:25.039  INFO 17053 --- [           main] .s.d.r.c.RepositoryConfigurationDelegate : Multiple Spring Data modules found, entering strict repository configuration mode!
2019-12-09 16:28:25.039  INFO 17053 --- [           main] .s.d.r.c.RepositoryConfigurationDelegate : Bootstrapping Spring Data repositories in DEFAULT mode.
2019-12-09 16:28:25.048  INFO 17053 --- [           main] .RepositoryConfigurationExtensionSupport : Spring Data JPA - Could not safely identify store assignment for repository candidate interface com.udacity.course3.reviews.repository.Mongo.MongoReviewRepository.
2019-12-09 16:28:25.058  INFO 17053 --- [           main] .s.d.r.c.RepositoryConfigurationDelegate : Finished Spring Data repository scanning in 18ms. Found 3 repository interfaces.
2019-12-09 16:28:25.067  INFO 17053 --- [           main] beddedDataSourceBeanFactoryPostProcessor : Replacing 'dataSource' DataSource bean with embedded version
2019-12-09 16:28:25.210  INFO 17053 --- [           main] o.s.j.d.e.EmbeddedDatabaseFactory        : Starting embedded database: url='jdbc:h2:mem:91bb1fa1-3d47-4a5c-8844-e4e3f485e483;DB_CLOSE_DELAY=-1;DB_CLOSE_ON_EXIT=false', username='sa'
2019-12-09 16:28:25.231  INFO 17053 --- [           main] o.f.c.internal.database.DatabaseFactory  : Database: jdbc:h2:mem:91bb1fa1-3d47-4a5c-8844-e4e3f485e483 (H2 1.4)
2019-12-09 16:28:25.232  WARN 17053 --- [           main] o.f.c.internal.database.base.Database    : Flyway upgrade recommended: H2 1.4.199 is newer than this version of Flyway and support has not been tested.
2019-12-09 16:28:25.236  INFO 17053 --- [           main] o.f.core.internal.command.DbValidate     : Successfully validated 1 migration (execution time 00:00.001s)
2019-12-09 16:28:25.240  INFO 17053 --- [           main] o.f.c.i.s.JdbcTableSchemaHistory         : Creating Schema History table: "PUBLIC"."flyway_schema_history"
2019-12-09 16:28:25.247  INFO 17053 --- [           main] o.f.core.internal.command.DbMigrate      : Current version of schema "PUBLIC": << Empty Schema >>
2019-12-09 16:28:25.247  INFO 17053 --- [           main] o.f.core.internal.command.DbMigrate      : Migrating schema "PUBLIC" to version 01 - initialise
2019-12-09 16:28:25.249 ERROR 17053 --- [           main] o.f.core.internal.command.DbMigrate      : Migration of schema "PUBLIC" to version 01 - initialise failed! Please restore backups and roll back database and code!
2019-12-09 16:28:25.252  WARN 17053 --- [           main] s.c.a.AnnotationConfigApplicationContext : Exception encountered during context initialization - cancelling refresh attempt: org.springframework.beans.factory.BeanCreationException: Error creating bean with name 'flywayInitializer' defined in class path resource [org/springframework/boot/autoconfigure/flyway/FlywayAutoConfiguration$FlywayConfiguration.class]: Invocation of init method failed; nested exception is org.flywaydb.core.internal.command.DbMigrate$FlywayMigrateException: 
Migration V01__initialise.sql failed
------------------------------------
SQL State  : 42001
Error Code : 42001
Message    : Syntax error in SQL statement "CREATE TABLE REVIEWS(
    REVIEW_ID INT NOT NULL AUTO_INCREMENT,
    PRODUCT_ID INT NOT NULL,
    REVIEW_TITLE VARCHAR(1000) NOT NULL,
    CONSTRAINT REVIEW_PK PRIMARY KEY (REVIEW_ID),
    CONSTRAINT PRODUCT_REVIEW_FK FOREIGN KEY (PRODUCT_ID) REFERENCES PRODUCTS (PRODUCT_ID) [*]"; expected "INDEX, ON, NOT, DEFERRABLE, NOCHECK, CHECK, ,, )"; SQL statement:
create table reviews(
    review_id int not null auto_increment,
    product_id int not null,
    review_title varchar(1000) not null,
    constraint review_pk primary key (review_id),
    constraint product_review_fk foreign key (product_id) references products (product_id) [42001-199]
Location   : db/migration/V01__initialise.sql (/Users/apoorvalonkar/Desktop/Java_course_Udacity/FINAL SUBMITTED PROJECT/ReviewsApiFinal/target/classes/db/migration/V01__initialise.sql)
Line       : 7
Statement  : create table reviews(
    review_id int not null auto_increment,
    product_id int not null,
    review_title varchar(1000) not null,
    constraint review_pk primary key (review_id),
    constraint product_review_fk foreign key (product_id) references products (product_id)

2019-12-09 16:28:25.252  INFO 17053 --- [           main] ConditionEvaluationReportLoggingListener : 

Error starting ApplicationContext. To display the conditions report re-run your application with 'debug' enabled.
2019-12-09 16:28:25.254 ERROR 17053 --- [           main] o.s.boot.SpringApplication               : Application run failed

org.springframework.beans.factory.BeanCreationException: Error creating bean with name 'flywayInitializer' defined in class path resource [org/springframework/boot/autoconfigure/flyway/FlywayAutoConfiguration$FlywayConfiguration.class]: Invocation of init method failed; nested exception is org.flywaydb.core.internal.command.DbMigrate$FlywayMigrateException: 
Migration V01__initialise.sql failed
------------------------------------
SQL State  : 42001
Error Code : 42001
Message    : Syntax error in SQL statement "CREATE TABLE REVIEWS(
    REVIEW_ID INT NOT NULL AUTO_INCREMENT,
    PRODUCT_ID INT NOT NULL,
    REVIEW_TITLE VARCHAR(1000) NOT NULL,
    CONSTRAINT REVIEW_PK PRIMARY KEY (REVIEW_ID),
    CONSTRAINT PRODUCT_REVIEW_FK FOREIGN KEY (PRODUCT_ID) REFERENCES PRODUCTS (PRODUCT_ID) [*]"; expected "INDEX, ON, NOT, DEFERRABLE, NOCHECK, CHECK, ,, )"; SQL statement:
create table reviews(
    review_id int not null auto_increment,
    product_id int not null,
    review_title varchar(1000) not null,
    constraint review_pk primary key (review_id),
    constraint product_review_fk foreign key (product_id) references products (product_id) [42001-199]
Location   : db/migration/V01__initialise.sql (/Users/apoorvalonkar/Desktop/Java_course_Udacity/FINAL SUBMITTED PROJECT/ReviewsApiFinal/target/classes/db/migration/V01__initialise.sql)
Line       : 7
Statement  : create table reviews(
    review_id int not null auto_increment,
    product_id int not null,
    review_title varchar(1000) not null,
    constraint review_pk primary key (review_id),
    constraint product_review_fk foreign key (product_id) references products (product_id)

	at org.springframework.beans.factory.support.AbstractAutowireCapableBeanFactory.initializeBean(AbstractAutowireCapableBeanFactory.java:1778) ~[spring-beans-5.1.7.RELEASE.jar:5.1.7.RELEASE]
	at org.springframework.beans.factory.support.AbstractAutowireCapableBeanFactory.doCreateBean(AbstractAutowireCapableBeanFactory.java:593) ~[spring-beans-5.1.7.RELEASE.jar:5.1.7.RELEASE]
	at org.springframework.beans.factory.support.AbstractAutowireCapableBeanFactory.createBean(AbstractAutowireCapableBeanFactory.java:515) ~[spring-beans-5.1.7.RELEASE.jar:5.1.7.RELEASE]
	at org.springframework.beans.factory.support.AbstractBeanFactory.lambda$doGetBean$0(AbstractBeanFactory.java:320) ~[spring-beans-5.1.7.RELEASE.jar:5.1.7.RELEASE]
	at org.springframework.beans.factory.support.DefaultSingletonBeanRegistry.getSingleton(DefaultSingletonBeanRegistry.java:222) ~[spring-beans-5.1.7.RELEASE.jar:5.1.7.RELEASE]
	at org.springframework.beans.factory.support.AbstractBeanFactory.doGetBean(AbstractBeanFactory.java:318) ~[spring-beans-5.1.7.RELEASE.jar:5.1.7.RELEASE]
	at org.springframework.beans.factory.support.AbstractBeanFactory.getBean(AbstractBeanFactory.java:199) ~[spring-beans-5.1.7.RELEASE.jar:5.1.7.RELEASE]
	at org.springframework.beans.factory.support.AbstractBeanFactory.doGetBean(AbstractBeanFactory.java:307) ~[spring-beans-5.1.7.RELEASE.jar:5.1.7.RELEASE]
	at org.springframework.beans.factory.support.AbstractBeanFactory.getBean(AbstractBeanFactory.java:199) ~[spring-beans-5.1.7.RELEASE.jar:5.1.7.RELEASE]
	at org.springframework.context.support.AbstractApplicationContext.getBean(AbstractApplicationContext.java:1105) ~[spring-context-5.1.7.RELEASE.jar:5.1.7.RELEASE]
	at org.springframework.context.support.AbstractApplicationContext.finishBeanFactoryInitialization(AbstractApplicationContext.java:867) ~[spring-context-5.1.7.RELEASE.jar:5.1.7.RELEASE]
	at org.springframework.context.support.AbstractApplicationContext.refresh(AbstractApplicationContext.java:549) ~[spring-context-5.1.7.RELEASE.jar:5.1.7.RELEASE]
	at org.springframework.boot.SpringApplication.refresh(SpringApplication.java:775) ~[spring-boot-2.1.5.RELEASE.jar:2.1.5.RELEASE]
	at org.springframework.boot.SpringApplication.refreshContext(SpringApplication.java:397) ~[spring-boot-2.1.5.RELEASE.jar:2.1.5.RELEASE]
	at org.springframework.boot.SpringApplication.run(SpringApplication.java:316) ~[spring-boot-2.1.5.RELEASE.jar:2.1.5.RELEASE]
	at org.springframework.boot.test.context.SpringBootContextLoader.loadContext(SpringBootContextLoader.java:127) [spring-boot-test-2.1.5.RELEASE.jar:2.1.5.RELEASE]
	at org.springframework.test.context.cache.DefaultCacheAwareContextLoaderDelegate.loadContextInternal(DefaultCacheAwareContextLoaderDelegate.java:99) [spring-test-5.1.7.RELEASE.jar:5.1.7.RELEASE]
	at org.springframework.test.context.cache.DefaultCacheAwareContextLoaderDelegate.loadContext(DefaultCacheAwareContextLoaderDelegate.java:117) [spring-test-5.1.7.RELEASE.jar:5.1.7.RELEASE]
	at org.springframework.test.context.support.DefaultTestContext.getApplicationContext(DefaultTestContext.java:108) [spring-test-5.1.7.RELEASE.jar:5.1.7.RELEASE]
	at org.springframework.boot.test.autoconfigure.SpringBootDependencyInjectionTestExecutionListener.outputConditionEvaluationReport(SpringBootDependencyInjectionTestExecutionListener.java:54) [spring-boot-test-autoconfigure-2.1.5.RELEASE.jar:2.1.5.RELEASE]
	at org.springframework.boot.test.autoconfigure.SpringBootDependencyInjectionTestExecutionListener.prepareTestInstance(SpringBootDependencyInjectionTestExecutionListener.java:47) [spring-boot-test-autoconfigure-2.1.5.RELEASE.jar:2.1.5.RELEASE]
	at org.springframework.test.context.TestContextManager.prepareTestInstance(TestContextManager.java:246) [spring-test-5.1.7.RELEASE.jar:5.1.7.RELEASE]
	at org.springframework.test.context.junit4.SpringJUnit4ClassRunner.createTest(SpringJUnit4ClassRunner.java:227) [spring-test-5.1.7.RELEASE.jar:5.1.7.RELEASE]
	at org.springframework.test.context.junit4.SpringJUnit4ClassRunner$1.runReflectiveCall(SpringJUnit4ClassRunner.java:289) [spring-test-5.1.7.RELEASE.jar:5.1.7.RELEASE]
	at org.junit.internal.runners.model.ReflectiveCallable.run(ReflectiveCallable.java:12) [junit-4.12.jar:4.12]
	at org.springframework.test.context.junit4.SpringJUnit4ClassRunner.methodBlock(SpringJUnit4ClassRunner.java:291) [spring-test-5.1.7.RELEASE.jar:5.1.7.RELEASE]
	at org.springframework.test.context.junit4.SpringJUnit4ClassRunner.runChild(SpringJUnit4ClassRunner.java:246) [spring-test-5.1.7.RELEASE.jar:5.1.7.RELEASE]
	at org.springframework.test.context.junit4.SpringJUnit4ClassRunner.runChild(SpringJUnit4ClassRunner.java:97) [spring-test-5.1.7.RELEASE.jar:5.1.7.RELEASE]
	at org.junit.runners.ParentRunner$3.run(ParentRunner.java:290) [junit-4.12.jar:4.12]
	at org.junit.runners.ParentRunner$1.schedule(ParentRunner.java:71) [junit-4.12.jar:4.12]
	at org.junit.runners.ParentRunner.runChildren(ParentRunner.java:288) [junit-4.12.jar:4.12]
	at org.junit.runners.ParentRunner.access$000(ParentRunner.java:58) [junit-4.12.jar:4.12]
	at org.junit.runners.ParentRunner$2.evaluate(ParentRunner.java:268) [junit-4.12.jar:4.12]
	at org.springframework.test.context.junit4.statements.RunBeforeTestClassCallbacks.evaluate(RunBeforeTestClassCallbacks.java:61) [spring-test-5.1.7.RELEASE.jar:5.1.7.RELEASE]
	at org.springframework.test.context.junit4.statements.RunAfterTestClassCallbacks.evaluate(RunAfterTestClassCallbacks.java:70) [spring-test-5.1.7.RELEASE.jar:5.1.7.RELEASE]
	at org.junit.runners.ParentRunner.run(ParentRunner.java:363) [junit-4.12.jar:4.12]
	at org.springframework.test.context.junit4.SpringJUnit4ClassRunner.run(SpringJUnit4ClassRunner.java:190) [spring-test-5.1.7.RELEASE.jar:5.1.7.RELEASE]
	at org.apache.maven.surefire.junit4.JUnit4Provider.execute(JUnit4Provider.java:365) [surefire-junit4-2.22.2.jar:2.22.2]
	at org.apache.maven.surefire.junit4.JUnit4Provider.executeWithRerun(JUnit4Provider.java:273) [surefire-junit4-2.22.2.jar:2.22.2]
	at org.apache.maven.surefire.junit4.JUnit4Provider.executeTestSet(JUnit4Provider.java:238) [surefire-junit4-2.22.2.jar:2.22.2]
	at org.apache.maven.surefire.junit4.JUnit4Provider.invoke(JUnit4Provider.java:159) [surefire-junit4-2.22.2.jar:2.22.2]
	at org.apache.maven.surefire.booter.ForkedBooter.invokeProviderInSameClassLoader(ForkedBooter.java:384) [surefire-booter-2.22.2.jar:2.22.2]
	at org.apache.maven.surefire.booter.ForkedBooter.runSuitesInProcess(ForkedBooter.java:345) [surefire-booter-2.22.2.jar:2.22.2]
	at org.apache.maven.surefire.booter.ForkedBooter.execute(ForkedBooter.java:126) [surefire-booter-2.22.2.jar:2.22.2]
	at org.apache.maven.surefire.booter.ForkedBooter.main(ForkedBooter.java:418) [surefire-booter-2.22.2.jar:2.22.2]
Caused by: org.flywaydb.core.internal.command.DbMigrate$FlywayMigrateException: 
Migration V01__initialise.sql failed
------------------------------------
SQL State  : 42001
Error Code : 42001
Message    : Syntax error in SQL statement "CREATE TABLE REVIEWS(
    REVIEW_ID INT NOT NULL AUTO_INCREMENT,
    PRODUCT_ID INT NOT NULL,
    REVIEW_TITLE VARCHAR(1000) NOT NULL,
    CONSTRAINT REVIEW_PK PRIMARY KEY (REVIEW_ID),
    CONSTRAINT PRODUCT_REVIEW_FK FOREIGN KEY (PRODUCT_ID) REFERENCES PRODUCTS (PRODUCT_ID) [*]"; expected "INDEX, ON, NOT, DEFERRABLE, NOCHECK, CHECK, ,, )"; SQL statement:
create table reviews(
    review_id int not null auto_increment,
    product_id int not null,
    review_title varchar(1000) not null,
    constraint review_pk primary key (review_id),
    constraint product_review_fk foreign key (product_id) references products (product_id) [42001-199]
Location   : db/migration/V01__initialise.sql (/Users/apoorvalonkar/Desktop/Java_course_Udacity/FINAL SUBMITTED PROJECT/ReviewsApiFinal/target/classes/db/migration/V01__initialise.sql)
Line       : 7
Statement  : create table reviews(
    review_id int not null auto_increment,
    product_id int not null,
    review_title varchar(1000) not null,
    constraint review_pk primary key (review_id),
    constraint product_review_fk foreign key (product_id) references products (product_id)

	at org.flywaydb.core.internal.command.DbMigrate.doMigrateGroup(DbMigrate.java:370) ~[flyway-core-5.2.4.jar:na]
	at org.flywaydb.core.internal.command.DbMigrate.access$200(DbMigrate.java:54) ~[flyway-core-5.2.4.jar:na]
	at org.flywaydb.core.internal.command.DbMigrate$3.call(DbMigrate.java:284) ~[flyway-core-5.2.4.jar:na]
	at org.flywaydb.core.internal.jdbc.TransactionTemplate.execute(TransactionTemplate.java:74) ~[flyway-core-5.2.4.jar:na]
	at org.flywaydb.core.internal.command.DbMigrate.applyMigrations(DbMigrate.java:281) ~[flyway-core-5.2.4.jar:na]
	at org.flywaydb.core.internal.command.DbMigrate.migrateGroup(DbMigrate.java:246) ~[flyway-core-5.2.4.jar:na]
	at org.flywaydb.core.internal.command.DbMigrate.access$100(DbMigrate.java:54) ~[flyway-core-5.2.4.jar:na]
	at org.flywaydb.core.internal.command.DbMigrate$2.call(DbMigrate.java:164) ~[flyway-core-5.2.4.jar:na]
	at org.flywaydb.core.internal.command.DbMigrate$2.call(DbMigrate.java:161) ~[flyway-core-5.2.4.jar:na]
	at org.flywaydb.core.internal.database.base.Connection$1.call(Connection.java:147) ~[flyway-core-5.2.4.jar:na]
	at org.flywaydb.core.internal.jdbc.TransactionTemplate.execute(TransactionTemplate.java:74) ~[flyway-core-5.2.4.jar:na]
	at org.flywaydb.core.internal.database.base.Connection.lock(Connection.java:143) ~[flyway-core-5.2.4.jar:na]
	at org.flywaydb.core.internal.schemahistory.JdbcTableSchemaHistory.lock(JdbcTableSchemaHistory.java:155) ~[flyway-core-5.2.4.jar:na]
	at org.flywaydb.core.internal.command.DbMigrate.migrateAll(DbMigrate.java:161) ~[flyway-core-5.2.4.jar:na]
	at org.flywaydb.core.internal.command.DbMigrate.migrate(DbMigrate.java:139) ~[flyway-core-5.2.4.jar:na]
	at org.flywaydb.core.Flyway$1.execute(Flyway.java:1395) ~[flyway-core-5.2.4.jar:na]
	at org.flywaydb.core.Flyway$1.execute(Flyway.java:1356) ~[flyway-core-5.2.4.jar:na]
	at org.flywaydb.core.Flyway.execute(Flyway.java:1711) ~[flyway-core-5.2.4.jar:na]
	at org.flywaydb.core.Flyway.migrate(Flyway.java:1356) ~[flyway-core-5.2.4.jar:na]
	at org.springframework.boot.autoconfigure.flyway.FlywayMigrationInitializer.afterPropertiesSet(FlywayMigrationInitializer.java:66) ~[spring-boot-autoconfigure-2.1.5.RELEASE.jar:2.1.5.RELEASE]
	at org.springframework.beans.factory.support.AbstractAutowireCapableBeanFactory.invokeInitMethods(AbstractAutowireCapableBeanFactory.java:1837) ~[spring-beans-5.1.7.RELEASE.jar:5.1.7.RELEASE]
	at org.springframework.beans.factory.support.AbstractAutowireCapableBeanFactory.initializeBean(AbstractAutowireCapableBeanFactory.java:1774) ~[spring-beans-5.1.7.RELEASE.jar:5.1.7.RELEASE]
	... 44 common frames omitted
Caused by: org.flywaydb.core.internal.sqlscript.FlywaySqlScriptException: 
Migration V01__initialise.sql failed
------------------------------------
SQL State  : 42001
Error Code : 42001
Message    : Syntax error in SQL statement "CREATE TABLE REVIEWS(
    REVIEW_ID INT NOT NULL AUTO_INCREMENT,
    PRODUCT_ID INT NOT NULL,
    REVIEW_TITLE VARCHAR(1000) NOT NULL,
    CONSTRAINT REVIEW_PK PRIMARY KEY (REVIEW_ID),
    CONSTRAINT PRODUCT_REVIEW_FK FOREIGN KEY (PRODUCT_ID) REFERENCES PRODUCTS (PRODUCT_ID) [*]"; expected "INDEX, ON, NOT, DEFERRABLE, NOCHECK, CHECK, ,, )"; SQL statement:
create table reviews(
    review_id int not null auto_increment,
    product_id int not null,
    review_title varchar(1000) not null,
    constraint review_pk primary key (review_id),
    constraint product_review_fk foreign key (product_id) references products (product_id) [42001-199]
Location   : db/migration/V01__initialise.sql (/Users/apoorvalonkar/Desktop/Java_course_Udacity/FINAL SUBMITTED PROJECT/ReviewsApiFinal/target/classes/db/migration/V01__initialise.sql)
Line       : 7
Statement  : create table reviews(
    review_id int not null auto_increment,
    product_id int not null,
    review_title varchar(1000) not null,
    constraint review_pk primary key (review_id),
    constraint product_review_fk foreign key (product_id) references products (product_id)

	at org.flywaydb.core.internal.sqlscript.DefaultSqlScriptExecutor.handleException(DefaultSqlScriptExecutor.java:253) ~[flyway-core-5.2.4.jar:na]
	at org.flywaydb.core.internal.sqlscript.DefaultSqlScriptExecutor.executeStatement(DefaultSqlScriptExecutor.java:202) ~[flyway-core-5.2.4.jar:na]
	at org.flywaydb.core.internal.sqlscript.DefaultSqlScriptExecutor.execute(DefaultSqlScriptExecutor.java:125) ~[flyway-core-5.2.4.jar:na]
	at org.flywaydb.core.internal.resolver.sql.SqlMigrationExecutor.execute(SqlMigrationExecutor.java:77) ~[flyway-core-5.2.4.jar:na]
	at org.flywaydb.core.internal.command.DbMigrate.doMigrateGroup(DbMigrate.java:367) ~[flyway-core-5.2.4.jar:na]
	... 65 common frames omitted
Caused by: org.h2.jdbc.JdbcSQLSyntaxErrorException: Syntax error in SQL statement "CREATE TABLE REVIEWS(
    REVIEW_ID INT NOT NULL AUTO_INCREMENT,
    PRODUCT_ID INT NOT NULL,
    REVIEW_TITLE VARCHAR(1000) NOT NULL,
    CONSTRAINT REVIEW_PK PRIMARY KEY (REVIEW_ID),
    CONSTRAINT PRODUCT_REVIEW_FK FOREIGN KEY (PRODUCT_ID) REFERENCES PRODUCTS (PRODUCT_ID) [*]"; expected "INDEX, ON, NOT, DEFERRABLE, NOCHECK, CHECK, ,, )"; SQL statement:
create table reviews(
    review_id int not null auto_increment,
    product_id int not null,
    review_title varchar(1000) not null,
    constraint review_pk primary key (review_id),
    constraint product_review_fk foreign key (product_id) references products (product_id) [42001-199]
	at org.h2.message.DbException.getJdbcSQLException(DbException.java:451) ~[h2-1.4.199.jar:1.4.199]
	at org.h2.message.DbException.getJdbcSQLException(DbException.java:427) ~[h2-1.4.199.jar:1.4.199]
	at org.h2.message.DbException.getSyntaxError(DbException.java:243) ~[h2-1.4.199.jar:1.4.199]
	at org.h2.command.Parser.getSyntaxError(Parser.java:991) ~[h2-1.4.199.jar:1.4.199]
	at org.h2.command.Parser.read(Parser.java:4549) ~[h2-1.4.199.jar:1.4.199]
	at org.h2.command.Parser.readIfMore(Parser.java:1391) ~[h2-1.4.199.jar:1.4.199]
	at org.h2.command.Parser.parseCreateTable(Parser.java:7833) ~[h2-1.4.199.jar:1.4.199]
	at org.h2.command.Parser.parseCreate(Parser.java:5818) ~[h2-1.4.199.jar:1.4.199]
	at org.h2.command.Parser.parsePrepared(Parser.java:846) ~[h2-1.4.199.jar:1.4.199]
	at org.h2.command.Parser.parse(Parser.java:788) ~[h2-1.4.199.jar:1.4.199]
	at org.h2.command.Parser.parse(Parser.java:764) ~[h2-1.4.199.jar:1.4.199]
	at org.h2.command.Parser.prepareCommand(Parser.java:683) ~[h2-1.4.199.jar:1.4.199]
	at org.h2.engine.Session.prepareLocal(Session.java:627) ~[h2-1.4.199.jar:1.4.199]
	at org.h2.engine.Session.prepareCommand(Session.java:565) ~[h2-1.4.199.jar:1.4.199]
	at org.h2.jdbc.JdbcConnection.prepareCommand(JdbcConnection.java:1292) ~[h2-1.4.199.jar:1.4.199]
	at org.h2.jdbc.JdbcStatement.executeInternal(JdbcStatement.java:217) ~[h2-1.4.199.jar:1.4.199]
	at org.h2.jdbc.JdbcStatement.execute(JdbcStatement.java:205) ~[h2-1.4.199.jar:1.4.199]
	at org.flywaydb.core.internal.jdbc.JdbcTemplate.executeStatement(JdbcTemplate.java:235) ~[flyway-core-5.2.4.jar:na]
	at org.flywaydb.core.internal.sqlscript.StandardSqlStatement.execute(StandardSqlStatement.java:42) ~[flyway-core-5.2.4.jar:na]
	at org.flywaydb.core.internal.sqlscript.DefaultSqlScriptExecutor.executeStatement(DefaultSqlScriptExecutor.java:189) ~[flyway-core-5.2.4.jar:na]
	... 68 common frames omitted

2019-12-09 16:28:25.256 ERROR 17053 --- [           main] o.s.test.context.TestContextManager      : Caught exception while allowing TestExecutionListener [org.springframework.boot.test.autoconfigure.SpringBootDependencyInjectionTestExecutionListener@7adda9cc] to prepare test instance [com.udacity.course3.reviews.ReviewsApplicationTests@75793f17]

java.lang.IllegalStateException: Failed to load ApplicationContext
	at org.springframework.test.context.cache.DefaultCacheAwareContextLoaderDelegate.loadContext(DefaultCacheAwareContextLoaderDelegate.java:125) ~[spring-test-5.1.7.RELEASE.jar:5.1.7.RELEASE]
	at org.springframework.test.context.support.DefaultTestContext.getApplicationContext(DefaultTestContext.java:108) ~[spring-test-5.1.7.RELEASE.jar:5.1.7.RELEASE]
	at org.springframework.test.context.support.DependencyInjectionTestExecutionListener.injectDependencies(DependencyInjectionTestExecutionListener.java:118) ~[spring-test-5.1.7.RELEASE.jar:5.1.7.RELEASE]
	at org.springframework.test.context.support.DependencyInjectionTestExecutionListener.prepareTestInstance(DependencyInjectionTestExecutionListener.java:83) ~[spring-test-5.1.7.RELEASE.jar:5.1.7.RELEASE]
	at org.springframework.boot.test.autoconfigure.SpringBootDependencyInjectionTestExecutionListener.prepareTestInstance(SpringBootDependencyInjectionTestExecutionListener.java:44) ~[spring-boot-test-autoconfigure-2.1.5.RELEASE.jar:2.1.5.RELEASE]
	at org.springframework.test.context.TestContextManager.prepareTestInstance(TestContextManager.java:246) ~[spring-test-5.1.7.RELEASE.jar:5.1.7.RELEASE]
	at org.springframework.test.context.junit4.SpringJUnit4ClassRunner.createTest(SpringJUnit4ClassRunner.java:227) [spring-test-5.1.7.RELEASE.jar:5.1.7.RELEASE]
	at org.springframework.test.context.junit4.SpringJUnit4ClassRunner$1.runReflectiveCall(SpringJUnit4ClassRunner.java:289) [spring-test-5.1.7.RELEASE.jar:5.1.7.RELEASE]
	at org.junit.internal.runners.model.ReflectiveCallable.run(ReflectiveCallable.java:12) [junit-4.12.jar:4.12]
	at org.springframework.test.context.junit4.SpringJUnit4ClassRunner.methodBlock(SpringJUnit4ClassRunner.java:291) [spring-test-5.1.7.RELEASE.jar:5.1.7.RELEASE]
	at org.springframework.test.context.junit4.SpringJUnit4ClassRunner.runChild(SpringJUnit4ClassRunner.java:246) [spring-test-5.1.7.RELEASE.jar:5.1.7.RELEASE]
	at org.springframework.test.context.junit4.SpringJUnit4ClassRunner.runChild(SpringJUnit4ClassRunner.java:97) [spring-test-5.1.7.RELEASE.jar:5.1.7.RELEASE]
	at org.junit.runners.ParentRunner$3.run(ParentRunner.java:290) [junit-4.12.jar:4.12]
	at org.junit.runners.ParentRunner$1.schedule(ParentRunner.java:71) [junit-4.12.jar:4.12]
	at org.junit.runners.ParentRunner.runChildren(ParentRunner.java:288) [junit-4.12.jar:4.12]
	at org.junit.runners.ParentRunner.access$000(ParentRunner.java:58) [junit-4.12.jar:4.12]
	at org.junit.runners.ParentRunner$2.evaluate(ParentRunner.java:268) [junit-4.12.jar:4.12]
	at org.springframework.test.context.junit4.statements.RunBeforeTestClassCallbacks.evaluate(RunBeforeTestClassCallbacks.java:61) [spring-test-5.1.7.RELEASE.jar:5.1.7.RELEASE]
	at org.springframework.test.context.junit4.statements.RunAfterTestClassCallbacks.evaluate(RunAfterTestClassCallbacks.java:70) [spring-test-5.1.7.RELEASE.jar:5.1.7.RELEASE]
	at org.junit.runners.ParentRunner.run(ParentRunner.java:363) [junit-4.12.jar:4.12]
	at org.springframework.test.context.junit4.SpringJUnit4ClassRunner.run(SpringJUnit4ClassRunner.java:190) [spring-test-5.1.7.RELEASE.jar:5.1.7.RELEASE]
	at org.apache.maven.surefire.junit4.JUnit4Provider.execute(JUnit4Provider.java:365) [surefire-junit4-2.22.2.jar:2.22.2]
	at org.apache.maven.surefire.junit4.JUnit4Provider.executeWithRerun(JUnit4Provider.java:273) [surefire-junit4-2.22.2.jar:2.22.2]
	at org.apache.maven.surefire.junit4.JUnit4Provider.executeTestSet(JUnit4Provider.java:238) [surefire-junit4-2.22.2.jar:2.22.2]
	at org.apache.maven.surefire.junit4.JUnit4Provider.invoke(JUnit4Provider.java:159) [surefire-junit4-2.22.2.jar:2.22.2]
	at org.apache.maven.surefire.booter.ForkedBooter.invokeProviderInSameClassLoader(ForkedBooter.java:384) [surefire-booter-2.22.2.jar:2.22.2]
	at org.apache.maven.surefire.booter.ForkedBooter.runSuitesInProcess(ForkedBooter.java:345) [surefire-booter-2.22.2.jar:2.22.2]
	at org.apache.maven.surefire.booter.ForkedBooter.execute(ForkedBooter.java:126) [surefire-booter-2.22.2.jar:2.22.2]
	at org.apache.maven.surefire.booter.ForkedBooter.main(ForkedBooter.java:418) [surefire-booter-2.22.2.jar:2.22.2]
Caused by: org.springframework.beans.factory.BeanCreationException: Error creating bean with name 'flywayInitializer' defined in class path resource [org/springframework/boot/autoconfigure/flyway/FlywayAutoConfiguration$FlywayConfiguration.class]: Invocation of init method failed; nested exception is org.flywaydb.core.internal.command.DbMigrate$FlywayMigrateException: 
Migration V01__initialise.sql failed
------------------------------------
SQL State  : 42001
Error Code : 42001
Message    : Syntax error in SQL statement "CREATE TABLE REVIEWS(
    REVIEW_ID INT NOT NULL AUTO_INCREMENT,
    PRODUCT_ID INT NOT NULL,
    REVIEW_TITLE VARCHAR(1000) NOT NULL,
    CONSTRAINT REVIEW_PK PRIMARY KEY (REVIEW_ID),
    CONSTRAINT PRODUCT_REVIEW_FK FOREIGN KEY (PRODUCT_ID) REFERENCES PRODUCTS (PRODUCT_ID) [*]"; expected "INDEX, ON, NOT, DEFERRABLE, NOCHECK, CHECK, ,, )"; SQL statement:
create table reviews(
    review_id int not null auto_increment,
    product_id int not null,
    review_title varchar(1000) not null,
    constraint review_pk primary key (review_id),
    constraint product_review_fk foreign key (product_id) references products (product_id) [42001-199]
Location   : db/migration/V01__initialise.sql (/Users/apoorvalonkar/Desktop/Java_course_Udacity/FINAL SUBMITTED PROJECT/ReviewsApiFinal/target/classes/db/migration/V01__initialise.sql)
Line       : 7
Statement  : create table reviews(
    review_id int not null auto_increment,
    product_id int not null,
    review_title varchar(1000) not null,
    constraint review_pk primary key (review_id),
    constraint product_review_fk foreign key (product_id) references products (product_id)

	at org.springframework.beans.factory.support.AbstractAutowireCapableBeanFactory.initializeBean(AbstractAutowireCapableBeanFactory.java:1778) ~[spring-beans-5.1.7.RELEASE.jar:5.1.7.RELEASE]
	at org.springframework.beans.factory.support.AbstractAutowireCapableBeanFactory.doCreateBean(AbstractAutowireCapableBeanFactory.java:593) ~[spring-beans-5.1.7.RELEASE.jar:5.1.7.RELEASE]
	at org.springframework.beans.factory.support.AbstractAutowireCapableBeanFactory.createBean(AbstractAutowireCapableBeanFactory.java:515) ~[spring-beans-5.1.7.RELEASE.jar:5.1.7.RELEASE]
	at org.springframework.beans.factory.support.AbstractBeanFactory.lambda$doGetBean$0(AbstractBeanFactory.java:320) ~[spring-beans-5.1.7.RELEASE.jar:5.1.7.RELEASE]
	at org.springframework.beans.factory.support.DefaultSingletonBeanRegistry.getSingleton(DefaultSingletonBeanRegistry.java:222) ~[spring-beans-5.1.7.RELEASE.jar:5.1.7.RELEASE]
	at org.springframework.beans.factory.support.AbstractBeanFactory.doGetBean(AbstractBeanFactory.java:318) ~[spring-beans-5.1.7.RELEASE.jar:5.1.7.RELEASE]
	at org.springframework.beans.factory.support.AbstractBeanFactory.getBean(AbstractBeanFactory.java:199) ~[spring-beans-5.1.7.RELEASE.jar:5.1.7.RELEASE]
	at org.springframework.beans.factory.support.AbstractBeanFactory.doGetBean(AbstractBeanFactory.java:307) ~[spring-beans-5.1.7.RELEASE.jar:5.1.7.RELEASE]
	at org.springframework.beans.factory.support.AbstractBeanFactory.getBean(AbstractBeanFactory.java:199) ~[spring-beans-5.1.7.RELEASE.jar:5.1.7.RELEASE]
	at org.springframework.context.support.AbstractApplicationContext.getBean(AbstractApplicationContext.java:1105) ~[spring-context-5.1.7.RELEASE.jar:5.1.7.RELEASE]
	at org.springframework.context.support.AbstractApplicationContext.finishBeanFactoryInitialization(AbstractApplicationContext.java:867) ~[spring-context-5.1.7.RELEASE.jar:5.1.7.RELEASE]
	at org.springframework.context.support.AbstractApplicationContext.refresh(AbstractApplicationContext.java:549) ~[spring-context-5.1.7.RELEASE.jar:5.1.7.RELEASE]
	at org.springframework.boot.SpringApplication.refresh(SpringApplication.java:775) ~[spring-boot-2.1.5.RELEASE.jar:2.1.5.RELEASE]
	at org.springframework.boot.SpringApplication.refreshContext(SpringApplication.java:397) ~[spring-boot-2.1.5.RELEASE.jar:2.1.5.RELEASE]
	at org.springframework.boot.SpringApplication.run(SpringApplication.java:316) ~[spring-boot-2.1.5.RELEASE.jar:2.1.5.RELEASE]
	at org.springframework.boot.test.context.SpringBootContextLoader.loadContext(SpringBootContextLoader.java:127) ~[spring-boot-test-2.1.5.RELEASE.jar:2.1.5.RELEASE]
	at org.springframework.test.context.cache.DefaultCacheAwareContextLoaderDelegate.loadContextInternal(DefaultCacheAwareContextLoaderDelegate.java:99) ~[spring-test-5.1.7.RELEASE.jar:5.1.7.RELEASE]
	at org.springframework.test.context.cache.DefaultCacheAwareContextLoaderDelegate.loadContext(DefaultCacheAwareContextLoaderDelegate.java:117) ~[spring-test-5.1.7.RELEASE.jar:5.1.7.RELEASE]
	... 28 common frames omitted
Caused by: org.flywaydb.core.internal.command.DbMigrate$FlywayMigrateException: 
Migration V01__initialise.sql failed
------------------------------------
SQL State  : 42001
Error Code : 42001
Message    : Syntax error in SQL statement "CREATE TABLE REVIEWS(
    REVIEW_ID INT NOT NULL AUTO_INCREMENT,
    PRODUCT_ID INT NOT NULL,
    REVIEW_TITLE VARCHAR(1000) NOT NULL,
    CONSTRAINT REVIEW_PK PRIMARY KEY (REVIEW_ID),
    CONSTRAINT PRODUCT_REVIEW_FK FOREIGN KEY (PRODUCT_ID) REFERENCES PRODUCTS (PRODUCT_ID) [*]"; expected "INDEX, ON, NOT, DEFERRABLE, NOCHECK, CHECK, ,, )"; SQL statement:
create table reviews(
    review_id int not null auto_increment,
    product_id int not null,
    review_title varchar(1000) not null,
    constraint review_pk primary key (review_id),
    constraint product_review_fk foreign key (product_id) references products (product_id) [42001-199]
Location   : db/migration/V01__initialise.sql (/Users/apoorvalonkar/Desktop/Java_course_Udacity/FINAL SUBMITTED PROJECT/ReviewsApiFinal/target/classes/db/migration/V01__initialise.sql)
Line       : 7
Statement  : create table reviews(
    review_id int not null auto_increment,
    product_id int not null,
    review_title varchar(1000) not null,
    constraint review_pk primary key (review_id),
    constraint product_review_fk foreign key (product_id) references products (product_id)

	at org.flywaydb.core.internal.command.DbMigrate.doMigrateGroup(DbMigrate.java:370) ~[flyway-core-5.2.4.jar:na]
	at org.flywaydb.core.internal.command.DbMigrate.access$200(DbMigrate.java:54) ~[flyway-core-5.2.4.jar:na]
	at org.flywaydb.core.internal.command.DbMigrate$3.call(DbMigrate.java:284) ~[flyway-core-5.2.4.jar:na]
	at org.flywaydb.core.internal.jdbc.TransactionTemplate.execute(TransactionTemplate.java:74) ~[flyway-core-5.2.4.jar:na]
	at org.flywaydb.core.internal.command.DbMigrate.applyMigrations(DbMigrate.java:281) ~[flyway-core-5.2.4.jar:na]
	at org.flywaydb.core.internal.command.DbMigrate.migrateGroup(DbMigrate.java:246) ~[flyway-core-5.2.4.jar:na]
	at org.flywaydb.core.internal.command.DbMigrate.access$100(DbMigrate.java:54) ~[flyway-core-5.2.4.jar:na]
	at org.flywaydb.core.internal.command.DbMigrate$2.call(DbMigrate.java:164) ~[flyway-core-5.2.4.jar:na]
	at org.flywaydb.core.internal.command.DbMigrate$2.call(DbMigrate.java:161) ~[flyway-core-5.2.4.jar:na]
	at org.flywaydb.core.internal.database.base.Connection$1.call(Connection.java:147) ~[flyway-core-5.2.4.jar:na]
	at org.flywaydb.core.internal.jdbc.TransactionTemplate.execute(TransactionTemplate.java:74) ~[flyway-core-5.2.4.jar:na]
	at org.flywaydb.core.internal.database.base.Connection.lock(Connection.java:143) ~[flyway-core-5.2.4.jar:na]
	at org.flywaydb.core.internal.schemahistory.JdbcTableSchemaHistory.lock(JdbcTableSchemaHistory.java:155) ~[flyway-core-5.2.4.jar:na]
	at org.flywaydb.core.internal.command.DbMigrate.migrateAll(DbMigrate.java:161) ~[flyway-core-5.2.4.jar:na]
	at org.flywaydb.core.internal.command.DbMigrate.migrate(DbMigrate.java:139) ~[flyway-core-5.2.4.jar:na]
	at org.flywaydb.core.Flyway$1.execute(Flyway.java:1395) ~[flyway-core-5.2.4.jar:na]
	at org.flywaydb.core.Flyway$1.execute(Flyway.java:1356) ~[flyway-core-5.2.4.jar:na]
	at org.flywaydb.core.Flyway.execute(Flyway.java:1711) ~[flyway-core-5.2.4.jar:na]
	at org.flywaydb.core.Flyway.migrate(Flyway.java:1356) ~[flyway-core-5.2.4.jar:na]
	at org.springframework.boot.autoconfigure.flyway.FlywayMigrationInitializer.afterPropertiesSet(FlywayMigrationInitializer.java:66) ~[spring-boot-autoconfigure-2.1.5.RELEASE.jar:2.1.5.RELEASE]
	at org.springframework.beans.factory.support.AbstractAutowireCapableBeanFactory.invokeInitMethods(AbstractAutowireCapableBeanFactory.java:1837) ~[spring-beans-5.1.7.RELEASE.jar:5.1.7.RELEASE]
	at org.springframework.beans.factory.support.AbstractAutowireCapableBeanFactory.initializeBean(AbstractAutowireCapableBeanFactory.java:1774) ~[spring-beans-5.1.7.RELEASE.jar:5.1.7.RELEASE]
	... 45 common frames omitted
Caused by: org.flywaydb.core.internal.sqlscript.FlywaySqlScriptException: 
Migration V01__initialise.sql failed
------------------------------------
SQL State  : 42001
Error Code : 42001
Message    : Syntax error in SQL statement "CREATE TABLE REVIEWS(
    REVIEW_ID INT NOT NULL AUTO_INCREMENT,
    PRODUCT_ID INT NOT NULL,
    REVIEW_TITLE VARCHAR(1000) NOT NULL,
    CONSTRAINT REVIEW_PK PRIMARY KEY (REVIEW_ID),
    CONSTRAINT PRODUCT_REVIEW_FK FOREIGN KEY (PRODUCT_ID) REFERENCES PRODUCTS (PRODUCT_ID) [*]"; expected "INDEX, ON, NOT, DEFERRABLE, NOCHECK, CHECK, ,, )"; SQL statement:
create table reviews(
    review_id int not null auto_increment,
    product_id int not null,
    review_title varchar(1000) not null,
    constraint review_pk primary key (review_id),
    constraint product_review_fk foreign key (product_id) references products (product_id) [42001-199]
Location   : db/migration/V01__initialise.sql (/Users/apoorvalonkar/Desktop/Java_course_Udacity/FINAL SUBMITTED PROJECT/ReviewsApiFinal/target/classes/db/migration/V01__initialise.sql)
Line       : 7
Statement  : create table reviews(
    review_id int not null auto_increment,
    product_id int not null,
    review_title varchar(1000) not null,
    constraint review_pk primary key (review_id),
    constraint product_review_fk foreign key (product_id) references products (product_id)

	at org.flywaydb.core.internal.sqlscript.DefaultSqlScriptExecutor.handleException(DefaultSqlScriptExecutor.java:253) ~[flyway-core-5.2.4.jar:na]
	at org.flywaydb.core.internal.sqlscript.DefaultSqlScriptExecutor.executeStatement(DefaultSqlScriptExecutor.java:202) ~[flyway-core-5.2.4.jar:na]
	at org.flywaydb.core.internal.sqlscript.DefaultSqlScriptExecutor.execute(DefaultSqlScriptExecutor.java:125) ~[flyway-core-5.2.4.jar:na]
	at org.flywaydb.core.internal.resolver.sql.SqlMigrationExecutor.execute(SqlMigrationExecutor.java:77) ~[flyway-core-5.2.4.jar:na]
	at org.flywaydb.core.internal.command.DbMigrate.doMigrateGroup(DbMigrate.java:367) ~[flyway-core-5.2.4.jar:na]
	... 66 common frames omitted
Caused by: org.h2.jdbc.JdbcSQLSyntaxErrorException: Syntax error in SQL statement "CREATE TABLE REVIEWS(
    REVIEW_ID INT NOT NULL AUTO_INCREMENT,
    PRODUCT_ID INT NOT NULL,
    REVIEW_TITLE VARCHAR(1000) NOT NULL,
    CONSTRAINT REVIEW_PK PRIMARY KEY (REVIEW_ID),
    CONSTRAINT PRODUCT_REVIEW_FK FOREIGN KEY (PRODUCT_ID) REFERENCES PRODUCTS (PRODUCT_ID) [*]"; expected "INDEX, ON, NOT, DEFERRABLE, NOCHECK, CHECK, ,, )"; SQL statement:
create table reviews(
    review_id int not null auto_increment,
    product_id int not null,
    review_title varchar(1000) not null,
    constraint review_pk primary key (review_id),
    constraint product_review_fk foreign key (product_id) references products (product_id) [42001-199]
	at org.h2.message.DbException.getJdbcSQLException(DbException.java:451) ~[h2-1.4.199.jar:1.4.199]
	at org.h2.message.DbException.getJdbcSQLException(DbException.java:427) ~[h2-1.4.199.jar:1.4.199]
	at org.h2.message.DbException.getSyntaxError(DbException.java:243) ~[h2-1.4.199.jar:1.4.199]
	at org.h2.command.Parser.getSyntaxError(Parser.java:991) ~[h2-1.4.199.jar:1.4.199]
	at org.h2.command.Parser.read(Parser.java:4549) ~[h2-1.4.199.jar:1.4.199]
	at org.h2.command.Parser.readIfMore(Parser.java:1391) ~[h2-1.4.199.jar:1.4.199]
	at org.h2.command.Parser.parseCreateTable(Parser.java:7833) ~[h2-1.4.199.jar:1.4.199]
	at org.h2.command.Parser.parseCreate(Parser.java:5818) ~[h2-1.4.199.jar:1.4.199]
	at org.h2.command.Parser.parsePrepared(Parser.java:846) ~[h2-1.4.199.jar:1.4.199]
	at org.h2.command.Parser.parse(Parser.java:788) ~[h2-1.4.199.jar:1.4.199]
	at org.h2.command.Parser.parse(Parser.java:764) ~[h2-1.4.199.jar:1.4.199]
	at org.h2.command.Parser.prepareCommand(Parser.java:683) ~[h2-1.4.199.jar:1.4.199]
	at org.h2.engine.Session.prepareLocal(Session.java:627) ~[h2-1.4.199.jar:1.4.199]
	at org.h2.engine.Session.prepareCommand(Session.java:565) ~[h2-1.4.199.jar:1.4.199]
	at org.h2.jdbc.JdbcConnection.prepareCommand(JdbcConnection.java:1292) ~[h2-1.4.199.jar:1.4.199]
	at org.h2.jdbc.JdbcStatement.executeInternal(JdbcStatement.java:217) ~[h2-1.4.199.jar:1.4.199]
	at org.h2.jdbc.JdbcStatement.execute(JdbcStatement.java:205) ~[h2-1.4.199.jar:1.4.199]
	at org.flywaydb.core.internal.jdbc.JdbcTemplate.executeStatement(JdbcTemplate.java:235) ~[flyway-core-5.2.4.jar:na]
	at org.flywaydb.core.internal.sqlscript.StandardSqlStatement.execute(StandardSqlStatement.java:42) ~[flyway-core-5.2.4.jar:na]
	at org.flywaydb.core.internal.sqlscript.DefaultSqlScriptExecutor.executeStatement(DefaultSqlScriptExecutor.java:189) ~[flyway-core-5.2.4.jar:na]
	... 69 common frames omitted

]]></system-out>
  </testcase>
</testsuite>